Log file open, 06/14/18 18:22:09
LogWindows: Failed to load 'aqProf.dll' (GetLastError=126)
LogWindows: File 'aqProf.dll' does not exist
LogWindows: Failed to load 'VtuneApi.dll' (GetLastError=126)
LogWindows: File 'VtuneApi.dll' does not exist
LogWindows: Failed to load 'VtuneApi32e.dll' (GetLastError=126)
LogWindows: File 'VtuneApi32e.dll' does not exist
LogInit: Display: Running engine for game: SotW
LogPlatformFile: Not using cached read wrapper
LogInit: Display: RandInit(-335402644) SRandInit(-335402644).
LogInit: Read version file with build ID '3944462'
LogInit: Overriding engine version to CL 4033788, compatible CL 3944462
LogInit: Registered custom module enumerator with build ID '3944462'
LogTaskGraph: Started task graph with 5 named threads and 14 total threads with 3 sets of task threads.
LogStats: Stats thread started at 0.426025
LogD3D11RHI: Aftermath initialized
LogICUInternationalization: Display: ICU TimeZone Detection - Raw Offset: -3:00, Platform Override: ''
LogModuleManager: Display: Found up-to-date module file ../../../Engine/Plugins/2D/Paper2D/Binaries/Win64/UE4Editor-Paper2D.dll (API version 3944462).
LogModuleManager: Display: Found up-to-date module file ../../../Engine/Plugins/2D/Paper2D/Binaries/Win64/UE4Editor-Paper2DEditor.dll (API version 3944462).
LogModuleManager: Display: Found up-to-date module file ../../../Engine/Plugins/2D/Paper2D/Binaries/Win64/UE4Editor-PaperSpriteSheetImporter.dll (API version 3944462).
LogModuleManager: Display: Found up-to-date module file ../../../Engine/Plugins/2D/Paper2D/Binaries/Win64/UE4Editor-PaperTiledImporter.dll (API version 3944462).
LogModuleManager: Display: Found up-to-date module file ../../../Engine/Plugins/2D/Paper2D/Binaries/Win64/UE4Editor-SmartSnapping.dll (API version 3944462).
LogModuleManager: Display: Found up-to-date module file ../../../Engine/Plugins/Marketplace/DlgSystem/Binaries/Win64/UE4Editor-DlgSystem.dll (API version 3944462).
LogModuleManager: Display: Found up-to-date module file ../../../Engine/Plugins/Marketplace/DlgSystem/Binaries/Win64/UE4Editor-DlgSystemEditor.dll (API version 3944462).
LogModuleManager: Display: Found up-to-date module file ../../../Engine/Plugins/Blendables/LightPropagationVolume/Binaries/Win64/UE4Editor-LightPropagationVolumeRuntime.dll (API version 3944462).
LogModuleManager: Display: Found up-to-date module file ../../../Engine/Plugins/Blendables/LightPropagationVolume/Binaries/Win64/UE4Editor-LightPropagationVolumeEditor.dll (API version 3944462).
LogModuleManager: Display: Found up-to-date module file ../../../Engine/Plugins/Developer/CLionSourceCodeAccess/Binaries/Win64/UE4Editor-CLionSourceCodeAccess.dll (API version 3944462).
LogModuleManager: Display: Found up-to-date module file ../../../Engine/Plugins/Developer/GitSourceControl/Binaries/Win64/UE4Editor-GitSourceControl.dll (API version 3944462).
LogModuleManager: Display: Found up-to-date module file ../../../Engine/Plugins/Developer/PerforceSourceControl/Binaries/Win64/UE4Editor-PerforceSourceControl.dll (API version 3944462).
LogModuleManager: Display: Found up-to-date module file ../../../Engine/Plugins/Developer/SubversionSourceControl/Binaries/Win64/UE4Editor-SubversionSourceControl.dll (API version 3944462).
LogModuleManager: Display: Found up-to-date module file ../../../Engine/Plugins/Developer/UObjectPlugin/Binaries/Win64/UE4Editor-UObjectPlugin.dll (API version 3944462).
LogModuleManager: Display: Found up-to-date module file ../../../Engine/Plugins/Developer/VisualStudioCodeSourceCodeAccess/Binaries/Win64/UE4Editor-VisualStudioCodeSourceCodeAccess.dll (API version 3944462).
LogModuleManager: Display: Found up-to-date module file ../../../Engine/Plugins/Developer/VisualStudioSourceCodeAccess/Binaries/Win64/UE4Editor-VisualStudioSourceCodeAccess.dll (API version 3944462).
LogModuleManager: Display: Found up-to-date module file ../../../Engine/Plugins/Editor/AssetManagerEditor/Binaries/Win64/UE4Editor-AssetManagerEditor.dll (API version 3944462).
LogModuleManager: Display: Found up-to-date module file ../../../Engine/Plugins/Editor/CryptoKeys/Binaries/Win64/UE4Editor-CryptoKeys.dll (API version 3944462).
LogModuleManager: Display: Found up-to-date module file ../../../Engine/Plugins/Editor/CryptoKeys/Binaries/Win64/UE4Editor-CryptoKeysOpenSSL.dll (API version 3944462).
LogModuleManager: Display: Found up-to-date module file ../../../Engine/Plugins/Editor/DataValidation/Binaries/Win64/UE4Editor-DataValidation.dll (API version 3944462).
LogModuleManager: Display: Found up-to-date module file ../../../Engine/Plugins/Editor/FacialAnimation/Binaries/Win64/UE4Editor-FacialAnimation.dll (API version 3944462).
LogModuleManager: Display: Found up-to-date module file ../../../Engine/Plugins/Editor/FacialAnimation/Binaries/Win64/UE4Editor-FacialAnimationEditor.dll (API version 3944462).
LogModuleManager: Display: Found up-to-date module file ../../../Engine/Plugins/Editor/GameplayTagsEditor/Binaries/Win64/UE4Editor-GameplayTagsEditor.dll (API version 3944462).
LogModuleManager: Display: Found up-to-date module file ../../../Engine/Plugins/Editor/MobileLauncherProfileWizard/Binaries/Win64/UE4Editor-MobileLauncherProfileWizard.dll (API version 3944462).
LogModuleManager: Display: Found up-to-date module file ../../../Engine/Plugins/Editor/PluginBrowser/Binaries/Win64/UE4Editor-PluginBrowser.dll (API version 3944462).
LogModuleManager: Display: Found up-to-date module file ../../../Engine/Plugins/Editor/SpeedTreeImporter/Binaries/Win64/UE4Editor-SpeedTreeImporter.dll (API version 3944462).
LogModuleManager: Display: Found up-to-date module file ../../../Engine/Plugins/Enterprise/DatasmithContent/Binaries/Win64/UE4Editor-DatasmithContent.dll (API version 3944462).
LogModuleManager: Display: Found up-to-date module file ../../../Engine/Plugins/Experimental/AlembicImporter/Binaries/Win64/UE4Editor-AlembicImporter.dll (API version 3944462).
LogModuleManager: Display: Found up-to-date module file ../../../Engine/Plugins/Experimental/AlembicImporter/Binaries/Win64/UE4Editor-AlembicLibrary.dll (API version 3944462).
LogModuleManager: Display: Found up-to-date module file ../../../Engine/Plugins/Experimental/CharacterAI/Binaries/Win64/UE4Editor-CharacterAI.dll (API version 3944462).
LogModuleManager: Display: Found up-to-date module file ../../../Engine/Plugins/Experimental/HTML5Networking/Binaries/Win64/UE4Editor-HTML5Networking.dll (API version 3944462).
LogModuleManager: Display: Found up-to-date module file ../../../Engine/Plugins/Media/AndroidMedia/Binaries/Win64/UE4Editor-AndroidMediaEditor.dll (API version 3944462).
LogModuleManager: Display: Found up-to-date module file ../../../Engine/Plugins/Media/AndroidMedia/Binaries/Win64/UE4Editor-AndroidMediaFactory.dll (API version 3944462).
LogModuleManager: Display: Found up-to-date module file ../../../Engine/Plugins/Media/AvfMedia/Binaries/Win64/UE4Editor-AvfMediaEditor.dll (API version 3944462).
LogModuleManager: Display: Found up-to-date module file ../../../Engine/Plugins/Media/AvfMedia/Binaries/Win64/UE4Editor-AvfMediaFactory.dll (API version 3944462).
LogModuleManager: Display: Found up-to-date module file ../../../Engine/Plugins/Media/AvfMedia/Binaries/Win64/UE4Editor-AvfMediaFactory.dll (API version 3944462).
LogModuleManager: Display: Found up-to-date module file ../../../Engine/Plugins/Media/ImgMedia/Binaries/Win64/UE4Editor-ImgMedia.dll (API version 3944462).
LogModuleManager: Display: Found up-to-date module file ../../../Engine/Plugins/Media/ImgMedia/Binaries/Win64/UE4Editor-ImgMediaEditor.dll (API version 3944462).
LogModuleManager: Display: Found up-to-date module file ../../../Engine/Plugins/Media/ImgMedia/Binaries/Win64/UE4Editor-ImgMediaFactory.dll (API version 3944462).
LogModuleManager: Display: Found up-to-date module file ../../../Engine/Plugins/Media/ImgMedia/Binaries/Win64/UE4Editor-ImgMediaFactory.dll (API version 3944462).
LogModuleManager: Display: Found up-to-date module file ../../../Engine/Plugins/Media/ImgMedia/Binaries/Win64/UE4Editor-OpenExrWrapper.dll (API version 3944462).
LogModuleManager: Display: Found up-to-date module file ../../../Engine/Plugins/Media/LinearTimecode/Binaries/Win64/UE4Editor-LinearTimecode.dll (API version 3944462).
LogModuleManager: Display: Found up-to-date module file ../../../Engine/Plugins/Media/MediaCompositing/Binaries/Win64/UE4Editor-MediaCompositing.dll (API version 3944462).
LogModuleManager: Display: Found up-to-date module file ../../../Engine/Plugins/Media/MediaCompositing/Binaries/Win64/UE4Editor-MediaCompositingEditor.dll (API version 3944462).
LogModuleManager: Display: Found up-to-date module file ../../../Engine/Plugins/Media/MediaPlayerEditor/Binaries/Win64/UE4Editor-MediaPlayerEditor.dll (API version 3944462).
LogModuleManager: Display: Found up-to-date module file ../../../Engine/Plugins/Media/WmfMedia/Binaries/Win64/UE4Editor-WmfMedia.dll (API version 3944462).
LogModuleManager: Display: Found up-to-date module file ../../../Engine/Plugins/Media/WmfMedia/Binaries/Win64/UE4Editor-WmfMediaEditor.dll (API version 3944462).
LogModuleManager: Display: Found up-to-date module file ../../../Engine/Plugins/Media/WmfMedia/Binaries/Win64/UE4Editor-WmfMediaFactory.dll (API version 3944462).
LogModuleManager: Display: Found up-to-date module file ../../../Engine/Plugins/Media/WmfMedia/Binaries/Win64/UE4Editor-WmfMediaFactory.dll (API version 3944462).
LogModuleManager: Display: Found up-to-date module file ../../../Engine/Plugins/Messaging/TcpMessaging/Binaries/Win64/UE4Editor-TcpMessaging.dll (API version 3944462).
LogModuleManager: Display: Found up-to-date module file ../../../Engine/Plugins/Messaging/UdpMessaging/Binaries/Win64/UE4Editor-UdpMessaging.dll (API version 3944462).
LogModuleManager: Display: Found up-to-date module file ../../../Engine/Plugins/MovieScene/ActorSequence/Binaries/Win64/UE4Editor-ActorSequence.dll (API version 3944462).
LogModuleManager: Display: Found up-to-date module file ../../../Engine/Plugins/MovieScene/LevelSequenceEditor/Binaries/Win64/UE4Editor-LevelSequenceEditor.dll (API version 3944462).
LogModuleManager: Display: Found up-to-date module file ../../../Engine/Plugins/MovieScene/MatineeToLevelSequence/Binaries/Win64/UE4Editor-MatineeToLevelSequence.dll (API version 3944462).
LogModuleManager: Display: Found up-to-date module file ../../../Engine/Plugins/NetcodeUnitTest/NetcodeUnitTest/Binaries/Win64/UE4Editor-NetcodeUnitTest.dll (API version 3944462).
LogModuleManager: Display: Found up-to-date module file ../../../Engine/Plugins/NetcodeUnitTest/NUTUnrealEngine4/Binaries/Win64/UE4Editor-NUTUnrealEngine4.dll (API version 3944462).
LogModuleManager: Display: Found up-to-date module file ../../../Engine/Plugins/Online/OnlineSubsystem/Binaries/Win64/UE4Editor-OnlineSubsystem.dll (API version 3944462).
LogModuleManager: Display: Found up-to-date module file ../../../Engine/Plugins/Runtime/AndroidPermission/Binaries/Win64/UE4Editor-AndroidPermission.dll (API version 3944462).
LogModuleManager: Display: Found up-to-date module file ../../../Engine/Plugins/Online/OnlineSubsystemNull/Binaries/Win64/UE4Editor-OnlineSubsystemNull.dll (API version 3944462).
LogModuleManager: Display: Found up-to-date module file ../../../Engine/Plugins/Online/OnlineSubsystemUtils/Binaries/Win64/UE4Editor-OnlineSubsystemUtils.dll (API version 3944462).
LogModuleManager: Display: Found up-to-date module file ../../../Engine/Plugins/Online/OnlineSubsystemUtils/Binaries/Win64/UE4Editor-OnlineBlueprintSupport.dll (API version 3944462).
LogModuleManager: Display: Found up-to-date module file ../../../Engine/Plugins/Runtime/AndroidDeviceProfileSelector/Binaries/Win64/UE4Editor-AndroidDeviceProfileSelector.dll (API version 3944462).
LogModuleManager: Display: Found up-to-date module file ../../../Engine/Plugins/Runtime/AppleARKit/Binaries/Win64/UE4Editor-AppleARKit.dll (API version 3944462).
LogModuleManager: Display: Found up-to-date module file ../../../Engine/Plugins/Runtime/ProceduralMeshComponent/Binaries/Win64/UE4Editor-ProceduralMeshComponent.dll (API version 3944462).
LogModuleManager: Display: Found up-to-date module file ../../../Engine/Plugins/Runtime/ProceduralMeshComponent/Binaries/Win64/UE4Editor-ProceduralMeshComponentEditor.dll (API version 3944462).
LogModuleManager: Display: Found up-to-date module file ../../../Engine/Plugins/Animation/LiveLink/Binaries/Win64/UE4Editor-LiveLink.dll (API version 3944462).
LogModuleManager: Display: Found up-to-date module file ../../../Engine/Plugins/Animation/LiveLink/Binaries/Win64/UE4Editor-LiveLinkEditor.dll (API version 3944462).
LogModuleManager: Display: Found up-to-date module file ../../../Engine/Plugins/Runtime/ArchVisCharacter/Binaries/Win64/UE4Editor-ArchVisCharacter.dll (API version 3944462).
LogModuleManager: Display: Found up-to-date module file ../../../Engine/Plugins/Runtime/AudioCapture/Binaries/Win64/UE4Editor-AudioCapture.dll (API version 3944462).
LogModuleManager: Display: Found up-to-date module file ../../../Engine/Plugins/Runtime/AudioCapture/Binaries/Win64/UE4Editor-AudioCaptureEditor.dll (API version 3944462).
LogModuleManager: Display: Found up-to-date module file ../../../Engine/Plugins/Runtime/CableComponent/Binaries/Win64/UE4Editor-CableComponent.dll (API version 3944462).
LogModuleManager: Display: Found up-to-date module file ../../../Engine/Plugins/Runtime/CustomMeshComponent/Binaries/Win64/UE4Editor-CustomMeshComponent.dll (API version 3944462).
LogModuleManager: Display: Found up-to-date module file ../../../Engine/Plugins/Runtime/ExampleDeviceProfileSelector/Binaries/Win64/UE4Editor-ExampleDeviceProfileSelector.dll (API version 3944462).
LogModuleManager: Display: Found up-to-date module file ../../../Engine/Plugins/Runtime/ImmediatePhysics/Binaries/Win64/UE4Editor-ImmediatePhysics.dll (API version 3944462).
LogModuleManager: Display: Found up-to-date module file ../../../Engine/Plugins/Runtime/ImmediatePhysics/Binaries/Win64/UE4Editor-ImmediatePhysicsEditor.dll (API version 3944462).
LogModuleManager: Display: Found up-to-date module file ../../../Engine/Plugins/Runtime/LocationServicesBPLibrary/Binaries/Win64/UE4Editor-LocationServicesBPLibrary.dll (API version 3944462).
LogModuleManager: Display: Found up-to-date module file ../../../Engine/Plugins/Runtime/MobilePatchingUtils/Binaries/Win64/UE4Editor-MobilePatchingUtils.dll (API version 3944462).
LogModuleManager: Display: Found up-to-date module file ../../../Engine/Plugins/Runtime/Oculus/OculusVR/Binaries/Win64/UE4Editor-OculusHMD.dll (API version 3944462).
LogModuleManager: Display: Found up-to-date module file ../../../Engine/Plugins/Runtime/Oculus/OculusVR/Binaries/Win64/UE4Editor-OculusInput.dll (API version 3944462).
LogModuleManager: Display: Found up-to-date module file ../../../Engine/Plugins/Runtime/Oculus/OculusVR/Binaries/Win64/UE4Editor-OculusEditor.dll (API version 3944462).
LogModuleManager: Display: Found up-to-date module file ../../../Engine/Plugins/Runtime/PhysXVehicles/Binaries/Win64/UE4Editor-PhysXVehicles.dll (API version 3944462).
LogModuleManager: Display: Found up-to-date module file ../../../Engine/Plugins/Runtime/PhysXVehicles/Binaries/Win64/UE4Editor-PhysXVehiclesEditor.dll (API version 3944462).
LogModuleManager: Display: Found up-to-date module file ../../../Engine/Plugins/Runtime/RuntimePhysXCooking/Binaries/Win64/UE4Editor-RuntimePhysXCooking.dll (API version 3944462).
LogModuleManager: Display: Found up-to-date module file ../../../Engine/Plugins/Runtime/Steam/SteamVR/Binaries/Win64/UE4Editor-SteamVR.dll (API version 3944462).
LogModuleManager: Display: Found up-to-date module file ../../../Engine/Plugins/Runtime/Steam/SteamVR/Binaries/Win64/UE4Editor-SteamVRController.dll (API version 3944462).
LogModuleManager: Display: Found up-to-date module file ../../../Engine/Plugins/Runtime/WindowsMoviePlayer/Binaries/Win64/UE4Editor-WindowsMoviePlayer.dll (API version 3944462).
LogPluginManager: Mounting plugin Paper2D
LogPluginManager: Mounting plugin LiveLink
LogPluginManager: Mounting plugin LightPropagationVolume
LogPluginManager: Mounting plugin CLionSourceCodeAccess
LogPluginManager: Mounting plugin CodeLiteSourceCodeAccess
LogPluginManager: Mounting plugin GitSourceControl
LogPluginManager: Mounting plugin KDevelopSourceCodeAccess
LogPluginManager: Mounting plugin NullSourceCodeAccess
LogPluginManager: Mounting plugin PerforceSourceControl
LogPluginManager: Mounting plugin SubversionSourceControl
LogPluginManager: Mounting plugin UObjectPlugin
LogPluginManager: Mounting plugin VisualStudioCodeSourceCodeAccess
LogPluginManager: Mounting plugin VisualStudioSourceCodeAccess
LogPluginManager: Mounting plugin XCodeSourceCodeAccess
LogPluginManager: Mounting plugin AssetManagerEditor
LogPluginManager: Mounting plugin CryptoKeys
LogPluginManager: Mounting plugin DataValidation
LogPluginManager: Mounting plugin FacialAnimation
LogPluginManager: Mounting plugin GameplayTagsEditor
LogPluginManager: Mounting plugin MobileLauncherProfileWizard
LogPluginManager: Mounting plugin PluginBrowser
LogPluginManager: Mounting plugin SpeedTreeImporter
LogPluginManager: Mounting plugin DatasmithContent
LogPluginManager: Mounting plugin AlembicImporter
LogPluginManager: Mounting plugin CharacterAI
LogPluginManager: Mounting plugin HTML5Networking
LogPluginManager: Mounting plugin DlgSystem
LogPluginManager: Mounting plugin AndroidMedia
LogPluginManager: Mounting plugin AvfMedia
LogPluginManager: Mounting plugin ImgMedia
LogPluginManager: Mounting plugin LinearTimecode
LogPluginManager: Mounting plugin MediaCompositing
LogPluginManager: Mounting plugin MediaPlayerEditor
LogPluginManager: Mounting plugin WmfMedia
LogPluginManager: Mounting plugin TcpMessaging
LogPluginManager: Mounting plugin UdpMessaging
LogPluginManager: Mounting plugin ActorSequence
LogPluginManager: Mounting plugin LevelSequenceEditor
LogPluginManager: Mounting plugin MatineeToLevelSequence
LogPluginManager: Mounting plugin NetcodeUnitTest
LogPluginManager: Mounting plugin NUTUnrealEngine4
LogPluginManager: Mounting plugin OnlineSubsystemGooglePlay
LogPluginManager: Mounting plugin OnlineSubsystemIOS
LogPluginManager: Mounting plugin OnlineSubsystem
LogPluginManager: Mounting plugin OnlineSubsystemNull
LogPluginManager: Mounting plugin OnlineSubsystemUtils
LogPluginManager: Mounting plugin AndroidDeviceProfileSelector
LogPluginManager: Mounting plugin AndroidMoviePlayer
LogPluginManager: Mounting plugin AndroidPermission
LogPluginManager: Mounting plugin AppleARKit
LogPluginManager: Mounting plugin AppleMoviePlayer
LogPluginManager: Mounting plugin ArchVisCharacter
LogPluginManager: Mounting plugin AudioCapture
LogPluginManager: Mounting plugin CableComponent
LogPluginManager: Mounting plugin CustomMeshComponent
LogPluginManager: Mounting plugin ExampleDeviceProfileSelector
LogPluginManager: Mounting plugin GoogleCloudMessaging
LogPluginManager: Mounting plugin ImmediatePhysics
LogPluginManager: Mounting plugin IOSDeviceProfileSelector
LogPluginManager: Mounting plugin LinuxDeviceProfileSelector
LogPluginManager: Mounting plugin LocationServicesBPLibrary
LogPluginManager: Mounting plugin MobilePatchingUtils
LogPluginManager: Mounting plugin OculusVR
LogPluginManager: Plugin shader directory ../../../Engine/Plugins/Runtime/Oculus/OculusVR/Shaders found
LogPluginManager: Mapping shader source directory ../../../Engine/Plugins/Runtime/Oculus/OculusVR/Shaders to virtual directory /Plugin/OculusVR
LogPluginManager: Mounting plugin PhysXVehicles
LogPluginManager: Mounting plugin ProceduralMeshComponent
LogPluginManager: Mounting plugin RuntimePhysXCooking
LogPluginManager: Mounting plugin SteamVR
LogPluginManager: Mounting plugin WindowsMoviePlayer
LogStreaming: Display: Took  6.445s to configure plugins.
LogInit: Using libcurl 7.47.1
LogInit:  - built for x86_64-pc-win32
LogInit:  - supports SSL with OpenSSL/1.0.2g
LogInit:  - supports HTTP deflate (compression) using libz 1.2.8
LogInit:  - other features:
LogInit:      CURL_VERSION_SSL
LogInit:      CURL_VERSION_LIBZ
LogInit:      CURL_VERSION_IPV6
LogInit:      CURL_VERSION_ASYNCHDNS
LogInit:      CURL_VERSION_LARGEFILE
LogInit:      CURL_VERSION_IDN
LogInit:  CurlRequestOptions (configurable via config and command line):
LogInit:  - bVerifyPeer = false  - Libcurl will NOT verify peer certificate
LogInit:  - bUseHttpProxy = false  - Libcurl will NOT use HTTP proxy
LogInit:  - bDontReuseConnections = false  - Libcurl will reuse connections
LogInit:  - CertBundlePath = nullptr  - Libcurl will use whatever was configured at build time.
LogInit:  - MaxHostConnections = 16  - Libcurl will limit the number of connections to a host
LogInit:  - LocalHostAddr = Default
LogInit: WinSock: version 1.1 (2.2), MaxSocks=32767, MaxUdp=65467
LogInit: WinSock: I am LAPTOP-U5A4UP5A (192.168.1.102:0)
LogInit: Build: ++UE4+Release-4.19-CL-4033788
LogInit: Engine Version: 4.19.2-4033788+++UE4+Release-4.19
LogInit: Compatible Engine Version: 4.19.0-3944462+++UE4+Release-4.19
LogInit: Net CL: 3944462
LogDevObjectVersion: Number of dev versions registered: 18
LogDevObjectVersion:   Dev-Blueprints (B0D832E4-1F89-4F0D-ACCF-7EB736FD4AA2): 10
LogDevObjectVersion:   Dev-Build (E1C64328-A22C-4D53-A36C-8E866417BD8C): 0
LogDevObjectVersion:   Dev-Core (375EC13C-06E4-48FB-B500-84F0262A717E): 2
LogDevObjectVersion:   Dev-Editor (E4B068ED-F494-42E9-A231-DA0B2E46BB41): 23
LogDevObjectVersion:   Dev-Framework (CFFC743F-43B0-4480-9391-14DF171D2073): 33
LogDevObjectVersion:   Dev-Mobile (B02B49B5-BB20-44E9-A304-32B752E40360): 2
LogDevObjectVersion:   Dev-Networking (A4E4105C-59A1-49B5-A7C5-40C4547EDFEE): 0
LogDevObjectVersion:   Dev-Online (39C831C9-5AE6-47DC-9A44-9C173E1C8E7C): 0
LogDevObjectVersion:   Dev-Physics (78F01B33-EBEA-4F98-B9B4-84EACCB95AA2): 0
LogDevObjectVersion:   Dev-Platform (6631380F-2D4D-43E0-8009-CF276956A95A): 0
LogDevObjectVersion:   Dev-Rendering (12F88B9F-8875-4AFC-A67C-D90C383ABD29): 25
LogDevObjectVersion:   Dev-Sequencer (7B5AE74C-D270-4C10-A958-57980B212A5A): 6
LogDevObjectVersion:   Dev-VR (D7296918-1DD6-4BDD-9DE2-64A83CC13884): 1
LogDevObjectVersion:   Dev-LoadTimes (C2A15278-BFE7-4AFE-6C17-90FF531DF755): 1
LogDevObjectVersion:   Private-Geometry (6EACA3D4-40EC-4CC1-B786-8BED09428FC5): 2
LogDevObjectVersion:   Dev-AnimPhys (29E575DD-E0A3-4627-9D10-D276232CDCEA): 16
LogDevObjectVersion:   Dev-ReflectionCapture (6B266CEC-1EC7-4B8F-A30B-E4D90942FC07): 1
LogDevObjectVersion:   Dev-Automation (0DF73D61-A23F-47EA-B727-89E90C41499A): 1
LogInit: Compiled (64-bit): Apr 27 2018 02:06:57
LogInit: Compiled with Visual C++: 19.00.24215.01
LogInit: Build Configuration: Development
LogInit: Branch Name: ++UE4+Release-4.19
LogInit: Command Line:  
LogInit: Base Directory: C:/Program Files/Epic Games/UE_4.19/Engine/Binaries/Win64/
LogInit: Installed Engine Build: 1
LogStreaming: Display: Took  0.009s to delete old logs.
LogInit: Presizing for max 8388607 objects, including 0 objects not considered by GC, pre-allocating 0 bytes for permanent pool.
LogInit: Object subsystem initialized
[2018.06.14-21.22.16:985][  0]LogInit: Selected Device Profile: [Windows]
[2018.06.14-21.22.16:985][  0]LogInit: Applying CVar settings loaded from the selected device profile: [Windows]
[2018.06.14-21.22.17:102][  0]LogInit: Computer: LAPTOP-U5A4UP5A
[2018.06.14-21.22.17:103][  0]LogInit: User: NataliaHP
[2018.06.14-21.22.17:103][  0]LogInit: CPU Page size=4096, Cores=4
[2018.06.14-21.22.17:103][  0]LogInit: High frequency timer resolution =2.339359 MHz
[2018.06.14-21.22.17:103][  0]LogMemory: Memory total: Physical=11.5GB (12GB approx)
[2018.06.14-21.22.17:103][  0]LogMemory: Platform Memory Stats for Windows
[2018.06.14-21.22.17:103][  0]LogMemory: Process Physical Memory: 278.40 MB used, 278.40 MB peak
[2018.06.14-21.22.17:103][  0]LogMemory: Process Virtual Memory: 265.10 MB used, 265.10 MB peak
[2018.06.14-21.22.17:103][  0]LogMemory: Physical Memory: 3606.98 MB used,  8136.14 MB free, 11743.12 MB total
[2018.06.14-21.22.17:103][  0]LogMemory: Virtual Memory: 688.10 MB used,  8136.14 MB free, 134217728.00 MB total
[2018.06.14-21.22.17:789][  0]LogInit: Using OS detected language (es-ES).
[2018.06.14-21.22.17:789][  0]LogInit: Using OS detected locale (es-ES).
[2018.06.14-21.22.17:956][  0]LogTextLocalizationManager: No specific localization for 'es-ES' exists, so the 'es' localization will be used.
[2018.06.14-21.22.19:023][  0]LogStreaming: Display: Took  1.233s to EndInitTextLocalization.
[2018.06.14-21.22.19:023][  0]LogInit: Setting process to per monitor DPI aware
[2018.06.14-21.22.19:332][  0]LogSlate: New Slate User Created.  User Index 0, Is Virtual User: 0
[2018.06.14-21.22.19:332][  0]LogSlate: Slate User Registered.  User Index 0, Is Virtual User: 0
[2018.06.14-21.22.24:983][  0]LogD3D11RHI: D3D11 adapters:
[2018.06.14-21.22.25:077][  0]LogD3D11RHI:    0. 'AMD Radeon(TM) R5 Graphics' (Feature Level 11_0)
[2018.06.14-21.22.25:077][  0]LogD3D11RHI:       499/0/5871 MB DedicatedVideo/DedicatedSystem/SharedSystem, Outputs:1, VendorId:0x1002
[2018.06.14-21.22.25:082][  0]LogD3D11RHI:    1. 'Microsoft Basic Render Driver' (Feature Level 11_0)
[2018.06.14-21.22.25:082][  0]LogD3D11RHI:       0/0/5871 MB DedicatedVideo/DedicatedSystem/SharedSystem, Outputs:0, VendorId:0x1414
[2018.06.14-21.22.25:082][  0]LogD3D11RHI: Chosen D3D11 Adapter: 0
[2018.06.14-21.22.25:099][  0]LogD3D11RHI: Creating new Direct3DDevice
[2018.06.14-21.22.25:100][  0]LogD3D11RHI:     GPU DeviceId: 0x9874 (for the marketing name, search the web for "GPU Device Id")
[2018.06.14-21.22.25:100][  0]LogWindows: EnumDisplayDevices:
[2018.06.14-21.22.25:100][  0]LogWindows:    0. 'AMD Radeon(TM) R5 Graphics' (P:1 D:1)
[2018.06.14-21.22.25:100][  0]LogWindows:    1. 'AMD Radeon(TM) R5 Graphics' (P:0 D:0)
[2018.06.14-21.22.25:101][  0]LogWindows:    2. 'AMD Radeon(TM) R5 Graphics' (P:0 D:0)
[2018.06.14-21.22.25:101][  0]LogWindows: DebugString: GetVideoDriverDetailsInvalid PrimaryIsNotTheChoosenAdapter GetVideoDriverDetailsInvalid PrimaryIsNotTheChoosenAdapter GetVideoDriverDetailsInvalid PrimaryIsNotTheChoosenAdapter FoundDriverCount:0 
[2018.06.14-21.22.25:101][  0]LogD3D11RHI:     Adapter Name: AMD Radeon(TM) R5 Graphics
[2018.06.14-21.22.25:101][  0]LogD3D11RHI:   Driver Version: Unknown (internal:Unknown, unified:Unknown)
[2018.06.14-21.22.25:101][  0]LogD3D11RHI:      Driver Date: Unknown
[2018.06.14-21.22.25:101][  0]LogRHI: Texture pool is 349 MB (70% of 499 MB)
[2018.06.14-21.22.25:269][  0]LogD3D11RHI: Async texture creation enabled
[2018.06.14-21.22.25:313][  0]LogD3D11RHI: GPU Timing Frequency: 27.000000 (Debug: 2 2)
[2018.06.14-21.22.25:316][  0]LogShaderCompilers: Guid format shader working directory is -14 characters bigger than the processId version (../../../../../../Users/NataliaHP/Documents/GitHub/wind-samurai/Intermediate/Shaders/WorkingDirectory/19724/).
[2018.06.14-21.22.25:316][  0]LogShaderCompilers: Cleaned the shader compiler working directory 'C:/Users/NataliaHP/AppData/Local/Temp/UnrealShaderWorkingDir/9B7FF0D64E53CB0BB36C318B4B844630/'.
[2018.06.14-21.22.26:724][  0]LogTemp: Display: Loaded TP AllDesktopTargetPlatform
[2018.06.14-21.22.26:757][  0]LogTemp: Display: Loaded TP MacClientTargetPlatform
[2018.06.14-21.22.26:789][  0]LogTemp: Display: Loaded TP MacNoEditorTargetPlatform
[2018.06.14-21.22.26:822][  0]LogTemp: Display: Loaded TP MacServerTargetPlatform
[2018.06.14-21.22.26:874][  0]LogTemp: Display: Loaded TP MacTargetPlatform
[2018.06.14-21.22.26:908][  0]LogTemp: Display: Loaded TP WindowsClientTargetPlatform
[2018.06.14-21.22.26:942][  0]LogTemp: Display: Loaded TP WindowsNoEditorTargetPlatform
[2018.06.14-21.22.26:976][  0]LogTemp: Display: Loaded TP WindowsServerTargetPlatform
[2018.06.14-21.22.26:993][  0]LogTemp: Display: Loaded TP WindowsTargetPlatform
[2018.06.14-21.22.27:022][  0]LogTemp: Display: Loaded TP Android_ASTCTargetPlatform
[2018.06.14-21.22.27:051][  0]LogTemp: Display: Loaded TP Android_ATCTargetPlatform
[2018.06.14-21.22.27:079][  0]LogTemp: Display: Loaded TP Android_DXTTargetPlatform
[2018.06.14-21.22.27:108][  0]LogTemp: Display: Loaded TP Android_ETC1aTargetPlatform
[2018.06.14-21.22.27:138][  0]LogTemp: Display: Loaded TP Android_ETC1TargetPlatform
[2018.06.14-21.22.27:168][  0]LogTemp: Display: Loaded TP Android_ETC2TargetPlatform
[2018.06.14-21.22.27:226][  0]LogTemp: Display: Loaded TP Android_MultiTargetPlatform
[2018.06.14-21.22.27:226][  0]LogTemp: Display: Loaded TP Android_PVRTCTargetPlatform
[2018.06.14-21.22.27:316][  0]LogTemp: Display: Loaded TP AndroidTargetPlatform
[2018.06.14-21.22.27:318][  0]LogTemp: Display: Loaded TP HTML5TargetPlatform
[2018.06.14-21.22.27:470][  0]LogTemp: Display: Loaded TP IOSTargetPlatform
[2018.06.14-21.22.27:499][  0]LogTemp: Display: Loaded TP TVOSTargetPlatform
[2018.06.14-21.22.27:527][  0]LogTemp: Display: Loaded TP LinuxClientTargetPlatform
[2018.06.14-21.22.27:555][  0]LogTemp: Display: Loaded TP LinuxNoEditorTargetPlatform
[2018.06.14-21.22.27:583][  0]LogTemp: Display: Loaded TP LinuxServerTargetPlatform
[2018.06.14-21.22.27:639][  0]LogTemp: Display: Loaded TP LinuxTargetPlatform
[2018.06.14-21.22.27:639][  0]LogTargetPlatformManager: Display: Building Assets For Windows
[2018.06.14-21.22.28:899][  0]LogXGEController: Cannot use XGE Controller as Incredibuild is not installed on this machine.
[2018.06.14-21.22.28:899][  0]LogShaderCompilers: Cannot use XGE Shader Compiler as Incredibuild is not installed on this machine.
[2018.06.14-21.22.28:899][  0]LogShaderCompilers: Display: Using Local Shader Compiler.
[2018.06.14-21.22.33:968][  0]LogDerivedDataCache: Display: Max Cache Size: 512 MB
[2018.06.14-21.22.34:592][  0]LogDerivedDataCache: Loaded boot cache 0.62s 84MB C:/Users/NataliaHP/AppData/Local/UnrealEngine/4.19/DerivedDataCache/Boot.ddc.
[2018.06.14-21.22.34:592][  0]LogDerivedDataCache: Display: Loaded Boot cache: C:/Users/NataliaHP/AppData/Local/UnrealEngine/4.19/DerivedDataCache/Boot.ddc
[2018.06.14-21.22.34:592][  0]LogDerivedDataCache: FDerivedDataBackendGraph:  Pak pak cache file ../../../../../../Users/NataliaHP/Documents/GitHub/wind-samurai/DerivedDataCache/DDC.ddp not found, will not use a pak cache.
[2018.06.14-21.22.34:592][  0]LogDerivedDataCache: Unable to find inner node Pak for hierarchical cache Hierarchy.
[2018.06.14-21.22.34:592][  0]LogDerivedDataCache: FDerivedDataBackendGraph:  CompressedPak pak cache file ../../../../../../Users/NataliaHP/Documents/GitHub/wind-samurai/DerivedDataCache/Compressed.ddp not found, will not use a pak cache.
[2018.06.14-21.22.34:592][  0]LogDerivedDataCache: Unable to find inner node CompressedPak for hierarchical cache Hierarchy.
[2018.06.14-21.22.34:655][  0]LogDerivedDataCache: Display: Pak cache opened for reading ../../../Engine/DerivedDataCache/Compressed.ddp.
[2018.06.14-21.22.34:670][  0]LogDerivedDataCache: Using Local data cache path C:/Users/NataliaHP/AppData/Local/UnrealEngine/Common/DerivedDataCache: Writable
[2018.06.14-21.22.34:670][  0]LogDerivedDataCache: Shared data cache path not found in *engine.ini, will not use an Shared cache.
[2018.06.14-21.22.34:670][  0]LogDerivedDataCache: Unable to find inner node Shared for hierarchical cache Hierarchy.
[2018.06.14-21.22.34:700][  0]LogMaterial: Verifying Global Shaders for PCD3D_SM5
[2018.06.14-21.22.34:701][  0]LogSlate: Using Freetype 2.6.0
[2018.06.14-21.22.34:772][  0]LogSlate: SlateFontCache - WITH_FREETYPE: 1, WITH_HARFBUZZ: 1
[2018.06.14-21.22.34:772][  0]LogSlate: SlateFontCache - WITH_FREETYPE: 1, WITH_HARFBUZZ: 1
[2018.06.14-21.22.44:943][  0]LogAssetRegistry: FAssetRegistry took 0.0332 seconds to start up
[2018.06.14-21.22.45:773][  0]LogInit: Selected Device Profile: [Windows]
[2018.06.14-21.22.46:452][  0]LogAssetRegistry: Error: Failed to open file for write ../../../../../../Users/NataliaHP/Documents/GitHub/wind-samurai/Intermediate/CachedAssetRegistry.bin
[2018.06.14-21.22.46:452][  0]LogSimplygon: Simplygon DLL not present - disabling.
[2018.06.14-21.22.46:460][  0]LogMeshReduction: Using SimplygonSwarm for distributed automatic mesh merging
[2018.06.14-21.22.46:460][  0]LogMeshReduction: Using QuadricMeshReduction for automatic static mesh reduction
[2018.06.14-21.22.46:461][  0]LogMeshReduction: No automatic skeletal mesh reduction module available
[2018.06.14-21.22.46:461][  0]LogMeshReduction: No automatic mesh merging module available
[2018.06.14-21.22.46:461][  0]LogMeshMerging: No automatic mesh merging module available
[2018.06.14-21.22.46:587][  0]LogNetVersion: SotW , NetCL: 3944462, EngineNetVer: 2, GameNetVer: 0 (Checksum: 175056507)
[2018.06.14-21.22.48:479][  0]LogAssetRegistry: Error: Failed to open file for write ../../../../../../Users/NataliaHP/Documents/GitHub/wind-samurai/Intermediate/AssetRegistryCache/cfccc7b2.bin
[2018.06.14-21.22.48:506][  0]LogAssetRegistry: Error: Failed to open file for write ../../../../../../Users/NataliaHP/Documents/GitHub/wind-samurai/Intermediate/AssetRegistryCache/88ffd561.bin
[2018.06.14-21.22.48:528][  0]LogAssetRegistry: Error: Failed to open file for write ../../../../../../Users/NataliaHP/Documents/GitHub/wind-samurai/Intermediate/AssetRegistryCache/016b673c.bin
[2018.06.14-21.22.48:548][  0]LogAssetRegistry: Error: Failed to open file for write ../../../../../../Users/NataliaHP/Documents/GitHub/wind-samurai/Intermediate/AssetRegistryCache/bc6dd5c5.bin
[2018.06.14-21.22.48:568][  0]LogAssetRegistry: Error: Failed to open file for write ../../../../../../Users/NataliaHP/Documents/GitHub/wind-samurai/Intermediate/AssetRegistryCache/0cf1756e.bin
[2018.06.14-21.22.48:589][  0]LogAssetRegistry: Error: Failed to open file for write ../../../../../../Users/NataliaHP/Documents/GitHub/wind-samurai/Intermediate/AssetRegistryCache/d90d8dea.bin
[2018.06.14-21.22.48:597][  0]LogAssetRegistry: Error: Failed to open file for write ../../../../../../Users/NataliaHP/Documents/GitHub/wind-samurai/Intermediate/AssetRegistryCache/21ceef7a.bin
[2018.06.14-21.22.48:617][  0]LogAssetRegistry: Error: Failed to open file for write ../../../../../../Users/NataliaHP/Documents/GitHub/wind-samurai/Intermediate/AssetRegistryCache/aefc89b2.bin
[2018.06.14-21.22.48:636][  0]LogAssetRegistry: Error: Failed to open file for write ../../../../../../Users/NataliaHP/Documents/GitHub/wind-samurai/Intermediate/AssetRegistryCache/d343e84d.bin
[2018.06.14-21.22.48:655][  0]LogAssetRegistry: Error: Failed to open file for write ../../../../../../Users/NataliaHP/Documents/GitHub/wind-samurai/Intermediate/AssetRegistryCache/0cc4af86.bin
[2018.06.14-21.22.48:677][  0]LogAssetRegistry: Error: Failed to open file for write ../../../../../../Users/NataliaHP/Documents/GitHub/wind-samurai/Intermediate/AssetRegistryCache/e3799fc9.bin
[2018.06.14-21.22.48:682][  0]LogPackageLocalizationCache: Processed 10 localized package path(s) for 2 prioritized culture(s) in 0.220214 seconds
[2018.06.14-21.22.48:698][  0]LogUObjectArray: 36728 objects as part of root set at end of initial load.
[2018.06.14-21.22.48:698][  0]LogUObjectAllocator: 7314304 out of 0 bytes used by permanent object pool.
[2018.06.14-21.22.48:698][  0]LogUObjectArray: CloseDisregardForGC: 0/0 objects in disregard for GC pool
[2018.06.14-21.23.20:678][  0]LogDlgSystem: Verbose: Creating new DlgGuid = `5487928C4138F4CFD758DAA1D8B9BBEB` for Dialogue = `/Script/DlgSystem.Default__DlgDialogue` because of new created Dialogue.
[2018.06.14-21.23.20:681][  0]LogDlgSystem: Verbose: Started DlgSystemModule
[2018.06.14-21.23.20:744][  0]LogTcpMessaging: Initializing TcpMessaging bridge
[2018.06.14-21.23.20:813][  0]LogUdpMessaging: Initializing bridge on interface 0.0.0.0:0 to multicast group 230.0.0.1:6666.
[2018.06.14-21.23.22:022][  0]SourceControl: El control de código fuente está desactivado
[2018.06.14-21.23.22:023][  0]SourceControl: El control de código fuente está desactivado
[2018.06.14-21.23.22:076][  0]SourceControl: El control de código fuente está desactivado
[2018.06.14-21.23.22:125][  0]SourceControl: El control de código fuente está desactivado
[2018.06.14-21.23.23:578][  0]LogAndroidPermission: UAndroidPermissionCallbackProxy::GetInstance
[2018.06.14-21.23.23:996][  0]LogOcInput: OculusInput pre-init called
[2018.06.14-21.23.24:206][  0]LogDlgSystemEditor: Verbose: Started DlgSystemEditorModule
[2018.06.14-21.23.24:339][  0]LogAssetRegistry: Error: Failed to open file for write ../../../../../../Users/NataliaHP/Documents/GitHub/wind-samurai/Intermediate/AssetRegistryCache/9f90ff24.bin
[2018.06.14-21.23.24:355][  0]LogDlgSystem: Verbose: Creating graph for Dialogue = `/DlgSystem/TestDialogue.TestDialogue`
[2018.06.14-21.23.24:355][  0]LogDlgSystem: Verbose: Creating new DlgGuid = `CC9CC0064A1B335B068C1FA7DB73D891` for Dialogue = `/DlgSystem/TestDialogue.TestDialogue` because of new created Dialogue.
[2018.06.14-21.23.24:359][  0]LogDlgSystem: Refreshing data for Dialogue = `/DlgSystem/TestDialogue.TestDialogue`
[2018.06.14-21.23.24:360][  0]LogDlgSystemEditor: Verbose: UDlgManager::LoadAllDialoguesIntoMemory loaded 0 Dialogues into Memory
[2018.06.14-21.23.24:630][  0]LogEngine: Initializing Engine...
[2018.06.14-21.23.24:633][  0]LogHMD: Failed to initialize OpenVR with code 110
[2018.06.14-21.23.24:637][  0]LogStats: UGameplayTagsManager::ConstructGameplayTagTree: Construct from data asset -  0.000 s
[2018.06.14-21.23.24:637][  0]LogStats: UGameplayTagsManager::ConstructGameplayTagTree: GameplayTagTreeChangedEvent.Broadcast -  0.000 s
[2018.06.14-21.23.25:523][  0]LogAIModule: Creating AISystem for world Untitled
[2018.06.14-21.23.25:581][  0]LogInit: XAudio2 using 'Altavoz/Auricular (Realtek High Definition Audio)' : 2 channels at 48 kHz using 32 bits per sample (channel mask 0x3)
[2018.06.14-21.23.25:911][  0]LogInit: FAudioDevice initialized.
[2018.06.14-21.23.25:957][  0]LogDerivedDataCache: Error: Could not save memory cache C:/Users/NataliaHP/AppData/Local/UnrealEngine/4.19/DerivedDataCache/Boot.ddc.
[2018.06.14-21.23.26:003][  0]LogInit: Texture streaming: Enabled
[2018.06.14-21.23.26:047][  0]LogEngineSessionManager: EngineSessionManager initialized
[2018.06.14-21.23.26:094][  0]LogInit: Transaction tracking system initialized
[2018.06.14-21.23.26:161][  0]BlueprintLog: New page: Cargar el editor
[2018.06.14-21.23.26:458][  0]LocalizationService: Localization service is disabled
[2018.06.14-21.23.26:815][  0]LogConsoleResponse: Display: 
[2018.06.14-21.23.28:331][  0]LogCook: Display: Max memory allowance for cook 16384mb min free memory 0mb
[2018.06.14-21.23.28:331][  0]LogCook: Display: Mobile HDR setting 1
[2018.06.14-21.23.28:332][  0]LogGameplayTags: Display: UGameplayTagsManager::DoneAddingNativeTags. DelegateIsBound: 0
[2018.06.14-21.23.28:332][  0]LogStats: UGameplayTagsManager::ConstructGameplayTagTree: Construct from data asset -  0.000 s
[2018.06.14-21.23.28:332][  0]LogStats: UGameplayTagsManager::ConstructGameplayTagTree: GameplayTagTreeChangedEvent.Broadcast -  0.000 s
[2018.06.14-21.23.28:541][  0]LogFileCache: Scanning file cache for directory 'C:/Users/NataliaHP/Documents/GitHub/wind-samurai/Content/' took 0.03s
[2018.06.14-21.23.30:073][  0]SourceControl: El control de código fuente está desactivado
[2018.06.14-21.23.30:073][  0]Cmd: MAP LOAD FILE="../../../../../../Users/NataliaHP/Documents/GitHub/wind-samurai/Content/2DSideScrollerBP/Maps/2DSideScrollerExampleMap.umap" TEMPLATE=0 SHOWPROGRESS=1 FEATURELEVEL=3
[2018.06.14-21.23.30:074][  0]LogEditorServer: Warning: Can't find file '../../../../../../Users/NataliaHP/Documents/GitHub/wind-samurai/Content/2DSideScrollerBP/Maps/2DSideScrollerExampleMap.umap'
[2018.06.14-21.23.30:074][  0]Cmd: MAP CHECKDEP NOCLEARLOG
[2018.06.14-21.23.30:210][  0]MapCheck: Map check complete: 0 Error(s), 0 Warning(s), took 135,833ms to complete.
[2018.06.14-21.23.30:211][  0]LogFileHelpers: Loading map '2DSideScrollerExampleMap' took 0.137
[2018.06.14-21.23.30:656][  0]LogCollectionManager: Loaded 0 collections in 0.004886 seconds
[2018.06.14-21.23.30:711][  0]LogFileCache: Scanning file cache for directory 'C:/Users/NataliaHP/Documents/GitHub/wind-samurai/Saved/Collections/' took 0.01s
[2018.06.14-21.23.30:711][  0]LogFileCache: Scanning file cache for directory 'C:/Users/NataliaHP/Documents/GitHub/wind-samurai/Content/Developers/NataliaHP/Collections/' took 0.01s
[2018.06.14-21.23.30:711][  0]LogFileCache: Scanning file cache for directory 'C:/Users/NataliaHP/Documents/GitHub/wind-samurai/Content/Collections/' took 0.01s
[2018.06.14-21.23.30:711][  0]LogCollectionManager: Rebuilt the GUID cache for 0 collections in 0.000001 seconds
[2018.06.14-21.23.30:734][  0]LogContentBrowser: Native class hierarchy populated in 0.0222 seconds. Added 2496 classes and 572 folders.
[2018.06.14-21.23.30:750][  0]LogContentBrowser: Native class hierarchy updated for 'WidgetCarousel' in 0.0006 seconds. Added 0 classes and 0 folders.
[2018.06.14-21.23.32:282][  0]LogContentBrowser: Native class hierarchy updated for 'AddContentDialog' in 0.0005 seconds. Added 0 classes and 0 folders.
[2018.06.14-21.23.32:294][  0]LogContentBrowser: Native class hierarchy updated for 'SceneOutliner' in 0.0005 seconds. Added 1 classes and 2 folders.
[2018.06.14-21.23.32:413][  0]LogSlate: Took 0.076985 seconds to synchronously load lazily loaded font '../../../Engine/Content/Slate/Fonts/Roboto-Regular.ttf' (155K)
[2018.06.14-21.23.32:439][  0]LogSlate: Took 0.022035 seconds to synchronously load lazily loaded font '../../../Engine/Content/Slate/Fonts/Roboto-Bold.ttf' (160K)
[2018.06.14-21.23.32:483][  0]LogSlate: Took 0.034087 seconds to synchronously load lazily loaded font '../../../Engine/Content/Editor/Slate/Fonts/FontAwesome.ttf' (139K)
[2018.06.14-21.23.32:831][  0]LogRenderer: Reallocating scene render targets to support 856x372 Format 10 NumSamples 1 (Frame:1).
[2018.06.14-21.23.33:049][  0]LogSlate: Took 0.001415 seconds to synchronously load lazily loaded font '../../../Engine/Content/Slate/Fonts/Roboto-Light.ttf' (167K)
[2018.06.14-21.23.33:412][  0]LogContentBrowser: Native class hierarchy updated for 'HierarchicalLODOutliner' in 0.0006 seconds. Added 0 classes and 0 folders.
[2018.06.14-21.23.33:412][  0]LogLoad: (Engine Initialization) Total time: 92.81 seconds
[2018.06.14-21.23.33:412][  0]LogLoad: (Engine Initialization) Total Blueprint compile time: 0.00 seconds
[2018.06.14-21.23.33:789][  0]LogContentStreaming: Texture pool size now 1000 MB
[2018.06.14-21.23.35:437][  5]LogAssetRegistry: Asset discovery search completed in 50.5170 seconds
[2018.06.14-21.23.35:442][  5]LogCollectionManager: Rebuilt the object cache for 0 collections in 0.000001 seconds (found 0 objects)
[2018.06.14-21.23.35:442][  5]LogCollectionManager: Fixed up redirectors for 0 collections in 0.000129 seconds (updated 0 objects)
[2018.06.14-21.24.25:193][377]LogSlate: FSceneViewport::OnFocusLost() reason 0
[2018.06.14-21.28.20:750][285]LogSlate: Window 'SotW - Editor Unreal' being destroyed
[2018.06.14-21.28.20:752][285]LogWindowsTextInputMethodSystem: Display: IME system now deactivated.
[2018.06.14-21.28.21:039][286]Cmd: QUIT_EDITOR
[2018.06.14-21.28.21:113][286]LogSlate: Slate User Destroyed.  User Index 0, Is Virtual User: 0
[2018.06.14-21.28.21:113][286]LogExit: Preparing to exit.
[2018.06.14-21.28.22:014][286]LogDirectoryWatcher: A directory notification for 'C:/Users/NataliaHP/Documents/GitHub/wind-samurai/Content/' was aborted.
[2018.06.14-21.28.22:042][286]LogExit: Editor shut down
[2018.06.14-21.28.22:054][286]LogExit: Transaction tracking system shut down
[2018.06.14-21.28.22:257][286]LogDirectoryWatcher: A directory notification for '../../../Engine/Content/' was aborted.
[2018.06.14-21.28.22:257][286]LogDirectoryWatcher: A directory notification for '../../../../../../Users/NataliaHP/Documents/GitHub/wind-samurai/Content/' was aborted.
[2018.06.14-21.28.22:257][286]LogDirectoryWatcher: A directory notification for '../../Plugins/2D/Paper2D/Content/' was aborted.
[2018.06.14-21.28.22:257][286]LogDirectoryWatcher: A directory notification for '../../Plugins/Enterprise/DatasmithContent/Content/' was aborted.
[2018.06.14-21.28.22:257][286]LogDirectoryWatcher: A directory notification for '../../Plugins/Marketplace/DlgSystem/Content/' was aborted.
[2018.06.14-21.28.22:257][286]LogDirectoryWatcher: A directory notification for '../../Plugins/Media/MediaCompositing/Content/' was aborted.
[2018.06.14-21.28.22:257][286]LogDirectoryWatcher: A directory notification for '../../Plugins/Runtime/AppleARKit/Content/' was aborted.
[2018.06.14-21.28.22:257][286]LogDirectoryWatcher: A directory notification for '../../Plugins/Runtime/Oculus/OculusVR/Content/' was aborted.
[2018.06.14-21.28.22:258][286]LogDirectoryWatcher: A directory notification for '../../Plugins/Runtime/Steam/SteamVR/Content/' was aborted.
[2018.06.14-21.28.22:378][286]LogExit: Object subsystem successfully closed.
[2018.06.14-21.28.22:401][286]LogShaderCompilers: Display: Shaders left to compile 0
[2018.06.14-21.28.22:405][286]LogD3D11RHI: Shutdown
[2018.06.14-21.28.22:406][286]LogD3D11RHI: CleanupD3DDevice
[2018.06.14-21.28.22:420][286]LogD3D11RHI: ~FD3D11DynamicRHI
[2018.06.14-21.28.22:462][286]LogModuleManager: Shutting down and abandoning module HierarchicalLODOutliner (576)
[2018.06.14-21.28.22:462][286]LogModuleManager: Shutting down and abandoning module SceneOutliner (574)
[2018.06.14-21.28.22:462][286]LogModuleManager: Shutting down and abandoning module AddContentDialog (572)
[2018.06.14-21.28.22:462][286]LogDirectoryWatcher: A directory notification for 'C:/Program Files/Epic Games/UE_4.19/FeaturePacks/' was aborted.
[2018.06.14-21.28.22:465][286]LogModuleManager: Shutting down and abandoning module WidgetCarousel (571)
[2018.06.14-21.28.22:465][286]LogModuleManager: Shutting down and abandoning module EditorWidgets (568)
[2018.06.14-21.28.22:465][286]LogModuleManager: Shutting down and abandoning module CollectionManager (566)
[2018.06.14-21.28.22:465][286]LogDirectoryWatcher: A directory notification for 'C:/Users/NataliaHP/Documents/GitHub/wind-samurai/Content/Collections/' was aborted.
[2018.06.14-21.28.22:465][286]LogDirectoryWatcher: A directory notification for 'C:/Users/NataliaHP/Documents/GitHub/wind-samurai/Content/Developers/NataliaHP/Collections/' was aborted.
[2018.06.14-21.28.22:465][286]LogDirectoryWatcher: A directory notification for 'C:/Users/NataliaHP/Documents/GitHub/wind-samurai/Saved/Collections/' was aborted.
[2018.06.14-21.28.22:465][286]LogModuleManager: Shutting down and abandoning module FoliageEdit (564)
[2018.06.14-21.28.22:465][286]LogModuleManager: Shutting down and abandoning module LandscapeEditor (562)
[2018.06.14-21.28.22:466][286]LogModuleManager: Shutting down and abandoning module MeshPaintMode (560)
[2018.06.14-21.28.22:466][286]LogModuleManager: Shutting down and abandoning module SceneDepthPickerMode (558)
[2018.06.14-21.28.22:466][286]LogModuleManager: Shutting down and abandoning module ActorPickerMode (556)
[2018.06.14-21.28.22:466][286]LogModuleManager: Shutting down and abandoning module GeometryMode (554)
[2018.06.14-21.28.22:466][286]LogModuleManager: Shutting down and abandoning module TextureAlignMode (552)
[2018.06.14-21.28.22:466][286]LogModuleManager: Shutting down and abandoning module BspMode (550)
[2018.06.14-21.28.22:466][286]LogModuleManager: Shutting down and abandoning module PIEPreviewDeviceProfileSelector (548)
[2018.06.14-21.28.22:466][286]LogModuleManager: Shutting down and abandoning module HardwareSurvey (546)
[2018.06.14-21.28.22:466][286]LogModuleManager: Shutting down and abandoning module SequenceRecorderSections (544)
[2018.06.14-21.28.22:466][286]LogModuleManager: Shutting down and abandoning module AutomationWorker (542)
[2018.06.14-21.28.22:466][286]LogModuleManager: Shutting down and abandoning module AudioCaptureEditor (540)
[2018.06.14-21.28.22:466][286]LogModuleManager: Shutting down and abandoning module SequenceRecorder (539)
[2018.06.14-21.28.22:466][286]LogModuleManager: Shutting down and abandoning module MatineeToLevelSequence (536)
[2018.06.14-21.28.22:466][286]LogModuleManager: Shutting down and abandoning module LevelSequenceEditor (534)
[2018.06.14-21.28.22:466][286]LogModuleManager: Shutting down and abandoning module PlacementMode (533)
[2018.06.14-21.28.22:466][286]LogModuleManager: Shutting down and abandoning module MaterialEditor (532)
[2018.06.14-21.28.22:467][286]LogModuleManager: Shutting down and abandoning module WmfMediaFactory (528)
[2018.06.14-21.28.22:467][286]LogModuleManager: Shutting down and abandoning module WmfMediaEditor (526)
[2018.06.14-21.28.22:467][286]LogModuleManager: Shutting down and abandoning module MediaPlayerEditor (524)
[2018.06.14-21.28.22:467][286]LogModuleManager: Shutting down and abandoning module OpenExrWrapper (522)
[2018.06.14-21.28.22:467][286]LogModuleManager: Shutting down and abandoning module ImgMediaFactory (520)
[2018.06.14-21.28.22:467][286]LogModuleManager: Shutting down and abandoning module ImgMediaEditor (518)
[2018.06.14-21.28.22:467][286]LogModuleManager: Shutting down and abandoning module AvfMediaFactory (516)
[2018.06.14-21.28.22:467][286]LogModuleManager: Shutting down and abandoning module AvfMediaEditor (514)
[2018.06.14-21.28.22:467][286]LogModuleManager: Shutting down and abandoning module AndroidMediaFactory (512)
[2018.06.14-21.28.22:467][286]LogModuleManager: Shutting down and abandoning module AndroidMediaEditor (510)
[2018.06.14-21.28.22:467][286]LogModuleManager: Shutting down and abandoning module CharacterAI (508)
[2018.06.14-21.28.22:467][286]LogModuleManager: Shutting down and abandoning module SmartSnapping (506)
[2018.06.14-21.28.22:467][286]LogModuleManager: Shutting down and abandoning module SessionServices (504)
[2018.06.14-21.28.22:467][286]LogModuleManager: Shutting down and abandoning module ViewportSnapping (502)
[2018.06.14-21.28.22:467][286]LogModuleManager: Shutting down and abandoning module ViewportInteraction (500)
[2018.06.14-21.28.22:467][286]LogModuleManager: Shutting down and abandoning module ClothPainter (498)
[2018.06.14-21.28.22:468][286]LogModuleManager: Shutting down and abandoning module SkeletalMeshEditor (497)
[2018.06.14-21.28.22:468][286]LogModuleManager: Shutting down and abandoning module LogVisualizer (494)
[2018.06.14-21.28.22:468][286]LogModuleManager: Shutting down and abandoning module IntroTutorials (492)
[2018.06.14-21.28.22:468][286]LogModuleManager: Shutting down and abandoning module GameProjectGeneration (491)
[2018.06.14-21.28.22:468][286]LogModuleManager: Shutting down and abandoning module IOSPlatformEditor (488)
[2018.06.14-21.28.22:468][286]LogModuleManager: Shutting down and abandoning module HTML5PlatformEditor (486)
[2018.06.14-21.28.22:468][286]LogModuleManager: Shutting down and abandoning module AndroidPlatformEditor (484)
[2018.06.14-21.28.22:468][286]LogModuleManager: Shutting down and abandoning module AndroidDeviceDetection (483)
[2018.06.14-21.28.22:724][286]LogModuleManager: Shutting down and abandoning module WindowsPlatformEditor (480)
[2018.06.14-21.28.22:725][286]LogModuleManager: Shutting down and abandoning module IOSRuntimeSettings (478)
[2018.06.14-21.28.22:725][286]LogModuleManager: Shutting down and abandoning module AndroidRuntimeSettings (476)
[2018.06.14-21.28.22:725][286]LogModuleManager: Shutting down and abandoning module InputBindingEditor (474)
[2018.06.14-21.28.22:725][286]LogModuleManager: Shutting down and abandoning module MergeActors (472)
[2018.06.14-21.28.22:725][286]LogModuleManager: Shutting down and abandoning module LocalizationDashboard (470)
[2018.06.14-21.28.22:725][286]LogModuleManager: Shutting down and abandoning module LocalizationService (469)
[2018.06.14-21.28.22:725][286]LogModuleManager: Shutting down and abandoning module HardwareTargeting (466)
[2018.06.14-21.28.22:725][286]LogModuleManager: Shutting down and abandoning module DeviceProfileEditor (464)
[2018.06.14-21.28.22:725][286]LogModuleManager: Shutting down and abandoning module UndoHistory (462)
[2018.06.14-21.28.22:725][286]LogModuleManager: Shutting down and abandoning module XmlParser (460)
[2018.06.14-21.28.22:725][286]LogModuleManager: Shutting down and abandoning module Blutility (458)
[2018.06.14-21.28.22:725][286]LogModuleManager: Shutting down and abandoning module ProjectSettingsViewer (456)
[2018.06.14-21.28.22:725][286]LogModuleManager: Shutting down and abandoning module ProjectTargetPlatformEditor (455)
[2018.06.14-21.28.22:726][286]LogModuleManager: Shutting down and abandoning module EditorSettingsViewer (452)
[2018.06.14-21.28.22:726][286]LogModuleManager: Shutting down and abandoning module SettingsEditor (450)
[2018.06.14-21.28.22:726][286]LogModuleManager: Shutting down and abandoning module ProjectLauncher (448)
[2018.06.14-21.28.22:726][286]LogModuleManager: Shutting down and abandoning module SessionFrontend (446)
[2018.06.14-21.28.22:726][286]LogModuleManager: Shutting down and abandoning module ProfilerClient (444)
[2018.06.14-21.28.22:726][286]LogModuleManager: Shutting down and abandoning module DeviceManager (442)
[2018.06.14-21.28.22:726][286]LogModuleManager: Shutting down and abandoning module TargetDeviceServices (441)
[2018.06.14-21.28.22:780][286]LogModuleManager: Shutting down and abandoning module AutomationController (438)
[2018.06.14-21.28.22:780][286]LogModuleManager: Shutting down and abandoning module AutomationWindow (436)
[2018.06.14-21.28.22:780][286]LogModuleManager: Shutting down and abandoning module Layers (434)
[2018.06.14-21.28.22:780][286]LogModuleManager: Shutting down and abandoning module ComponentVisualizers (432)
[2018.06.14-21.28.22:780][286]LogModuleManager: Shutting down and abandoning module DetailCustomizations (430)
[2018.06.14-21.28.22:780][286]LogModuleManager: Shutting down and abandoning module PackagesDialog (428)
[2018.06.14-21.28.22:780][286]LogModuleManager: Shutting down and abandoning module Persona (426)
[2018.06.14-21.28.22:780][286]LogModuleManager: Shutting down and abandoning module AdvancedPreviewScene (425)
[2018.06.14-21.28.22:781][286]LogModuleManager: Shutting down and abandoning module AnimGraph (423)
[2018.06.14-21.28.22:781][286]LogModuleManager: Shutting down and abandoning module Kismet (420)
[2018.06.14-21.28.22:781][286]LogModuleManager: Shutting down and abandoning module GraphEditor (418)
[2018.06.14-21.28.22:781][286]LogModuleManager: Shutting down and abandoning module ClassViewer (416)
[2018.06.14-21.28.22:781][286]LogModuleManager: Shutting down and abandoning module Toolbox (414)
[2018.06.14-21.28.22:781][286]LogModuleManager: Shutting down and abandoning module ModuleUI (412)
[2018.06.14-21.28.22:781][286]LogModuleManager: Shutting down and abandoning module MovieSceneTools (410)
[2018.06.14-21.28.22:781][286]LogModuleManager: Shutting down and abandoning module OutputLog (408)
[2018.06.14-21.28.22:781][286]LogModuleManager: Shutting down and abandoning module GammaUI (406)
[2018.06.14-21.28.22:781][286]LogModuleManager: Shutting down and abandoning module Documentation (404)
[2018.06.14-21.28.22:781][286]LogModuleManager: Shutting down and abandoning module MovieSceneTracks (402)
[2018.06.14-21.28.22:781][286]LogModuleManager: Shutting down and abandoning module MovieScene (400)
[2018.06.14-21.28.22:781][286]LogModuleManager: Shutting down and abandoning module StreamingPauseRendering (398)
[2018.06.14-21.28.22:781][286]LogModuleManager: Shutting down and abandoning module LauncherPlatform (396)
[2018.06.14-21.28.22:781][286]LogModuleManager: Shutting down and abandoning module AnalyticsET (394)
[2018.06.14-21.28.22:781][286]LogModuleManager: Shutting down and abandoning module PortalServices (392)
[2018.06.14-21.28.22:781][286]LogModuleManager: Shutting down and abandoning module PortalRpc (390)
[2018.06.14-21.28.22:781][286]LogModuleManager: Shutting down and abandoning module MessagingRpc (388)
[2018.06.14-21.28.22:781][286]LogModuleManager: Shutting down and abandoning module AIModule (386)
[2018.06.14-21.28.22:781][286]LogModuleManager: Shutting down and abandoning module AITestSuite (385)
[2018.06.14-21.28.22:781][286]LogModuleManager: Shutting down and abandoning module DesktopPlatform (382)
[2018.06.14-21.28.22:782][286]LogModuleManager: Shutting down and abandoning module ProfilerService (380)
[2018.06.14-21.28.23:022][286]LogModuleManager: Shutting down and abandoning module TaskGraph (378)
[2018.06.14-21.28.23:022][286]LogModuleManager: Shutting down and abandoning module DlgSystemEditor (376)
[2018.06.14-21.28.23:023][286]LogDlgSystemEditor: Verbose: Stopped DlgSystemEditorModule
[2018.06.14-21.28.23:023][286]LogModuleManager: Shutting down and abandoning module SteamVRController (374)
[2018.06.14-21.28.23:023][286]LogModuleManager: Shutting down and abandoning module ProceduralMeshComponentEditor (372)
[2018.06.14-21.28.23:023][286]LogModuleManager: Shutting down and abandoning module ProceduralMeshComponent (370)
[2018.06.14-21.28.23:023][286]LogModuleManager: Shutting down and abandoning module OculusInput (368)
[2018.06.14-21.28.23:023][286]LogModuleManager: Shutting down and abandoning module MobilePatchingUtils (366)
[2018.06.14-21.28.23:023][286]LogModuleManager: Shutting down and abandoning module CustomMeshComponent (364)
[2018.06.14-21.28.23:023][286]LogModuleManager: Shutting down and abandoning module CableComponent (362)
[2018.06.14-21.28.23:023][286]LogModuleManager: Shutting down and abandoning module AudioCapture (360)
[2018.06.14-21.28.23:023][286]LogModuleManager: Shutting down and abandoning module ArchVisCharacter (358)
[2018.06.14-21.28.23:023][286]LogModuleManager: Shutting down and abandoning module AndroidPermission (356)
[2018.06.14-21.28.23:023][286]LogModuleManager: Shutting down and abandoning module NUTUnrealEngine4 (352)
[2018.06.14-21.28.23:024][286]LogModuleManager: Shutting down and abandoning module NetcodeUnitTest (350)
[2018.06.14-21.28.23:024][286]LogModuleManager: Shutting down and abandoning module MediaCompositingEditor (348)
[2018.06.14-21.28.23:024][286]LogModuleManager: Shutting down and abandoning module MediaCompositing (346)
[2018.06.14-21.28.23:024][286]LogModuleManager: Shutting down and abandoning module LinearTimecode (344)
[2018.06.14-21.28.23:024][286]LogModuleManager: Shutting down and abandoning module ImgMedia (342)
[2018.06.14-21.28.23:034][286]LogModuleManager: Shutting down and abandoning module HTML5Networking (340)
[2018.06.14-21.28.23:034][286]LogModuleManager: Shutting down and abandoning module AlembicImporter (338)
[2018.06.14-21.28.23:034][286]LogModuleManager: Shutting down and abandoning module AlembicLibrary (337)
[2018.06.14-21.28.23:035][286]LogModuleManager: Shutting down and abandoning module GeometryCache (336)
[2018.06.14-21.28.23:035][286]LogModuleManager: Shutting down and abandoning module GeometryCacheEd (335)
[2018.06.14-21.28.23:035][286]LogModuleManager: Shutting down and abandoning module DatasmithContent (330)
[2018.06.14-21.28.23:035][286]LogModuleManager: Shutting down and abandoning module SpeedTreeImporter (328)
[2018.06.14-21.28.23:035][286]LogModuleManager: Shutting down and abandoning module PluginBrowser (326)
[2018.06.14-21.28.23:035][286]LogModuleManager: Shutting down and abandoning module MobileLauncherProfileWizard (324)
[2018.06.14-21.28.23:035][286]LogModuleManager: Shutting down and abandoning module CryptoKeysOpenSSL (322)
[2018.06.14-21.28.23:035][286]LogModuleManager: Shutting down and abandoning module CryptoKeys (320)
[2018.06.14-21.28.23:035][286]LogModuleManager: Shutting down and abandoning module VisualStudioSourceCodeAccess (318)
[2018.06.14-21.28.23:035][286]LogModuleManager: Shutting down and abandoning module VisualStudioCodeSourceCodeAccess (316)
[2018.06.14-21.28.23:035][286]LogModuleManager: Shutting down and abandoning module UObjectPlugin (314)
[2018.06.14-21.28.23:036][286]LogModuleManager: Shutting down and abandoning module SubversionSourceControl (312)
[2018.06.14-21.28.23:036][286]LogModuleManager: Shutting down and abandoning module PerforceSourceControl (310)
[2018.06.14-21.28.23:036][286]LogModuleManager: Shutting down and abandoning module GitSourceControl (308)
[2018.06.14-21.28.23:036][286]LogModuleManager: Shutting down and abandoning module SourceControl (307)
[2018.06.14-21.28.23:036][286]LogModuleManager: Shutting down and abandoning module CLionSourceCodeAccess (304)
[2018.06.14-21.28.23:036][286]LogModuleManager: Shutting down and abandoning module LightPropagationVolumeEditor (302)
[2018.06.14-21.28.23:036][286]LogModuleManager: Shutting down and abandoning module PaperTiledImporter (300)
[2018.06.14-21.28.23:036][286]LogModuleManager: Shutting down and abandoning module PaperSpriteSheetImporter (298)
[2018.06.14-21.28.23:036][286]LogModuleManager: Shutting down and abandoning module Paper2DEditor (296)
[2018.06.14-21.28.23:036][286]LogModuleManager: Shutting down and abandoning module MeshPaint (295)
[2018.06.14-21.28.23:037][286]LogModuleManager: Shutting down and abandoning module RuntimePhysXCooking (292)
[2018.06.14-21.28.23:037][286]LogModuleManager: Shutting down and abandoning module PhysXVehiclesEditor (290)
[2018.06.14-21.28.23:037][286]LogModuleManager: Shutting down and abandoning module PhysXVehicles (288)
[2018.06.14-21.28.23:037][286]LogModuleManager: Shutting down and abandoning module OculusEditor (286)
[2018.06.14-21.28.23:037][286]LogModuleManager: Shutting down and abandoning module LocationServicesBPLibrary (284)
[2018.06.14-21.28.23:037][286]LogModuleManager: Shutting down and abandoning module ImmediatePhysicsEditor (282)
[2018.06.14-21.28.23:037][286]LogModuleManager: Shutting down and abandoning module ImmediatePhysics (280)
[2018.06.14-21.28.23:037][286]LogModuleManager: Shutting down and abandoning module ActorSequence (278)
[2018.06.14-21.28.23:037][286]LogModuleManager: Shutting down and abandoning module UdpMessaging (276)
[2018.06.14-21.28.23:138][286]LogModuleManager: Shutting down and abandoning module TcpMessaging (274)
[2018.06.14-21.28.23:239][286]LogModuleManager: Shutting down and abandoning module DlgSystem (272)
[2018.06.14-21.28.23:239][286]LogDlgSystem: Verbose: Stopped DlgSystemModule
[2018.06.14-21.28.23:239][286]LogModuleManager: Shutting down and abandoning module GameplayDebugger (271)
[2018.06.14-21.28.23:239][286]LogModuleManager: Shutting down and abandoning module GameplayTagsEditor (268)
[2018.06.14-21.28.23:239][286]LogModuleManager: Shutting down and abandoning module FacialAnimationEditor (266)
[2018.06.14-21.28.23:239][286]LogModuleManager: Shutting down and abandoning module FacialAnimation (264)
[2018.06.14-21.28.23:239][286]LogModuleManager: Shutting down and abandoning module DataValidation (262)
[2018.06.14-21.28.23:240][286]LogModuleManager: Shutting down and abandoning module AssetManagerEditor (260)
[2018.06.14-21.28.23:240][286]LogModuleManager: Shutting down and abandoning module LevelEditor (259)
[2018.06.14-21.28.23:242][286]LogModuleManager: Shutting down and abandoning module PixelInspectorModule (258)
[2018.06.14-21.28.23:242][286]LogModuleManager: Shutting down and abandoning module CommonMenuExtensions (256)
[2018.06.14-21.28.23:243][286]LogModuleManager: Shutting down and abandoning module MainFrame (254)
[2018.06.14-21.28.23:243][286]LogModuleManager: Shutting down and abandoning module HotReload (253)
[2018.06.14-21.28.23:245][286]LogModuleManager: Shutting down and abandoning module ContentBrowser (249)
[2018.06.14-21.28.23:248][286]LogModuleManager: Shutting down and abandoning module TreeMap (247)
[2018.06.14-21.28.23:248][286]LogModuleManager: Shutting down and abandoning module LightPropagationVolumeRuntime (244)
[2018.06.14-21.28.23:249][286]LogModuleManager: Shutting down and abandoning module LiveLinkEditor (242)
[2018.06.14-21.28.23:249][286]LogModuleManager: Shutting down and abandoning module LiveLink (240)
[2018.06.14-21.28.23:618][286]LogModuleManager: Shutting down and abandoning module Paper2D (238)
[2018.06.14-21.28.23:618][286]LogModuleManager: Shutting down and abandoning module WindowsMoviePlayer (236)
[2018.06.14-21.28.23:619][286]LogModuleManager: Shutting down and abandoning module WmfMedia (234)
[2018.06.14-21.28.23:621][286]LogModuleManager: Shutting down and abandoning module Media (233)
[2018.06.14-21.28.23:629][286]LogModuleManager: Shutting down and abandoning module PacketHandler (230)
[2018.06.14-21.28.23:629][286]LogModuleManager: Shutting down and abandoning module ClothingSystemEditor (228)
[2018.06.14-21.28.23:629][286]LogModuleManager: Shutting down and abandoning module ClothingSystemRuntime (226)
[2018.06.14-21.28.23:630][286]LogModuleManager: Shutting down and abandoning module MediaAssets (224)
[2018.06.14-21.28.23:630][286]LogModuleManager: Shutting down and abandoning module Overlay (222)
[2018.06.14-21.28.23:630][286]LogModuleManager: Shutting down and abandoning module OverlayEditor (221)
[2018.06.14-21.28.23:630][286]LogModuleManager: Shutting down and abandoning module VREditor (218)
[2018.06.14-21.28.23:630][286]LogModuleManager: Shutting down and abandoning module StringTableEditor (216)
[2018.06.14-21.28.23:630][286]LogModuleManager: Shutting down and abandoning module GameplayTasksEditor (214)
[2018.06.14-21.28.23:630][286]LogModuleManager: Shutting down and abandoning module BehaviorTreeEditor (212)
[2018.06.14-21.28.23:630][286]LogModuleManager: Shutting down and abandoning module FunctionalTesting (210)
[2018.06.14-21.28.23:630][286]LogModuleManager: Shutting down and abandoning module CollisionAnalyzer (208)
[2018.06.14-21.28.23:630][286]LogModuleManager: Shutting down and abandoning module WorkspaceMenuStructure (207)
[2018.06.14-21.28.23:631][286]LogModuleManager: Shutting down and abandoning module UMG (204)
[2018.06.14-21.28.23:631][286]LogModuleManager: Shutting down and abandoning module UMGEditor (203)
[2018.06.14-21.28.23:631][286]LogModuleManager: Shutting down and abandoning module Sequencer (202)
[2018.06.14-21.28.23:631][286]LogModuleManager: Shutting down and abandoning module MessageLog (199)
[2018.06.14-21.28.23:631][286]LogModuleManager: Shutting down and abandoning module SlateReflector (194)
[2018.06.14-21.28.23:631][286]LogModuleManager: Shutting down and abandoning module Slate (192)
[2018.06.14-21.28.23:632][286]LogModuleManager: Shutting down and abandoning module EditorStyle (190)
[2018.06.14-21.28.23:637][286]LogModuleManager: Shutting down and abandoning module MRMesh (188)
[2018.06.14-21.28.23:637][286]LogModuleManager: Shutting down and abandoning module SourceCodeAccess (186)
[2018.06.14-21.28.23:637][286]LogModuleManager: Shutting down and abandoning module HeadMountedDisplay (184)
[2018.06.14-21.28.23:637][286]LogModuleManager: Shutting down and abandoning module XAudio2 (182)
[2018.06.14-21.28.23:637][286]LogModuleManager: Shutting down and abandoning module Networking (180)
[2018.06.14-21.28.23:637][286]LogModuleManager: Shutting down and abandoning module Core (178)
[2018.06.14-21.28.23:637][286]LogModuleManager: Shutting down and abandoning module LevelSequence (176)
[2018.06.14-21.28.23:637][286]LogModuleManager: Shutting down and abandoning module KismetCompiler (174)
[2018.06.14-21.28.23:637][286]LogModuleManager: Shutting down and abandoning module MeshUtilities (172)
[2018.06.14-21.28.23:637][286]LogModuleManager: Shutting down and abandoning module MeshMergeUtilities (171)
[2018.06.14-21.28.23:637][286]LogModuleManager: Shutting down and abandoning module MeshReductionInterface (170)
[2018.06.14-21.28.23:637][286]LogModuleManager: Shutting down and abandoning module SimplygonSwarm (169)
[2018.06.14-21.28.23:638][286]LogModuleManager: Shutting down and abandoning module SimplygonMeshReduction (167)
[2018.06.14-21.28.23:638][286]LogModuleManager: Shutting down and abandoning module QuadricMeshReduction (165)
[2018.06.14-21.28.23:638][286]LogModuleManager: Shutting down and abandoning module MaterialBaking (161)
[2018.06.14-21.28.23:638][286]LogModuleManager: Shutting down and abandoning module DirectoryWatcher (157)
[2018.06.14-21.28.23:641][286]LogModuleManager: Shutting down and abandoning module DerivedDataCache (154)
[2018.06.14-21.28.23:742][286]LogDerivedDataCache: Shutdown
[2018.06.14-21.28.23:743][286]LogModuleManager: Shutting down and abandoning module XGEController (152)
[2018.06.14-21.28.23:743][286]LogModuleManager: Shutting down and abandoning module TargetPlatform (150)
[2018.06.14-21.28.23:743][286]LogModuleManager: Shutting down and abandoning module VulkanShaderFormat (149)
[2018.06.14-21.28.23:743][286]LogModuleManager: Shutting down and abandoning module ShaderFormatVectorVM (147)
[2018.06.14-21.28.23:743][286]LogModuleManager: Shutting down and abandoning module ShaderFormatOpenGL (145)
[2018.06.14-21.28.23:743][286]LogModuleManager: Shutting down and abandoning module ShaderFormatD3D (143)
[2018.06.14-21.28.23:743][286]LogModuleManager: Shutting down and abandoning module MetalShaderFormat (141)
[2018.06.14-21.28.23:743][286]LogModuleManager: Shutting down and abandoning module TextureFormatUncompressed (139)
[2018.06.14-21.28.23:743][286]LogModuleManager: Shutting down and abandoning module TextureFormatPVR (137)
[2018.06.14-21.28.23:743][286]LogModuleManager: Shutting down and abandoning module TextureFormatDXT (135)
[2018.06.14-21.28.23:743][286]LogModuleManager: Shutting down and abandoning module TextureFormatIntelISPCTexComp (133)
[2018.06.14-21.28.23:744][286]LogModuleManager: Shutting down and abandoning module TextureFormatASTC (131)
[2018.06.14-21.28.23:744][286]LogModuleManager: Shutting down and abandoning module ImageWrapper (130)
[2018.06.14-21.28.23:744][286]LogModuleManager: Shutting down and abandoning module TextureFormatAndroid (127)
[2018.06.14-21.28.23:744][286]LogModuleManager: Shutting down and abandoning module AudioFormatOpus (125)
[2018.06.14-21.28.23:744][286]LogModuleManager: Shutting down and abandoning module AudioFormatOgg (123)
[2018.06.14-21.28.23:744][286]LogModuleManager: Shutting down and abandoning module AudioFormatADPCM (121)
[2018.06.14-21.28.23:744][286]LogModuleManager: Shutting down and abandoning module LinuxTargetPlatform (119)
[2018.06.14-21.28.23:744][286]LogModuleManager: Shutting down and abandoning module LinuxServerTargetPlatform (117)
[2018.06.14-21.28.23:745][286]LogModuleManager: Shutting down and abandoning module LinuxNoEditorTargetPlatform (115)
[2018.06.14-21.28.23:745][286]LogModuleManager: Shutting down and abandoning module LinuxClientTargetPlatform (113)
[2018.06.14-21.28.23:745][286]LogModuleManager: Shutting down and abandoning module TVOSTargetPlatform (111)
[2018.06.14-21.28.23:745][286]LogModuleManager: Shutting down and abandoning module Messaging (109)
[2018.06.14-21.28.23:745][286]LogModuleManager: Shutting down and abandoning module IOSTargetPlatform (107)
[2018.06.14-21.28.23:746][286]LogModuleManager: Shutting down and abandoning module HTML5TargetPlatform (105)
[2018.06.14-21.28.23:746][286]LogModuleManager: Shutting down and abandoning module AndroidTargetPlatform (103)
[2018.06.14-21.28.23:746][286]LogModuleManager: Shutting down and abandoning module Android_PVRTCTargetPlatform (101)
[2018.06.14-21.28.23:746][286]LogModuleManager: Shutting down and abandoning module Android_MultiTargetPlatform (99)
[2018.06.14-21.28.23:746][286]LogModuleManager: Shutting down and abandoning module Android_ETC2TargetPlatform (97)
[2018.06.14-21.28.23:746][286]LogModuleManager: Shutting down and abandoning module Android_ETC1TargetPlatform (95)
[2018.06.14-21.28.23:746][286]LogModuleManager: Shutting down and abandoning module Android_ETC1aTargetPlatform (93)
[2018.06.14-21.28.23:746][286]LogModuleManager: Shutting down and abandoning module Android_DXTTargetPlatform (91)
[2018.06.14-21.28.23:746][286]LogModuleManager: Shutting down and abandoning module Android_ATCTargetPlatform (89)
[2018.06.14-21.28.23:746][286]LogModuleManager: Shutting down and abandoning module Android_ASTCTargetPlatform (87)
[2018.06.14-21.28.23:746][286]LogModuleManager: Shutting down and abandoning module WindowsTargetPlatform (85)
[2018.06.14-21.28.23:746][286]LogModuleManager: Shutting down and abandoning module WindowsServerTargetPlatform (83)
[2018.06.14-21.28.23:746][286]LogModuleManager: Shutting down and abandoning module WindowsNoEditorTargetPlatform (81)
[2018.06.14-21.28.23:746][286]LogModuleManager: Shutting down and abandoning module WindowsClientTargetPlatform (79)
[2018.06.14-21.28.23:746][286]LogModuleManager: Shutting down and abandoning module MacTargetPlatform (77)
[2018.06.14-21.28.23:748][286]LogModuleManager: Shutting down and abandoning module MacServerTargetPlatform (75)
[2018.06.14-21.28.23:748][286]LogModuleManager: Shutting down and abandoning module MacNoEditorTargetPlatform (73)
[2018.06.14-21.28.23:748][286]LogModuleManager: Shutting down and abandoning module MacClientTargetPlatform (71)
[2018.06.14-21.28.23:748][286]LogModuleManager: Shutting down and abandoning module AllDesktopTargetPlatform (69)
[2018.06.14-21.28.23:748][286]LogModuleManager: Shutting down and abandoning module InputCore (66)
[2018.06.14-21.28.23:748][286]LogModuleManager: Shutting down and abandoning module Settings (64)
[2018.06.14-21.28.23:748][286]LogModuleManager: Shutting down and abandoning module PhysXCooking (62)
[2018.06.14-21.28.23:748][286]LogModuleManager: Shutting down and abandoning module SteamVR (60)
[2018.06.14-21.28.23:748][286]LogModuleManager: Shutting down and abandoning module OculusHMD (58)
[2018.06.14-21.28.23:749][286]LogModuleManager: Shutting down and abandoning module ExampleDeviceProfileSelector (56)
[2018.06.14-21.28.23:749][286]LogModuleManager: Shutting down and abandoning module AppleARKit (54)
[2018.06.14-21.28.23:749][286]LogModuleManager: Shutting down and abandoning module AugmentedReality (51)
[2018.06.14-21.28.23:749][286]LogModuleManager: Shutting down and abandoning module OnlineBlueprintSupport (48)
[2018.06.14-21.28.23:749][286]LogModuleManager: Shutting down and abandoning module OnlineSubsystem (44)
[2018.06.14-21.28.23:749][286]LogModuleManager: Shutting down and abandoning module XMPP (43)
[2018.06.14-21.28.23:749][286]LogModuleManager: Shutting down and abandoning module HTTP (41)
[2018.06.14-21.28.23:749][286]LogHttp: Display: Http module shutting down, but needs to wait on 1 outstanding Http requests:
[2018.06.14-21.28.23:749][286]LogHttp: Display: 	verb=[POST] url=[https://datarouter.ol.epicgames.com/datarouter/api/v1/public/data?SessionID=%7BF082863D-436E-2B9D-7F38-E8838D2E352E%7D&AppID=UEEditor.Rocket.Release&AppVersion=4.19.2-4033788%2B%2B%2BUE4%2BRelease-4.19&UserID=330e5a2045c304c2f1ffdaa4d7811232%7Ca345ad7d4f264abe80dce6b88bd1a870%7Ccc0720a3-79ea-43b1-afa5-0b7f4a7b1b30&AppEnvironment=datacollector-binary&UploadType=eteventstream] status=Processing
[2018.06.14-21.28.23:792][286]LogModuleManager: Shutting down and abandoning module SSL (40)
[2018.06.14-21.28.23:796][286]LogModuleManager: Shutting down and abandoning module AnimationModifiers (36)
[2018.06.14-21.28.23:796][286]LogModuleManager: Shutting down and abandoning module PropertyEditor (35)
[2018.06.14-21.28.23:796][286]LogModuleManager: Shutting down and abandoning module AudioEditor (32)
[2018.06.14-21.28.23:796][286]LogModuleManager: Shutting down and abandoning module TextureCompressor (30)
[2018.06.14-21.28.23:797][286]LogModuleManager: Shutting down and abandoning module ShaderCore (28)
[2018.06.14-21.28.23:797][286]LogModuleManager: Shutting down and abandoning module Landscape (26)
[2018.06.14-21.28.23:799][286]LogModuleManager: Shutting down and abandoning module SlateRHIRenderer (24)
[2018.06.14-21.28.23:801][286]LogModuleManager: Shutting down and abandoning module OpenGLDrv (22)
[2018.06.14-21.28.23:801][286]LogModuleManager: Shutting down and abandoning module D3D11RHI (20)
[2018.06.14-21.28.23:801][286]LogModuleManager: Shutting down and abandoning module AnimGraphRuntime (18)
[2018.06.14-21.28.23:801][286]LogModuleManager: Shutting down and abandoning module Renderer (16)
[2018.06.14-21.28.23:801][286]LogModuleManager: Shutting down and abandoning module Engine (14)
[2018.06.14-21.28.23:801][286]LogModuleManager: Shutting down and abandoning module CoreUObject (12)
[2018.06.14-21.28.23:801][286]LogModuleManager: Shutting down and abandoning module NetworkFile (10)
[2018.06.14-21.28.23:801][286]LogModuleManager: Shutting down and abandoning module CookedIterativeFile (8)
[2018.06.14-21.28.23:801][286]LogModuleManager: Shutting down and abandoning module StreamingFile (6)
[2018.06.14-21.28.23:801][286]LogModuleManager: Shutting down and abandoning module SandboxFile (4)
[2018.06.14-21.28.23:802][286]LogModuleManager: Shutting down and abandoning module PakFile (2)
[2018.06.14-21.28.23:820][286]LogExit: Exiting.
[2018.06.14-21.28.23:898][286]Log file closed, 06/14/18 18:28:23
