Log file open, 05/17/18 18:30:46
LogWindows: Failed to load 'aqProf.dll' (GetLastError=126)
LogWindows: File 'aqProf.dll' does not exist
LogWindows: Failed to load 'VSPerf140.dll' (GetLastError=126)
LogWindows: File 'VSPerf140.dll' does not exist
LogWindows: Failed to load 'VtuneApi.dll' (GetLastError=126)
LogWindows: File 'VtuneApi.dll' does not exist
LogWindows: Failed to load 'VtuneApi32e.dll' (GetLastError=126)
LogWindows: File 'VtuneApi32e.dll' does not exist
LogInit: Display: Running engine for game: SotW
LogPlatformFile: Not using cached read wrapper
LogInit: Display: RandInit(-1487190365) SRandInit(-1487190365).
LogInit: Read version file with build ID '3944462'
LogInit: Overriding engine version to CL 3944462, compatible CL 3944462
LogInit: Registered custom module enumerator with build ID '3944462'
LogTaskGraph: Started task graph with 5 named threads and 14 total threads with 3 sets of task threads.
LogStats: Stats thread started at 0.278696
LogD3D11RHI: Aftermath initialized
LogICUInternationalization: Display: ICU TimeZone Detection - Raw Offset: -3:00, Platform Override: ''
LogModuleManager: Display: Found up-to-date module file ../../../Engine/Plugins/2D/Paper2D/Binaries/Win64/UE4Editor-Paper2D.dll (API version 3944462).
LogModuleManager: Display: Found up-to-date module file ../../../Engine/Plugins/2D/Paper2D/Binaries/Win64/UE4Editor-Paper2DEditor.dll (API version 3944462).
LogModuleManager: Display: Found up-to-date module file ../../../Engine/Plugins/2D/Paper2D/Binaries/Win64/UE4Editor-PaperSpriteSheetImporter.dll (API version 3944462).
LogModuleManager: Display: Found up-to-date module file ../../../Engine/Plugins/2D/Paper2D/Binaries/Win64/UE4Editor-PaperTiledImporter.dll (API version 3944462).
LogModuleManager: Display: Found up-to-date module file ../../../Engine/Plugins/2D/Paper2D/Binaries/Win64/UE4Editor-SmartSnapping.dll (API version 3944462).
LogModuleManager: Display: Found up-to-date module file ../../../Engine/Plugins/Marketplace/DlgSystem/Binaries/Win64/UE4Editor-DlgSystem.dll (API version 3944462).
LogModuleManager: Display: Found up-to-date module file ../../../Engine/Plugins/Marketplace/DlgSystem/Binaries/Win64/UE4Editor-DlgSystemEditor.dll (API version 3944462).
LogModuleManager: Display: Found up-to-date module file ../../../Engine/Plugins/Marketplace/JSONParser/Binaries/Win64/UE4Editor-JSONParser.dll (API version 3944462).
LogModuleManager: Display: Found up-to-date module file ../../../Engine/Plugins/Blendables/LightPropagationVolume/Binaries/Win64/UE4Editor-LightPropagationVolumeRuntime.dll (API version 3944462).
LogModuleManager: Display: Found up-to-date module file ../../../Engine/Plugins/Blendables/LightPropagationVolume/Binaries/Win64/UE4Editor-LightPropagationVolumeEditor.dll (API version 3944462).
LogModuleManager: Display: Found up-to-date module file ../../../Engine/Plugins/Developer/CLionSourceCodeAccess/Binaries/Win64/UE4Editor-CLionSourceCodeAccess.dll (API version 3944462).
LogModuleManager: Display: Found up-to-date module file ../../../Engine/Plugins/Developer/GitSourceControl/Binaries/Win64/UE4Editor-GitSourceControl.dll (API version 3944462).
LogModuleManager: Display: Found up-to-date module file ../../../Engine/Plugins/Developer/PerforceSourceControl/Binaries/Win64/UE4Editor-PerforceSourceControl.dll (API version 3944462).
LogModuleManager: Display: Found up-to-date module file ../../../Engine/Plugins/Developer/SubversionSourceControl/Binaries/Win64/UE4Editor-SubversionSourceControl.dll (API version 3944462).
LogModuleManager: Display: Found up-to-date module file ../../../Engine/Plugins/Developer/UObjectPlugin/Binaries/Win64/UE4Editor-UObjectPlugin.dll (API version 3944462).
LogModuleManager: Display: Found up-to-date module file ../../../Engine/Plugins/Developer/VisualStudioCodeSourceCodeAccess/Binaries/Win64/UE4Editor-VisualStudioCodeSourceCodeAccess.dll (API version 3944462).
LogModuleManager: Display: Found up-to-date module file ../../../Engine/Plugins/Developer/VisualStudioSourceCodeAccess/Binaries/Win64/UE4Editor-VisualStudioSourceCodeAccess.dll (API version 3944462).
LogModuleManager: Display: Found up-to-date module file ../../../Engine/Plugins/Editor/AssetManagerEditor/Binaries/Win64/UE4Editor-AssetManagerEditor.dll (API version 3944462).
LogModuleManager: Display: Found up-to-date module file ../../../Engine/Plugins/Editor/CryptoKeys/Binaries/Win64/UE4Editor-CryptoKeys.dll (API version 3944462).
LogModuleManager: Display: Found up-to-date module file ../../../Engine/Plugins/Editor/CryptoKeys/Binaries/Win64/UE4Editor-CryptoKeysOpenSSL.dll (API version 3944462).
LogModuleManager: Display: Found up-to-date module file ../../../Engine/Plugins/Editor/DataValidation/Binaries/Win64/UE4Editor-DataValidation.dll (API version 3944462).
LogModuleManager: Display: Found up-to-date module file ../../../Engine/Plugins/Editor/FacialAnimation/Binaries/Win64/UE4Editor-FacialAnimation.dll (API version 3944462).
LogModuleManager: Display: Found up-to-date module file ../../../Engine/Plugins/Editor/FacialAnimation/Binaries/Win64/UE4Editor-FacialAnimationEditor.dll (API version 3944462).
LogModuleManager: Display: Found up-to-date module file ../../../Engine/Plugins/Editor/GameplayTagsEditor/Binaries/Win64/UE4Editor-GameplayTagsEditor.dll (API version 3944462).
LogModuleManager: Display: Found up-to-date module file ../../../Engine/Plugins/Editor/MobileLauncherProfileWizard/Binaries/Win64/UE4Editor-MobileLauncherProfileWizard.dll (API version 3944462).
LogModuleManager: Display: Found up-to-date module file ../../../Engine/Plugins/Editor/PluginBrowser/Binaries/Win64/UE4Editor-PluginBrowser.dll (API version 3944462).
LogModuleManager: Display: Found up-to-date module file ../../../Engine/Plugins/Editor/SpeedTreeImporter/Binaries/Win64/UE4Editor-SpeedTreeImporter.dll (API version 3944462).
LogModuleManager: Display: Found up-to-date module file ../../../Engine/Plugins/Enterprise/DatasmithContent/Binaries/Win64/UE4Editor-DatasmithContent.dll (API version 3944462).
LogModuleManager: Display: Found up-to-date module file ../../../Engine/Plugins/Experimental/AlembicImporter/Binaries/Win64/UE4Editor-AlembicImporter.dll (API version 3944462).
LogModuleManager: Display: Found up-to-date module file ../../../Engine/Plugins/Experimental/AlembicImporter/Binaries/Win64/UE4Editor-AlembicLibrary.dll (API version 3944462).
LogModuleManager: Display: Found up-to-date module file ../../../Engine/Plugins/Experimental/CharacterAI/Binaries/Win64/UE4Editor-CharacterAI.dll (API version 3944462).
LogModuleManager: Display: Found up-to-date module file ../../../Engine/Plugins/Experimental/HTML5Networking/Binaries/Win64/UE4Editor-HTML5Networking.dll (API version 3944462).
LogModuleManager: Display: Found up-to-date module file ../../../Engine/Plugins/Media/AndroidMedia/Binaries/Win64/UE4Editor-AndroidMediaEditor.dll (API version 3944462).
LogModuleManager: Display: Found up-to-date module file ../../../Engine/Plugins/Media/AndroidMedia/Binaries/Win64/UE4Editor-AndroidMediaFactory.dll (API version 3944462).
LogModuleManager: Display: Found up-to-date module file ../../../Engine/Plugins/Media/AvfMedia/Binaries/Win64/UE4Editor-AvfMediaEditor.dll (API version 3944462).
LogModuleManager: Display: Found up-to-date module file ../../../Engine/Plugins/Media/AvfMedia/Binaries/Win64/UE4Editor-AvfMediaFactory.dll (API version 3944462).
LogModuleManager: Display: Found up-to-date module file ../../../Engine/Plugins/Media/AvfMedia/Binaries/Win64/UE4Editor-AvfMediaFactory.dll (API version 3944462).
LogModuleManager: Display: Found up-to-date module file ../../../Engine/Plugins/Media/ImgMedia/Binaries/Win64/UE4Editor-ImgMedia.dll (API version 3944462).
LogModuleManager: Display: Found up-to-date module file ../../../Engine/Plugins/Media/ImgMedia/Binaries/Win64/UE4Editor-ImgMediaEditor.dll (API version 3944462).
LogModuleManager: Display: Found up-to-date module file ../../../Engine/Plugins/Media/ImgMedia/Binaries/Win64/UE4Editor-ImgMediaFactory.dll (API version 3944462).
LogModuleManager: Display: Found up-to-date module file ../../../Engine/Plugins/Media/ImgMedia/Binaries/Win64/UE4Editor-ImgMediaFactory.dll (API version 3944462).
LogModuleManager: Display: Found up-to-date module file ../../../Engine/Plugins/Media/ImgMedia/Binaries/Win64/UE4Editor-OpenExrWrapper.dll (API version 3944462).
LogModuleManager: Display: Found up-to-date module file ../../../Engine/Plugins/Media/LinearTimecode/Binaries/Win64/UE4Editor-LinearTimecode.dll (API version 3944462).
LogModuleManager: Display: Found up-to-date module file ../../../Engine/Plugins/Media/MediaCompositing/Binaries/Win64/UE4Editor-MediaCompositing.dll (API version 3944462).
LogModuleManager: Display: Found up-to-date module file ../../../Engine/Plugins/Media/MediaCompositing/Binaries/Win64/UE4Editor-MediaCompositingEditor.dll (API version 3944462).
LogModuleManager: Display: Found up-to-date module file ../../../Engine/Plugins/Media/MediaPlayerEditor/Binaries/Win64/UE4Editor-MediaPlayerEditor.dll (API version 3944462).
LogModuleManager: Display: Found up-to-date module file ../../../Engine/Plugins/Media/WmfMedia/Binaries/Win64/UE4Editor-WmfMedia.dll (API version 3944462).
LogModuleManager: Display: Found up-to-date module file ../../../Engine/Plugins/Media/WmfMedia/Binaries/Win64/UE4Editor-WmfMediaEditor.dll (API version 3944462).
LogModuleManager: Display: Found up-to-date module file ../../../Engine/Plugins/Media/WmfMedia/Binaries/Win64/UE4Editor-WmfMediaFactory.dll (API version 3944462).
LogModuleManager: Display: Found up-to-date module file ../../../Engine/Plugins/Media/WmfMedia/Binaries/Win64/UE4Editor-WmfMediaFactory.dll (API version 3944462).
LogModuleManager: Display: Found up-to-date module file ../../../Engine/Plugins/Messaging/TcpMessaging/Binaries/Win64/UE4Editor-TcpMessaging.dll (API version 3944462).
LogModuleManager: Display: Found up-to-date module file ../../../Engine/Plugins/Messaging/UdpMessaging/Binaries/Win64/UE4Editor-UdpMessaging.dll (API version 3944462).
LogModuleManager: Display: Found up-to-date module file ../../../Engine/Plugins/MovieScene/ActorSequence/Binaries/Win64/UE4Editor-ActorSequence.dll (API version 3944462).
LogModuleManager: Display: Found up-to-date module file ../../../Engine/Plugins/MovieScene/LevelSequenceEditor/Binaries/Win64/UE4Editor-LevelSequenceEditor.dll (API version 3944462).
LogModuleManager: Display: Found up-to-date module file ../../../Engine/Plugins/MovieScene/MatineeToLevelSequence/Binaries/Win64/UE4Editor-MatineeToLevelSequence.dll (API version 3944462).
LogModuleManager: Display: Found up-to-date module file ../../../Engine/Plugins/NetcodeUnitTest/NetcodeUnitTest/Binaries/Win64/UE4Editor-NetcodeUnitTest.dll (API version 3944462).
LogModuleManager: Display: Found up-to-date module file ../../../Engine/Plugins/NetcodeUnitTest/NUTUnrealEngine4/Binaries/Win64/UE4Editor-NUTUnrealEngine4.dll (API version 3944462).
LogModuleManager: Display: Found up-to-date module file ../../../Engine/Plugins/Online/OnlineSubsystem/Binaries/Win64/UE4Editor-OnlineSubsystem.dll (API version 3944462).
LogModuleManager: Display: Found up-to-date module file ../../../Engine/Plugins/Runtime/AndroidPermission/Binaries/Win64/UE4Editor-AndroidPermission.dll (API version 3944462).
LogModuleManager: Display: Found up-to-date module file ../../../Engine/Plugins/Online/OnlineSubsystemNull/Binaries/Win64/UE4Editor-OnlineSubsystemNull.dll (API version 3944462).
LogModuleManager: Display: Found up-to-date module file ../../../Engine/Plugins/Online/OnlineSubsystemUtils/Binaries/Win64/UE4Editor-OnlineSubsystemUtils.dll (API version 3944462).
LogModuleManager: Display: Found up-to-date module file ../../../Engine/Plugins/Online/OnlineSubsystemUtils/Binaries/Win64/UE4Editor-OnlineBlueprintSupport.dll (API version 3944462).
LogModuleManager: Display: Found up-to-date module file ../../../Engine/Plugins/Runtime/AndroidDeviceProfileSelector/Binaries/Win64/UE4Editor-AndroidDeviceProfileSelector.dll (API version 3944462).
LogModuleManager: Display: Found up-to-date module file ../../../Engine/Plugins/Runtime/AppleARKit/Binaries/Win64/UE4Editor-AppleARKit.dll (API version 3944462).
LogModuleManager: Display: Found up-to-date module file ../../../Engine/Plugins/Runtime/ProceduralMeshComponent/Binaries/Win64/UE4Editor-ProceduralMeshComponent.dll (API version 3944462).
LogModuleManager: Display: Found up-to-date module file ../../../Engine/Plugins/Runtime/ProceduralMeshComponent/Binaries/Win64/UE4Editor-ProceduralMeshComponentEditor.dll (API version 3944462).
LogModuleManager: Display: Found up-to-date module file ../../../Engine/Plugins/Animation/LiveLink/Binaries/Win64/UE4Editor-LiveLink.dll (API version 3944462).
LogModuleManager: Display: Found up-to-date module file ../../../Engine/Plugins/Animation/LiveLink/Binaries/Win64/UE4Editor-LiveLinkEditor.dll (API version 3944462).
LogModuleManager: Display: Found up-to-date module file ../../../Engine/Plugins/Runtime/ArchVisCharacter/Binaries/Win64/UE4Editor-ArchVisCharacter.dll (API version 3944462).
LogModuleManager: Display: Found up-to-date module file ../../../Engine/Plugins/Runtime/AudioCapture/Binaries/Win64/UE4Editor-AudioCapture.dll (API version 3944462).
LogModuleManager: Display: Found up-to-date module file ../../../Engine/Plugins/Runtime/AudioCapture/Binaries/Win64/UE4Editor-AudioCaptureEditor.dll (API version 3944462).
LogModuleManager: Display: Found up-to-date module file ../../../Engine/Plugins/Runtime/CableComponent/Binaries/Win64/UE4Editor-CableComponent.dll (API version 3944462).
LogModuleManager: Display: Found up-to-date module file ../../../Engine/Plugins/Runtime/CustomMeshComponent/Binaries/Win64/UE4Editor-CustomMeshComponent.dll (API version 3944462).
LogModuleManager: Display: Found up-to-date module file ../../../Engine/Plugins/Runtime/ExampleDeviceProfileSelector/Binaries/Win64/UE4Editor-ExampleDeviceProfileSelector.dll (API version 3944462).
LogModuleManager: Display: Found up-to-date module file ../../../Engine/Plugins/Runtime/ImmediatePhysics/Binaries/Win64/UE4Editor-ImmediatePhysics.dll (API version 3944462).
LogModuleManager: Display: Found up-to-date module file ../../../Engine/Plugins/Runtime/ImmediatePhysics/Binaries/Win64/UE4Editor-ImmediatePhysicsEditor.dll (API version 3944462).
LogModuleManager: Display: Found up-to-date module file ../../../Engine/Plugins/Runtime/LocationServicesBPLibrary/Binaries/Win64/UE4Editor-LocationServicesBPLibrary.dll (API version 3944462).
LogModuleManager: Display: Found up-to-date module file ../../../Engine/Plugins/Runtime/MobilePatchingUtils/Binaries/Win64/UE4Editor-MobilePatchingUtils.dll (API version 3944462).
LogModuleManager: Display: Found up-to-date module file ../../../Engine/Plugins/Runtime/Oculus/OculusVR/Binaries/Win64/UE4Editor-OculusHMD.dll (API version 3944462).
LogModuleManager: Display: Found up-to-date module file ../../../Engine/Plugins/Runtime/Oculus/OculusVR/Binaries/Win64/UE4Editor-OculusInput.dll (API version 3944462).
LogModuleManager: Display: Found up-to-date module file ../../../Engine/Plugins/Runtime/Oculus/OculusVR/Binaries/Win64/UE4Editor-OculusEditor.dll (API version 3944462).
LogModuleManager: Display: Found up-to-date module file ../../../Engine/Plugins/Runtime/PhysXVehicles/Binaries/Win64/UE4Editor-PhysXVehicles.dll (API version 3944462).
LogModuleManager: Display: Found up-to-date module file ../../../Engine/Plugins/Runtime/PhysXVehicles/Binaries/Win64/UE4Editor-PhysXVehiclesEditor.dll (API version 3944462).
LogModuleManager: Display: Found up-to-date module file ../../../Engine/Plugins/Runtime/RuntimePhysXCooking/Binaries/Win64/UE4Editor-RuntimePhysXCooking.dll (API version 3944462).
LogModuleManager: Display: Found up-to-date module file ../../../Engine/Plugins/Runtime/Steam/SteamVR/Binaries/Win64/UE4Editor-SteamVR.dll (API version 3944462).
LogModuleManager: Display: Found up-to-date module file ../../../Engine/Plugins/Runtime/Steam/SteamVR/Binaries/Win64/UE4Editor-SteamVRController.dll (API version 3944462).
LogModuleManager: Display: Found up-to-date module file ../../../Engine/Plugins/Runtime/WindowsMoviePlayer/Binaries/Win64/UE4Editor-WindowsMoviePlayer.dll (API version 3944462).
LogPluginManager: Mounting plugin Paper2D
LogPluginManager: Mounting plugin LiveLink
LogPluginManager: Mounting plugin LightPropagationVolume
LogPluginManager: Mounting plugin CLionSourceCodeAccess
LogPluginManager: Mounting plugin CodeLiteSourceCodeAccess
LogPluginManager: Mounting plugin GitSourceControl
LogPluginManager: Mounting plugin KDevelopSourceCodeAccess
LogPluginManager: Mounting plugin NullSourceCodeAccess
LogPluginManager: Mounting plugin PerforceSourceControl
LogPluginManager: Mounting plugin SubversionSourceControl
LogPluginManager: Mounting plugin UObjectPlugin
LogPluginManager: Mounting plugin VisualStudioCodeSourceCodeAccess
LogPluginManager: Mounting plugin VisualStudioSourceCodeAccess
LogPluginManager: Mounting plugin XCodeSourceCodeAccess
LogPluginManager: Mounting plugin AssetManagerEditor
LogPluginManager: Mounting plugin CryptoKeys
LogPluginManager: Mounting plugin DataValidation
LogPluginManager: Mounting plugin FacialAnimation
LogPluginManager: Mounting plugin GameplayTagsEditor
LogPluginManager: Mounting plugin MobileLauncherProfileWizard
LogPluginManager: Mounting plugin PluginBrowser
LogPluginManager: Mounting plugin SpeedTreeImporter
LogPluginManager: Mounting plugin DatasmithContent
LogPluginManager: Mounting plugin AlembicImporter
LogPluginManager: Mounting plugin CharacterAI
LogPluginManager: Mounting plugin HTML5Networking
LogPluginManager: Mounting plugin DlgSystem
LogPluginManager: Mounting plugin JSONParser
LogPluginManager: Mounting plugin AndroidMedia
LogPluginManager: Mounting plugin AvfMedia
LogPluginManager: Mounting plugin ImgMedia
LogPluginManager: Mounting plugin LinearTimecode
LogPluginManager: Mounting plugin MediaCompositing
LogPluginManager: Mounting plugin MediaPlayerEditor
LogPluginManager: Mounting plugin WmfMedia
LogPluginManager: Mounting plugin TcpMessaging
LogPluginManager: Mounting plugin UdpMessaging
LogPluginManager: Mounting plugin ActorSequence
LogPluginManager: Mounting plugin LevelSequenceEditor
LogPluginManager: Mounting plugin MatineeToLevelSequence
LogPluginManager: Mounting plugin NetcodeUnitTest
LogPluginManager: Mounting plugin NUTUnrealEngine4
LogPluginManager: Mounting plugin OnlineSubsystemGooglePlay
LogPluginManager: Mounting plugin OnlineSubsystemIOS
LogPluginManager: Mounting plugin OnlineSubsystem
LogPluginManager: Mounting plugin OnlineSubsystemNull
LogPluginManager: Mounting plugin OnlineSubsystemUtils
LogPluginManager: Mounting plugin AndroidDeviceProfileSelector
LogPluginManager: Mounting plugin AndroidMoviePlayer
LogPluginManager: Mounting plugin AndroidPermission
LogPluginManager: Mounting plugin AppleARKit
LogPluginManager: Mounting plugin AppleMoviePlayer
LogPluginManager: Mounting plugin ArchVisCharacter
LogPluginManager: Mounting plugin AudioCapture
LogPluginManager: Mounting plugin CableComponent
LogPluginManager: Mounting plugin CustomMeshComponent
LogPluginManager: Mounting plugin ExampleDeviceProfileSelector
LogPluginManager: Mounting plugin GoogleCloudMessaging
LogPluginManager: Mounting plugin ImmediatePhysics
LogPluginManager: Mounting plugin IOSDeviceProfileSelector
LogPluginManager: Mounting plugin LinuxDeviceProfileSelector
LogPluginManager: Mounting plugin LocationServicesBPLibrary
LogPluginManager: Mounting plugin MobilePatchingUtils
LogPluginManager: Mounting plugin OculusVR
LogPluginManager: Plugin shader directory ../../../Engine/Plugins/Runtime/Oculus/OculusVR/Shaders found
LogPluginManager: Mapping shader source directory ../../../Engine/Plugins/Runtime/Oculus/OculusVR/Shaders to virtual directory /Plugin/OculusVR
LogPluginManager: Mounting plugin PhysXVehicles
LogPluginManager: Mounting plugin ProceduralMeshComponent
LogPluginManager: Mounting plugin RuntimePhysXCooking
LogPluginManager: Mounting plugin SteamVR
LogPluginManager: Mounting plugin WindowsMoviePlayer
LogStreaming: Display: Took  3.488s to configure plugins.
LogInit: Using libcurl 7.47.1
LogInit:  - built for x86_64-pc-win32
LogInit:  - supports SSL with OpenSSL/1.0.2g
LogInit:  - supports HTTP deflate (compression) using libz 1.2.8
LogInit:  - other features:
LogInit:      CURL_VERSION_SSL
LogInit:      CURL_VERSION_LIBZ
LogInit:      CURL_VERSION_IPV6
LogInit:      CURL_VERSION_ASYNCHDNS
LogInit:      CURL_VERSION_LARGEFILE
LogInit:      CURL_VERSION_IDN
LogInit:  CurlRequestOptions (configurable via config and command line):
LogInit:  - bVerifyPeer = false  - Libcurl will NOT verify peer certificate
LogInit:  - bUseHttpProxy = false  - Libcurl will NOT use HTTP proxy
LogInit:  - bDontReuseConnections = false  - Libcurl will reuse connections
LogInit:  - CertBundlePath = nullptr  - Libcurl will use whatever was configured at build time.
LogInit:  - MaxHostConnections = 16  - Libcurl will limit the number of connections to a host
LogInit:  - LocalHostAddr = Default
LogInit: WinSock: version 1.1 (2.2), MaxSocks=32767, MaxUdp=65467
LogInit: WinSock: I am DESKTOP-J55RO49 (192.168.0.105:0)
LogInit: Build: ++UE4+Release-4.19-CL-3944462
LogInit: Engine Version: 4.19.0-3944462+++UE4+Release-4.19
LogInit: Compatible Engine Version: 4.19.0-3944462+++UE4+Release-4.19
LogInit: Net CL: 3944462
LogDevObjectVersion: Number of dev versions registered: 18
LogDevObjectVersion:   Dev-Blueprints (B0D832E4-1F89-4F0D-ACCF-7EB736FD4AA2): 10
LogDevObjectVersion:   Dev-Build (E1C64328-A22C-4D53-A36C-8E866417BD8C): 0
LogDevObjectVersion:   Dev-Core (375EC13C-06E4-48FB-B500-84F0262A717E): 2
LogDevObjectVersion:   Dev-Editor (E4B068ED-F494-42E9-A231-DA0B2E46BB41): 23
LogDevObjectVersion:   Dev-Framework (CFFC743F-43B0-4480-9391-14DF171D2073): 33
LogDevObjectVersion:   Dev-Mobile (B02B49B5-BB20-44E9-A304-32B752E40360): 2
LogDevObjectVersion:   Dev-Networking (A4E4105C-59A1-49B5-A7C5-40C4547EDFEE): 0
LogDevObjectVersion:   Dev-Online (39C831C9-5AE6-47DC-9A44-9C173E1C8E7C): 0
LogDevObjectVersion:   Dev-Physics (78F01B33-EBEA-4F98-B9B4-84EACCB95AA2): 0
LogDevObjectVersion:   Dev-Platform (6631380F-2D4D-43E0-8009-CF276956A95A): 0
LogDevObjectVersion:   Dev-Rendering (12F88B9F-8875-4AFC-A67C-D90C383ABD29): 25
LogDevObjectVersion:   Dev-Sequencer (7B5AE74C-D270-4C10-A958-57980B212A5A): 6
LogDevObjectVersion:   Dev-VR (D7296918-1DD6-4BDD-9DE2-64A83CC13884): 1
LogDevObjectVersion:   Dev-LoadTimes (C2A15278-BFE7-4AFE-6C17-90FF531DF755): 1
LogDevObjectVersion:   Private-Geometry (6EACA3D4-40EC-4CC1-B786-8BED09428FC5): 2
LogDevObjectVersion:   Dev-AnimPhys (29E575DD-E0A3-4627-9D10-D276232CDCEA): 16
LogDevObjectVersion:   Dev-ReflectionCapture (6B266CEC-1EC7-4B8F-A30B-E4D90942FC07): 1
LogDevObjectVersion:   Dev-Automation (0DF73D61-A23F-47EA-B727-89E90C41499A): 1
LogInit: Compiled (64-bit): Mar 13 2018 23:12:32
LogInit: Compiled with Visual C++: 19.00.24215.01
LogInit: Build Configuration: Development
LogInit: Branch Name: ++UE4+Release-4.19
LogInit: Command Line: 
LogInit: Base Directory: C:/Program Files/Epic Games/UE_4.19/Engine/Binaries/Win64/
LogInit: Installed Engine Build: 1
LogStreaming: Display: Took  0.020s to delete old logs.
LogInit: Presizing for max 8388607 objects, including 0 objects not considered by GC, pre-allocating 0 bytes for permanent pool.
LogInit: Object subsystem initialized
[2018.05.17-21.30.51:126][  0]LogInit: Selected Device Profile: [Windows]
[2018.05.17-21.30.51:126][  0]LogInit: Applying CVar settings loaded from the selected device profile: [Windows]
[2018.05.17-21.30.51:147][  0]LogInit: Computer: DESKTOP-J55RO49
[2018.05.17-21.30.51:147][  0]LogInit: User: Franco
[2018.05.17-21.30.51:147][  0]LogInit: CPU Page size=4096, Cores=4
[2018.05.17-21.30.51:147][  0]LogInit: High frequency timer resolution =3.134208 MHz
[2018.05.17-21.30.51:147][  0]LogMemory: Memory total: Physical=8.0GB (8GB approx)
[2018.05.17-21.30.51:147][  0]LogMemory: Platform Memory Stats for Windows
[2018.05.17-21.30.51:147][  0]LogMemory: Process Physical Memory: 274.94 MB used, 274.94 MB peak
[2018.05.17-21.30.51:147][  0]LogMemory: Process Virtual Memory: 264.08 MB used, 264.08 MB peak
[2018.05.17-21.30.51:147][  0]LogMemory: Physical Memory: 3947.58 MB used,  4196.86 MB free, 8144.43 MB total
[2018.05.17-21.30.51:147][  0]LogMemory: Virtual Memory: 4768.73 MB used,  4196.86 MB free, 134217728.00 MB total
[2018.05.17-21.30.51:194][  0]LogInit: Using OS detected language (en-US).
[2018.05.17-21.30.51:195][  0]LogInit: Using OS detected locale (en-US).
[2018.05.17-21.30.51:204][  0]LogTextLocalizationManager: No specific localization for 'en-US' exists, so the 'en' localization will be used.
[2018.05.17-21.30.51:660][  0]LogStreaming: Display: Took  0.465s to EndInitTextLocalization.
[2018.05.17-21.30.51:660][  0]LogInit: Setting process to per monitor DPI aware
[2018.05.17-21.30.51:704][  0]LogSlate: New Slate User Created.  User Index 0, Is Virtual User: 0
[2018.05.17-21.30.51:704][  0]LogSlate: Slate User Registered.  User Index 0, Is Virtual User: 0
[2018.05.17-21.30.52:318][  0]LogD3D11RHI: D3D11 adapters:
[2018.05.17-21.30.52:339][  0]LogD3D11RHI:    0. 'AMD Radeon HD 7700 Series' (Feature Level 11_0)
[2018.05.17-21.30.52:339][  0]LogD3D11RHI:       1004/0/4072 MB DedicatedVideo/DedicatedSystem/SharedSystem, Outputs:2, VendorId:0x1002
[2018.05.17-21.30.52:344][  0]LogD3D11RHI:    1. 'Microsoft Basic Render Driver' (Feature Level 11_0)
[2018.05.17-21.30.52:344][  0]LogD3D11RHI:       0/0/4072 MB DedicatedVideo/DedicatedSystem/SharedSystem, Outputs:0, VendorId:0x1414
[2018.05.17-21.30.52:344][  0]LogD3D11RHI: Chosen D3D11 Adapter: 0
[2018.05.17-21.30.52:349][  0]LogD3D11RHI: Creating new Direct3DDevice
[2018.05.17-21.30.52:349][  0]LogD3D11RHI:     GPU DeviceId: 0x683d (for the marketing name, search the web for "GPU Device Id")
[2018.05.17-21.30.52:349][  0]LogWindows: EnumDisplayDevices:
[2018.05.17-21.30.52:349][  0]LogWindows:    0. 'AMD Radeon HD 7700 Series' (P:0 D:1)
[2018.05.17-21.30.52:349][  0]LogWindows:    1. 'AMD Radeon HD 7700 Series' (P:1 D:1)
[2018.05.17-21.30.52:350][  0]LogWindows:    2. 'AMD Radeon HD 7700 Series' (P:0 D:0)
[2018.05.17-21.30.52:350][  0]LogWindows:    3. 'AMD Radeon HD 7700 Series' (P:0 D:0)
[2018.05.17-21.30.52:350][  0]LogWindows:    4. 'AMD Radeon HD 7700 Series' (P:0 D:0)
[2018.05.17-21.30.52:351][  0]LogWindows:    5. 'AMD Radeon HD 7700 Series' (P:0 D:0)
[2018.05.17-21.30.52:351][  0]LogWindows: DebugString: GetVideoDriverDetailsInvalid PrimaryIsNotTheChoosenAdapter GetVideoDriverDetailsInvalid PrimaryIsNotTheChoosenAdapter GetVideoDriverDetailsInvalid PrimaryIsNotTheChoosenAdapter GetVideoDriverDetailsInvalid PrimaryIsNotTheChoosenAdapter GetVideoDriverDetailsInvalid PrimaryIsNotTheChoosenAdapter GetVideoDriverDetailsInvalid PrimaryIsNotTheChoosenAdapter FoundDriverCount:0 
[2018.05.17-21.30.52:351][  0]LogD3D11RHI:     Adapter Name: AMD Radeon HD 7700 Series
[2018.05.17-21.30.52:351][  0]LogD3D11RHI:   Driver Version: Unknown (internal:Unknown, unified:Unknown)
[2018.05.17-21.30.52:351][  0]LogD3D11RHI:      Driver Date: Unknown
[2018.05.17-21.30.52:351][  0]LogRHI: Texture pool is 702 MB (70% of 1004 MB)
[2018.05.17-21.30.52:396][  0]LogD3D11RHI: Async texture creation enabled
[2018.05.17-21.30.52:407][  0]LogD3D11RHI: GPU Timing Frequency: 27.000000 (Debug: 2 1)
[2018.05.17-21.30.52:409][  0]LogShaderCompilers: Guid format shader working directory is -21 characters bigger than the processId version (../../../../../../Users/Franco/Documents/GameDevelopment/Son of the Wind/wind-samurai/Intermediate/Shaders/WorkingDirectory/312/).
[2018.05.17-21.30.52:409][  0]LogShaderCompilers: Cleaned the shader compiler working directory 'C:/Users/Franco.DESKTOP-J55RO49/AppData/Local/Temp/UnrealShaderWorkingDir/9DE5433144AB640DD088DE911257AE2D/'.
[2018.05.17-21.30.52:757][  0]LogTemp: Display: Loaded TP AllDesktopTargetPlatform
[2018.05.17-21.30.52:779][  0]LogTemp: Display: Loaded TP MacClientTargetPlatform
[2018.05.17-21.30.52:803][  0]LogTemp: Display: Loaded TP MacNoEditorTargetPlatform
[2018.05.17-21.30.52:826][  0]LogTemp: Display: Loaded TP MacServerTargetPlatform
[2018.05.17-21.30.52:848][  0]LogTemp: Display: Loaded TP MacTargetPlatform
[2018.05.17-21.30.52:871][  0]LogTemp: Display: Loaded TP WindowsClientTargetPlatform
[2018.05.17-21.30.52:894][  0]LogTemp: Display: Loaded TP WindowsNoEditorTargetPlatform
[2018.05.17-21.30.52:917][  0]LogTemp: Display: Loaded TP WindowsServerTargetPlatform
[2018.05.17-21.30.52:929][  0]LogTemp: Display: Loaded TP WindowsTargetPlatform
[2018.05.17-21.30.52:949][  0]LogTemp: Display: Loaded TP Android_ASTCTargetPlatform
[2018.05.17-21.30.52:969][  0]LogTemp: Display: Loaded TP Android_ATCTargetPlatform
[2018.05.17-21.30.52:990][  0]LogTemp: Display: Loaded TP Android_DXTTargetPlatform
[2018.05.17-21.30.53:010][  0]LogTemp: Display: Loaded TP Android_ETC1aTargetPlatform
[2018.05.17-21.30.53:030][  0]LogTemp: Display: Loaded TP Android_ETC1TargetPlatform
[2018.05.17-21.30.53:050][  0]LogTemp: Display: Loaded TP Android_ETC2TargetPlatform
[2018.05.17-21.30.53:091][  0]LogTemp: Display: Loaded TP Android_MultiTargetPlatform
[2018.05.17-21.30.53:091][  0]LogTemp: Display: Loaded TP Android_PVRTCTargetPlatform
[2018.05.17-21.30.53:111][  0]LogTemp: Display: Loaded TP AndroidTargetPlatform
[2018.05.17-21.30.53:116][  0]LogTemp: Display: Loaded TP HTML5TargetPlatform
[2018.05.17-21.30.53:165][  0]LogTemp: Display: Loaded TP IOSTargetPlatform
[2018.05.17-21.30.53:184][  0]LogTemp: Display: Loaded TP TVOSTargetPlatform
[2018.05.17-21.30.53:203][  0]LogTemp: Display: Loaded TP LinuxClientTargetPlatform
[2018.05.17-21.30.53:224][  0]LogTemp: Display: Loaded TP LinuxNoEditorTargetPlatform
[2018.05.17-21.30.53:245][  0]LogTemp: Display: Loaded TP LinuxServerTargetPlatform
[2018.05.17-21.30.53:266][  0]LogTemp: Display: Loaded TP LinuxTargetPlatform
[2018.05.17-21.30.53:266][  0]LogTargetPlatformManager: Display: Building Assets For Windows
[2018.05.17-21.30.53:587][  0]LogXGEController: Cannot use XGE Controller as Incredibuild is not installed on this machine.
[2018.05.17-21.30.53:587][  0]LogShaderCompilers: Cannot use XGE Shader Compiler as Incredibuild is not installed on this machine.
[2018.05.17-21.30.53:587][  0]LogShaderCompilers: Display: Using Local Shader Compiler.
[2018.05.17-21.30.54:866][  0]LogDerivedDataCache: Display: Max Cache Size: 512 MB
[2018.05.17-21.30.54:972][  0]LogDerivedDataCache: Loaded boot cache 0.11s 84MB C:/Users/Franco.DESKTOP-J55RO49/AppData/Local/UnrealEngine/4.19/DerivedDataCache/Boot.ddc.
[2018.05.17-21.30.54:972][  0]LogDerivedDataCache: Display: Loaded Boot cache: C:/Users/Franco.DESKTOP-J55RO49/AppData/Local/UnrealEngine/4.19/DerivedDataCache/Boot.ddc
[2018.05.17-21.30.54:973][  0]LogDerivedDataCache: FDerivedDataBackendGraph:  Pak pak cache file ../../../../../../Users/Franco/Documents/GameDevelopment/Son of the Wind/wind-samurai/DerivedDataCache/DDC.ddp not found, will not use a pak cache.
[2018.05.17-21.30.54:973][  0]LogDerivedDataCache: Unable to find inner node Pak for hierarchical cache Hierarchy.
[2018.05.17-21.30.54:973][  0]LogDerivedDataCache: FDerivedDataBackendGraph:  CompressedPak pak cache file ../../../../../../Users/Franco/Documents/GameDevelopment/Son of the Wind/wind-samurai/DerivedDataCache/Compressed.ddp not found, will not use a pak cache.
[2018.05.17-21.30.54:973][  0]LogDerivedDataCache: Unable to find inner node CompressedPak for hierarchical cache Hierarchy.
[2018.05.17-21.30.54:991][  0]LogDerivedDataCache: Display: Pak cache opened for reading ../../../Engine/DerivedDataCache/Compressed.ddp.
[2018.05.17-21.30.55:007][  0]LogDerivedDataCache: Using Local data cache path C:/Users/Franco.DESKTOP-J55RO49/AppData/Local/UnrealEngine/Common/DerivedDataCache: Writable
[2018.05.17-21.30.55:022][  0]LogMaterial: Verifying Global Shaders for PCD3D_SM5
[2018.05.17-21.30.55:022][  0]LogSlate: Using Freetype 2.6.0
[2018.05.17-21.30.55:024][  0]LogSlate: SlateFontCache - WITH_FREETYPE: 1, WITH_HARFBUZZ: 1
[2018.05.17-21.30.55:024][  0]LogSlate: SlateFontCache - WITH_FREETYPE: 1, WITH_HARFBUZZ: 1
[2018.05.17-21.30.55:343][  0]LogAssetRegistry: FAssetRegistry took 0.0287 seconds to start up
[2018.05.17-21.30.55:862][  0]LogInit: Selected Device Profile: [Windows]
[2018.05.17-21.30.56:102][  0]LogSimplygon: Simplygon DLL not present - disabling.
[2018.05.17-21.30.56:109][  0]LogMeshReduction: Using SimplygonSwarm for distributed automatic mesh merging
[2018.05.17-21.30.56:109][  0]LogMeshReduction: Using QuadricMeshReduction for automatic static mesh reduction
[2018.05.17-21.30.56:109][  0]LogMeshReduction: No automatic skeletal mesh reduction module available
[2018.05.17-21.30.56:109][  0]LogMeshReduction: No automatic mesh merging module available
[2018.05.17-21.30.56:109][  0]LogMeshMerging: No automatic mesh merging module available
[2018.05.17-21.30.56:187][  0]LogNetVersion: SotW , NetCL: 3944462, EngineNetVer: 2, GameNetVer: 0 (Checksum: 175056507)
[2018.05.17-21.30.57:018][  0]LogPackageLocalizationCache: Processed 10 localized package path(s) for 2 prioritized culture(s) in 0.285863 seconds
[2018.05.17-21.30.57:024][  0]LogUObjectArray: 36728 objects as part of root set at end of initial load.
[2018.05.17-21.30.57:024][  0]LogUObjectAllocator: 7314312 out of 0 bytes used by permanent object pool.
[2018.05.17-21.30.57:024][  0]LogUObjectArray: CloseDisregardForGC: 0/0 objects in disregard for GC pool
[2018.05.17-21.31.00:060][  0]LogDlgSystem: Verbose: Creating new DlgGuid = `7520BB79447C9AC2709C52A4D296D2F3` for Dialogue = `/Script/DlgSystem.Default__DlgDialogue` because of new created Dialogue.
[2018.05.17-21.31.00:061][  0]LogDlgSystem: Verbose: Started DlgSystemModule
[2018.05.17-21.31.00:129][  0]LogTcpMessaging: Initializing TcpMessaging bridge
[2018.05.17-21.31.00:200][  0]LogUdpMessaging: Initializing bridge on interface 0.0.0.0:0 to multicast group 230.0.0.1:6666.
[2018.05.17-21.31.01:202][  0]SourceControl: Source control is disabled
[2018.05.17-21.31.01:203][  0]SourceControl: Source control is disabled
[2018.05.17-21.31.01:266][  0]SourceControl: Source control is disabled
[2018.05.17-21.31.01:326][  0]SourceControl: Source control is disabled
[2018.05.17-21.31.02:727][  0]LogAndroidPermission: UAndroidPermissionCallbackProxy::GetInstance
[2018.05.17-21.31.03:194][  0]LogOcInput: OculusInput pre-init called
[2018.05.17-21.31.03:437][  0]LogDlgSystemEditor: Verbose: Started DlgSystemEditorModule
[2018.05.17-21.31.03:463][  0]LogLinker: Warning: Asset '../../Plugins/Marketplace/DlgSystem/Content/TestDialogue.uasset' has been saved with empty engine version. The asset will be loaded but may be incompatible.
[2018.05.17-21.31.03:464][  0]LogDlgSystem: Verbose: Creating graph for Dialogue = `/DlgSystem/TestDialogue.TestDialogue`
[2018.05.17-21.31.03:464][  0]LogDlgSystem: Verbose: Creating new DlgGuid = `7FF9312E44B6541897B31C80B740B579` for Dialogue = `/DlgSystem/TestDialogue.TestDialogue` because of new created Dialogue.
[2018.05.17-21.31.03:466][  0]LogDlgSystemEditor: Verbose: UDlgManager::LoadAllDialoguesIntoMemory loaded 0 Dialogues into Memory
[2018.05.17-21.31.03:546][  0]LogEngine: Initializing Engine...
[2018.05.17-21.31.03:550][  0]LogHMD: Failed to initialize OpenVR with code 110
[2018.05.17-21.31.03:552][  0]LogStats: UGameplayTagsManager::ConstructGameplayTagTree: Construct from data asset -  0.000 s
[2018.05.17-21.31.03:552][  0]LogStats: UGameplayTagsManager::ConstructGameplayTagTree: GameplayTagTreeChangedEvent.Broadcast -  0.000 s
[2018.05.17-21.31.03:885][  0]LogAIModule: Creating AISystem for world Untitled
[2018.05.17-21.31.03:920][  0]LogInit: XAudio2 using 'Speakers (High Definition Audio Device)' : 2 channels at 44.1 kHz using 16 bits per sample (channel mask 0x3)
[2018.05.17-21.31.03:946][  0]LogInit: FAudioDevice initialized.
[2018.05.17-21.31.04:202][  0]LogDerivedDataCache: Saved boot cache 0.25s 84MB C:/Users/Franco.DESKTOP-J55RO49/AppData/Local/UnrealEngine/4.19/DerivedDataCache/Boot.ddc.
[2018.05.17-21.31.04:225][  0]LogInit: Texture streaming: Enabled
[2018.05.17-21.31.04:257][  0]LogEngineSessionManager: EngineSessionManager initialized
[2018.05.17-21.31.04:281][  0]LogInit: Transaction tracking system initialized
[2018.05.17-21.31.04:329][  0]BlueprintLog: New page: Editor Load
[2018.05.17-21.31.04:488][  0]LocalizationService: Localization service is disabled
[2018.05.17-21.31.04:685][  0]LogLinker: Warning: Can't find file '/Game/2DSideScrollerBP/2DSideScrollerOverview'
[2018.05.17-21.31.04:685][  0]LogLinker: Warning: Can't find file '/Game/2DSideScrollerBP/2DSideScrollerOverview'
[2018.05.17-21.31.04:686][  0]LogUObjectGlobals: Warning: Failed to find object 'Class /Game/2DSideScrollerBP/2DSideScrollerOverview.2DSideScrollerOverview_C'
[2018.05.17-21.31.04:726][  0]LogConsoleResponse: Display: 
[2018.05.17-21.31.04:978][  0]LogCook: Display: Max memory allowance for cook 16384mb min free memory 0mb
[2018.05.17-21.31.04:978][  0]LogCook: Display: Mobile HDR setting 1
[2018.05.17-21.31.04:978][  0]LogGameplayTags: Display: UGameplayTagsManager::DoneAddingNativeTags. DelegateIsBound: 0
[2018.05.17-21.31.04:978][  0]LogStats: UGameplayTagsManager::ConstructGameplayTagTree: Construct from data asset -  0.000 s
[2018.05.17-21.31.04:978][  0]LogStats: UGameplayTagsManager::ConstructGameplayTagTree: GameplayTagTreeChangedEvent.Broadcast -  0.000 s
[2018.05.17-21.31.06:052][  0]LogFileCache: Scanning file cache for directory 'C:/Users/Franco/Documents/GameDevelopment/Son of the Wind/wind-samurai/Content/' took 0.02s
[2018.05.17-21.31.06:065][  0]SourceControl: Source control is disabled
[2018.05.17-21.31.06:065][  0]LogEditorServer: Warning: Can't find file '../../../../../../Users/Franco/Documents/GameDevelopment/Son of the Wind/wind-samurai/Content/2DSideScrollerBP/Maps/2DSideScrollerExampleMap.umap'
[2018.05.17-21.31.06:065][  0]Cmd: MAP CHECKDEP NOCLEARLOG
[2018.05.17-21.31.06:287][  0]MapCheck: Map check complete: 0 Error(s), 0 Warning(s), took 221.505ms to complete.
[2018.05.17-21.31.06:287][  0]LogFileHelpers: Loading map '2DSideScrollerExampleMap' took 0.222
[2018.05.17-21.31.06:441][  0]LogCollectionManager: Loaded 0 collections in 0.003187 seconds
[2018.05.17-21.31.06:504][  0]LogFileCache: Scanning file cache for directory 'C:/Users/Franco/Documents/GameDevelopment/Son of the Wind/wind-samurai/Saved/Collections/' took 0.01s
[2018.05.17-21.31.06:504][  0]LogFileCache: Scanning file cache for directory 'C:/Users/Franco/Documents/GameDevelopment/Son of the Wind/wind-samurai/Content/Developers/Franco/Collections/' took 0.01s
[2018.05.17-21.31.06:504][  0]LogFileCache: Scanning file cache for directory 'C:/Users/Franco/Documents/GameDevelopment/Son of the Wind/wind-samurai/Content/Collections/' took 0.01s
[2018.05.17-21.31.06:504][  0]LogCollectionManager: Rebuilt the GUID cache for 0 collections in 0.000001 seconds
[2018.05.17-21.31.06:515][  0]LogContentBrowser: Native class hierarchy populated in 0.0112 seconds. Added 2492 classes and 574 folders.
[2018.05.17-21.31.06:527][  0]LogContentBrowser: Native class hierarchy updated for 'WidgetCarousel' in 0.0003 seconds. Added 0 classes and 0 folders.
[2018.05.17-21.31.06:672][  0]LogContentBrowser: Native class hierarchy updated for 'AddContentDialog' in 0.0005 seconds. Added 0 classes and 0 folders.
[2018.05.17-21.31.06:681][  0]LogContentBrowser: Native class hierarchy updated for 'SceneOutliner' in 0.0004 seconds. Added 1 classes and 2 folders.
[2018.05.17-21.31.06:764][  0]LogDirectoryWatcher: Warning: Failed to begin reading directory changes for ../../../../../../Users/Franco/Documents/GameDevelopment/Son of the Wind/wind-samurai/Plugins/. Error: The system cannot find the file specified. (0x00000002)
[2018.05.17-21.31.06:769][  0]LogSlate: Took 0.000441 seconds to synchronously load lazily loaded font '../../../Engine/Content/Slate/Fonts/Roboto-Regular.ttf' (155K)
[2018.05.17-21.31.06:772][  0]LogSlate: Took 0.000425 seconds to synchronously load lazily loaded font '../../../Engine/Content/Slate/Fonts/Roboto-Bold.ttf' (160K)
[2018.05.17-21.31.06:779][  0]LogSlate: Took 0.000647 seconds to synchronously load lazily loaded font '../../../Engine/Content/Editor/Slate/Fonts/FontAwesome.ttf' (139K)
[2018.05.17-21.31.06:887][  0]LogRenderer: Reallocating scene render targets to support 752x376 Format 10 NumSamples 1 (Frame:1).
[2018.05.17-21.31.06:929][  0]LogSlate: Took 0.000519 seconds to synchronously load lazily loaded font '../../../Engine/Content/Slate/Fonts/Roboto-Light.ttf' (167K)
[2018.05.17-21.31.07:072][  0]LogContentBrowser: Native class hierarchy updated for 'HierarchicalLODOutliner' in 0.0004 seconds. Added 0 classes and 0 folders.
[2018.05.17-21.31.07:072][  0]LogLoad: (Engine Initialization) Total time: 22.63 seconds
[2018.05.17-21.31.07:072][  0]LogLoad: (Engine Initialization) Total Blueprint compile time: 0.00 seconds
[2018.05.17-21.31.07:435][  0]LogContentStreaming: Texture pool size now 1000 MB
[2018.05.17-21.31.07:754][  1]LogAssetRegistry: Asset discovery search completed in 12.4334 seconds
[2018.05.17-21.31.07:756][  1]LogCollectionManager: Rebuilt the object cache for 0 collections in 0.000001 seconds (found 0 objects)
[2018.05.17-21.31.07:756][  1]LogCollectionManager: Fixed up redirectors for 0 collections in 0.000062 seconds (updated 0 objects)
[2018.05.17-21.31.09:209][  3]LogSlate: Took 0.000443 seconds to synchronously load lazily loaded font '../../../Engine/Content/Slate/Fonts/Roboto-Light.ttf' (167K)
[2018.05.17-21.31.09:590][  3]LogContentBrowser: Native class hierarchy updated for 'BlueprintGraph' in 0.0008 seconds. Added 116 classes and 0 folders.
[2018.05.17-21.31.11:728][  3]LogSlate: Took 0.000485 seconds to synchronously load lazily loaded font '../../../Engine/Content/Slate/Fonts/Roboto-BoldCondensed.ttf' (158K)
[2018.05.17-21.32.50:074][298]LogSlate: FSceneViewport::OnFocusLost() reason 0
[2018.05.17-21.32.50:074][298]LogSlate: Window 'Plugins' being destroyed
[2018.05.17-21.32.50:079][298]LogSlate: Window 'Plugins' being destroyed
[2018.05.17-21.32.50:079][298]LogDirectoryWatcher: A directory notification for '../../../Engine/Plugins/' was aborted.
[2018.05.17-21.32.52:188][544]LogTemp: Repeating last play command: New Editor Window (PIE)
[2018.05.17-21.32.52:236][544]LogPlayLevel: PlayLevel: No blueprints needed recompiling
[2018.05.17-21.32.52:237][544]PIE: New page: PIE session: Untitled_0 (May 17, 2018, 3:32:52 PM)
[2018.05.17-21.32.52:237][544]LogPlayLevel: Creating play world package: /Temp/UEDPIE_0_Untitled_0
[2018.05.17-21.32.52:238][544]LogPlayLevel: PIE: StaticDuplicateObject took: (0.000824s)
[2018.05.17-21.32.52:239][544]LogAIModule: Creating AISystem for world Untitled
[2018.05.17-21.32.52:239][544]LogPlayLevel: PIE: World Init took: (0.000952s)
[2018.05.17-21.32.52:239][544]LogPlayLevel: PIE: Created PIE world by copying editor world from /Temp/Untitled_0.Untitled to /Temp/UEDPIE_0_Untitled_0.Untitled (0.001925s)
[2018.05.17-21.32.52:306][544]LogInit: XAudio2 using 'Speakers (High Definition Audio Device)' : 2 channels at 44.1 kHz using 16 bits per sample (channel mask 0x3)
[2018.05.17-21.32.52:323][544]LogInit: FAudioDevice initialized.
[2018.05.17-21.32.52:399][544]LogLoad: Game class is 'BP_GameController_C'
[2018.05.17-21.32.52:401][544]LogWorld: Bringing World /Temp/UEDPIE_0_Untitled_0.Untitled up for play (max tick rate 0) at 2018.05.17-18.32.52
[2018.05.17-21.32.52:401][544]LogWorld: Bringing up level for play took: 0.000504
[2018.05.17-21.32.52:402][544]LogGameMode: FindPlayerStart: PATHS NOT DEFINED or NO PLAYERSTART with positive rating
[2018.05.17-21.32.52:408][544]LogContentBrowser: Native class hierarchy updated for 'MovieSceneCapture' in 0.0004 seconds. Added 11 classes and 0 folders.
[2018.05.17-21.32.52:409][544]Set new viewmode: Unlit
[2018.05.17-21.32.52:417][544]PIE: Play in editor start time for /Temp/UEDPIE_0_Untitled_0 0.746
[2018.05.17-21.32.52:441][544]LogRenderer: Reallocating scene render targets to support 1452x936 Format 10 NumSamples 1 (Frame:1).
[2018.05.17-21.32.54:546][743]LogSlate: Window 'SotW Game Preview Standalone (64-bit/PCD3D_SM5)' being destroyed
[2018.05.17-21.32.58:011][126]LogAIModule: Creating AISystem for world LVL_HorizontalPlatTest
[2018.05.17-21.32.58:047][126]Cmd: MAP LOAD FILE="../../../../../../Users/Franco/Documents/GameDevelopment/Son of the Wind/wind-samurai/Content/Maps/Prototyping/LVL_HorizontalPlatTest.umap" TEMPLATE=0 SHOWPROGRESS=1 FEATURELEVEL=3
[2018.05.17-21.32.58:047][126]LightingResults: New page: Lighting Build
[2018.05.17-21.32.58:052][126]LogContentBrowser: Native class hierarchy updated for 'StatsViewer' in 0.0004 seconds. Added 5 classes and 0 folders.
[2018.05.17-21.32.58:053][126]LoadErrors: New page: Loading map: LVL_HorizontalPlatTest.umap
[2018.05.17-21.32.58:053][126]MapCheck: New page: Map Check
[2018.05.17-21.32.58:053][126]LightingResults: New page: Lighting Build
[2018.05.17-21.32.58:146][126]LogEditorServer: Finished looking for orphan Actors (0.000 secs)
[2018.05.17-21.32.58:228][126]Cmd: MAP CHECKDEP NOCLEARLOG
[2018.05.17-21.32.58:493][126]MapCheck: Map check complete: 0 Error(s), 0 Warning(s), took 264.487ms to complete.
[2018.05.17-21.32.58:495][126]LogFileHelpers: Loading map 'LVL_HorizontalPlatTest' took 0.449
[2018.05.17-21.32.59:633][256]LogTemp: Repeating last play command: New Editor Window (PIE)
[2018.05.17-21.32.59:695][256]LogPlayLevel: PlayLevel: No blueprints needed recompiling
[2018.05.17-21.32.59:695][256]PIE: New page: PIE session: LVL_HorizontalPlatTest (May 17, 2018, 3:32:59 PM)
[2018.05.17-21.32.59:695][256]LogPlayLevel: Creating play world package: /Game/Maps/Prototyping/UEDPIE_0_LVL_HorizontalPlatTest
[2018.05.17-21.32.59:696][256]LogPlayLevel: PIE: StaticDuplicateObject took: (0.001279s)
[2018.05.17-21.32.59:697][256]LogAIModule: Creating AISystem for world LVL_HorizontalPlatTest
[2018.05.17-21.32.59:697][256]LogPlayLevel: PIE: World Init took: (0.000652s)
[2018.05.17-21.32.59:697][256]LogPlayLevel: PIE: Created PIE world by copying editor world from /Game/Maps/Prototyping/LVL_HorizontalPlatTest.LVL_HorizontalPlatTest to /Game/Maps/Prototyping/UEDPIE_0_LVL_HorizontalPlatTest.LVL_HorizontalPlatTest (0.002098s)
[2018.05.17-21.32.59:753][256]LogInit: XAudio2 using 'Speakers (High Definition Audio Device)' : 2 channels at 44.1 kHz using 16 bits per sample (channel mask 0x3)
[2018.05.17-21.32.59:769][256]LogInit: FAudioDevice initialized.
[2018.05.17-21.32.59:819][256]LogLoad: Game class is 'BP_GameController_C'
[2018.05.17-21.32.59:821][256]LogWorld: Bringing World /Game/Maps/Prototyping/UEDPIE_0_LVL_HorizontalPlatTest.LVL_HorizontalPlatTest up for play (max tick rate 0) at 2018.05.17-18.32.59
[2018.05.17-21.32.59:822][256]LogWorld: Bringing up level for play took: 0.002360
[2018.05.17-21.32.59:824][256]Set new viewmode: Unlit
[2018.05.17-21.32.59:828][256]PIE: Play in editor start time for /Game/Maps/Prototyping/UEDPIE_0_LVL_HorizontalPlatTest 0.157
[2018.05.17-21.33.17:147][ 95]LogSlate: Window 'SotW Game Preview Standalone (64-bit/PCD3D_SM5)' being destroyed
[2018.05.18-03.04.58:907][885]LogSavePackage: Save=24.21ms
[2018.05.18-03.04.58:907][885]LogSavePackage: Moving '../../../../../../Users/Franco/Documents/GameDevelopment/Son of the Wind/wind-samurai/Saved/LVL_HorizontalPlatTest8D68EE684F6ED0212ED869BF4967A606.tmp' to '../../../../../../Users/Franco/Documents/GameDevelopment/Son of the Wind/wind-samurai/Content/Maps/Prototyping/LVL_HorizontalPlatTest.umap'
[2018.05.18-03.04.58:914][885]LogSavePackage: Display: Finished SavePackage ../../../../../../Users/Franco/Documents/GameDevelopment/Son of the Wind/wind-samurai/Content/Maps/Prototyping/LVL_HorizontalPlatTest.umap
[2018.05.18-03.05.01:192][116]LogActorComponent: UnregisterComponent: (/Engine/Transient.EditorFloorComp) Not registered. Aborting.
[2018.05.18-03.05.01:297][116]LogActorComponent: UnregisterComponent: (/Engine/Transient.EditorFloorComp) Not registered. Aborting.
[2018.05.18-03.05.01:370][116]LogSlate: Window 'SotW - Unreal Editor' being destroyed
[2018.05.18-03.05.01:703][117]Cmd: QUIT_EDITOR
[2018.05.18-03.05.02:340][117]LogWindowsTextInputMethodSystem: Display: IME system now deactivated.
[2018.05.18-03.05.02:360][117]LogSlate: Slate User Destroyed.  User Index 0, Is Virtual User: 0
[2018.05.18-03.05.02:360][117]LogExit: Preparing to exit.
[2018.05.18-03.05.03:164][117]LogDirectoryWatcher: A directory notification for 'C:/Users/Franco/Documents/GameDevelopment/Son of the Wind/wind-samurai/Content/' was aborted.
[2018.05.18-03.05.03:253][117]LogExit: Editor shut down
[2018.05.18-03.05.03:262][117]LogExit: Transaction tracking system shut down
[2018.05.18-03.05.03:452][117]LogDirectoryWatcher: A directory notification for '../../../Engine/Content/' was aborted.
[2018.05.18-03.05.03:452][117]LogDirectoryWatcher: A directory notification for '../../../../../../Users/Franco/Documents/GameDevelopment/Son of the Wind/wind-samurai/Content/' was aborted.
[2018.05.18-03.05.03:452][117]LogDirectoryWatcher: A directory notification for '../../Plugins/2D/Paper2D/Content/' was aborted.
[2018.05.18-03.05.03:452][117]LogDirectoryWatcher: A directory notification for '../../Plugins/Enterprise/DatasmithContent/Content/' was aborted.
[2018.05.18-03.05.03:453][117]LogDirectoryWatcher: A directory notification for '../../Plugins/Marketplace/DlgSystem/Content/' was aborted.
[2018.05.18-03.05.03:453][117]LogDirectoryWatcher: A directory notification for '../../Plugins/Media/MediaCompositing/Content/' was aborted.
[2018.05.18-03.05.03:453][117]LogDirectoryWatcher: A directory notification for '../../Plugins/Runtime/AppleARKit/Content/' was aborted.
[2018.05.18-03.05.03:453][117]LogDirectoryWatcher: A directory notification for '../../Plugins/Runtime/Oculus/OculusVR/Content/' was aborted.
[2018.05.18-03.05.03:453][117]LogDirectoryWatcher: A directory notification for '../../Plugins/Runtime/Steam/SteamVR/Content/' was aborted.
[2018.05.18-03.05.03:552][117]LogExit: Object subsystem successfully closed.
[2018.05.18-03.05.03:564][117]LogShaderCompilers: Display: Shaders left to compile 0
[2018.05.18-03.05.04:100][117]LogD3D11RHI: Shutdown
[2018.05.18-03.05.04:101][117]LogD3D11RHI: CleanupD3DDevice
[2018.05.18-03.05.04:442][117]LogD3D11RHI: ~FD3D11DynamicRHI
[2018.05.18-03.05.04:555][117]LogModuleManager: Shutting down and abandoning module StatsViewer (584)
[2018.05.18-03.05.04:555][117]LogModuleManager: Shutting down and abandoning module MovieSceneCapture (582)
[2018.05.18-03.05.04:555][117]LogModuleManager: Shutting down and abandoning module BlueprintGraph (580)
[2018.05.18-03.05.04:555][117]LogModuleManager: Shutting down and abandoning module HierarchicalLODOutliner (578)
[2018.05.18-03.05.04:555][117]LogModuleManager: Shutting down and abandoning module SceneOutliner (576)
[2018.05.18-03.05.04:555][117]LogModuleManager: Shutting down and abandoning module AddContentDialog (574)
[2018.05.18-03.05.04:555][117]LogDirectoryWatcher: A directory notification for 'C:/Program Files/Epic Games/UE_4.19/FeaturePacks/' was aborted.
[2018.05.18-03.05.04:556][117]LogModuleManager: Shutting down and abandoning module WidgetCarousel (573)
[2018.05.18-03.05.04:556][117]LogModuleManager: Shutting down and abandoning module EditorWidgets (570)
[2018.05.18-03.05.04:556][117]LogModuleManager: Shutting down and abandoning module CollectionManager (568)
[2018.05.18-03.05.04:557][117]LogDirectoryWatcher: A directory notification for 'C:/Users/Franco/Documents/GameDevelopment/Son of the Wind/wind-samurai/Content/Collections/' was aborted.
[2018.05.18-03.05.04:557][117]LogDirectoryWatcher: A directory notification for 'C:/Users/Franco/Documents/GameDevelopment/Son of the Wind/wind-samurai/Content/Developers/Franco/Collections/' was aborted.
[2018.05.18-03.05.04:557][117]LogDirectoryWatcher: A directory notification for 'C:/Users/Franco/Documents/GameDevelopment/Son of the Wind/wind-samurai/Saved/Collections/' was aborted.
[2018.05.18-03.05.04:557][117]LogModuleManager: Shutting down and abandoning module FoliageEdit (566)
[2018.05.18-03.05.04:557][117]LogModuleManager: Shutting down and abandoning module LandscapeEditor (564)
[2018.05.18-03.05.04:557][117]LogModuleManager: Shutting down and abandoning module MeshPaintMode (562)
[2018.05.18-03.05.04:557][117]LogModuleManager: Shutting down and abandoning module SceneDepthPickerMode (560)
[2018.05.18-03.05.04:557][117]LogModuleManager: Shutting down and abandoning module ActorPickerMode (558)
[2018.05.18-03.05.04:557][117]LogModuleManager: Shutting down and abandoning module GeometryMode (556)
[2018.05.18-03.05.04:557][117]LogModuleManager: Shutting down and abandoning module TextureAlignMode (554)
[2018.05.18-03.05.04:557][117]LogModuleManager: Shutting down and abandoning module BspMode (552)
[2018.05.18-03.05.04:557][117]LogModuleManager: Shutting down and abandoning module PIEPreviewDeviceProfileSelector (550)
[2018.05.18-03.05.04:557][117]LogModuleManager: Shutting down and abandoning module HardwareSurvey (548)
[2018.05.18-03.05.04:557][117]LogModuleManager: Shutting down and abandoning module SequenceRecorderSections (546)
[2018.05.18-03.05.04:557][117]LogModuleManager: Shutting down and abandoning module AutomationWorker (544)
[2018.05.18-03.05.04:557][117]LogModuleManager: Shutting down and abandoning module AudioCaptureEditor (542)
[2018.05.18-03.05.04:557][117]LogModuleManager: Shutting down and abandoning module SequenceRecorder (541)
[2018.05.18-03.05.04:557][117]LogModuleManager: Shutting down and abandoning module MatineeToLevelSequence (538)
[2018.05.18-03.05.04:557][117]LogModuleManager: Shutting down and abandoning module LevelSequenceEditor (536)
[2018.05.18-03.05.04:557][117]LogModuleManager: Shutting down and abandoning module PlacementMode (535)
[2018.05.18-03.05.04:557][117]LogModuleManager: Shutting down and abandoning module MaterialEditor (534)
[2018.05.18-03.05.04:557][117]LogModuleManager: Shutting down and abandoning module WmfMediaFactory (530)
[2018.05.18-03.05.04:557][117]LogModuleManager: Shutting down and abandoning module WmfMediaEditor (528)
[2018.05.18-03.05.04:557][117]LogModuleManager: Shutting down and abandoning module MediaPlayerEditor (526)
[2018.05.18-03.05.04:558][117]LogModuleManager: Shutting down and abandoning module OpenExrWrapper (524)
[2018.05.18-03.05.04:558][117]LogModuleManager: Shutting down and abandoning module ImgMediaFactory (522)
[2018.05.18-03.05.04:558][117]LogModuleManager: Shutting down and abandoning module ImgMediaEditor (520)
[2018.05.18-03.05.04:558][117]LogModuleManager: Shutting down and abandoning module AvfMediaFactory (518)
[2018.05.18-03.05.04:558][117]LogModuleManager: Shutting down and abandoning module AvfMediaEditor (516)
[2018.05.18-03.05.04:558][117]LogModuleManager: Shutting down and abandoning module AndroidMediaFactory (514)
[2018.05.18-03.05.04:558][117]LogModuleManager: Shutting down and abandoning module AndroidMediaEditor (512)
[2018.05.18-03.05.04:558][117]LogModuleManager: Shutting down and abandoning module CharacterAI (510)
[2018.05.18-03.05.04:558][117]LogModuleManager: Shutting down and abandoning module SmartSnapping (508)
[2018.05.18-03.05.04:558][117]LogModuleManager: Shutting down and abandoning module SessionServices (506)
[2018.05.18-03.05.04:558][117]LogModuleManager: Shutting down and abandoning module ViewportSnapping (504)
[2018.05.18-03.05.04:558][117]LogModuleManager: Shutting down and abandoning module ViewportInteraction (502)
[2018.05.18-03.05.04:558][117]LogModuleManager: Shutting down and abandoning module ClothPainter (500)
[2018.05.18-03.05.04:558][117]LogModuleManager: Shutting down and abandoning module SkeletalMeshEditor (499)
[2018.05.18-03.05.04:558][117]LogModuleManager: Shutting down and abandoning module LogVisualizer (496)
[2018.05.18-03.05.04:558][117]LogModuleManager: Shutting down and abandoning module IntroTutorials (494)
[2018.05.18-03.05.04:558][117]LogModuleManager: Shutting down and abandoning module GameProjectGeneration (493)
[2018.05.18-03.05.04:558][117]LogModuleManager: Shutting down and abandoning module IOSPlatformEditor (490)
[2018.05.18-03.05.04:558][117]LogModuleManager: Shutting down and abandoning module HTML5PlatformEditor (488)
[2018.05.18-03.05.04:558][117]LogModuleManager: Shutting down and abandoning module AndroidPlatformEditor (486)
[2018.05.18-03.05.04:558][117]LogModuleManager: Shutting down and abandoning module AndroidDeviceDetection (485)
[2018.05.18-03.05.05:199][117]LogModuleManager: Shutting down and abandoning module WindowsPlatformEditor (482)
[2018.05.18-03.05.05:199][117]LogModuleManager: Shutting down and abandoning module IOSRuntimeSettings (480)
[2018.05.18-03.05.05:199][117]LogModuleManager: Shutting down and abandoning module AndroidRuntimeSettings (478)
[2018.05.18-03.05.05:199][117]LogModuleManager: Shutting down and abandoning module InputBindingEditor (476)
[2018.05.18-03.05.05:199][117]LogModuleManager: Shutting down and abandoning module MergeActors (474)
[2018.05.18-03.05.05:200][117]LogModuleManager: Shutting down and abandoning module LocalizationDashboard (472)
[2018.05.18-03.05.05:200][117]LogModuleManager: Shutting down and abandoning module LocalizationService (471)
[2018.05.18-03.05.05:200][117]LogModuleManager: Shutting down and abandoning module HardwareTargeting (468)
[2018.05.18-03.05.05:200][117]LogModuleManager: Shutting down and abandoning module DeviceProfileEditor (466)
[2018.05.18-03.05.05:200][117]LogModuleManager: Shutting down and abandoning module UndoHistory (464)
[2018.05.18-03.05.05:200][117]LogModuleManager: Shutting down and abandoning module XmlParser (462)
[2018.05.18-03.05.05:200][117]LogModuleManager: Shutting down and abandoning module Blutility (460)
[2018.05.18-03.05.05:200][117]LogModuleManager: Shutting down and abandoning module ProjectSettingsViewer (458)
[2018.05.18-03.05.05:200][117]LogModuleManager: Shutting down and abandoning module ProjectTargetPlatformEditor (457)
[2018.05.18-03.05.05:200][117]LogModuleManager: Shutting down and abandoning module EditorSettingsViewer (454)
[2018.05.18-03.05.05:200][117]LogModuleManager: Shutting down and abandoning module SettingsEditor (452)
[2018.05.18-03.05.05:200][117]LogModuleManager: Shutting down and abandoning module ProjectLauncher (450)
[2018.05.18-03.05.05:200][117]LogModuleManager: Shutting down and abandoning module SessionFrontend (448)
[2018.05.18-03.05.05:200][117]LogModuleManager: Shutting down and abandoning module ProfilerClient (446)
[2018.05.18-03.05.05:200][117]LogModuleManager: Shutting down and abandoning module DeviceManager (444)
[2018.05.18-03.05.05:200][117]LogModuleManager: Shutting down and abandoning module TargetDeviceServices (443)
[2018.05.18-03.05.05:254][117]LogModuleManager: Shutting down and abandoning module AutomationController (440)
[2018.05.18-03.05.05:254][117]LogModuleManager: Shutting down and abandoning module AutomationWindow (438)
[2018.05.18-03.05.05:254][117]LogModuleManager: Shutting down and abandoning module Layers (436)
[2018.05.18-03.05.05:254][117]LogModuleManager: Shutting down and abandoning module ComponentVisualizers (434)
[2018.05.18-03.05.05:254][117]LogModuleManager: Shutting down and abandoning module DetailCustomizations (432)
[2018.05.18-03.05.05:254][117]LogModuleManager: Shutting down and abandoning module PackagesDialog (430)
[2018.05.18-03.05.05:254][117]LogModuleManager: Shutting down and abandoning module Persona (428)
[2018.05.18-03.05.05:254][117]LogModuleManager: Shutting down and abandoning module AdvancedPreviewScene (427)
[2018.05.18-03.05.05:254][117]LogModuleManager: Shutting down and abandoning module AnimGraph (425)
[2018.05.18-03.05.05:254][117]LogModuleManager: Shutting down and abandoning module Kismet (422)
[2018.05.18-03.05.05:261][117]LogModuleManager: Shutting down and abandoning module GraphEditor (420)
[2018.05.18-03.05.05:261][117]LogModuleManager: Shutting down and abandoning module ClassViewer (418)
[2018.05.18-03.05.05:261][117]LogModuleManager: Shutting down and abandoning module Toolbox (416)
[2018.05.18-03.05.05:261][117]LogModuleManager: Shutting down and abandoning module ModuleUI (414)
[2018.05.18-03.05.05:261][117]LogModuleManager: Shutting down and abandoning module MovieSceneTools (412)
[2018.05.18-03.05.05:262][117]LogModuleManager: Shutting down and abandoning module OutputLog (410)
[2018.05.18-03.05.05:262][117]LogModuleManager: Shutting down and abandoning module GammaUI (408)
[2018.05.18-03.05.05:262][117]LogModuleManager: Shutting down and abandoning module Documentation (406)
[2018.05.18-03.05.05:262][117]LogModuleManager: Shutting down and abandoning module MovieSceneTracks (404)
[2018.05.18-03.05.05:262][117]LogModuleManager: Shutting down and abandoning module MovieScene (402)
[2018.05.18-03.05.05:262][117]LogModuleManager: Shutting down and abandoning module StreamingPauseRendering (400)
[2018.05.18-03.05.05:262][117]LogModuleManager: Shutting down and abandoning module LauncherPlatform (398)
[2018.05.18-03.05.05:262][117]LogModuleManager: Shutting down and abandoning module AnalyticsET (396)
[2018.05.18-03.05.05:262][117]LogModuleManager: Shutting down and abandoning module PortalServices (394)
[2018.05.18-03.05.05:262][117]LogModuleManager: Shutting down and abandoning module PortalRpc (392)
[2018.05.18-03.05.05:262][117]LogModuleManager: Shutting down and abandoning module MessagingRpc (390)
[2018.05.18-03.05.05:262][117]LogModuleManager: Shutting down and abandoning module AIModule (388)
[2018.05.18-03.05.05:262][117]LogModuleManager: Shutting down and abandoning module AITestSuite (387)
[2018.05.18-03.05.05:262][117]LogModuleManager: Shutting down and abandoning module DesktopPlatform (384)
[2018.05.18-03.05.05:262][117]LogModuleManager: Shutting down and abandoning module ProfilerService (382)
[2018.05.18-03.05.05:498][117]LogModuleManager: Shutting down and abandoning module TaskGraph (380)
[2018.05.18-03.05.05:498][117]LogModuleManager: Shutting down and abandoning module DlgSystemEditor (378)
[2018.05.18-03.05.05:498][117]LogDlgSystemEditor: Verbose: Stopped DlgSystemEditorModule
[2018.05.18-03.05.05:498][117]LogModuleManager: Shutting down and abandoning module SteamVRController (376)
[2018.05.18-03.05.05:498][117]LogModuleManager: Shutting down and abandoning module ProceduralMeshComponentEditor (374)
[2018.05.18-03.05.05:498][117]LogModuleManager: Shutting down and abandoning module ProceduralMeshComponent (372)
[2018.05.18-03.05.05:499][117]LogModuleManager: Shutting down and abandoning module OculusInput (370)
[2018.05.18-03.05.05:499][117]LogModuleManager: Shutting down and abandoning module MobilePatchingUtils (368)
[2018.05.18-03.05.05:499][117]LogModuleManager: Shutting down and abandoning module CustomMeshComponent (366)
[2018.05.18-03.05.05:499][117]LogModuleManager: Shutting down and abandoning module CableComponent (364)
[2018.05.18-03.05.05:499][117]LogModuleManager: Shutting down and abandoning module AudioCapture (362)
[2018.05.18-03.05.05:499][117]LogModuleManager: Shutting down and abandoning module ArchVisCharacter (360)
[2018.05.18-03.05.05:499][117]LogModuleManager: Shutting down and abandoning module AndroidPermission (358)
[2018.05.18-03.05.05:499][117]LogModuleManager: Shutting down and abandoning module NUTUnrealEngine4 (354)
[2018.05.18-03.05.05:499][117]LogModuleManager: Shutting down and abandoning module NetcodeUnitTest (352)
[2018.05.18-03.05.05:499][117]LogModuleManager: Shutting down and abandoning module MediaCompositingEditor (350)
[2018.05.18-03.05.05:499][117]LogModuleManager: Shutting down and abandoning module MediaCompositing (348)
[2018.05.18-03.05.05:499][117]LogModuleManager: Shutting down and abandoning module LinearTimecode (346)
[2018.05.18-03.05.05:499][117]LogModuleManager: Shutting down and abandoning module ImgMedia (344)
[2018.05.18-03.05.05:502][117]LogModuleManager: Shutting down and abandoning module HTML5Networking (342)
[2018.05.18-03.05.05:502][117]LogModuleManager: Shutting down and abandoning module AlembicImporter (340)
[2018.05.18-03.05.05:502][117]LogModuleManager: Shutting down and abandoning module AlembicLibrary (339)
[2018.05.18-03.05.05:502][117]LogModuleManager: Shutting down and abandoning module GeometryCache (338)
[2018.05.18-03.05.05:502][117]LogModuleManager: Shutting down and abandoning module GeometryCacheEd (337)
[2018.05.18-03.05.05:502][117]LogModuleManager: Shutting down and abandoning module DatasmithContent (332)
[2018.05.18-03.05.05:502][117]LogModuleManager: Shutting down and abandoning module SpeedTreeImporter (330)
[2018.05.18-03.05.05:502][117]LogModuleManager: Shutting down and abandoning module PluginBrowser (328)
[2018.05.18-03.05.05:502][117]LogModuleManager: Shutting down and abandoning module MobileLauncherProfileWizard (326)
[2018.05.18-03.05.05:502][117]LogModuleManager: Shutting down and abandoning module CryptoKeysOpenSSL (324)
[2018.05.18-03.05.05:502][117]LogModuleManager: Shutting down and abandoning module CryptoKeys (322)
[2018.05.18-03.05.05:502][117]LogModuleManager: Shutting down and abandoning module VisualStudioSourceCodeAccess (320)
[2018.05.18-03.05.05:502][117]LogModuleManager: Shutting down and abandoning module VisualStudioCodeSourceCodeAccess (318)
[2018.05.18-03.05.05:502][117]LogModuleManager: Shutting down and abandoning module UObjectPlugin (316)
[2018.05.18-03.05.05:502][117]LogModuleManager: Shutting down and abandoning module SubversionSourceControl (314)
[2018.05.18-03.05.05:502][117]LogModuleManager: Shutting down and abandoning module PerforceSourceControl (312)
[2018.05.18-03.05.05:502][117]LogModuleManager: Shutting down and abandoning module GitSourceControl (310)
[2018.05.18-03.05.05:502][117]LogModuleManager: Shutting down and abandoning module SourceControl (309)
[2018.05.18-03.05.05:502][117]LogModuleManager: Shutting down and abandoning module CLionSourceCodeAccess (306)
[2018.05.18-03.05.05:502][117]LogModuleManager: Shutting down and abandoning module LightPropagationVolumeEditor (304)
[2018.05.18-03.05.05:502][117]LogModuleManager: Shutting down and abandoning module PaperTiledImporter (302)
[2018.05.18-03.05.05:502][117]LogModuleManager: Shutting down and abandoning module PaperSpriteSheetImporter (300)
[2018.05.18-03.05.05:502][117]LogModuleManager: Shutting down and abandoning module Paper2DEditor (298)
[2018.05.18-03.05.05:502][117]LogModuleManager: Shutting down and abandoning module MeshPaint (297)
[2018.05.18-03.05.05:502][117]LogModuleManager: Shutting down and abandoning module RuntimePhysXCooking (294)
[2018.05.18-03.05.05:502][117]LogModuleManager: Shutting down and abandoning module PhysXVehiclesEditor (292)
[2018.05.18-03.05.05:503][117]LogModuleManager: Shutting down and abandoning module PhysXVehicles (290)
[2018.05.18-03.05.05:503][117]LogModuleManager: Shutting down and abandoning module OculusEditor (288)
[2018.05.18-03.05.05:503][117]LogModuleManager: Shutting down and abandoning module LocationServicesBPLibrary (286)
[2018.05.18-03.05.05:503][117]LogModuleManager: Shutting down and abandoning module ImmediatePhysicsEditor (284)
[2018.05.18-03.05.05:503][117]LogModuleManager: Shutting down and abandoning module ImmediatePhysics (282)
[2018.05.18-03.05.05:503][117]LogModuleManager: Shutting down and abandoning module ActorSequence (280)
[2018.05.18-03.05.05:503][117]LogModuleManager: Shutting down and abandoning module UdpMessaging (278)
[2018.05.18-03.05.05:603][117]LogModuleManager: Shutting down and abandoning module TcpMessaging (276)
[2018.05.18-03.05.05:704][117]LogModuleManager: Shutting down and abandoning module DlgSystem (274)
[2018.05.18-03.05.05:704][117]LogDlgSystem: Verbose: Stopped DlgSystemModule
[2018.05.18-03.05.05:704][117]LogModuleManager: Shutting down and abandoning module GameplayDebugger (273)
[2018.05.18-03.05.05:704][117]LogModuleManager: Shutting down and abandoning module GameplayTagsEditor (270)
[2018.05.18-03.05.05:704][117]LogModuleManager: Shutting down and abandoning module FacialAnimationEditor (268)
[2018.05.18-03.05.05:704][117]LogModuleManager: Shutting down and abandoning module FacialAnimation (266)
[2018.05.18-03.05.05:704][117]LogModuleManager: Shutting down and abandoning module DataValidation (264)
[2018.05.18-03.05.05:704][117]LogModuleManager: Shutting down and abandoning module AssetManagerEditor (262)
[2018.05.18-03.05.05:704][117]LogModuleManager: Shutting down and abandoning module LevelEditor (261)
[2018.05.18-03.05.05:705][117]LogModuleManager: Shutting down and abandoning module PixelInspectorModule (260)
[2018.05.18-03.05.05:705][117]LogModuleManager: Shutting down and abandoning module CommonMenuExtensions (258)
[2018.05.18-03.05.05:705][117]LogModuleManager: Shutting down and abandoning module MainFrame (256)
[2018.05.18-03.05.05:705][117]LogModuleManager: Shutting down and abandoning module HotReload (255)
[2018.05.18-03.05.05:706][117]LogModuleManager: Shutting down and abandoning module ContentBrowser (251)
[2018.05.18-03.05.05:707][117]LogModuleManager: Shutting down and abandoning module TreeMap (249)
[2018.05.18-03.05.05:707][117]LogModuleManager: Shutting down and abandoning module LightPropagationVolumeRuntime (246)
[2018.05.18-03.05.05:707][117]LogModuleManager: Shutting down and abandoning module LiveLinkEditor (244)
[2018.05.18-03.05.05:707][117]LogModuleManager: Shutting down and abandoning module LiveLink (242)
[2018.05.18-03.05.05:919][117]LogModuleManager: Shutting down and abandoning module Paper2D (240)
[2018.05.18-03.05.05:919][117]LogModuleManager: Shutting down and abandoning module WindowsMoviePlayer (238)
[2018.05.18-03.05.05:920][117]LogModuleManager: Shutting down and abandoning module WmfMedia (236)
[2018.05.18-03.05.05:921][117]LogModuleManager: Shutting down and abandoning module JSONParser (234)
[2018.05.18-03.05.05:921][117]LogModuleManager: Shutting down and abandoning module PacketHandler (232)
[2018.05.18-03.05.05:921][117]LogModuleManager: Shutting down and abandoning module ClothingSystemEditor (230)
[2018.05.18-03.05.05:921][117]LogModuleManager: Shutting down and abandoning module ClothingSystemRuntime (228)
[2018.05.18-03.05.05:921][117]LogModuleManager: Shutting down and abandoning module MediaAssets (226)
[2018.05.18-03.05.05:921][117]LogModuleManager: Shutting down and abandoning module Media (225)
[2018.05.18-03.05.05:927][117]LogModuleManager: Shutting down and abandoning module Overlay (222)
[2018.05.18-03.05.05:927][117]LogModuleManager: Shutting down and abandoning module OverlayEditor (221)
[2018.05.18-03.05.05:927][117]LogModuleManager: Shutting down and abandoning module VREditor (218)
[2018.05.18-03.05.05:927][117]LogModuleManager: Shutting down and abandoning module StringTableEditor (216)
[2018.05.18-03.05.05:927][117]LogModuleManager: Shutting down and abandoning module GameplayTasksEditor (214)
[2018.05.18-03.05.05:927][117]LogModuleManager: Shutting down and abandoning module BehaviorTreeEditor (212)
[2018.05.18-03.05.05:927][117]LogModuleManager: Shutting down and abandoning module FunctionalTesting (210)
[2018.05.18-03.05.05:927][117]LogModuleManager: Shutting down and abandoning module CollisionAnalyzer (208)
[2018.05.18-03.05.05:927][117]LogModuleManager: Shutting down and abandoning module WorkspaceMenuStructure (207)
[2018.05.18-03.05.05:927][117]LogModuleManager: Shutting down and abandoning module UMG (204)
[2018.05.18-03.05.05:927][117]LogModuleManager: Shutting down and abandoning module UMGEditor (203)
[2018.05.18-03.05.05:927][117]LogModuleManager: Shutting down and abandoning module Sequencer (202)
[2018.05.18-03.05.05:927][117]LogModuleManager: Shutting down and abandoning module MessageLog (199)
[2018.05.18-03.05.05:927][117]LogModuleManager: Shutting down and abandoning module SlateReflector (194)
[2018.05.18-03.05.05:927][117]LogModuleManager: Shutting down and abandoning module Slate (192)
[2018.05.18-03.05.05:927][117]LogModuleManager: Shutting down and abandoning module EditorStyle (190)
[2018.05.18-03.05.05:929][117]LogModuleManager: Shutting down and abandoning module MRMesh (188)
[2018.05.18-03.05.05:929][117]LogModuleManager: Shutting down and abandoning module SourceCodeAccess (186)
[2018.05.18-03.05.05:929][117]LogModuleManager: Shutting down and abandoning module HeadMountedDisplay (184)
[2018.05.18-03.05.05:929][117]LogModuleManager: Shutting down and abandoning module XAudio2 (182)
[2018.05.18-03.05.05:929][117]LogModuleManager: Shutting down and abandoning module Networking (180)
[2018.05.18-03.05.05:929][117]LogModuleManager: Shutting down and abandoning module Core (178)
[2018.05.18-03.05.05:929][117]LogModuleManager: Shutting down and abandoning module LevelSequence (176)
[2018.05.18-03.05.05:929][117]LogModuleManager: Shutting down and abandoning module KismetCompiler (174)
[2018.05.18-03.05.05:929][117]LogModuleManager: Shutting down and abandoning module MeshUtilities (172)
[2018.05.18-03.05.05:929][117]LogModuleManager: Shutting down and abandoning module MeshMergeUtilities (171)
[2018.05.18-03.05.05:929][117]LogModuleManager: Shutting down and abandoning module MeshReductionInterface (170)
[2018.05.18-03.05.05:929][117]LogModuleManager: Shutting down and abandoning module SimplygonSwarm (169)
[2018.05.18-03.05.05:929][117]LogModuleManager: Shutting down and abandoning module SimplygonMeshReduction (167)
[2018.05.18-03.05.05:929][117]LogModuleManager: Shutting down and abandoning module QuadricMeshReduction (165)
[2018.05.18-03.05.05:929][117]LogModuleManager: Shutting down and abandoning module MaterialBaking (161)
[2018.05.18-03.05.05:929][117]LogModuleManager: Shutting down and abandoning module DirectoryWatcher (157)
[2018.05.18-03.05.05:931][117]LogModuleManager: Shutting down and abandoning module DerivedDataCache (154)
[2018.05.18-03.05.05:937][117]LogDerivedDataCache: Shutdown
[2018.05.18-03.05.05:937][117]LogModuleManager: Shutting down and abandoning module XGEController (152)
[2018.05.18-03.05.05:937][117]LogModuleManager: Shutting down and abandoning module TargetPlatform (150)
[2018.05.18-03.05.05:937][117]LogModuleManager: Shutting down and abandoning module VulkanShaderFormat (149)
[2018.05.18-03.05.05:937][117]LogModuleManager: Shutting down and abandoning module ShaderFormatVectorVM (147)
[2018.05.18-03.05.05:937][117]LogModuleManager: Shutting down and abandoning module ShaderFormatOpenGL (145)
[2018.05.18-03.05.05:937][117]LogModuleManager: Shutting down and abandoning module ShaderFormatD3D (143)
[2018.05.18-03.05.05:937][117]LogModuleManager: Shutting down and abandoning module MetalShaderFormat (141)
[2018.05.18-03.05.05:937][117]LogModuleManager: Shutting down and abandoning module TextureFormatUncompressed (139)
[2018.05.18-03.05.05:937][117]LogModuleManager: Shutting down and abandoning module TextureFormatPVR (137)
[2018.05.18-03.05.05:937][117]LogModuleManager: Shutting down and abandoning module TextureFormatDXT (135)
[2018.05.18-03.05.05:937][117]LogModuleManager: Shutting down and abandoning module TextureFormatIntelISPCTexComp (133)
[2018.05.18-03.05.05:938][117]LogModuleManager: Shutting down and abandoning module TextureFormatASTC (131)
[2018.05.18-03.05.05:938][117]LogModuleManager: Shutting down and abandoning module ImageWrapper (130)
[2018.05.18-03.05.05:938][117]LogModuleManager: Shutting down and abandoning module TextureFormatAndroid (127)
[2018.05.18-03.05.05:938][117]LogModuleManager: Shutting down and abandoning module AudioFormatOpus (125)
[2018.05.18-03.05.05:938][117]LogModuleManager: Shutting down and abandoning module AudioFormatOgg (123)
[2018.05.18-03.05.05:938][117]LogModuleManager: Shutting down and abandoning module AudioFormatADPCM (121)
[2018.05.18-03.05.05:938][117]LogModuleManager: Shutting down and abandoning module LinuxTargetPlatform (119)
[2018.05.18-03.05.05:938][117]LogModuleManager: Shutting down and abandoning module LinuxServerTargetPlatform (117)
[2018.05.18-03.05.05:938][117]LogModuleManager: Shutting down and abandoning module LinuxNoEditorTargetPlatform (115)
[2018.05.18-03.05.05:938][117]LogModuleManager: Shutting down and abandoning module LinuxClientTargetPlatform (113)
[2018.05.18-03.05.05:938][117]LogModuleManager: Shutting down and abandoning module TVOSTargetPlatform (111)
[2018.05.18-03.05.05:938][117]LogModuleManager: Shutting down and abandoning module Messaging (109)
[2018.05.18-03.05.05:938][117]LogModuleManager: Shutting down and abandoning module IOSTargetPlatform (107)
[2018.05.18-03.05.05:938][117]LogModuleManager: Shutting down and abandoning module HTML5TargetPlatform (105)
[2018.05.18-03.05.05:938][117]LogModuleManager: Shutting down and abandoning module AndroidTargetPlatform (103)
[2018.05.18-03.05.05:938][117]LogModuleManager: Shutting down and abandoning module Android_PVRTCTargetPlatform (101)
[2018.05.18-03.05.05:938][117]LogModuleManager: Shutting down and abandoning module Android_MultiTargetPlatform (99)
[2018.05.18-03.05.05:938][117]LogModuleManager: Shutting down and abandoning module Android_ETC2TargetPlatform (97)
[2018.05.18-03.05.05:938][117]LogModuleManager: Shutting down and abandoning module Android_ETC1TargetPlatform (95)
[2018.05.18-03.05.05:938][117]LogModuleManager: Shutting down and abandoning module Android_ETC1aTargetPlatform (93)
[2018.05.18-03.05.05:938][117]LogModuleManager: Shutting down and abandoning module Android_DXTTargetPlatform (91)
[2018.05.18-03.05.05:938][117]LogModuleManager: Shutting down and abandoning module Android_ATCTargetPlatform (89)
[2018.05.18-03.05.05:938][117]LogModuleManager: Shutting down and abandoning module Android_ASTCTargetPlatform (87)
[2018.05.18-03.05.05:938][117]LogModuleManager: Shutting down and abandoning module WindowsTargetPlatform (85)
[2018.05.18-03.05.05:938][117]LogModuleManager: Shutting down and abandoning module WindowsServerTargetPlatform (83)
[2018.05.18-03.05.05:938][117]LogModuleManager: Shutting down and abandoning module WindowsNoEditorTargetPlatform (81)
[2018.05.18-03.05.05:938][117]LogModuleManager: Shutting down and abandoning module WindowsClientTargetPlatform (79)
[2018.05.18-03.05.05:938][117]LogModuleManager: Shutting down and abandoning module MacTargetPlatform (77)
[2018.05.18-03.05.05:938][117]LogModuleManager: Shutting down and abandoning module MacServerTargetPlatform (75)
[2018.05.18-03.05.05:938][117]LogModuleManager: Shutting down and abandoning module MacNoEditorTargetPlatform (73)
[2018.05.18-03.05.05:938][117]LogModuleManager: Shutting down and abandoning module MacClientTargetPlatform (71)
[2018.05.18-03.05.05:938][117]LogModuleManager: Shutting down and abandoning module AllDesktopTargetPlatform (69)
[2018.05.18-03.05.05:938][117]LogModuleManager: Shutting down and abandoning module InputCore (66)
[2018.05.18-03.05.05:938][117]LogModuleManager: Shutting down and abandoning module Settings (64)
[2018.05.18-03.05.05:938][117]LogModuleManager: Shutting down and abandoning module PhysXCooking (62)
[2018.05.18-03.05.05:938][117]LogModuleManager: Shutting down and abandoning module SteamVR (60)
[2018.05.18-03.05.05:938][117]LogModuleManager: Shutting down and abandoning module OculusHMD (58)
[2018.05.18-03.05.05:938][117]LogModuleManager: Shutting down and abandoning module ExampleDeviceProfileSelector (56)
[2018.05.18-03.05.05:938][117]LogModuleManager: Shutting down and abandoning module AppleARKit (54)
[2018.05.18-03.05.05:938][117]LogModuleManager: Shutting down and abandoning module AugmentedReality (51)
[2018.05.18-03.05.05:938][117]LogModuleManager: Shutting down and abandoning module OnlineBlueprintSupport (48)
[2018.05.18-03.05.05:938][117]LogModuleManager: Shutting down and abandoning module OnlineSubsystem (44)
[2018.05.18-03.05.05:938][117]LogModuleManager: Shutting down and abandoning module XMPP (43)
[2018.05.18-03.05.05:939][117]LogModuleManager: Shutting down and abandoning module HTTP (41)
[2018.05.18-03.05.05:939][117]LogHttp: Display: Http module shutting down, but needs to wait on 1 outstanding Http requests:
[2018.05.18-03.05.05:939][117]LogHttp: Display: 	verb=[POST] url=[https://datarouter.ol.epicgames.com/datarouter/api/v1/public/data?SessionID=%7B22F2FD80-484F-17C9-5823-0AA40D13EC7C%7D&AppID=UEEditor.Rocket.Release&AppVersion=4.19.0-3944462%2B%2B%2BUE4%2BRelease-4.19&UserID=f991da7848e7608f50dfdbbb0fd35923%7Ca345ad7d4f264abe80dce6b88bd1a870%7C94ece4d6-1805-4bb6-9d9c-e1eda26a4ea0&AppEnvironment=datacollector-binary&UploadType=eteventstream] status=Processing
[2018.05.18-03.05.05:957][117]LogModuleManager: Shutting down and abandoning module SSL (40)
[2018.05.18-03.05.05:958][117]LogModuleManager: Shutting down and abandoning module AnimationModifiers (36)
[2018.05.18-03.05.05:958][117]LogModuleManager: Shutting down and abandoning module PropertyEditor (35)
[2018.05.18-03.05.05:958][117]LogModuleManager: Shutting down and abandoning module AudioEditor (32)
[2018.05.18-03.05.05:958][117]LogModuleManager: Shutting down and abandoning module TextureCompressor (30)
[2018.05.18-03.05.05:958][117]LogModuleManager: Shutting down and abandoning module ShaderCore (28)
[2018.05.18-03.05.05:958][117]LogModuleManager: Shutting down and abandoning module Landscape (26)
[2018.05.18-03.05.05:958][117]LogModuleManager: Shutting down and abandoning module SlateRHIRenderer (24)
[2018.05.18-03.05.05:959][117]LogModuleManager: Shutting down and abandoning module OpenGLDrv (22)
[2018.05.18-03.05.05:959][117]LogModuleManager: Shutting down and abandoning module D3D11RHI (20)
[2018.05.18-03.05.05:959][117]LogModuleManager: Shutting down and abandoning module AnimGraphRuntime (18)
[2018.05.18-03.05.05:959][117]LogModuleManager: Shutting down and abandoning module Renderer (16)
[2018.05.18-03.05.05:959][117]LogModuleManager: Shutting down and abandoning module Engine (14)
[2018.05.18-03.05.05:959][117]LogModuleManager: Shutting down and abandoning module CoreUObject (12)
[2018.05.18-03.05.05:959][117]LogModuleManager: Shutting down and abandoning module NetworkFile (10)
[2018.05.18-03.05.05:959][117]LogModuleManager: Shutting down and abandoning module CookedIterativeFile (8)
[2018.05.18-03.05.05:959][117]LogModuleManager: Shutting down and abandoning module StreamingFile (6)
[2018.05.18-03.05.05:959][117]LogModuleManager: Shutting down and abandoning module SandboxFile (4)
[2018.05.18-03.05.05:959][117]LogModuleManager: Shutting down and abandoning module PakFile (2)
[2018.05.18-03.05.05:963][117]LogExit: Exiting.
[2018.05.18-03.05.05:993][117]Log file closed, 05/18/18 00:05:05
