Log file open, 04/11/18 18:21:32
LogWindows: Failed to load 'aqProf.dll' (GetLastError=126)
LogWindows: File 'aqProf.dll' does not exist
LogWindows: Failed to load 'VSPerf140.dll' (GetLastError=126)
LogWindows: File 'VSPerf140.dll' does not exist
LogWindows: Failed to load 'VtuneApi.dll' (GetLastError=126)
LogWindows: File 'VtuneApi.dll' does not exist
LogWindows: Failed to load 'VtuneApi32e.dll' (GetLastError=126)
LogWindows: File 'VtuneApi32e.dll' does not exist
LogInit: Display: Running engine for game: SotW
LogPlatformFile: Not using cached read wrapper
LogInit: Display: RandInit(-1027973232) SRandInit(-1027973232).
LogInit: Read version file with build ID '3944462'
LogInit: Overriding engine version to CL 3944462, compatible CL 3944462
LogInit: Registered custom module enumerator with build ID '3944462'
LogTaskGraph: Started task graph with 5 named threads and 14 total threads with 3 sets of task threads.
LogStats: Stats thread started at 0.210629
LogD3D11RHI: Aftermath initialized
LogICUInternationalization: Display: ICU TimeZone Detection - Raw Offset: -3:00, Platform Override: ''
LogModuleManager: Display: Found up-to-date module file ../../../Engine/Plugins/2D/Paper2D/Binaries/Win64/UE4Editor-Paper2D.dll (API version 3944462).
LogModuleManager: Display: Found up-to-date module file ../../../Engine/Plugins/2D/Paper2D/Binaries/Win64/UE4Editor-Paper2DEditor.dll (API version 3944462).
LogModuleManager: Display: Found up-to-date module file ../../../Engine/Plugins/2D/Paper2D/Binaries/Win64/UE4Editor-PaperSpriteSheetImporter.dll (API version 3944462).
LogModuleManager: Display: Found up-to-date module file ../../../Engine/Plugins/2D/Paper2D/Binaries/Win64/UE4Editor-PaperTiledImporter.dll (API version 3944462).
LogModuleManager: Display: Found up-to-date module file ../../../Engine/Plugins/2D/Paper2D/Binaries/Win64/UE4Editor-SmartSnapping.dll (API version 3944462).
LogModuleManager: Display: Found up-to-date module file ../../../Engine/Plugins/Marketplace/JSONParser/Binaries/Win64/UE4Editor-JSONParser.dll (API version 3944462).
LogModuleManager: Display: Found up-to-date module file ../../../Engine/Plugins/Marketplace/DlgSystem/Binaries/Win64/UE4Editor-DlgSystem.dll (API version 3944462).
LogModuleManager: Display: Found up-to-date module file ../../../Engine/Plugins/Marketplace/DlgSystem/Binaries/Win64/UE4Editor-DlgSystemEditor.dll (API version 3944462).
LogModuleManager: Display: Found up-to-date module file ../../../Engine/Plugins/Blendables/LightPropagationVolume/Binaries/Win64/UE4Editor-LightPropagationVolumeRuntime.dll (API version 3944462).
LogModuleManager: Display: Found up-to-date module file ../../../Engine/Plugins/Blendables/LightPropagationVolume/Binaries/Win64/UE4Editor-LightPropagationVolumeEditor.dll (API version 3944462).
LogModuleManager: Display: Found up-to-date module file ../../../Engine/Plugins/Developer/CLionSourceCodeAccess/Binaries/Win64/UE4Editor-CLionSourceCodeAccess.dll (API version 3944462).
LogModuleManager: Display: Found up-to-date module file ../../../Engine/Plugins/Developer/GitSourceControl/Binaries/Win64/UE4Editor-GitSourceControl.dll (API version 3944462).
LogModuleManager: Display: Found up-to-date module file ../../../Engine/Plugins/Developer/PerforceSourceControl/Binaries/Win64/UE4Editor-PerforceSourceControl.dll (API version 3944462).
LogModuleManager: Display: Found up-to-date module file ../../../Engine/Plugins/Developer/SubversionSourceControl/Binaries/Win64/UE4Editor-SubversionSourceControl.dll (API version 3944462).
LogModuleManager: Display: Found up-to-date module file ../../../Engine/Plugins/Developer/UObjectPlugin/Binaries/Win64/UE4Editor-UObjectPlugin.dll (API version 3944462).
LogModuleManager: Display: Found up-to-date module file ../../../Engine/Plugins/Developer/VisualStudioCodeSourceCodeAccess/Binaries/Win64/UE4Editor-VisualStudioCodeSourceCodeAccess.dll (API version 3944462).
LogModuleManager: Display: Found up-to-date module file ../../../Engine/Plugins/Developer/VisualStudioSourceCodeAccess/Binaries/Win64/UE4Editor-VisualStudioSourceCodeAccess.dll (API version 3944462).
LogModuleManager: Display: Found up-to-date module file ../../../Engine/Plugins/Editor/AssetManagerEditor/Binaries/Win64/UE4Editor-AssetManagerEditor.dll (API version 3944462).
LogModuleManager: Display: Found up-to-date module file ../../../Engine/Plugins/Editor/CryptoKeys/Binaries/Win64/UE4Editor-CryptoKeys.dll (API version 3944462).
LogModuleManager: Display: Found up-to-date module file ../../../Engine/Plugins/Editor/CryptoKeys/Binaries/Win64/UE4Editor-CryptoKeysOpenSSL.dll (API version 3944462).
LogModuleManager: Display: Found up-to-date module file ../../../Engine/Plugins/Editor/DataValidation/Binaries/Win64/UE4Editor-DataValidation.dll (API version 3944462).
LogModuleManager: Display: Found up-to-date module file ../../../Engine/Plugins/Editor/FacialAnimation/Binaries/Win64/UE4Editor-FacialAnimation.dll (API version 3944462).
LogModuleManager: Display: Found up-to-date module file ../../../Engine/Plugins/Editor/FacialAnimation/Binaries/Win64/UE4Editor-FacialAnimationEditor.dll (API version 3944462).
LogModuleManager: Display: Found up-to-date module file ../../../Engine/Plugins/Editor/GameplayTagsEditor/Binaries/Win64/UE4Editor-GameplayTagsEditor.dll (API version 3944462).
LogModuleManager: Display: Found up-to-date module file ../../../Engine/Plugins/Editor/MobileLauncherProfileWizard/Binaries/Win64/UE4Editor-MobileLauncherProfileWizard.dll (API version 3944462).
LogModuleManager: Display: Found up-to-date module file ../../../Engine/Plugins/Editor/PluginBrowser/Binaries/Win64/UE4Editor-PluginBrowser.dll (API version 3944462).
LogModuleManager: Display: Found up-to-date module file ../../../Engine/Plugins/Editor/SpeedTreeImporter/Binaries/Win64/UE4Editor-SpeedTreeImporter.dll (API version 3944462).
LogModuleManager: Display: Found up-to-date module file ../../../Engine/Plugins/Enterprise/DatasmithContent/Binaries/Win64/UE4Editor-DatasmithContent.dll (API version 3944462).
LogModuleManager: Display: Found up-to-date module file ../../../Engine/Plugins/Experimental/AlembicImporter/Binaries/Win64/UE4Editor-AlembicImporter.dll (API version 3944462).
LogModuleManager: Display: Found up-to-date module file ../../../Engine/Plugins/Experimental/AlembicImporter/Binaries/Win64/UE4Editor-AlembicLibrary.dll (API version 3944462).
LogModuleManager: Display: Found up-to-date module file ../../../Engine/Plugins/Experimental/CharacterAI/Binaries/Win64/UE4Editor-CharacterAI.dll (API version 3944462).
LogModuleManager: Display: Found up-to-date module file ../../../Engine/Plugins/Experimental/HTML5Networking/Binaries/Win64/UE4Editor-HTML5Networking.dll (API version 3944462).
LogModuleManager: Display: Found up-to-date module file ../../../Engine/Plugins/Media/AndroidMedia/Binaries/Win64/UE4Editor-AndroidMediaEditor.dll (API version 3944462).
LogModuleManager: Display: Found up-to-date module file ../../../Engine/Plugins/Media/AndroidMedia/Binaries/Win64/UE4Editor-AndroidMediaFactory.dll (API version 3944462).
LogModuleManager: Display: Found up-to-date module file ../../../Engine/Plugins/Media/AvfMedia/Binaries/Win64/UE4Editor-AvfMediaEditor.dll (API version 3944462).
LogModuleManager: Display: Found up-to-date module file ../../../Engine/Plugins/Media/AvfMedia/Binaries/Win64/UE4Editor-AvfMediaFactory.dll (API version 3944462).
LogModuleManager: Display: Found up-to-date module file ../../../Engine/Plugins/Media/AvfMedia/Binaries/Win64/UE4Editor-AvfMediaFactory.dll (API version 3944462).
LogModuleManager: Display: Found up-to-date module file ../../../Engine/Plugins/Media/ImgMedia/Binaries/Win64/UE4Editor-ImgMedia.dll (API version 3944462).
LogModuleManager: Display: Found up-to-date module file ../../../Engine/Plugins/Media/ImgMedia/Binaries/Win64/UE4Editor-ImgMediaEditor.dll (API version 3944462).
LogModuleManager: Display: Found up-to-date module file ../../../Engine/Plugins/Media/ImgMedia/Binaries/Win64/UE4Editor-ImgMediaFactory.dll (API version 3944462).
LogModuleManager: Display: Found up-to-date module file ../../../Engine/Plugins/Media/ImgMedia/Binaries/Win64/UE4Editor-ImgMediaFactory.dll (API version 3944462).
LogModuleManager: Display: Found up-to-date module file ../../../Engine/Plugins/Media/ImgMedia/Binaries/Win64/UE4Editor-OpenExrWrapper.dll (API version 3944462).
LogModuleManager: Display: Found up-to-date module file ../../../Engine/Plugins/Media/LinearTimecode/Binaries/Win64/UE4Editor-LinearTimecode.dll (API version 3944462).
LogModuleManager: Display: Found up-to-date module file ../../../Engine/Plugins/Media/MediaCompositing/Binaries/Win64/UE4Editor-MediaCompositing.dll (API version 3944462).
LogModuleManager: Display: Found up-to-date module file ../../../Engine/Plugins/Media/MediaCompositing/Binaries/Win64/UE4Editor-MediaCompositingEditor.dll (API version 3944462).
LogModuleManager: Display: Found up-to-date module file ../../../Engine/Plugins/Media/MediaPlayerEditor/Binaries/Win64/UE4Editor-MediaPlayerEditor.dll (API version 3944462).
LogModuleManager: Display: Found up-to-date module file ../../../Engine/Plugins/Media/WmfMedia/Binaries/Win64/UE4Editor-WmfMedia.dll (API version 3944462).
LogModuleManager: Display: Found up-to-date module file ../../../Engine/Plugins/Media/WmfMedia/Binaries/Win64/UE4Editor-WmfMediaEditor.dll (API version 3944462).
LogModuleManager: Display: Found up-to-date module file ../../../Engine/Plugins/Media/WmfMedia/Binaries/Win64/UE4Editor-WmfMediaFactory.dll (API version 3944462).
LogModuleManager: Display: Found up-to-date module file ../../../Engine/Plugins/Media/WmfMedia/Binaries/Win64/UE4Editor-WmfMediaFactory.dll (API version 3944462).
LogModuleManager: Display: Found up-to-date module file ../../../Engine/Plugins/Messaging/TcpMessaging/Binaries/Win64/UE4Editor-TcpMessaging.dll (API version 3944462).
LogModuleManager: Display: Found up-to-date module file ../../../Engine/Plugins/Messaging/UdpMessaging/Binaries/Win64/UE4Editor-UdpMessaging.dll (API version 3944462).
LogModuleManager: Display: Found up-to-date module file ../../../Engine/Plugins/MovieScene/ActorSequence/Binaries/Win64/UE4Editor-ActorSequence.dll (API version 3944462).
LogModuleManager: Display: Found up-to-date module file ../../../Engine/Plugins/MovieScene/LevelSequenceEditor/Binaries/Win64/UE4Editor-LevelSequenceEditor.dll (API version 3944462).
LogModuleManager: Display: Found up-to-date module file ../../../Engine/Plugins/MovieScene/MatineeToLevelSequence/Binaries/Win64/UE4Editor-MatineeToLevelSequence.dll (API version 3944462).
LogModuleManager: Display: Found up-to-date module file ../../../Engine/Plugins/NetcodeUnitTest/NetcodeUnitTest/Binaries/Win64/UE4Editor-NetcodeUnitTest.dll (API version 3944462).
LogModuleManager: Display: Found up-to-date module file ../../../Engine/Plugins/NetcodeUnitTest/NUTUnrealEngine4/Binaries/Win64/UE4Editor-NUTUnrealEngine4.dll (API version 3944462).
LogModuleManager: Display: Found up-to-date module file ../../../Engine/Plugins/Online/OnlineSubsystem/Binaries/Win64/UE4Editor-OnlineSubsystem.dll (API version 3944462).
LogModuleManager: Display: Found up-to-date module file ../../../Engine/Plugins/Runtime/AndroidPermission/Binaries/Win64/UE4Editor-AndroidPermission.dll (API version 3944462).
LogModuleManager: Display: Found up-to-date module file ../../../Engine/Plugins/Online/OnlineSubsystemNull/Binaries/Win64/UE4Editor-OnlineSubsystemNull.dll (API version 3944462).
LogModuleManager: Display: Found up-to-date module file ../../../Engine/Plugins/Online/OnlineSubsystemUtils/Binaries/Win64/UE4Editor-OnlineSubsystemUtils.dll (API version 3944462).
LogModuleManager: Display: Found up-to-date module file ../../../Engine/Plugins/Online/OnlineSubsystemUtils/Binaries/Win64/UE4Editor-OnlineBlueprintSupport.dll (API version 3944462).
LogModuleManager: Display: Found up-to-date module file ../../../Engine/Plugins/Runtime/AndroidDeviceProfileSelector/Binaries/Win64/UE4Editor-AndroidDeviceProfileSelector.dll (API version 3944462).
LogModuleManager: Display: Found up-to-date module file ../../../Engine/Plugins/Runtime/AppleARKit/Binaries/Win64/UE4Editor-AppleARKit.dll (API version 3944462).
LogModuleManager: Display: Found up-to-date module file ../../../Engine/Plugins/Runtime/ProceduralMeshComponent/Binaries/Win64/UE4Editor-ProceduralMeshComponent.dll (API version 3944462).
LogModuleManager: Display: Found up-to-date module file ../../../Engine/Plugins/Runtime/ProceduralMeshComponent/Binaries/Win64/UE4Editor-ProceduralMeshComponentEditor.dll (API version 3944462).
LogModuleManager: Display: Found up-to-date module file ../../../Engine/Plugins/Animation/LiveLink/Binaries/Win64/UE4Editor-LiveLink.dll (API version 3944462).
LogModuleManager: Display: Found up-to-date module file ../../../Engine/Plugins/Animation/LiveLink/Binaries/Win64/UE4Editor-LiveLinkEditor.dll (API version 3944462).
LogModuleManager: Display: Found up-to-date module file ../../../Engine/Plugins/Runtime/ArchVisCharacter/Binaries/Win64/UE4Editor-ArchVisCharacter.dll (API version 3944462).
LogModuleManager: Display: Found up-to-date module file ../../../Engine/Plugins/Runtime/AudioCapture/Binaries/Win64/UE4Editor-AudioCapture.dll (API version 3944462).
LogModuleManager: Display: Found up-to-date module file ../../../Engine/Plugins/Runtime/AudioCapture/Binaries/Win64/UE4Editor-AudioCaptureEditor.dll (API version 3944462).
LogModuleManager: Display: Found up-to-date module file ../../../Engine/Plugins/Runtime/CableComponent/Binaries/Win64/UE4Editor-CableComponent.dll (API version 3944462).
LogModuleManager: Display: Found up-to-date module file ../../../Engine/Plugins/Runtime/CustomMeshComponent/Binaries/Win64/UE4Editor-CustomMeshComponent.dll (API version 3944462).
LogModuleManager: Display: Found up-to-date module file ../../../Engine/Plugins/Runtime/ExampleDeviceProfileSelector/Binaries/Win64/UE4Editor-ExampleDeviceProfileSelector.dll (API version 3944462).
LogModuleManager: Display: Found up-to-date module file ../../../Engine/Plugins/Runtime/ImmediatePhysics/Binaries/Win64/UE4Editor-ImmediatePhysics.dll (API version 3944462).
LogModuleManager: Display: Found up-to-date module file ../../../Engine/Plugins/Runtime/ImmediatePhysics/Binaries/Win64/UE4Editor-ImmediatePhysicsEditor.dll (API version 3944462).
LogModuleManager: Display: Found up-to-date module file ../../../Engine/Plugins/Runtime/LocationServicesBPLibrary/Binaries/Win64/UE4Editor-LocationServicesBPLibrary.dll (API version 3944462).
LogModuleManager: Display: Found up-to-date module file ../../../Engine/Plugins/Runtime/MobilePatchingUtils/Binaries/Win64/UE4Editor-MobilePatchingUtils.dll (API version 3944462).
LogModuleManager: Display: Found up-to-date module file ../../../Engine/Plugins/Runtime/Oculus/OculusVR/Binaries/Win64/UE4Editor-OculusHMD.dll (API version 3944462).
LogModuleManager: Display: Found up-to-date module file ../../../Engine/Plugins/Runtime/Oculus/OculusVR/Binaries/Win64/UE4Editor-OculusInput.dll (API version 3944462).
LogModuleManager: Display: Found up-to-date module file ../../../Engine/Plugins/Runtime/Oculus/OculusVR/Binaries/Win64/UE4Editor-OculusEditor.dll (API version 3944462).
LogModuleManager: Display: Found up-to-date module file ../../../Engine/Plugins/Runtime/PhysXVehicles/Binaries/Win64/UE4Editor-PhysXVehicles.dll (API version 3944462).
LogModuleManager: Display: Found up-to-date module file ../../../Engine/Plugins/Runtime/PhysXVehicles/Binaries/Win64/UE4Editor-PhysXVehiclesEditor.dll (API version 3944462).
LogModuleManager: Display: Found up-to-date module file ../../../Engine/Plugins/Runtime/RuntimePhysXCooking/Binaries/Win64/UE4Editor-RuntimePhysXCooking.dll (API version 3944462).
LogModuleManager: Display: Found up-to-date module file ../../../Engine/Plugins/Runtime/Steam/SteamVR/Binaries/Win64/UE4Editor-SteamVR.dll (API version 3944462).
LogModuleManager: Display: Found up-to-date module file ../../../Engine/Plugins/Runtime/Steam/SteamVR/Binaries/Win64/UE4Editor-SteamVRController.dll (API version 3944462).
LogModuleManager: Display: Found up-to-date module file ../../../Engine/Plugins/Runtime/WindowsMoviePlayer/Binaries/Win64/UE4Editor-WindowsMoviePlayer.dll (API version 3944462).
LogPluginManager: Mounting plugin Paper2D
LogPluginManager: Mounting plugin LiveLink
LogPluginManager: Mounting plugin LightPropagationVolume
LogPluginManager: Mounting plugin CLionSourceCodeAccess
LogPluginManager: Mounting plugin CodeLiteSourceCodeAccess
LogPluginManager: Mounting plugin GitSourceControl
LogPluginManager: Mounting plugin KDevelopSourceCodeAccess
LogPluginManager: Mounting plugin NullSourceCodeAccess
LogPluginManager: Mounting plugin PerforceSourceControl
LogPluginManager: Mounting plugin SubversionSourceControl
LogPluginManager: Mounting plugin UObjectPlugin
LogPluginManager: Mounting plugin VisualStudioCodeSourceCodeAccess
LogPluginManager: Mounting plugin VisualStudioSourceCodeAccess
LogPluginManager: Mounting plugin XCodeSourceCodeAccess
LogPluginManager: Mounting plugin AssetManagerEditor
LogPluginManager: Mounting plugin CryptoKeys
LogPluginManager: Mounting plugin DataValidation
LogPluginManager: Mounting plugin FacialAnimation
LogPluginManager: Mounting plugin GameplayTagsEditor
LogPluginManager: Mounting plugin MobileLauncherProfileWizard
LogPluginManager: Mounting plugin PluginBrowser
LogPluginManager: Mounting plugin SpeedTreeImporter
LogPluginManager: Mounting plugin DatasmithContent
LogPluginManager: Mounting plugin AlembicImporter
LogPluginManager: Mounting plugin CharacterAI
LogPluginManager: Mounting plugin HTML5Networking
LogPluginManager: Mounting plugin DlgSystem
LogPluginManager: Mounting plugin JSONParser
LogPluginManager: Mounting plugin AndroidMedia
LogPluginManager: Mounting plugin AvfMedia
LogPluginManager: Mounting plugin ImgMedia
LogPluginManager: Mounting plugin LinearTimecode
LogPluginManager: Mounting plugin MediaCompositing
LogPluginManager: Mounting plugin MediaPlayerEditor
LogPluginManager: Mounting plugin WmfMedia
LogPluginManager: Mounting plugin TcpMessaging
LogPluginManager: Mounting plugin UdpMessaging
LogPluginManager: Mounting plugin ActorSequence
LogPluginManager: Mounting plugin LevelSequenceEditor
LogPluginManager: Mounting plugin MatineeToLevelSequence
LogPluginManager: Mounting plugin NetcodeUnitTest
LogPluginManager: Mounting plugin NUTUnrealEngine4
LogPluginManager: Mounting plugin OnlineSubsystemGooglePlay
LogPluginManager: Mounting plugin OnlineSubsystemIOS
LogPluginManager: Mounting plugin OnlineSubsystem
LogPluginManager: Mounting plugin OnlineSubsystemNull
LogPluginManager: Mounting plugin OnlineSubsystemUtils
LogPluginManager: Mounting plugin AndroidDeviceProfileSelector
LogPluginManager: Mounting plugin AndroidMoviePlayer
LogPluginManager: Mounting plugin AndroidPermission
LogPluginManager: Mounting plugin AppleARKit
LogPluginManager: Mounting plugin AppleMoviePlayer
LogPluginManager: Mounting plugin ArchVisCharacter
LogPluginManager: Mounting plugin AudioCapture
LogPluginManager: Mounting plugin CableComponent
LogPluginManager: Mounting plugin CustomMeshComponent
LogPluginManager: Mounting plugin ExampleDeviceProfileSelector
LogPluginManager: Mounting plugin GoogleCloudMessaging
LogPluginManager: Mounting plugin ImmediatePhysics
LogPluginManager: Mounting plugin IOSDeviceProfileSelector
LogPluginManager: Mounting plugin LinuxDeviceProfileSelector
LogPluginManager: Mounting plugin LocationServicesBPLibrary
LogPluginManager: Mounting plugin MobilePatchingUtils
LogPluginManager: Mounting plugin OculusVR
LogPluginManager: Plugin shader directory ../../../Engine/Plugins/Runtime/Oculus/OculusVR/Shaders found
LogPluginManager: Mapping shader source directory ../../../Engine/Plugins/Runtime/Oculus/OculusVR/Shaders to virtual directory /Plugin/OculusVR
LogPluginManager: Mounting plugin PhysXVehicles
LogPluginManager: Mounting plugin ProceduralMeshComponent
LogPluginManager: Mounting plugin RuntimePhysXCooking
LogPluginManager: Mounting plugin SteamVR
LogPluginManager: Mounting plugin WindowsMoviePlayer
LogStreaming: Display: Took  4.314s to configure plugins.
LogInit: Using libcurl 7.47.1
LogInit:  - built for x86_64-pc-win32
LogInit:  - supports SSL with OpenSSL/1.0.2g
LogInit:  - supports HTTP deflate (compression) using libz 1.2.8
LogInit:  - other features:
LogInit:      CURL_VERSION_SSL
LogInit:      CURL_VERSION_LIBZ
LogInit:      CURL_VERSION_IPV6
LogInit:      CURL_VERSION_ASYNCHDNS
LogInit:      CURL_VERSION_LARGEFILE
LogInit:      CURL_VERSION_IDN
LogInit:  CurlRequestOptions (configurable via config and command line):
LogInit:  - bVerifyPeer = false  - Libcurl will NOT verify peer certificate
LogInit:  - bUseHttpProxy = false  - Libcurl will NOT use HTTP proxy
LogInit:  - bDontReuseConnections = false  - Libcurl will reuse connections
LogInit:  - CertBundlePath = nullptr  - Libcurl will use whatever was configured at build time.
LogInit:  - MaxHostConnections = 16  - Libcurl will limit the number of connections to a host
LogInit:  - LocalHostAddr = Default
LogInit: WinSock: version 1.1 (2.2), MaxSocks=32767, MaxUdp=65467
LogInit: WinSock: I am DESKTOP-J55RO49 (192.168.0.107:0)
LogInit: Build: ++UE4+Release-4.19-CL-3944462
LogInit: Engine Version: 4.19.0-3944462+++UE4+Release-4.19
LogInit: Compatible Engine Version: 4.19.0-3944462+++UE4+Release-4.19
LogInit: Net CL: 3944462
LogDevObjectVersion: Number of dev versions registered: 18
LogDevObjectVersion:   Dev-Blueprints (B0D832E4-1F89-4F0D-ACCF-7EB736FD4AA2): 10
LogDevObjectVersion:   Dev-Build (E1C64328-A22C-4D53-A36C-8E866417BD8C): 0
LogDevObjectVersion:   Dev-Core (375EC13C-06E4-48FB-B500-84F0262A717E): 2
LogDevObjectVersion:   Dev-Editor (E4B068ED-F494-42E9-A231-DA0B2E46BB41): 23
LogDevObjectVersion:   Dev-Framework (CFFC743F-43B0-4480-9391-14DF171D2073): 33
LogDevObjectVersion:   Dev-Mobile (B02B49B5-BB20-44E9-A304-32B752E40360): 2
LogDevObjectVersion:   Dev-Networking (A4E4105C-59A1-49B5-A7C5-40C4547EDFEE): 0
LogDevObjectVersion:   Dev-Online (39C831C9-5AE6-47DC-9A44-9C173E1C8E7C): 0
LogDevObjectVersion:   Dev-Physics (78F01B33-EBEA-4F98-B9B4-84EACCB95AA2): 0
LogDevObjectVersion:   Dev-Platform (6631380F-2D4D-43E0-8009-CF276956A95A): 0
LogDevObjectVersion:   Dev-Rendering (12F88B9F-8875-4AFC-A67C-D90C383ABD29): 25
LogDevObjectVersion:   Dev-Sequencer (7B5AE74C-D270-4C10-A958-57980B212A5A): 6
LogDevObjectVersion:   Dev-VR (D7296918-1DD6-4BDD-9DE2-64A83CC13884): 1
LogDevObjectVersion:   Dev-LoadTimes (C2A15278-BFE7-4AFE-6C17-90FF531DF755): 1
LogDevObjectVersion:   Private-Geometry (6EACA3D4-40EC-4CC1-B786-8BED09428FC5): 2
LogDevObjectVersion:   Dev-AnimPhys (29E575DD-E0A3-4627-9D10-D276232CDCEA): 16
LogDevObjectVersion:   Dev-ReflectionCapture (6B266CEC-1EC7-4B8F-A30B-E4D90942FC07): 1
LogDevObjectVersion:   Dev-Automation (0DF73D61-A23F-47EA-B727-89E90C41499A): 1
LogInit: Compiled (64-bit): Mar 13 2018 23:12:32
LogInit: Compiled with Visual C++: 19.00.24215.01
LogInit: Build Configuration: Development
LogInit: Branch Name: ++UE4+Release-4.19
LogInit: Command Line: 
LogInit: Base Directory: C:/Program Files/Epic Games/UE_4.19/Engine/Binaries/Win64/
LogInit: Installed Engine Build: 1
LogStreaming: Display: Took  0.002s to delete old logs.
LogInit: Presizing for max 8388607 objects, including 0 objects not considered by GC, pre-allocating 0 bytes for permanent pool.
LogInit: Object subsystem initialized
[2018.04.11-21.21.37:986][  0]LogInit: Selected Device Profile: [Windows]
[2018.04.11-21.21.37:986][  0]LogInit: Applying CVar settings loaded from the selected device profile: [Windows]
[2018.04.11-21.21.38:128][  0]LogInit: Computer: DESKTOP-J55RO49
[2018.04.11-21.21.38:128][  0]LogInit: User: Franco
[2018.04.11-21.21.38:128][  0]LogInit: CPU Page size=4096, Cores=4
[2018.04.11-21.21.38:128][  0]LogInit: High frequency timer resolution =3.134210 MHz
[2018.04.11-21.21.38:128][  0]LogMemory: Memory total: Physical=8.0GB (8GB approx)
[2018.04.11-21.21.38:128][  0]LogMemory: Platform Memory Stats for Windows
[2018.04.11-21.21.38:128][  0]LogMemory: Process Physical Memory: 275.14 MB used, 275.14 MB peak
[2018.04.11-21.21.38:128][  0]LogMemory: Process Virtual Memory: 264.18 MB used, 264.18 MB peak
[2018.04.11-21.21.38:128][  0]LogMemory: Physical Memory: 4861.95 MB used,  3282.49 MB free, 8144.43 MB total
[2018.04.11-21.21.38:128][  0]LogMemory: Virtual Memory: 672.18 MB used,  3282.49 MB free, 134217728.00 MB total
[2018.04.11-21.21.38:179][  0]LogInit: Using OS detected language (en-US).
[2018.04.11-21.21.38:179][  0]LogInit: Using OS detected locale (en-US).
[2018.04.11-21.21.38:188][  0]LogTextLocalizationManager: No specific localization for 'en-US' exists, so the 'en' localization will be used.
[2018.04.11-21.21.38:640][  0]LogStreaming: Display: Took  0.461s to EndInitTextLocalization.
[2018.04.11-21.21.38:640][  0]LogInit: Setting process to per monitor DPI aware
[2018.04.11-21.21.38:684][  0]LogSlate: New Slate User Created.  User Index 0, Is Virtual User: 0
[2018.04.11-21.21.38:684][  0]LogSlate: Slate User Registered.  User Index 0, Is Virtual User: 0
[2018.04.11-21.21.39:215][  0]LogD3D11RHI: D3D11 adapters:
[2018.04.11-21.21.39:248][  0]LogD3D11RHI:    0. 'AMD Radeon HD 7700 Series' (Feature Level 11_0)
[2018.04.11-21.21.39:248][  0]LogD3D11RHI:       1004/0/4072 MB DedicatedVideo/DedicatedSystem/SharedSystem, Outputs:2, VendorId:0x1002
[2018.04.11-21.21.39:253][  0]LogD3D11RHI:    1. 'Microsoft Basic Render Driver' (Feature Level 11_0)
[2018.04.11-21.21.39:253][  0]LogD3D11RHI:       0/0/4072 MB DedicatedVideo/DedicatedSystem/SharedSystem, Outputs:0, VendorId:0x1414
[2018.04.11-21.21.39:253][  0]LogD3D11RHI: Chosen D3D11 Adapter: 0
[2018.04.11-21.21.39:262][  0]LogD3D11RHI: Creating new Direct3DDevice
[2018.04.11-21.21.39:262][  0]LogD3D11RHI:     GPU DeviceId: 0x683d (for the marketing name, search the web for "GPU Device Id")
[2018.04.11-21.21.39:262][  0]LogWindows: EnumDisplayDevices:
[2018.04.11-21.21.39:262][  0]LogWindows:    0. 'AMD Radeon HD 7700 Series' (P:0 D:1)
[2018.04.11-21.21.39:263][  0]LogWindows:    1. 'AMD Radeon HD 7700 Series' (P:1 D:1)
[2018.04.11-21.21.39:263][  0]LogWindows:    2. 'AMD Radeon HD 7700 Series' (P:0 D:0)
[2018.04.11-21.21.39:263][  0]LogWindows:    3. 'AMD Radeon HD 7700 Series' (P:0 D:0)
[2018.04.11-21.21.39:264][  0]LogWindows:    4. 'AMD Radeon HD 7700 Series' (P:0 D:0)
[2018.04.11-21.21.39:264][  0]LogWindows:    5. 'AMD Radeon HD 7700 Series' (P:0 D:0)
[2018.04.11-21.21.39:264][  0]LogWindows: DebugString: GetVideoDriverDetailsInvalid PrimaryIsNotTheChoosenAdapter GetVideoDriverDetailsInvalid PrimaryIsNotTheChoosenAdapter GetVideoDriverDetailsInvalid PrimaryIsNotTheChoosenAdapter GetVideoDriverDetailsInvalid PrimaryIsNotTheChoosenAdapter GetVideoDriverDetailsInvalid PrimaryIsNotTheChoosenAdapter GetVideoDriverDetailsInvalid PrimaryIsNotTheChoosenAdapter FoundDriverCount:0 
[2018.04.11-21.21.39:264][  0]LogD3D11RHI:     Adapter Name: AMD Radeon HD 7700 Series
[2018.04.11-21.21.39:264][  0]LogD3D11RHI:   Driver Version: Unknown (internal:Unknown, unified:Unknown)
[2018.04.11-21.21.39:264][  0]LogD3D11RHI:      Driver Date: Unknown
[2018.04.11-21.21.39:264][  0]LogRHI: Texture pool is 702 MB (70% of 1004 MB)
[2018.04.11-21.21.39:314][  0]LogD3D11RHI: Async texture creation enabled
[2018.04.11-21.21.39:328][  0]LogD3D11RHI: GPU Timing Frequency: 27.000000 (Debug: 2 1)
[2018.04.11-21.21.39:330][  0]LogShaderCompilers: Guid format shader working directory is -46 characters bigger than the processId version (../../../../../../Users/Franco/Documents/GameDevelopment/Son of the Wind/Son of the Wind 2018/Son of the Wind/Intermediate/Shaders/WorkingDirectory/6020/).
[2018.04.11-21.21.39:331][  0]LogShaderCompilers: Cleaned the shader compiler working directory 'C:/Users/Franco.DESKTOP-J55RO49/AppData/Local/Temp/UnrealShaderWorkingDir/442CBCA5456FAB19DCBFA4856A8D1BF7/'.
[2018.04.11-21.21.40:288][  0]LogTemp: Display: Loaded TP AllDesktopTargetPlatform
[2018.04.11-21.21.40:311][  0]LogTemp: Display: Loaded TP MacClientTargetPlatform
[2018.04.11-21.21.40:333][  0]LogTemp: Display: Loaded TP MacNoEditorTargetPlatform
[2018.04.11-21.21.40:354][  0]LogTemp: Display: Loaded TP MacServerTargetPlatform
[2018.04.11-21.21.40:377][  0]LogTemp: Display: Loaded TP MacTargetPlatform
[2018.04.11-21.21.40:398][  0]LogTemp: Display: Loaded TP WindowsClientTargetPlatform
[2018.04.11-21.21.40:419][  0]LogTemp: Display: Loaded TP WindowsNoEditorTargetPlatform
[2018.04.11-21.21.40:441][  0]LogTemp: Display: Loaded TP WindowsServerTargetPlatform
[2018.04.11-21.21.40:453][  0]LogTemp: Display: Loaded TP WindowsTargetPlatform
[2018.04.11-21.21.40:472][  0]LogTemp: Display: Loaded TP Android_ASTCTargetPlatform
[2018.04.11-21.21.40:491][  0]LogTemp: Display: Loaded TP Android_ATCTargetPlatform
[2018.04.11-21.21.40:511][  0]LogTemp: Display: Loaded TP Android_DXTTargetPlatform
[2018.04.11-21.21.40:532][  0]LogTemp: Display: Loaded TP Android_ETC1aTargetPlatform
[2018.04.11-21.21.40:551][  0]LogTemp: Display: Loaded TP Android_ETC1TargetPlatform
[2018.04.11-21.21.40:569][  0]LogTemp: Display: Loaded TP Android_ETC2TargetPlatform
[2018.04.11-21.21.40:608][  0]LogTemp: Display: Loaded TP Android_MultiTargetPlatform
[2018.04.11-21.21.40:608][  0]LogTemp: Display: Loaded TP Android_PVRTCTargetPlatform
[2018.04.11-21.21.40:627][  0]LogTemp: Display: Loaded TP AndroidTargetPlatform
[2018.04.11-21.21.40:632][  0]LogTemp: Display: Loaded TP HTML5TargetPlatform
[2018.04.11-21.21.40:681][  0]LogTemp: Display: Loaded TP IOSTargetPlatform
[2018.04.11-21.21.40:700][  0]LogTemp: Display: Loaded TP TVOSTargetPlatform
[2018.04.11-21.21.40:719][  0]LogTemp: Display: Loaded TP LinuxClientTargetPlatform
[2018.04.11-21.21.40:738][  0]LogTemp: Display: Loaded TP LinuxNoEditorTargetPlatform
[2018.04.11-21.21.40:758][  0]LogTemp: Display: Loaded TP LinuxServerTargetPlatform
[2018.04.11-21.21.40:778][  0]LogTemp: Display: Loaded TP LinuxTargetPlatform
[2018.04.11-21.21.40:778][  0]LogTargetPlatformManager: Display: Building Assets For Windows
[2018.04.11-21.21.41:083][  0]LogXGEController: Cannot use XGE Controller as Incredibuild is not installed on this machine.
[2018.04.11-21.21.41:083][  0]LogShaderCompilers: Cannot use XGE Shader Compiler as Incredibuild is not installed on this machine.
[2018.04.11-21.21.41:083][  0]LogShaderCompilers: Display: Using Local Shader Compiler.
[2018.04.11-21.21.42:352][  0]LogDerivedDataCache: Display: Max Cache Size: 512 MB
[2018.04.11-21.21.42:455][  0]LogDerivedDataCache: Loaded boot cache 0.10s 74MB C:/Users/Franco.DESKTOP-J55RO49/AppData/Local/UnrealEngine/4.19/DerivedDataCache/Boot.ddc.
[2018.04.11-21.21.42:455][  0]LogDerivedDataCache: Display: Loaded Boot cache: C:/Users/Franco.DESKTOP-J55RO49/AppData/Local/UnrealEngine/4.19/DerivedDataCache/Boot.ddc
[2018.04.11-21.21.42:455][  0]LogDerivedDataCache: FDerivedDataBackendGraph:  Pak pak cache file ../../../../../../Users/Franco/Documents/GameDevelopment/Son of the Wind/Son of the Wind 2018/Son of the Wind/DerivedDataCache/DDC.ddp not found, will not use a pak cache.
[2018.04.11-21.21.42:455][  0]LogDerivedDataCache: Unable to find inner node Pak for hierarchical cache Hierarchy.
[2018.04.11-21.21.42:455][  0]LogDerivedDataCache: FDerivedDataBackendGraph:  CompressedPak pak cache file ../../../../../../Users/Franco/Documents/GameDevelopment/Son of the Wind/Son of the Wind 2018/Son of the Wind/DerivedDataCache/Compressed.ddp not found, will not use a pak cache.
[2018.04.11-21.21.42:455][  0]LogDerivedDataCache: Unable to find inner node CompressedPak for hierarchical cache Hierarchy.
[2018.04.11-21.21.42:473][  0]LogDerivedDataCache: Display: Pak cache opened for reading ../../../Engine/DerivedDataCache/Compressed.ddp.
[2018.04.11-21.21.42:488][  0]LogDerivedDataCache: Using Local data cache path C:/Users/Franco.DESKTOP-J55RO49/AppData/Local/UnrealEngine/Common/DerivedDataCache: Writable
[2018.04.11-21.21.42:501][  0]LogMaterial: Verifying Global Shaders for PCD3D_SM5
[2018.04.11-21.21.42:502][  0]LogSlate: Using Freetype 2.6.0
[2018.04.11-21.21.42:503][  0]LogSlate: SlateFontCache - WITH_FREETYPE: 1, WITH_HARFBUZZ: 1
[2018.04.11-21.21.42:504][  0]LogSlate: SlateFontCache - WITH_FREETYPE: 1, WITH_HARFBUZZ: 1
[2018.04.11-21.21.42:917][  0]LogAssetRegistry: FAssetRegistry took 0.0290 seconds to start up
[2018.04.11-21.21.43:426][  0]LogInit: Selected Device Profile: [Windows]
[2018.04.11-21.21.43:670][  0]LogSimplygon: Simplygon DLL not present - disabling.
[2018.04.11-21.21.43:677][  0]LogMeshReduction: Using SimplygonSwarm for distributed automatic mesh merging
[2018.04.11-21.21.43:677][  0]LogMeshReduction: Using QuadricMeshReduction for automatic static mesh reduction
[2018.04.11-21.21.43:677][  0]LogMeshReduction: No automatic skeletal mesh reduction module available
[2018.04.11-21.21.43:677][  0]LogMeshReduction: No automatic mesh merging module available
[2018.04.11-21.21.43:677][  0]LogMeshMerging: No automatic mesh merging module available
[2018.04.11-21.21.43:755][  0]LogNetVersion: SotW , NetCL: 3944462, EngineNetVer: 2, GameNetVer: 0 (Checksum: 175056507)
[2018.04.11-21.21.44:849][  0]LogPackageLocalizationCache: Processed 10 localized package path(s) for 2 prioritized culture(s) in 0.529261 seconds
[2018.04.11-21.21.44:855][  0]LogUObjectArray: 36728 objects as part of root set at end of initial load.
[2018.04.11-21.21.44:855][  0]LogUObjectAllocator: 7314312 out of 0 bytes used by permanent object pool.
[2018.04.11-21.21.44:855][  0]LogUObjectArray: CloseDisregardForGC: 0/0 objects in disregard for GC pool
[2018.04.11-21.21.50:626][  0]LogDlgSystem: Verbose: Creating new DlgGuid = `FD76786C4DDD44B2ADEB0CA0AC52C2AF` for Dialogue = `/Script/DlgSystem.Default__DlgDialogue` because of new created Dialogue.
[2018.04.11-21.21.50:769][  0]LogDlgSystem: Verbose: Started DlgSystemModule
[2018.04.11-21.21.51:247][  0]LogTcpMessaging: Initializing TcpMessaging bridge
[2018.04.11-21.21.51:317][  0]LogUdpMessaging: Initializing bridge on interface 0.0.0.0:0 to multicast group 230.0.0.1:6666.
[2018.04.11-21.21.52:312][  0]SourceControl: Source control is disabled
[2018.04.11-21.21.52:312][  0]SourceControl: Source control is disabled
[2018.04.11-21.21.52:372][  0]SourceControl: Source control is disabled
[2018.04.11-21.21.52:429][  0]SourceControl: Source control is disabled
[2018.04.11-21.21.54:126][  0]LogAndroidPermission: UAndroidPermissionCallbackProxy::GetInstance
[2018.04.11-21.21.54:555][  0]LogOcInput: OculusInput pre-init called
[2018.04.11-21.21.56:854][  0]LogDlgSystemEditor: Verbose: Started DlgSystemEditorModule
[2018.04.11-21.21.58:307][  0]LogLinker: Warning: Asset '../../Plugins/Marketplace/DlgSystem/Content/TestDialogue.uasset' has been saved with empty engine version. The asset will be loaded but may be incompatible.
[2018.04.11-21.21.58:392][  0]LogDlgSystem: Verbose: Creating graph for Dialogue = `/DlgSystem/TestDialogue.TestDialogue`
[2018.04.11-21.21.59:668][  0]LogDlgSystem: Verbose: Creating new DlgGuid = `6ED404B04E4FF062EBD817905AC6C743` for Dialogue = `/DlgSystem/TestDialogue.TestDialogue` because of new created Dialogue.
[2018.04.11-21.21.59:844][  0]LogDlgSystem: Verbose: Creating graph for Dialogue = `/Game/Data/DialogueSystem/NewDlgDialogue.NewDlgDialogue`
[2018.04.11-21.21.59:844][  0]LogDlgSystem: Verbose: Creating new DlgGuid = `35C64F20455DB90CEC016FA5685B2D5C` for Dialogue = `/Game/Data/DialogueSystem/NewDlgDialogue.NewDlgDialogue` because of new created Dialogue.
[2018.04.11-21.21.59:845][  0]LogDlgSystemEditor: Verbose: UDlgManager::LoadAllDialoguesIntoMemory loaded 0 Dialogues into Memory
[2018.04.11-21.22.01:185][  0]LogEngine: Initializing Engine...
[2018.04.11-21.22.01:188][  0]LogHMD: Failed to initialize OpenVR with code 110
[2018.04.11-21.22.01:190][  0]LogStats: UGameplayTagsManager::ConstructGameplayTagTree: Construct from data asset -  0.000 s
[2018.04.11-21.22.01:190][  0]LogStats: UGameplayTagsManager::ConstructGameplayTagTree: GameplayTagTreeChangedEvent.Broadcast -  0.000 s
[2018.04.11-21.22.01:514][  0]LogAIModule: Creating AISystem for world Untitled
[2018.04.11-21.22.01:549][  0]LogInit: XAudio2 using 'Speakers (High Definition Audio Device)' : 2 channels at 44.1 kHz using 16 bits per sample (channel mask 0x3)
[2018.04.11-21.22.01:582][  0]LogInit: FAudioDevice initialized.
[2018.04.11-21.22.06:681][  0]LogDerivedDataCache: Saved boot cache 5.10s 74MB C:/Users/Franco.DESKTOP-J55RO49/AppData/Local/UnrealEngine/4.19/DerivedDataCache/Boot.ddc.
[2018.04.11-21.22.06:690][  0]LogInit: Texture streaming: Enabled
[2018.04.11-21.22.06:719][  0]LogEngineSessionManager: EngineSessionManager initialized
[2018.04.11-21.22.07:146][  0]LogInit: Transaction tracking system initialized
[2018.04.11-21.22.07:196][  0]BlueprintLog: New page: Editor Load
[2018.04.11-21.22.07:589][  0]LocalizationService: Localization service is disabled
[2018.04.11-21.22.07:786][  0]LogLinker: Warning: Can't find file '/Game/2DSideScrollerBP/2DSideScrollerOverview'
[2018.04.11-21.22.07:786][  0]LogLinker: Warning: Can't find file '/Game/2DSideScrollerBP/2DSideScrollerOverview'
[2018.04.11-21.22.07:786][  0]LogUObjectGlobals: Warning: Failed to find object 'Class /Game/2DSideScrollerBP/2DSideScrollerOverview.2DSideScrollerOverview_C'
[2018.04.11-21.22.07:827][  0]LogConsoleResponse: Display: 
[2018.04.11-21.22.08:697][  0]LogCook: Display: Max memory allowance for cook 16384mb min free memory 0mb
[2018.04.11-21.22.08:697][  0]LogCook: Display: Mobile HDR setting 1
[2018.04.11-21.22.08:697][  0]LogGameplayTags: Display: UGameplayTagsManager::DoneAddingNativeTags. DelegateIsBound: 0
[2018.04.11-21.22.08:697][  0]LogStats: UGameplayTagsManager::ConstructGameplayTagTree: Construct from data asset -  0.000 s
[2018.04.11-21.22.08:697][  0]LogStats: UGameplayTagsManager::ConstructGameplayTagTree: GameplayTagTreeChangedEvent.Broadcast -  0.000 s
[2018.04.11-21.22.08:706][  0]LogFileCache: Scanning file cache for directory 'C:/Users/Franco/Documents/GameDevelopment/Son of the Wind/Son of the Wind 2018/Son of the Wind/Content/' took 0.02s
[2018.04.11-21.22.09:756][  0]SourceControl: Source control is disabled
[2018.04.11-21.22.09:757][  0]LogEditorServer: Warning: Can't find file '../../../../../../Users/Franco/Documents/GameDevelopment/Son of the Wind/Son of the Wind 2018/Son of the Wind/Content/2DSideScrollerBP/Maps/2DSideScrollerExampleMap.umap'
[2018.04.11-21.22.09:838][  0]Cmd: MAP CHECKDEP NOCLEARLOG
[2018.04.11-21.22.10:053][  0]MapCheck: Map check complete: 0 Error(s), 0 Warning(s), took 214.744ms to complete.
[2018.04.11-21.22.10:053][  0]LogFileHelpers: Loading map '2DSideScrollerExampleMap' took 0.297
[2018.04.11-21.22.19:326][  0]LogCollectionManager: Loaded 0 collections in 0.003188 seconds
[2018.04.11-21.22.20:088][  0]LogFileCache: Scanning file cache for directory 'C:/Users/Franco/Documents/GameDevelopment/Son of the Wind/Son of the Wind 2018/Son of the Wind/Saved/Collections/' took 0.01s
[2018.04.11-21.22.20:088][  0]LogFileCache: Scanning file cache for directory 'C:/Users/Franco/Documents/GameDevelopment/Son of the Wind/Son of the Wind 2018/Son of the Wind/Content/Developers/Franco/Collections/' took 0.01s
[2018.04.11-21.22.20:088][  0]LogFileCache: Scanning file cache for directory 'C:/Users/Franco/Documents/GameDevelopment/Son of the Wind/Son of the Wind 2018/Son of the Wind/Content/Collections/' took 0.01s
[2018.04.11-21.22.20:088][  0]LogCollectionManager: Rebuilt the GUID cache for 0 collections in 0.000001 seconds
[2018.04.11-21.22.20:133][  0]LogContentBrowser: Native class hierarchy populated in 0.0435 seconds. Added 2492 classes and 574 folders.
[2018.04.11-21.22.22:955][  0]LogContentBrowser: Native class hierarchy updated for 'WidgetCarousel' in 0.0004 seconds. Added 0 classes and 0 folders.
[2018.04.11-21.22.33:763][  0]LogContentBrowser: Native class hierarchy updated for 'AddContentDialog' in 0.0004 seconds. Added 0 classes and 0 folders.
[2018.04.11-21.22.34:146][  0]LogContentBrowser: Native class hierarchy updated for 'SceneOutliner' in 0.0004 seconds. Added 1 classes and 2 folders.
[2018.04.11-21.22.34:498][  0]LogSlate: Took 0.000410 seconds to synchronously load lazily loaded font '../../../Engine/Content/Slate/Fonts/Roboto-Regular.ttf' (155K)
[2018.04.11-21.22.34:501][  0]LogSlate: Took 0.000496 seconds to synchronously load lazily loaded font '../../../Engine/Content/Slate/Fonts/Roboto-Bold.ttf' (160K)
[2018.04.11-21.22.34:563][  0]LogSlate: Took 0.041110 seconds to synchronously load lazily loaded font '../../../Engine/Content/Editor/Slate/Fonts/FontAwesome.ttf' (139K)
[2018.04.11-21.22.36:253][  0]LogRenderer: Reallocating scene render targets to support 808x376 Format 10 NumSamples 1 (Frame:1).
[2018.04.11-21.22.36:544][  0]LogSlate: Took 0.085181 seconds to synchronously load lazily loaded font '../../../Engine/Content/Slate/Fonts/Roboto-Light.ttf' (167K)
[2018.04.11-21.22.37:102][  0]LogContentBrowser: Native class hierarchy updated for 'HierarchicalLODOutliner' in 0.0004 seconds. Added 0 classes and 0 folders.
[2018.04.11-21.22.37:102][  0]LogLoad: (Engine Initialization) Total time: 67.35 seconds
[2018.04.11-21.22.37:102][  0]LogLoad: (Engine Initialization) Total Blueprint compile time: 0.00 seconds
[2018.04.11-21.22.37:139][  0]LogContentStreaming: Texture pool size now 1000 MB
[2018.04.11-21.22.37:302][  1]LogAssetRegistry: Asset discovery search completed in 54.4075 seconds
[2018.04.11-21.22.37:304][  1]LogCollectionManager: Rebuilt the object cache for 0 collections in 0.000001 seconds (found 0 objects)
[2018.04.11-21.22.37:304][  1]LogCollectionManager: Fixed up redirectors for 0 collections in 0.000074 seconds (updated 0 objects)
[2018.04.11-21.22.38:213][ 91]LogSlate: Took 0.000424 seconds to synchronously load lazily loaded font '../../../Engine/Content/Slate/Fonts/Roboto-Light.ttf' (167K)
[2018.04.11-21.22.40:132][306]LogSlate: FSceneViewport::OnFocusLost() reason 0
[2018.04.11-21.22.46:374][322]LogContentBrowser: Native class hierarchy updated for 'BlueprintGraph' in 0.0009 seconds. Added 116 classes and 0 folders.
[2018.04.11-21.22.48:849][322]LogSlate: Took 0.011440 seconds to synchronously load lazily loaded font '../../../Engine/Content/Slate/Fonts/Roboto-BoldCondensed.ttf' (158K)
[2018.04.11-21.27.36:974][108]LogSlate: Took 0.026729 seconds to synchronously load lazily loaded font '../../../Engine/Content/Slate/Fonts/Roboto-BoldCondensedItalic.ttf' (160K)
[2018.04.11-21.30.37:982][ 57]LogTemp: Repeating last play command: New Editor Window (PIE)
[2018.04.11-21.30.38:021][ 57]BlueprintLog: New page: Pre-Play auto-recompile
[2018.04.11-21.30.38:028][ 57]LogPlayLevel: [PlayLevel] Compiling JsonReader before play...
[2018.04.11-21.30.38:281][ 57]LogPlayLevel: PlayLevel: Blueprint regeneration took 260 ms (1 blueprints)
[2018.04.11-21.30.38:335][ 57]PIE: New page: PIE session: Untitled_0 (Apr 11, 2018, 3:30:38 PM)
[2018.04.11-21.30.38:335][ 57]LogPlayLevel: Creating play world package: /Temp/UEDPIE_0_Untitled_0
[2018.04.11-21.30.38:336][ 57]LogPlayLevel: PIE: StaticDuplicateObject took: (0.000956s)
[2018.04.11-21.30.38:336][ 57]LogAIModule: Creating AISystem for world Untitled
[2018.04.11-21.30.38:337][ 57]LogPlayLevel: PIE: World Init took: (0.000863s)
[2018.04.11-21.30.38:337][ 57]LogPlayLevel: PIE: Created PIE world by copying editor world from /Temp/Untitled_0.Untitled to /Temp/UEDPIE_0_Untitled_0.Untitled (0.002006s)
[2018.04.11-21.30.38:377][ 57]LogInit: XAudio2 using 'Speakers (High Definition Audio Device)' : 2 channels at 44.1 kHz using 16 bits per sample (channel mask 0x3)
[2018.04.11-21.30.38:391][ 57]LogInit: FAudioDevice initialized.
[2018.04.11-21.30.39:404][ 57]LogLoad: Game class is 'GameController_BP_C'
[2018.04.11-21.30.39:437][ 57]LogWorld: Bringing World /Temp/UEDPIE_0_Untitled_0.Untitled up for play (max tick rate 0) at 2018.04.11-18.30.39
[2018.04.11-21.30.39:437][ 57]LogWorld: Bringing up level for play took: 0.000599
[2018.04.11-21.30.39:523][ 57]LogContentBrowser: Native class hierarchy updated for 'MovieSceneCapture' in 0.0005 seconds. Added 11 classes and 0 folders.
[2018.04.11-21.30.39:529][ 57]PIE: Play in editor start time for /Temp/UEDPIE_0_Untitled_0 2.036
[2018.04.11-21.30.39:674][ 57]LogRenderer: Reallocating scene render targets to support 1452x936 Format 10 NumSamples 1 (Frame:1).
[2018.04.11-21.30.41:528][188]LogSlate: Window 'SotW Game Preview Standalone (64-bit/PCD3D_SM5)' being destroyed
[2018.04.11-21.30.44:154][433]LogSlate: Window 'JsonReader*' being destroyed
[2018.04.11-21.30.48:051][763]LogSavePackage: Save=30.87ms
[2018.04.11-21.30.48:051][763]LogSavePackage: Moving '../../../../../../Users/Franco/Documents/GameDevelopment/Son of the Wind/Son of the Wind 2018/Son of the Wind/Saved/JsonReaderAF78B0954E08CA02809E96863025206C.tmp' to '../../../../../../Users/Franco/Documents/GameDevelopment/Son of the Wind/Son of the Wind 2018/Son of the Wind/Content/Data/DialogueSystem/JsonReader.uasset'
[2018.04.11-21.30.48:070][763]LogSavePackage: Display: Finished SavePackage ../../../../../../Users/Franco/Documents/GameDevelopment/Son of the Wind/Son of the Wind 2018/Son of the Wind/Content/Data/DialogueSystem/JsonReader.uasset
[2018.04.11-21.30.50:206][982]LogAIModule: Creating AISystem for world 2DTestWorld
[2018.04.11-21.30.50:256][982]Cmd: MAP LOAD FILE="../../../../../../Users/Franco/Documents/GameDevelopment/Son of the Wind/Son of the Wind 2018/Son of the Wind/Content/Map/2DTestWorld.umap" TEMPLATE=0 SHOWPROGRESS=1 FEATURELEVEL=3
[2018.04.11-21.30.50:256][982]LightingResults: New page: Lighting Build
[2018.04.11-21.30.50:263][982]LogContentBrowser: Native class hierarchy updated for 'StatsViewer' in 0.0004 seconds. Added 5 classes and 0 folders.
[2018.04.11-21.30.50:265][982]LoadErrors: New page: Loading map: 2DTestWorld.umap
[2018.04.11-21.30.50:265][982]MapCheck: New page: Map Check
[2018.04.11-21.30.50:265][982]LightingResults: New page: Lighting Build
[2018.04.11-21.30.50:288][982]LogEditorServer: Finished looking for orphan Actors (0.000 secs)
[2018.04.11-21.30.50:356][982]Cmd: MAP CHECKDEP NOCLEARLOG
[2018.04.11-21.30.50:602][982]MapCheck: Map check complete: 0 Error(s), 0 Warning(s), took 245.979ms to complete.
[2018.04.11-21.30.50:603][982]LogFileHelpers: Loading map '2DTestWorld' took 0.348
[2018.04.11-21.30.52:134][143]LogTemp: Repeating last play command: New Editor Window (PIE)
[2018.04.11-21.30.52:176][143]LogPlayLevel: PlayLevel: No blueprints needed recompiling
[2018.04.11-21.30.52:176][143]PIE: New page: PIE session: 2DTestWorld (Apr 11, 2018, 3:30:52 PM)
[2018.04.11-21.30.52:176][143]LogPlayLevel: Creating play world package: /Game/Map/UEDPIE_0_2DTestWorld
[2018.04.11-21.30.52:177][143]LogPlayLevel: PIE: StaticDuplicateObject took: (0.001133s)
[2018.04.11-21.30.52:178][143]LogAIModule: Creating AISystem for world 2DTestWorld
[2018.04.11-21.30.52:178][143]LogPlayLevel: PIE: World Init took: (0.000712s)
[2018.04.11-21.30.52:178][143]LogPlayLevel: PIE: Created PIE world by copying editor world from /Game/Map/2DTestWorld.2DTestWorld to /Game/Map/UEDPIE_0_2DTestWorld.2DTestWorld (0.002001s)
[2018.04.11-21.30.52:217][143]LogInit: XAudio2 using 'Speakers (High Definition Audio Device)' : 2 channels at 44.1 kHz using 16 bits per sample (channel mask 0x3)
[2018.04.11-21.30.52:231][143]LogInit: FAudioDevice initialized.
[2018.04.11-21.30.52:283][143]LogLoad: Game class is 'GameController_BP_C'
[2018.04.11-21.30.52:285][143]LogWorld: Bringing World /Game/Map/UEDPIE_0_2DTestWorld.2DTestWorld up for play (max tick rate 0) at 2018.04.11-18.30.52
[2018.04.11-21.30.52:286][143]LogWorld: Bringing up level for play took: 0.001840
[2018.04.11-21.30.52:329][143]LogBlueprintUserMessages: [JsonReader_24] 
[2018.04.11-21.30.52:333][143]PIE: Play in editor start time for /Game/Map/UEDPIE_0_2DTestWorld 0.84
[2018.04.11-21.30.54:134][278]LogSlate: Window 'SotW Game Preview Standalone (64-bit/PCD3D_SM5)' being destroyed
[2018.04.11-21.31.10:372][143]LogTemp: Repeating last play command: New Editor Window (PIE)
[2018.04.11-21.31.10:398][143]BlueprintLog: New page: Pre-Play auto-recompile
[2018.04.11-21.31.10:406][143]LogPlayLevel: [PlayLevel] Compiling JsonReader before play...
[2018.04.11-21.31.10:682][143]LogPlayLevel: PlayLevel: Blueprint regeneration took 284 ms (1 blueprints)
[2018.04.11-21.31.10:682][143]PIE: New page: PIE session: 2DTestWorld (Apr 11, 2018, 3:31:10 PM)
[2018.04.11-21.31.10:682][143]LogPlayLevel: Creating play world package: /Game/Map/UEDPIE_0_2DTestWorld
[2018.04.11-21.31.10:683][143]LogPlayLevel: PIE: StaticDuplicateObject took: (0.001128s)
[2018.04.11-21.31.10:684][143]LogAIModule: Creating AISystem for world 2DTestWorld
[2018.04.11-21.31.10:684][143]LogPlayLevel: PIE: World Init took: (0.000650s)
[2018.04.11-21.31.10:684][143]LogPlayLevel: PIE: Created PIE world by copying editor world from /Game/Map/2DTestWorld.2DTestWorld to /Game/Map/UEDPIE_0_2DTestWorld.2DTestWorld (0.001919s)
[2018.04.11-21.31.10:741][143]LogInit: XAudio2 using 'Speakers (High Definition Audio Device)' : 2 channels at 44.1 kHz using 16 bits per sample (channel mask 0x3)
[2018.04.11-21.31.10:754][143]LogInit: FAudioDevice initialized.
[2018.04.11-21.31.10:798][143]LogLoad: Game class is 'GameController_BP_C'
[2018.04.11-21.31.10:801][143]LogWorld: Bringing World /Game/Map/UEDPIE_0_2DTestWorld.2DTestWorld up for play (max tick rate 0) at 2018.04.11-18.31.10
[2018.04.11-21.31.10:801][143]LogWorld: Bringing up level for play took: 0.002004
[2018.04.11-21.31.10:803][143]LogBlueprintUserMessages: [JsonReader_24] Hello
[2018.04.11-21.31.10:803][143]LogBlueprintUserMessages: [JsonReader_24] 
[2018.04.11-21.31.10:805][143]PIE: Play in editor start time for /Game/Map/UEDPIE_0_2DTestWorld 1.312
[2018.04.11-21.31.10:906][144]LogCharacterMovement: Warning: GetSimulationTimeStep() - Max iterations 8 hit while remaining time 0.077349 > MaxSimulationTimeStep (0.050) for 'Blue_BP_C_0', movement 'Walking'
[2018.04.11-21.31.11:812][213]LogSlate: Window 'SotW Game Preview Standalone (64-bit/PCD3D_SM5)' being destroyed
[2018.04.11-21.31.36:128][ 75]LogTemp: Repeating last play command: New Editor Window (PIE)
[2018.04.11-21.31.36:163][ 75]BlueprintLog: New page: Pre-Play auto-recompile
[2018.04.11-21.31.36:170][ 75]LogPlayLevel: [PlayLevel] Compiling JsonReader before play...
[2018.04.11-21.31.36:428][ 75]LogPlayLevel: PlayLevel: Blueprint regeneration took 265 ms (1 blueprints)
[2018.04.11-21.31.36:428][ 75]PIE: New page: PIE session: 2DTestWorld (Apr 11, 2018, 3:31:36 PM)
[2018.04.11-21.31.36:428][ 75]LogPlayLevel: Creating play world package: /Game/Map/UEDPIE_0_2DTestWorld
[2018.04.11-21.31.36:430][ 75]LogPlayLevel: PIE: StaticDuplicateObject took: (0.001102s)
[2018.04.11-21.31.36:430][ 75]LogAIModule: Creating AISystem for world 2DTestWorld
[2018.04.11-21.31.36:430][ 75]LogPlayLevel: PIE: World Init took: (0.000744s)
[2018.04.11-21.31.36:430][ 75]LogPlayLevel: PIE: Created PIE world by copying editor world from /Game/Map/2DTestWorld.2DTestWorld to /Game/Map/UEDPIE_0_2DTestWorld.2DTestWorld (0.001978s)
[2018.04.11-21.31.36:470][ 75]LogInit: XAudio2 using 'Speakers (High Definition Audio Device)' : 2 channels at 44.1 kHz using 16 bits per sample (channel mask 0x3)
[2018.04.11-21.31.36:483][ 75]LogInit: FAudioDevice initialized.
[2018.04.11-21.31.36:531][ 75]LogLoad: Game class is 'GameController_BP_C'
[2018.04.11-21.31.36:533][ 75]LogWorld: Bringing World /Game/Map/UEDPIE_0_2DTestWorld.2DTestWorld up for play (max tick rate 0) at 2018.04.11-18.31.36
[2018.04.11-21.31.36:534][ 75]LogWorld: Bringing up level for play took: 0.002048
[2018.04.11-21.31.36:536][ 75]LogBlueprintUserMessages: [JsonReader_24] pandaGiveMeAllYo
[2018.04.11-21.31.36:536][ 75]LogBlueprintUserMessages: [JsonReader_24] 
[2018.04.11-21.31.36:537][ 75]PIE: Play in editor start time for /Game/Map/UEDPIE_0_2DTestWorld 1.044
[2018.04.11-21.31.36:637][ 76]LogCharacterMovement: Warning: GetSimulationTimeStep() - Max iterations 8 hit while remaining time 0.077348 > MaxSimulationTimeStep (0.050) for 'Blue_BP_C_0', movement 'Walking'
[2018.04.11-21.31.37:928][174]LogSlate: Window 'SotW Game Preview Standalone (64-bit/PCD3D_SM5)' being destroyed
[2018.04.11-21.33.42:169][576]LogTemp: Repeating last play command: New Editor Window (PIE)
[2018.04.11-21.33.42:203][576]BlueprintLog: New page: Pre-Play auto-recompile
[2018.04.11-21.33.42:210][576]LogPlayLevel: [PlayLevel] Compiling JsonReader before play...
[2018.04.11-21.33.42:482][576]LogPlayLevel: PlayLevel: Blueprint regeneration took 278 ms (1 blueprints)
[2018.04.11-21.33.42:482][576]PIE: New page: PIE session: 2DTestWorld (Apr 11, 2018, 3:33:42 PM)
[2018.04.11-21.33.42:482][576]LogPlayLevel: Creating play world package: /Game/Map/UEDPIE_0_2DTestWorld
[2018.04.11-21.33.42:484][576]LogPlayLevel: PIE: StaticDuplicateObject took: (0.001143s)
[2018.04.11-21.33.42:484][576]LogAIModule: Creating AISystem for world 2DTestWorld
[2018.04.11-21.33.42:484][576]LogPlayLevel: PIE: World Init took: (0.000776s)
[2018.04.11-21.33.42:484][576]LogPlayLevel: PIE: Created PIE world by copying editor world from /Game/Map/2DTestWorld.2DTestWorld to /Game/Map/UEDPIE_0_2DTestWorld.2DTestWorld (0.002052s)
[2018.04.11-21.33.42:524][576]LogInit: XAudio2 using 'Speakers (High Definition Audio Device)' : 2 channels at 44.1 kHz using 16 bits per sample (channel mask 0x3)
[2018.04.11-21.33.42:538][576]LogInit: FAudioDevice initialized.
[2018.04.11-21.33.42:585][576]LogLoad: Game class is 'GameController_BP_C'
[2018.04.11-21.33.42:587][576]LogWorld: Bringing World /Game/Map/UEDPIE_0_2DTestWorld.2DTestWorld up for play (max tick rate 0) at 2018.04.11-18.33.42
[2018.04.11-21.33.42:588][576]LogWorld: Bringing up level for play took: 0.001984
[2018.04.11-21.33.42:630][576]LogBlueprintUserMessages: [JsonReader_24] *-Panda-* Give Me all your money
[2018.04.11-21.33.42:631][576]PIE: Play in editor start time for /Game/Map/UEDPIE_0_2DTestWorld 1.138
[2018.04.11-21.33.42:746][577]LogCharacterMovement: Warning: GetSimulationTimeStep() - Max iterations 8 hit while remaining time 0.077348 > MaxSimulationTimeStep (0.050) for 'Blue_BP_C_0', movement 'Walking'
[2018.04.11-21.33.44:997][753]LogSlate: Window 'SotW Game Preview Standalone (64-bit/PCD3D_SM5)' being destroyed
[2018.04.11-21.42.11:048][308]LogTemp: Repeating last play command: New Editor Window (PIE)
[2018.04.11-21.42.11:088][308]BlueprintLog: New page: Pre-Play auto-recompile
[2018.04.11-21.42.11:097][308]LogPlayLevel: [PlayLevel] Compiling JsonReader before play...
[2018.04.11-21.42.11:378][308]LogPlayLevel: PlayLevel: Blueprint regeneration took 289 ms (1 blueprints)
[2018.04.11-21.42.11:378][308]PIE: New page: PIE session: 2DTestWorld (Apr 11, 2018, 3:42:11 PM)
[2018.04.11-21.42.11:378][308]LogPlayLevel: Creating play world package: /Game/Map/UEDPIE_0_2DTestWorld
[2018.04.11-21.42.11:380][308]LogPlayLevel: PIE: StaticDuplicateObject took: (0.001270s)
[2018.04.11-21.42.11:380][308]LogAIModule: Creating AISystem for world 2DTestWorld
[2018.04.11-21.42.11:380][308]LogPlayLevel: PIE: World Init took: (0.000856s)
[2018.04.11-21.42.11:380][308]LogPlayLevel: PIE: Created PIE world by copying editor world from /Game/Map/2DTestWorld.2DTestWorld to /Game/Map/UEDPIE_0_2DTestWorld.2DTestWorld (0.002304s)
[2018.04.11-21.42.11:420][308]LogInit: XAudio2 using 'Speakers (High Definition Audio Device)' : 2 channels at 44.1 kHz using 16 bits per sample (channel mask 0x3)
[2018.04.11-21.42.11:435][308]LogInit: FAudioDevice initialized.
[2018.04.11-21.42.11:479][308]LogLoad: Game class is 'GameController_BP_C'
[2018.04.11-21.42.11:481][308]LogWorld: Bringing World /Game/Map/UEDPIE_0_2DTestWorld.2DTestWorld up for play (max tick rate 0) at 2018.04.11-18.42.11
[2018.04.11-21.42.11:482][308]LogWorld: Bringing up level for play took: 0.001997
[2018.04.11-21.42.11:520][308]LogBlueprintUserMessages: [JsonReader_24] Index:0
[2018.04.11-21.42.11:521][308]PIE: Play in editor start time for /Game/Map/UEDPIE_0_2DTestWorld 0.028
[2018.04.11-21.42.11:631][309]LogCharacterMovement: Warning: GetSimulationTimeStep() - Max iterations 8 hit while remaining time 0.077349 > MaxSimulationTimeStep (0.050) for 'Blue_BP_C_0', movement 'Walking'
[2018.04.11-21.42.14:562][533]LogSlate: Window 'SotW Game Preview Standalone (64-bit/PCD3D_SM5)' being destroyed
[2018.04.11-21.42.40:246][779]LogTemp: Repeating last play command: New Editor Window (PIE)
[2018.04.11-21.42.40:286][779]BlueprintLog: New page: Pre-Play auto-recompile
[2018.04.11-21.42.40:295][779]LogPlayLevel: [PlayLevel] Compiling JsonReader before play...
[2018.04.11-21.42.40:578][779]LogPlayLevel: PlayLevel: Blueprint regeneration took 292 ms (1 blueprints)
[2018.04.11-21.42.40:578][779]PIE: New page: PIE session: 2DTestWorld (Apr 11, 2018, 3:42:40 PM)
[2018.04.11-21.42.40:578][779]LogPlayLevel: Creating play world package: /Game/Map/UEDPIE_0_2DTestWorld
[2018.04.11-21.42.40:579][779]LogPlayLevel: PIE: StaticDuplicateObject took: (0.001070s)
[2018.04.11-21.42.40:580][779]LogAIModule: Creating AISystem for world 2DTestWorld
[2018.04.11-21.42.40:580][779]LogPlayLevel: PIE: World Init took: (0.000684s)
[2018.04.11-21.42.40:580][779]LogPlayLevel: PIE: Created PIE world by copying editor world from /Game/Map/2DTestWorld.2DTestWorld to /Game/Map/UEDPIE_0_2DTestWorld.2DTestWorld (0.001887s)
[2018.04.11-21.42.40:621][779]LogInit: XAudio2 using 'Speakers (High Definition Audio Device)' : 2 channels at 44.1 kHz using 16 bits per sample (channel mask 0x3)
[2018.04.11-21.42.40:634][779]LogInit: FAudioDevice initialized.
[2018.04.11-21.42.40:680][779]LogLoad: Game class is 'GameController_BP_C'
[2018.04.11-21.42.40:683][779]LogWorld: Bringing World /Game/Map/UEDPIE_0_2DTestWorld.2DTestWorld up for play (max tick rate 0) at 2018.04.11-18.42.40
[2018.04.11-21.42.40:684][779]LogWorld: Bringing up level for play took: 0.002517
[2018.04.11-21.42.40:686][779]LogBlueprintUserMessages: [JsonReader_24] Index:0TypeStringVAlue
[2018.04.11-21.42.40:687][779]PIE: Play in editor start time for /Game/Map/UEDPIE_0_2DTestWorld 1.193
[2018.04.11-21.42.40:795][780]LogCharacterMovement: Warning: GetSimulationTimeStep() - Max iterations 8 hit while remaining time 0.077348 > MaxSimulationTimeStep (0.050) for 'Blue_BP_C_0', movement 'Walking'
[2018.04.11-21.42.41:840][859]LogSlate: Window 'SotW Game Preview Standalone (64-bit/PCD3D_SM5)' being destroyed
[2018.04.11-21.43.36:537][ 88]LogTemp: Repeating last play command: New Editor Window (PIE)
[2018.04.11-21.43.36:576][ 88]BlueprintLog: New page: Pre-Play auto-recompile
[2018.04.11-21.43.36:585][ 88]LogPlayLevel: [PlayLevel] Compiling JsonReader before play...
[2018.04.11-21.43.36:857][ 88]LogPlayLevel: PlayLevel: Blueprint regeneration took 280 ms (1 blueprints)
[2018.04.11-21.43.36:857][ 88]PIE: New page: PIE session: 2DTestWorld (Apr 11, 2018, 3:43:36 PM)
[2018.04.11-21.43.36:857][ 88]LogPlayLevel: Creating play world package: /Game/Map/UEDPIE_0_2DTestWorld
[2018.04.11-21.43.36:858][ 88]LogPlayLevel: PIE: StaticDuplicateObject took: (0.001174s)
[2018.04.11-21.43.36:859][ 88]LogAIModule: Creating AISystem for world 2DTestWorld
[2018.04.11-21.43.36:859][ 88]LogPlayLevel: PIE: World Init took: (0.000707s)
[2018.04.11-21.43.36:859][ 88]LogPlayLevel: PIE: Created PIE world by copying editor world from /Game/Map/2DTestWorld.2DTestWorld to /Game/Map/UEDPIE_0_2DTestWorld.2DTestWorld (0.002002s)
[2018.04.11-21.43.36:898][ 88]LogInit: XAudio2 using 'Speakers (High Definition Audio Device)' : 2 channels at 44.1 kHz using 16 bits per sample (channel mask 0x3)
[2018.04.11-21.43.36:911][ 88]LogInit: FAudioDevice initialized.
[2018.04.11-21.43.36:956][ 88]LogLoad: Game class is 'GameController_BP_C'
[2018.04.11-21.43.36:958][ 88]LogWorld: Bringing World /Game/Map/UEDPIE_0_2DTestWorld.2DTestWorld up for play (max tick rate 0) at 2018.04.11-18.43.36
[2018.04.11-21.43.36:959][ 88]LogWorld: Bringing up level for play took: 0.001783
[2018.04.11-21.43.36:961][ 88]LogBlueprintUserMessages: [JsonReader_24] Index:0Dialogue:
[2018.04.11-21.43.36:962][ 88]PIE: Play in editor start time for /Game/Map/UEDPIE_0_2DTestWorld -0.531
[2018.04.11-21.43.37:079][ 89]LogCharacterMovement: Warning: GetSimulationTimeStep() - Max iterations 8 hit while remaining time 0.077349 > MaxSimulationTimeStep (0.050) for 'Blue_BP_C_0', movement 'Walking'
[2018.04.11-21.43.39:006][233]LogSlate: Window 'SotW Game Preview Standalone (64-bit/PCD3D_SM5)' being destroyed
[2018.04.11-21.44.54:306][739]LogSavePackage: Save=13.36ms
[2018.04.11-21.44.54:306][739]LogSavePackage: Moving '../../../../../../Users/Franco/Documents/GameDevelopment/Son of the Wind/Son of the Wind 2018/Son of the Wind/Saved/2DTestWorld_Auto18089EAD344E4A9DEE8178BB8A4FF7E14.tmp' to '../../../../../../Users/Franco/Documents/GameDevelopment/Son of the Wind/Son of the Wind 2018/Son of the Wind/Saved/Autosaves/Game/Map/2DTestWorld_Auto1.umap'
[2018.04.11-21.44.54:315][739]LogSavePackage: Display: Finished SavePackage ../../../../../../Users/Franco/Documents/GameDevelopment/Son of the Wind/Son of the Wind 2018/Son of the Wind/Saved/Autosaves/Game/Map/2DTestWorld_Auto1.umap
[2018.04.11-21.44.54:322][739]LogFileHelpers: Editor autosave (incl. sublevels) for '/Game/Map/2DTestWorld' took 0.133
[2018.04.11-21.44.54:323][739]LogFileHelpers: Editor autosave (incl. sublevels) for all levels took 0.133
[2018.04.11-21.44.54:370][739]OBJ SavePackage: Generating thumbnails for [0] asset(s) in package [/Game/Data/DialogueSystem/JsonReader] ([1] browsable assets)...
[2018.04.11-21.44.54:370][739]OBJ SavePackage: Finished generating thumbnails for package [/Game/Data/DialogueSystem/JsonReader]
[2018.04.11-21.44.54:475][739]LogSavePackage: Save=35.27ms
[2018.04.11-21.44.54:475][739]LogSavePackage: Moving '../../../../../../Users/Franco/Documents/GameDevelopment/Son of the Wind/Son of the Wind 2018/Son of the Wind/Saved/JsonReader_Auto1473BDCD94855C7A2A7DBFF8945411864.tmp' to '../../../../../../Users/Franco/Documents/GameDevelopment/Son of the Wind/Son of the Wind 2018/Son of the Wind/Saved/Autosaves/Game/Data/DialogueSystem/JsonReader_Auto1.uasset'
[2018.04.11-21.44.54:535][739]LogSavePackage: Display: Finished SavePackage ../../../../../../Users/Franco/Documents/GameDevelopment/Son of the Wind/Son of the Wind 2018/Son of the Wind/Saved/Autosaves/Game/Data/DialogueSystem/JsonReader_Auto1.uasset
[2018.04.11-21.44.54:535][739]LogFileHelpers: Auto-saving content packages took 0.211
[2018.04.11-21.45.39:928][176]LogTemp: Repeating last play command: New Editor Window (PIE)
[2018.04.11-21.45.39:966][176]BlueprintLog: New page: Pre-Play auto-recompile
[2018.04.11-21.45.39:976][176]LogPlayLevel: [PlayLevel] Compiling JsonReader before play...
[2018.04.11-21.45.40:247][176]LogPlayLevel: PlayLevel: Blueprint regeneration took 281 ms (1 blueprints)
[2018.04.11-21.45.40:247][176]PIE: New page: PIE session: 2DTestWorld (Apr 11, 2018, 3:45:40 PM)
[2018.04.11-21.45.40:248][176]LogPlayLevel: Creating play world package: /Game/Map/UEDPIE_0_2DTestWorld
[2018.04.11-21.45.40:249][176]LogPlayLevel: PIE: StaticDuplicateObject took: (0.001114s)
[2018.04.11-21.45.40:249][176]LogAIModule: Creating AISystem for world 2DTestWorld
[2018.04.11-21.45.40:250][176]LogPlayLevel: PIE: World Init took: (0.000784s)
[2018.04.11-21.45.40:250][176]LogPlayLevel: PIE: Created PIE world by copying editor world from /Game/Map/2DTestWorld.2DTestWorld to /Game/Map/UEDPIE_0_2DTestWorld.2DTestWorld (0.002031s)
[2018.04.11-21.45.40:288][176]LogInit: XAudio2 using 'Speakers (High Definition Audio Device)' : 2 channels at 44.1 kHz using 16 bits per sample (channel mask 0x3)
[2018.04.11-21.45.40:302][176]LogInit: FAudioDevice initialized.
[2018.04.11-21.45.40:346][176]LogLoad: Game class is 'GameController_BP_C'
[2018.04.11-21.45.40:348][176]LogWorld: Bringing World /Game/Map/UEDPIE_0_2DTestWorld.2DTestWorld up for play (max tick rate 0) at 2018.04.11-18.45.40
[2018.04.11-21.45.40:349][176]LogWorld: Bringing up level for play took: 0.001859
[2018.04.11-21.45.40:351][176]LogBlueprintUserMessages: [JsonReader_24] Index:0Dialogue:0
[2018.04.11-21.45.40:353][176]PIE: Play in editor start time for /Game/Map/UEDPIE_0_2DTestWorld 0.859
[2018.04.11-21.45.40:462][177]LogCharacterMovement: Warning: GetSimulationTimeStep() - Max iterations 8 hit while remaining time 0.077348 > MaxSimulationTimeStep (0.050) for 'Blue_BP_C_0', movement 'Walking'
[2018.04.11-21.45.41:510][259]LogSlate: Window 'SotW Game Preview Standalone (64-bit/PCD3D_SM5)' being destroyed
[2018.04.11-21.46.53:957][914]LogTemp: Repeating last play command: New Editor Window (PIE)
[2018.04.11-21.46.53:997][914]BlueprintLog: New page: Pre-Play auto-recompile
[2018.04.11-21.46.54:007][914]LogPlayLevel: [PlayLevel] Compiling JsonReader before play...
[2018.04.11-21.46.54:287][914]LogPlayLevel: PlayLevel: Blueprint regeneration took 290 ms (1 blueprints)
[2018.04.11-21.46.54:287][914]PIE: New page: PIE session: 2DTestWorld (Apr 11, 2018, 3:46:54 PM)
[2018.04.11-21.46.54:288][914]LogPlayLevel: Creating play world package: /Game/Map/UEDPIE_0_2DTestWorld
[2018.04.11-21.46.54:289][914]LogPlayLevel: PIE: StaticDuplicateObject took: (0.001187s)
[2018.04.11-21.46.54:290][914]LogAIModule: Creating AISystem for world 2DTestWorld
[2018.04.11-21.46.54:290][914]LogPlayLevel: PIE: World Init took: (0.000872s)
[2018.04.11-21.46.54:290][914]LogPlayLevel: PIE: Created PIE world by copying editor world from /Game/Map/2DTestWorld.2DTestWorld to /Game/Map/UEDPIE_0_2DTestWorld.2DTestWorld (0.002263s)
[2018.04.11-21.46.54:330][914]LogInit: XAudio2 using 'Speakers (High Definition Audio Device)' : 2 channels at 44.1 kHz using 16 bits per sample (channel mask 0x3)
[2018.04.11-21.46.54:343][914]LogInit: FAudioDevice initialized.
[2018.04.11-21.46.54:386][914]LogLoad: Game class is 'GameController_BP_C'
[2018.04.11-21.46.54:388][914]LogWorld: Bringing World /Game/Map/UEDPIE_0_2DTestWorld.2DTestWorld up for play (max tick rate 0) at 2018.04.11-18.46.54
[2018.04.11-21.46.54:389][914]LogWorld: Bringing up level for play took: 0.001739
[2018.04.11-21.46.54:391][914]LogBlueprintUserMessages: [JsonReader_24] Index:0Dialogue:
[2018.04.11-21.46.54:392][914]PIE: Play in editor start time for /Game/Map/UEDPIE_0_2DTestWorld 0.899
[2018.04.11-21.46.54:502][915]LogCharacterMovement: Warning: GetSimulationTimeStep() - Max iterations 8 hit while remaining time 0.077348 > MaxSimulationTimeStep (0.050) for 'Blue_BP_C_0', movement 'Walking'
[2018.04.11-21.46.55:749][ 13]LogSlate: Window 'SotW Game Preview Standalone (64-bit/PCD3D_SM5)' being destroyed
[2018.04.11-21.49.19:487][245]LogBlueprintUserMessages: [JsonReader_C_78] Index:0Dialogue:
[2018.04.11-21.49.20:486][365]LogTemp: Repeating last play command: New Editor Window (PIE)
[2018.04.11-21.49.20:526][365]BlueprintLog: New page: Pre-Play auto-recompile
[2018.04.11-21.49.20:536][365]LogPlayLevel: [PlayLevel] Compiling JsonReader before play...
[2018.04.11-21.49.20:816][365]LogPlayLevel: PlayLevel: Blueprint regeneration took 289 ms (1 blueprints)
[2018.04.11-21.49.20:816][365]PIE: New page: PIE session: 2DTestWorld (Apr 11, 2018, 3:49:20 PM)
[2018.04.11-21.49.20:816][365]LogPlayLevel: Creating play world package: /Game/Map/UEDPIE_0_2DTestWorld
[2018.04.11-21.49.20:817][365]LogPlayLevel: PIE: StaticDuplicateObject took: (0.001196s)
[2018.04.11-21.49.20:818][365]LogAIModule: Creating AISystem for world 2DTestWorld
[2018.04.11-21.49.20:818][365]LogPlayLevel: PIE: World Init took: (0.000786s)
[2018.04.11-21.49.20:818][365]LogPlayLevel: PIE: Created PIE world by copying editor world from /Game/Map/2DTestWorld.2DTestWorld to /Game/Map/UEDPIE_0_2DTestWorld.2DTestWorld (0.002121s)
[2018.04.11-21.49.20:859][365]LogInit: XAudio2 using 'Speakers (High Definition Audio Device)' : 2 channels at 44.1 kHz using 16 bits per sample (channel mask 0x3)
[2018.04.11-21.49.20:872][365]LogInit: FAudioDevice initialized.
[2018.04.11-21.49.20:917][365]LogLoad: Game class is 'GameController_BP_C'
[2018.04.11-21.49.20:919][365]LogWorld: Bringing World /Game/Map/UEDPIE_0_2DTestWorld.2DTestWorld up for play (max tick rate 0) at 2018.04.11-18.49.20
[2018.04.11-21.49.20:920][365]LogWorld: Bringing up level for play took: 0.002117
[2018.04.11-21.49.20:922][365]LogBlueprintUserMessages: [JsonReader_24] Index:0Dialogue:*-Panda-* Give Me all your money
[2018.04.11-21.49.20:924][365]PIE: Play in editor start time for /Game/Map/UEDPIE_0_2DTestWorld -0.569
[2018.04.11-21.49.21:034][366]LogCharacterMovement: Warning: GetSimulationTimeStep() - Max iterations 8 hit while remaining time 0.077443 > MaxSimulationTimeStep (0.050) for 'Blue_BP_C_0', movement 'Walking'
[2018.04.11-21.49.22:438][476]LogSlate: Window 'SotW Game Preview Standalone (64-bit/PCD3D_SM5)' being destroyed
[2018.04.11-21.51.06:067][414]LogTemp: Repeating last play command: New Editor Window (PIE)
[2018.04.11-21.51.06:105][414]BlueprintLog: New page: Pre-Play auto-recompile
[2018.04.11-21.51.06:114][414]LogPlayLevel: [PlayLevel] Compiling JsonReader before play...
[2018.04.11-21.51.06:396][414]LogPlayLevel: PlayLevel: Blueprint regeneration took 290 ms (1 blueprints)
[2018.04.11-21.51.06:396][414]PIE: New page: PIE session: 2DTestWorld (Apr 11, 2018, 3:51:06 PM)
[2018.04.11-21.51.06:396][414]LogPlayLevel: Creating play world package: /Game/Map/UEDPIE_0_2DTestWorld
[2018.04.11-21.51.06:398][414]LogPlayLevel: PIE: StaticDuplicateObject took: (0.001477s)
[2018.04.11-21.51.06:398][414]LogAIModule: Creating AISystem for world 2DTestWorld
[2018.04.11-21.51.06:398][414]LogPlayLevel: PIE: World Init took: (0.000850s)
[2018.04.11-21.51.06:399][414]LogPlayLevel: PIE: Created PIE world by copying editor world from /Game/Map/2DTestWorld.2DTestWorld to /Game/Map/UEDPIE_0_2DTestWorld.2DTestWorld (0.002494s)
[2018.04.11-21.51.06:438][414]LogInit: XAudio2 using 'Speakers (High Definition Audio Device)' : 2 channels at 44.1 kHz using 16 bits per sample (channel mask 0x3)
[2018.04.11-21.51.06:452][414]LogInit: FAudioDevice initialized.
[2018.04.11-21.51.06:500][414]LogLoad: Game class is 'GameController_BP_C'
[2018.04.11-21.51.06:503][414]LogWorld: Bringing World /Game/Map/UEDPIE_0_2DTestWorld.2DTestWorld up for play (max tick rate 0) at 2018.04.11-18.51.06
[2018.04.11-21.51.06:503][414]LogWorld: Bringing up level for play took: 0.002464
[2018.04.11-21.51.06:505][414]LogBlueprintUserMessages: [JsonReader_24] Index:Dialogue:*-Panda-* Give Me all your money
[2018.04.11-21.51.06:505][414]LogBlueprintUserMessages: [JsonReader_24] Index:Dialogue:*-Panda-* Give Me all your money
[2018.04.11-21.51.06:505][414]LogBlueprintUserMessages: [JsonReader_24] Index:Dialogue:*-Panda-* Give Me all your money
[2018.04.11-21.51.06:505][414]LogBlueprintUserMessages: [JsonReader_24] Index:Dialogue:*-Panda-* Give Me all your money
[2018.04.11-21.51.06:505][414]LogBlueprintUserMessages: [JsonReader_24] Index:Dialogue:*-Panda-* Give Me all your money
[2018.04.11-21.51.06:506][414]LogBlueprintUserMessages: [JsonReader_24] Index:Dialogue:*-Panda-* Give Me all your money
[2018.04.11-21.51.06:507][414]PIE: Play in editor start time for /Game/Map/UEDPIE_0_2DTestWorld 1.013
[2018.04.11-21.51.06:610][415]LogCharacterMovement: Warning: GetSimulationTimeStep() - Max iterations 8 hit while remaining time 0.077348 > MaxSimulationTimeStep (0.050) for 'Blue_BP_C_0', movement 'Walking'
[2018.04.11-21.51.09:759][665]LogSlate: Window 'SotW Game Preview Standalone (64-bit/PCD3D_SM5)' being destroyed
[2018.04.11-21.51.15:449][339]LogTemp: Repeating last play command: New Editor Window (PIE)
[2018.04.11-21.51.15:485][339]LogPlayLevel: PlayLevel: No blueprints needed recompiling
[2018.04.11-21.51.15:486][339]PIE: New page: PIE session: 2DTestWorld (Apr 11, 2018, 3:51:15 PM)
[2018.04.11-21.51.15:486][339]LogPlayLevel: Creating play world package: /Game/Map/UEDPIE_0_2DTestWorld
[2018.04.11-21.51.15:487][339]LogPlayLevel: PIE: StaticDuplicateObject took: (0.001083s)
[2018.04.11-21.51.15:487][339]LogAIModule: Creating AISystem for world 2DTestWorld
[2018.04.11-21.51.15:488][339]LogPlayLevel: PIE: World Init took: (0.000803s)
[2018.04.11-21.51.15:488][339]LogPlayLevel: PIE: Created PIE world by copying editor world from /Game/Map/2DTestWorld.2DTestWorld to /Game/Map/UEDPIE_0_2DTestWorld.2DTestWorld (0.002025s)
[2018.04.11-21.51.15:528][339]LogInit: XAudio2 using 'Speakers (High Definition Audio Device)' : 2 channels at 44.1 kHz using 16 bits per sample (channel mask 0x3)
[2018.04.11-21.51.15:541][339]LogInit: FAudioDevice initialized.
[2018.04.11-21.51.15:584][339]LogLoad: Game class is 'GameController_BP_C'
[2018.04.11-21.51.15:586][339]LogWorld: Bringing World /Game/Map/UEDPIE_0_2DTestWorld.2DTestWorld up for play (max tick rate 0) at 2018.04.11-18.51.15
[2018.04.11-21.51.15:587][339]LogWorld: Bringing up level for play took: 0.002079
[2018.04.11-21.51.15:589][339]LogBlueprintUserMessages: [JsonReader_24] Index:Dialogue:*-Panda-* Give Me all your money
[2018.04.11-21.51.15:589][339]LogBlueprintUserMessages: [JsonReader_24] Index:Dialogue:*-Panda-* Give Me all your money
[2018.04.11-21.51.15:589][339]LogBlueprintUserMessages: [JsonReader_24] Index:Dialogue:*-Panda-* Give Me all your money
[2018.04.11-21.51.15:589][339]LogBlueprintUserMessages: [JsonReader_24] Index:Dialogue:*-Panda-* Give Me all your money
[2018.04.11-21.51.15:589][339]LogBlueprintUserMessages: [JsonReader_24] Index:Dialogue:*-Panda-* Give Me all your money
[2018.04.11-21.51.15:589][339]LogBlueprintUserMessages: [JsonReader_24] Index:Dialogue:*-Panda-* Give Me all your money
[2018.04.11-21.51.15:590][339]PIE: Play in editor start time for /Game/Map/UEDPIE_0_2DTestWorld 0.097
[2018.04.11-21.51.17:877][514]LogSlate: Window 'SotW Game Preview Standalone (64-bit/PCD3D_SM5)' being destroyed
[2018.04.11-21.57.55:655][862]LogTemp: Repeating last play command: New Editor Window (PIE)
[2018.04.11-21.57.55:684][862]BlueprintLog: New page: Pre-Play auto-recompile
[2018.04.11-21.57.55:699][862]LogPlayLevel: [PlayLevel] Compiling JsonReader before play...
[2018.04.11-21.57.56:018][862]LogPlayLevel: PlayLevel: Blueprint regeneration took 334 ms (1 blueprints)
[2018.04.11-21.57.56:018][862]PIE: New page: PIE session: 2DTestWorld (Apr 11, 2018, 3:57:56 PM)
[2018.04.11-21.57.56:018][862]LogPlayLevel: Creating play world package: /Game/Map/UEDPIE_0_2DTestWorld
[2018.04.11-21.57.56:019][862]LogPlayLevel: PIE: StaticDuplicateObject took: (0.001138s)
[2018.04.11-21.57.56:020][862]LogAIModule: Creating AISystem for world 2DTestWorld
[2018.04.11-21.57.56:020][862]LogPlayLevel: PIE: World Init took: (0.000943s)
[2018.04.11-21.57.56:020][862]LogPlayLevel: PIE: Created PIE world by copying editor world from /Game/Map/2DTestWorld.2DTestWorld to /Game/Map/UEDPIE_0_2DTestWorld.2DTestWorld (0.002213s)
[2018.04.11-21.57.56:059][862]LogInit: XAudio2 using 'Speakers (High Definition Audio Device)' : 2 channels at 44.1 kHz using 16 bits per sample (channel mask 0x3)
[2018.04.11-21.57.56:074][862]LogInit: FAudioDevice initialized.
[2018.04.11-21.57.56:121][862]LogLoad: Game class is 'GameController_BP_C'
[2018.04.11-21.57.56:123][862]LogWorld: Bringing World /Game/Map/UEDPIE_0_2DTestWorld.2DTestWorld up for play (max tick rate 0) at 2018.04.11-18.57.56
[2018.04.11-21.57.56:124][862]LogWorld: Bringing up level for play took: 0.002180
[2018.04.11-21.57.56:126][862]LogBlueprintUserMessages: [JsonReader_24] 
[2018.04.11-21.57.56:126][862]LogBlueprintUserMessages: [JsonReader_24] 
[2018.04.11-21.57.56:126][862]LogBlueprintUserMessages: [JsonReader_24] 
[2018.04.11-21.57.56:126][862]LogBlueprintUserMessages: [JsonReader_24] 
[2018.04.11-21.57.56:126][862]LogBlueprintUserMessages: [JsonReader_24] Index:Dialogue:*-Panda-* Give Me all your money
[2018.04.11-21.57.56:126][862]LogBlueprintUserMessages: [JsonReader_24] 
[2018.04.11-21.57.56:126][862]LogBlueprintUserMessages: [JsonReader_24] 
[2018.04.11-21.57.56:126][862]LogBlueprintUserMessages: [JsonReader_24] 
[2018.04.11-21.57.56:126][862]LogBlueprintUserMessages: [JsonReader_24] 
[2018.04.11-21.57.56:126][862]LogBlueprintUserMessages: [JsonReader_24] Index:Dialogue:*-Panda-* Give Me all your money
[2018.04.11-21.57.56:126][862]LogBlueprintUserMessages: [JsonReader_24] 
[2018.04.11-21.57.56:126][862]LogBlueprintUserMessages: [JsonReader_24] 
[2018.04.11-21.57.56:126][862]LogBlueprintUserMessages: [JsonReader_24] 
[2018.04.11-21.57.56:126][862]LogBlueprintUserMessages: [JsonReader_24] 
[2018.04.11-21.57.56:126][862]LogBlueprintUserMessages: [JsonReader_24] Index:Dialogue:*-Panda-* Give Me all your money
[2018.04.11-21.57.56:126][862]LogBlueprintUserMessages: [JsonReader_24] 
[2018.04.11-21.57.56:127][862]LogBlueprintUserMessages: [JsonReader_24] 
[2018.04.11-21.57.56:127][862]LogBlueprintUserMessages: [JsonReader_24] 
[2018.04.11-21.57.56:127][862]LogBlueprintUserMessages: [JsonReader_24] 
[2018.04.11-21.57.56:127][862]LogBlueprintUserMessages: [JsonReader_24] Index:Dialogue:*-Panda-* Give Me all your money
[2018.04.11-21.57.56:127][862]LogBlueprintUserMessages: [JsonReader_24] 
[2018.04.11-21.57.56:127][862]LogBlueprintUserMessages: [JsonReader_24] 
[2018.04.11-21.57.56:127][862]LogBlueprintUserMessages: [JsonReader_24] 
[2018.04.11-21.57.56:127][862]LogBlueprintUserMessages: [JsonReader_24] 
[2018.04.11-21.57.56:127][862]LogBlueprintUserMessages: [JsonReader_24] Index:Dialogue:*-Panda-* Give Me all your money
[2018.04.11-21.57.56:127][862]LogBlueprintUserMessages: [JsonReader_24] 
[2018.04.11-21.57.56:127][862]LogBlueprintUserMessages: [JsonReader_24] 
[2018.04.11-21.57.56:127][862]LogBlueprintUserMessages: [JsonReader_24] 
[2018.04.11-21.57.56:127][862]LogBlueprintUserMessages: [JsonReader_24] 
[2018.04.11-21.57.56:127][862]LogBlueprintUserMessages: [JsonReader_24] Index:Dialogue:*-Panda-* Give Me all your money
[2018.04.11-21.57.56:128][862]PIE: Play in editor start time for /Game/Map/UEDPIE_0_2DTestWorld 0.635
[2018.04.11-21.57.56:253][863]LogCharacterMovement: Warning: GetSimulationTimeStep() - Max iterations 8 hit while remaining time 0.077349 > MaxSimulationTimeStep (0.050) for 'Blue_BP_C_0', movement 'Walking'
[2018.04.11-21.58.00:330][187]LogSlate: Window 'SotW Game Preview Standalone (64-bit/PCD3D_SM5)' being destroyed
[2018.04.11-21.58.13:895][760]LogTemp: Repeating last play command: New Editor Window (PIE)
[2018.04.11-21.58.13:937][760]BlueprintLog: New page: Pre-Play auto-recompile
[2018.04.11-21.58.13:950][760]LogPlayLevel: [PlayLevel] Compiling JsonReader before play...
[2018.04.11-21.58.14:232][760]LogPlayLevel: PlayLevel: Blueprint regeneration took 295 ms (1 blueprints)
[2018.04.11-21.58.14:233][760]PIE: New page: PIE session: 2DTestWorld (Apr 11, 2018, 3:58:14 PM)
[2018.04.11-21.58.14:233][760]LogPlayLevel: Creating play world package: /Game/Map/UEDPIE_0_2DTestWorld
[2018.04.11-21.58.14:234][760]LogPlayLevel: PIE: StaticDuplicateObject took: (0.001321s)
[2018.04.11-21.58.14:235][760]LogAIModule: Creating AISystem for world 2DTestWorld
[2018.04.11-21.58.14:235][760]LogPlayLevel: PIE: World Init took: (0.000727s)
[2018.04.11-21.58.14:235][760]LogPlayLevel: PIE: Created PIE world by copying editor world from /Game/Map/2DTestWorld.2DTestWorld to /Game/Map/UEDPIE_0_2DTestWorld.2DTestWorld (0.002171s)
[2018.04.11-21.58.14:275][760]LogInit: XAudio2 using 'Speakers (High Definition Audio Device)' : 2 channels at 44.1 kHz using 16 bits per sample (channel mask 0x3)
[2018.04.11-21.58.14:288][760]LogInit: FAudioDevice initialized.
[2018.04.11-21.58.14:332][760]LogLoad: Game class is 'GameController_BP_C'
[2018.04.11-21.58.14:334][760]LogWorld: Bringing World /Game/Map/UEDPIE_0_2DTestWorld.2DTestWorld up for play (max tick rate 0) at 2018.04.11-18.58.14
[2018.04.11-21.58.14:335][760]LogWorld: Bringing up level for play took: 0.001761
[2018.04.11-21.58.14:337][760]LogBlueprintUserMessages: [JsonReader_24] 
[2018.04.11-21.58.14:337][760]LogBlueprintUserMessages: [JsonReader_24] 
[2018.04.11-21.58.14:337][760]LogBlueprintUserMessages: [JsonReader_24] 
[2018.04.11-21.58.14:337][760]LogBlueprintUserMessages: [JsonReader_24] 
[2018.04.11-21.58.14:337][760]LogBlueprintUserMessages: [JsonReader_24] 
[2018.04.11-21.58.14:337][760]LogBlueprintUserMessages: [JsonReader_24] 
[2018.04.11-21.58.14:337][760]LogBlueprintUserMessages: [JsonReader_24] 
[2018.04.11-21.58.14:337][760]LogBlueprintUserMessages: [JsonReader_24] 
[2018.04.11-21.58.14:337][760]LogBlueprintUserMessages: [JsonReader_24] 
[2018.04.11-21.58.14:337][760]LogBlueprintUserMessages: [JsonReader_24] 
[2018.04.11-21.58.14:337][760]LogBlueprintUserMessages: [JsonReader_24] 
[2018.04.11-21.58.14:337][760]LogBlueprintUserMessages: [JsonReader_24] 
[2018.04.11-21.58.14:337][760]LogBlueprintUserMessages: [JsonReader_24] 
[2018.04.11-21.58.14:337][760]LogBlueprintUserMessages: [JsonReader_24] 
[2018.04.11-21.58.14:337][760]LogBlueprintUserMessages: [JsonReader_24] 
[2018.04.11-21.58.14:337][760]LogBlueprintUserMessages: [JsonReader_24] 
[2018.04.11-21.58.14:337][760]LogBlueprintUserMessages: [JsonReader_24] 
[2018.04.11-21.58.14:337][760]LogBlueprintUserMessages: [JsonReader_24] 
[2018.04.11-21.58.14:337][760]LogBlueprintUserMessages: [JsonReader_24] 
[2018.04.11-21.58.14:337][760]LogBlueprintUserMessages: [JsonReader_24] 
[2018.04.11-21.58.14:337][760]LogBlueprintUserMessages: [JsonReader_24] 
[2018.04.11-21.58.14:337][760]LogBlueprintUserMessages: [JsonReader_24] 
[2018.04.11-21.58.14:337][760]LogBlueprintUserMessages: [JsonReader_24] 
[2018.04.11-21.58.14:337][760]LogBlueprintUserMessages: [JsonReader_24] 
[2018.04.11-21.58.14:337][760]LogBlueprintUserMessages: [JsonReader_24] 
[2018.04.11-21.58.14:338][760]LogBlueprintUserMessages: [JsonReader_24] 
[2018.04.11-21.58.14:338][760]LogBlueprintUserMessages: [JsonReader_24] 
[2018.04.11-21.58.14:338][760]LogBlueprintUserMessages: [JsonReader_24] 
[2018.04.11-21.58.14:338][760]LogBlueprintUserMessages: [JsonReader_24] 
[2018.04.11-21.58.14:338][760]LogBlueprintUserMessages: [JsonReader_24] 
[2018.04.11-21.58.14:339][760]PIE: Play in editor start time for /Game/Map/UEDPIE_0_2DTestWorld 0.846
[2018.04.11-21.58.14:457][761]LogCharacterMovement: Warning: GetSimulationTimeStep() - Max iterations 8 hit while remaining time 0.077349 > MaxSimulationTimeStep (0.050) for 'Blue_BP_C_0', movement 'Walking'
[2018.04.11-21.58.15:688][858]LogSlate: Window 'SotW Game Preview Standalone (64-bit/PCD3D_SM5)' being destroyed
[2018.04.11-21.58.57:045][400]LogWindows: Error: === Critical error: ===
[2018.04.11-21.58.57:046][400]LogWindows: Error: 
[2018.04.11-21.58.57:046][400]LogWindows: Error: Fatal error!
[2018.04.11-21.58.57:046][400]LogWindows: Error: 
[2018.04.11-21.58.57:046][400]LogWindows: Error: Unhandled Exception: EXCEPTION_ACCESS_VIOLATION 0x58fabe00
[2018.04.11-21.58.57:046][400]LogWindows: Error: 
[2018.04.11-21.58.57:046][400]LogWindows: Error: [Callstack] 0x0000000058FABE00 UnknownFunction []
[2018.04.11-21.58.57:046][400]LogWindows: Error: [Callstack] 0x0000000097AAC22A UE4Editor-GraphEditor.dll!UnknownFunction []
[2018.04.11-21.58.57:046][400]LogWindows: Error: [Callstack] 0x00000000979377AC UE4Editor-GraphEditor.dll!UnknownFunction []
[2018.04.11-21.58.57:046][400]LogWindows: Error: [Callstack] 0x000000009793AEC9 UE4Editor-GraphEditor.dll!UnknownFunction []
[2018.04.11-21.58.57:046][400]LogWindows: Error: [Callstack] 0x0000000097A76E65 UE4Editor-GraphEditor.dll!UnknownFunction []
[2018.04.11-21.58.57:046][400]LogWindows: Error: [Callstack] 0x000000009E0C6057 UE4Editor-Slate.dll!UnknownFunction []
[2018.04.11-21.58.57:046][400]LogWindows: Error: [Callstack] 0x000000009E0CBB51 UE4Editor-Slate.dll!UnknownFunction []
[2018.04.11-21.58.57:046][400]LogWindows: Error: [Callstack] 0x000000009E2FC253 UE4Editor-Slate.dll!UnknownFunction []
[2018.04.11-21.58.57:046][400]LogWindows: Error: [Callstack] 0x000000009E120475 UE4Editor-Slate.dll!UnknownFunction []
[2018.04.11-21.58.57:046][400]LogWindows: Error: [Callstack] 0x000000009E11A0FC UE4Editor-Slate.dll!UnknownFunction []
[2018.04.11-21.58.57:046][400]LogWindows: Error: [Callstack] 0x000000009E119777 UE4Editor-Slate.dll!UnknownFunction []
[2018.04.11-21.58.57:046][400]LogWindows: Error: [Callstack] 0x00000000905D6F3A UE4Editor.exe!UnknownFunction []
[2018.04.11-21.58.57:046][400]LogWindows: Error: [Callstack] 0x00000000905E6BD0 UE4Editor.exe!UnknownFunction []
[2018.04.11-21.58.57:046][400]LogWindows: Error: [Callstack] 0x00000000905E6C4A UE4Editor.exe!UnknownFunction []
[2018.04.11-21.58.57:046][400]LogWindows: Error: [Callstack] 0x00000000905F4149 UE4Editor.exe!UnknownFunction []
[2018.04.11-21.58.57:046][400]LogWindows: Error: [Callstack] 0x00000000905F5B57 UE4Editor.exe!UnknownFunction []
[2018.04.11-21.58.57:046][400]LogWindows: Error: [Callstack] 0x00000000CFBE1FE4 KERNEL32.DLL!UnknownFunction []
[2018.04.11-21.58.57:046][400]LogWindows: Error: [Callstack] 0x00000000D0DAEFC1 ntdll.dll!UnknownFunction []
[2018.04.11-21.58.57:046][400]LogWindows: Error: [Callstack] 0x00000000D0DAEFC1 ntdll.dll!UnknownFunction []
[2018.04.11-21.58.57:046][400]LogWindows: Error: 
[2018.04.11-21.58.57:061][400]LogExit: Executing StaticShutdownAfterError
[2018.04.11-21.58.57:131][400]LogWindows: FPlatformMisc::RequestExit(1)
[2018.04.11-21.58.57:344][400]Log file closed, 04/11/18 18:58:57
