Log file open, 04/22/18 13:48:34
LogWindows: Failed to load 'aqProf.dll' (GetLastError=126)
LogWindows: File 'aqProf.dll' does not exist
LogWindows: Failed to load 'VSPerf140.dll' (GetLastError=126)
LogWindows: File 'VSPerf140.dll' does not exist
LogWindows: Failed to load 'VtuneApi.dll' (GetLastError=126)
LogWindows: File 'VtuneApi.dll' does not exist
LogWindows: Failed to load 'VtuneApi32e.dll' (GetLastError=126)
LogWindows: File 'VtuneApi32e.dll' does not exist
LogInit: Display: Running engine for game: SotW
LogPlatformFile: Not using cached read wrapper
LogInit: Display: RandInit(1896376042) SRandInit(1896376042).
LogInit: Read version file with build ID '3944462'
LogInit: Overriding engine version to CL 3944462, compatible CL 3944462
LogInit: Registered custom module enumerator with build ID '3944462'
LogTaskGraph: Started task graph with 5 named threads and 14 total threads with 3 sets of task threads.
LogStats: Stats thread started at 0.214502
LogD3D11RHI: Aftermath initialized
LogICUInternationalization: Display: ICU TimeZone Detection - Raw Offset: -3:00, Platform Override: ''
LogModuleManager: Display: Found up-to-date module file ../../../Engine/Plugins/2D/Paper2D/Binaries/Win64/UE4Editor-Paper2D.dll (API version 3944462).
LogModuleManager: Display: Found up-to-date module file ../../../Engine/Plugins/2D/Paper2D/Binaries/Win64/UE4Editor-Paper2DEditor.dll (API version 3944462).
LogModuleManager: Display: Found up-to-date module file ../../../Engine/Plugins/2D/Paper2D/Binaries/Win64/UE4Editor-PaperSpriteSheetImporter.dll (API version 3944462).
LogModuleManager: Display: Found up-to-date module file ../../../Engine/Plugins/2D/Paper2D/Binaries/Win64/UE4Editor-PaperTiledImporter.dll (API version 3944462).
LogModuleManager: Display: Found up-to-date module file ../../../Engine/Plugins/2D/Paper2D/Binaries/Win64/UE4Editor-SmartSnapping.dll (API version 3944462).
LogModuleManager: Display: Found up-to-date module file ../../../Engine/Plugins/Marketplace/JSONParser/Binaries/Win64/UE4Editor-JSONParser.dll (API version 3944462).
LogModuleManager: Display: Found up-to-date module file ../../../Engine/Plugins/Marketplace/DlgSystem/Binaries/Win64/UE4Editor-DlgSystem.dll (API version 3944462).
LogModuleManager: Display: Found up-to-date module file ../../../Engine/Plugins/Marketplace/DlgSystem/Binaries/Win64/UE4Editor-DlgSystemEditor.dll (API version 3944462).
LogModuleManager: Display: Found up-to-date module file ../../../Engine/Plugins/Blendables/LightPropagationVolume/Binaries/Win64/UE4Editor-LightPropagationVolumeRuntime.dll (API version 3944462).
LogModuleManager: Display: Found up-to-date module file ../../../Engine/Plugins/Blendables/LightPropagationVolume/Binaries/Win64/UE4Editor-LightPropagationVolumeEditor.dll (API version 3944462).
LogModuleManager: Display: Found up-to-date module file ../../../Engine/Plugins/Developer/CLionSourceCodeAccess/Binaries/Win64/UE4Editor-CLionSourceCodeAccess.dll (API version 3944462).
LogModuleManager: Display: Found up-to-date module file ../../../Engine/Plugins/Developer/GitSourceControl/Binaries/Win64/UE4Editor-GitSourceControl.dll (API version 3944462).
LogModuleManager: Display: Found up-to-date module file ../../../Engine/Plugins/Developer/PerforceSourceControl/Binaries/Win64/UE4Editor-PerforceSourceControl.dll (API version 3944462).
LogModuleManager: Display: Found up-to-date module file ../../../Engine/Plugins/Developer/SubversionSourceControl/Binaries/Win64/UE4Editor-SubversionSourceControl.dll (API version 3944462).
LogModuleManager: Display: Found up-to-date module file ../../../Engine/Plugins/Developer/UObjectPlugin/Binaries/Win64/UE4Editor-UObjectPlugin.dll (API version 3944462).
LogModuleManager: Display: Found up-to-date module file ../../../Engine/Plugins/Developer/VisualStudioCodeSourceCodeAccess/Binaries/Win64/UE4Editor-VisualStudioCodeSourceCodeAccess.dll (API version 3944462).
LogModuleManager: Display: Found up-to-date module file ../../../Engine/Plugins/Developer/VisualStudioSourceCodeAccess/Binaries/Win64/UE4Editor-VisualStudioSourceCodeAccess.dll (API version 3944462).
LogModuleManager: Display: Found up-to-date module file ../../../Engine/Plugins/Editor/AssetManagerEditor/Binaries/Win64/UE4Editor-AssetManagerEditor.dll (API version 3944462).
LogModuleManager: Display: Found up-to-date module file ../../../Engine/Plugins/Editor/CryptoKeys/Binaries/Win64/UE4Editor-CryptoKeys.dll (API version 3944462).
LogModuleManager: Display: Found up-to-date module file ../../../Engine/Plugins/Editor/CryptoKeys/Binaries/Win64/UE4Editor-CryptoKeysOpenSSL.dll (API version 3944462).
LogModuleManager: Display: Found up-to-date module file ../../../Engine/Plugins/Editor/DataValidation/Binaries/Win64/UE4Editor-DataValidation.dll (API version 3944462).
LogModuleManager: Display: Found up-to-date module file ../../../Engine/Plugins/Editor/FacialAnimation/Binaries/Win64/UE4Editor-FacialAnimation.dll (API version 3944462).
LogModuleManager: Display: Found up-to-date module file ../../../Engine/Plugins/Editor/FacialAnimation/Binaries/Win64/UE4Editor-FacialAnimationEditor.dll (API version 3944462).
LogModuleManager: Display: Found up-to-date module file ../../../Engine/Plugins/Editor/GameplayTagsEditor/Binaries/Win64/UE4Editor-GameplayTagsEditor.dll (API version 3944462).
LogModuleManager: Display: Found up-to-date module file ../../../Engine/Plugins/Editor/MobileLauncherProfileWizard/Binaries/Win64/UE4Editor-MobileLauncherProfileWizard.dll (API version 3944462).
LogModuleManager: Display: Found up-to-date module file ../../../Engine/Plugins/Editor/PluginBrowser/Binaries/Win64/UE4Editor-PluginBrowser.dll (API version 3944462).
LogModuleManager: Display: Found up-to-date module file ../../../Engine/Plugins/Editor/SpeedTreeImporter/Binaries/Win64/UE4Editor-SpeedTreeImporter.dll (API version 3944462).
LogModuleManager: Display: Found up-to-date module file ../../../Engine/Plugins/Enterprise/DatasmithContent/Binaries/Win64/UE4Editor-DatasmithContent.dll (API version 3944462).
LogModuleManager: Display: Found up-to-date module file ../../../Engine/Plugins/Experimental/AlembicImporter/Binaries/Win64/UE4Editor-AlembicImporter.dll (API version 3944462).
LogModuleManager: Display: Found up-to-date module file ../../../Engine/Plugins/Experimental/AlembicImporter/Binaries/Win64/UE4Editor-AlembicLibrary.dll (API version 3944462).
LogModuleManager: Display: Found up-to-date module file ../../../Engine/Plugins/Experimental/CharacterAI/Binaries/Win64/UE4Editor-CharacterAI.dll (API version 3944462).
LogModuleManager: Display: Found up-to-date module file ../../../Engine/Plugins/Experimental/HTML5Networking/Binaries/Win64/UE4Editor-HTML5Networking.dll (API version 3944462).
LogModuleManager: Display: Found up-to-date module file ../../../Engine/Plugins/Media/AndroidMedia/Binaries/Win64/UE4Editor-AndroidMediaEditor.dll (API version 3944462).
LogModuleManager: Display: Found up-to-date module file ../../../Engine/Plugins/Media/AndroidMedia/Binaries/Win64/UE4Editor-AndroidMediaFactory.dll (API version 3944462).
LogModuleManager: Display: Found up-to-date module file ../../../Engine/Plugins/Media/AvfMedia/Binaries/Win64/UE4Editor-AvfMediaEditor.dll (API version 3944462).
LogModuleManager: Display: Found up-to-date module file ../../../Engine/Plugins/Media/AvfMedia/Binaries/Win64/UE4Editor-AvfMediaFactory.dll (API version 3944462).
LogModuleManager: Display: Found up-to-date module file ../../../Engine/Plugins/Media/AvfMedia/Binaries/Win64/UE4Editor-AvfMediaFactory.dll (API version 3944462).
LogModuleManager: Display: Found up-to-date module file ../../../Engine/Plugins/Media/ImgMedia/Binaries/Win64/UE4Editor-ImgMedia.dll (API version 3944462).
LogModuleManager: Display: Found up-to-date module file ../../../Engine/Plugins/Media/ImgMedia/Binaries/Win64/UE4Editor-ImgMediaEditor.dll (API version 3944462).
LogModuleManager: Display: Found up-to-date module file ../../../Engine/Plugins/Media/ImgMedia/Binaries/Win64/UE4Editor-ImgMediaFactory.dll (API version 3944462).
LogModuleManager: Display: Found up-to-date module file ../../../Engine/Plugins/Media/ImgMedia/Binaries/Win64/UE4Editor-ImgMediaFactory.dll (API version 3944462).
LogModuleManager: Display: Found up-to-date module file ../../../Engine/Plugins/Media/ImgMedia/Binaries/Win64/UE4Editor-OpenExrWrapper.dll (API version 3944462).
LogModuleManager: Display: Found up-to-date module file ../../../Engine/Plugins/Media/LinearTimecode/Binaries/Win64/UE4Editor-LinearTimecode.dll (API version 3944462).
LogModuleManager: Display: Found up-to-date module file ../../../Engine/Plugins/Media/MediaCompositing/Binaries/Win64/UE4Editor-MediaCompositing.dll (API version 3944462).
LogModuleManager: Display: Found up-to-date module file ../../../Engine/Plugins/Media/MediaCompositing/Binaries/Win64/UE4Editor-MediaCompositingEditor.dll (API version 3944462).
LogModuleManager: Display: Found up-to-date module file ../../../Engine/Plugins/Media/MediaPlayerEditor/Binaries/Win64/UE4Editor-MediaPlayerEditor.dll (API version 3944462).
LogModuleManager: Display: Found up-to-date module file ../../../Engine/Plugins/Media/WmfMedia/Binaries/Win64/UE4Editor-WmfMedia.dll (API version 3944462).
LogModuleManager: Display: Found up-to-date module file ../../../Engine/Plugins/Media/WmfMedia/Binaries/Win64/UE4Editor-WmfMediaEditor.dll (API version 3944462).
LogModuleManager: Display: Found up-to-date module file ../../../Engine/Plugins/Media/WmfMedia/Binaries/Win64/UE4Editor-WmfMediaFactory.dll (API version 3944462).
LogModuleManager: Display: Found up-to-date module file ../../../Engine/Plugins/Media/WmfMedia/Binaries/Win64/UE4Editor-WmfMediaFactory.dll (API version 3944462).
LogModuleManager: Display: Found up-to-date module file ../../../Engine/Plugins/Messaging/TcpMessaging/Binaries/Win64/UE4Editor-TcpMessaging.dll (API version 3944462).
LogModuleManager: Display: Found up-to-date module file ../../../Engine/Plugins/Messaging/UdpMessaging/Binaries/Win64/UE4Editor-UdpMessaging.dll (API version 3944462).
LogModuleManager: Display: Found up-to-date module file ../../../Engine/Plugins/MovieScene/ActorSequence/Binaries/Win64/UE4Editor-ActorSequence.dll (API version 3944462).
LogModuleManager: Display: Found up-to-date module file ../../../Engine/Plugins/MovieScene/LevelSequenceEditor/Binaries/Win64/UE4Editor-LevelSequenceEditor.dll (API version 3944462).
LogModuleManager: Display: Found up-to-date module file ../../../Engine/Plugins/MovieScene/MatineeToLevelSequence/Binaries/Win64/UE4Editor-MatineeToLevelSequence.dll (API version 3944462).
LogModuleManager: Display: Found up-to-date module file ../../../Engine/Plugins/NetcodeUnitTest/NetcodeUnitTest/Binaries/Win64/UE4Editor-NetcodeUnitTest.dll (API version 3944462).
LogModuleManager: Display: Found up-to-date module file ../../../Engine/Plugins/NetcodeUnitTest/NUTUnrealEngine4/Binaries/Win64/UE4Editor-NUTUnrealEngine4.dll (API version 3944462).
LogModuleManager: Display: Found up-to-date module file ../../../Engine/Plugins/Online/OnlineSubsystem/Binaries/Win64/UE4Editor-OnlineSubsystem.dll (API version 3944462).
LogModuleManager: Display: Found up-to-date module file ../../../Engine/Plugins/Runtime/AndroidPermission/Binaries/Win64/UE4Editor-AndroidPermission.dll (API version 3944462).
LogModuleManager: Display: Found up-to-date module file ../../../Engine/Plugins/Online/OnlineSubsystemNull/Binaries/Win64/UE4Editor-OnlineSubsystemNull.dll (API version 3944462).
LogModuleManager: Display: Found up-to-date module file ../../../Engine/Plugins/Online/OnlineSubsystemUtils/Binaries/Win64/UE4Editor-OnlineSubsystemUtils.dll (API version 3944462).
LogModuleManager: Display: Found up-to-date module file ../../../Engine/Plugins/Online/OnlineSubsystemUtils/Binaries/Win64/UE4Editor-OnlineBlueprintSupport.dll (API version 3944462).
LogModuleManager: Display: Found up-to-date module file ../../../Engine/Plugins/Runtime/AndroidDeviceProfileSelector/Binaries/Win64/UE4Editor-AndroidDeviceProfileSelector.dll (API version 3944462).
LogModuleManager: Display: Found up-to-date module file ../../../Engine/Plugins/Runtime/AppleARKit/Binaries/Win64/UE4Editor-AppleARKit.dll (API version 3944462).
LogModuleManager: Display: Found up-to-date module file ../../../Engine/Plugins/Runtime/ProceduralMeshComponent/Binaries/Win64/UE4Editor-ProceduralMeshComponent.dll (API version 3944462).
LogModuleManager: Display: Found up-to-date module file ../../../Engine/Plugins/Runtime/ProceduralMeshComponent/Binaries/Win64/UE4Editor-ProceduralMeshComponentEditor.dll (API version 3944462).
LogModuleManager: Display: Found up-to-date module file ../../../Engine/Plugins/Animation/LiveLink/Binaries/Win64/UE4Editor-LiveLink.dll (API version 3944462).
LogModuleManager: Display: Found up-to-date module file ../../../Engine/Plugins/Animation/LiveLink/Binaries/Win64/UE4Editor-LiveLinkEditor.dll (API version 3944462).
LogModuleManager: Display: Found up-to-date module file ../../../Engine/Plugins/Runtime/ArchVisCharacter/Binaries/Win64/UE4Editor-ArchVisCharacter.dll (API version 3944462).
LogModuleManager: Display: Found up-to-date module file ../../../Engine/Plugins/Runtime/AudioCapture/Binaries/Win64/UE4Editor-AudioCapture.dll (API version 3944462).
LogModuleManager: Display: Found up-to-date module file ../../../Engine/Plugins/Runtime/AudioCapture/Binaries/Win64/UE4Editor-AudioCaptureEditor.dll (API version 3944462).
LogModuleManager: Display: Found up-to-date module file ../../../Engine/Plugins/Runtime/CableComponent/Binaries/Win64/UE4Editor-CableComponent.dll (API version 3944462).
LogModuleManager: Display: Found up-to-date module file ../../../Engine/Plugins/Runtime/CustomMeshComponent/Binaries/Win64/UE4Editor-CustomMeshComponent.dll (API version 3944462).
LogModuleManager: Display: Found up-to-date module file ../../../Engine/Plugins/Runtime/ExampleDeviceProfileSelector/Binaries/Win64/UE4Editor-ExampleDeviceProfileSelector.dll (API version 3944462).
LogModuleManager: Display: Found up-to-date module file ../../../Engine/Plugins/Runtime/ImmediatePhysics/Binaries/Win64/UE4Editor-ImmediatePhysics.dll (API version 3944462).
LogModuleManager: Display: Found up-to-date module file ../../../Engine/Plugins/Runtime/ImmediatePhysics/Binaries/Win64/UE4Editor-ImmediatePhysicsEditor.dll (API version 3944462).
LogModuleManager: Display: Found up-to-date module file ../../../Engine/Plugins/Runtime/LocationServicesBPLibrary/Binaries/Win64/UE4Editor-LocationServicesBPLibrary.dll (API version 3944462).
LogModuleManager: Display: Found up-to-date module file ../../../Engine/Plugins/Runtime/MobilePatchingUtils/Binaries/Win64/UE4Editor-MobilePatchingUtils.dll (API version 3944462).
LogModuleManager: Display: Found up-to-date module file ../../../Engine/Plugins/Runtime/Oculus/OculusVR/Binaries/Win64/UE4Editor-OculusHMD.dll (API version 3944462).
LogModuleManager: Display: Found up-to-date module file ../../../Engine/Plugins/Runtime/Oculus/OculusVR/Binaries/Win64/UE4Editor-OculusInput.dll (API version 3944462).
LogModuleManager: Display: Found up-to-date module file ../../../Engine/Plugins/Runtime/Oculus/OculusVR/Binaries/Win64/UE4Editor-OculusEditor.dll (API version 3944462).
LogModuleManager: Display: Found up-to-date module file ../../../Engine/Plugins/Runtime/PhysXVehicles/Binaries/Win64/UE4Editor-PhysXVehicles.dll (API version 3944462).
LogModuleManager: Display: Found up-to-date module file ../../../Engine/Plugins/Runtime/PhysXVehicles/Binaries/Win64/UE4Editor-PhysXVehiclesEditor.dll (API version 3944462).
LogModuleManager: Display: Found up-to-date module file ../../../Engine/Plugins/Runtime/RuntimePhysXCooking/Binaries/Win64/UE4Editor-RuntimePhysXCooking.dll (API version 3944462).
LogModuleManager: Display: Found up-to-date module file ../../../Engine/Plugins/Runtime/Steam/SteamVR/Binaries/Win64/UE4Editor-SteamVR.dll (API version 3944462).
LogModuleManager: Display: Found up-to-date module file ../../../Engine/Plugins/Runtime/Steam/SteamVR/Binaries/Win64/UE4Editor-SteamVRController.dll (API version 3944462).
LogModuleManager: Display: Found up-to-date module file ../../../Engine/Plugins/Runtime/WindowsMoviePlayer/Binaries/Win64/UE4Editor-WindowsMoviePlayer.dll (API version 3944462).
LogPluginManager: Mounting plugin Paper2D
LogPluginManager: Mounting plugin LiveLink
LogPluginManager: Mounting plugin LightPropagationVolume
LogPluginManager: Mounting plugin CLionSourceCodeAccess
LogPluginManager: Mounting plugin CodeLiteSourceCodeAccess
LogPluginManager: Mounting plugin GitSourceControl
LogPluginManager: Mounting plugin KDevelopSourceCodeAccess
LogPluginManager: Mounting plugin NullSourceCodeAccess
LogPluginManager: Mounting plugin PerforceSourceControl
LogPluginManager: Mounting plugin SubversionSourceControl
LogPluginManager: Mounting plugin UObjectPlugin
LogPluginManager: Mounting plugin VisualStudioCodeSourceCodeAccess
LogPluginManager: Mounting plugin VisualStudioSourceCodeAccess
LogPluginManager: Mounting plugin XCodeSourceCodeAccess
LogPluginManager: Mounting plugin AssetManagerEditor
LogPluginManager: Mounting plugin CryptoKeys
LogPluginManager: Mounting plugin DataValidation
LogPluginManager: Mounting plugin FacialAnimation
LogPluginManager: Mounting plugin GameplayTagsEditor
LogPluginManager: Mounting plugin MobileLauncherProfileWizard
LogPluginManager: Mounting plugin PluginBrowser
LogPluginManager: Mounting plugin SpeedTreeImporter
LogPluginManager: Mounting plugin DatasmithContent
LogPluginManager: Mounting plugin AlembicImporter
LogPluginManager: Mounting plugin CharacterAI
LogPluginManager: Mounting plugin HTML5Networking
LogPluginManager: Mounting plugin DlgSystem
LogPluginManager: Mounting plugin JSONParser
LogPluginManager: Mounting plugin AndroidMedia
LogPluginManager: Mounting plugin AvfMedia
LogPluginManager: Mounting plugin ImgMedia
LogPluginManager: Mounting plugin LinearTimecode
LogPluginManager: Mounting plugin MediaCompositing
LogPluginManager: Mounting plugin MediaPlayerEditor
LogPluginManager: Mounting plugin WmfMedia
LogPluginManager: Mounting plugin TcpMessaging
LogPluginManager: Mounting plugin UdpMessaging
LogPluginManager: Mounting plugin ActorSequence
LogPluginManager: Mounting plugin LevelSequenceEditor
LogPluginManager: Mounting plugin MatineeToLevelSequence
LogPluginManager: Mounting plugin NetcodeUnitTest
LogPluginManager: Mounting plugin NUTUnrealEngine4
LogPluginManager: Mounting plugin OnlineSubsystemGooglePlay
LogPluginManager: Mounting plugin OnlineSubsystemIOS
LogPluginManager: Mounting plugin OnlineSubsystem
LogPluginManager: Mounting plugin OnlineSubsystemNull
LogPluginManager: Mounting plugin OnlineSubsystemUtils
LogPluginManager: Mounting plugin AndroidDeviceProfileSelector
LogPluginManager: Mounting plugin AndroidMoviePlayer
LogPluginManager: Mounting plugin AndroidPermission
LogPluginManager: Mounting plugin AppleARKit
LogPluginManager: Mounting plugin AppleMoviePlayer
LogPluginManager: Mounting plugin ArchVisCharacter
LogPluginManager: Mounting plugin AudioCapture
LogPluginManager: Mounting plugin CableComponent
LogPluginManager: Mounting plugin CustomMeshComponent
LogPluginManager: Mounting plugin ExampleDeviceProfileSelector
LogPluginManager: Mounting plugin GoogleCloudMessaging
LogPluginManager: Mounting plugin ImmediatePhysics
LogPluginManager: Mounting plugin IOSDeviceProfileSelector
LogPluginManager: Mounting plugin LinuxDeviceProfileSelector
LogPluginManager: Mounting plugin LocationServicesBPLibrary
LogPluginManager: Mounting plugin MobilePatchingUtils
LogPluginManager: Mounting plugin OculusVR
LogPluginManager: Plugin shader directory ../../../Engine/Plugins/Runtime/Oculus/OculusVR/Shaders found
LogPluginManager: Mapping shader source directory ../../../Engine/Plugins/Runtime/Oculus/OculusVR/Shaders to virtual directory /Plugin/OculusVR
LogPluginManager: Mounting plugin PhysXVehicles
LogPluginManager: Mounting plugin ProceduralMeshComponent
LogPluginManager: Mounting plugin RuntimePhysXCooking
LogPluginManager: Mounting plugin SteamVR
LogPluginManager: Mounting plugin WindowsMoviePlayer
LogStreaming: Display: Took  4.300s to configure plugins.
LogInit: Using libcurl 7.47.1
LogInit:  - built for x86_64-pc-win32
LogInit:  - supports SSL with OpenSSL/1.0.2g
LogInit:  - supports HTTP deflate (compression) using libz 1.2.8
LogInit:  - other features:
LogInit:      CURL_VERSION_SSL
LogInit:      CURL_VERSION_LIBZ
LogInit:      CURL_VERSION_IPV6
LogInit:      CURL_VERSION_ASYNCHDNS
LogInit:      CURL_VERSION_LARGEFILE
LogInit:      CURL_VERSION_IDN
LogInit:  CurlRequestOptions (configurable via config and command line):
LogInit:  - bVerifyPeer = false  - Libcurl will NOT verify peer certificate
LogInit:  - bUseHttpProxy = false  - Libcurl will NOT use HTTP proxy
LogInit:  - bDontReuseConnections = false  - Libcurl will reuse connections
LogInit:  - CertBundlePath = nullptr  - Libcurl will use whatever was configured at build time.
LogInit:  - MaxHostConnections = 16  - Libcurl will limit the number of connections to a host
LogInit:  - LocalHostAddr = Default
LogInit: WinSock: version 1.1 (2.2), MaxSocks=32767, MaxUdp=65467
LogInit: WinSock: I am DESKTOP-J55RO49 (192.168.0.107:0)
LogInit: Build: ++UE4+Release-4.19-CL-3944462
LogInit: Engine Version: 4.19.0-3944462+++UE4+Release-4.19
LogInit: Compatible Engine Version: 4.19.0-3944462+++UE4+Release-4.19
LogInit: Net CL: 3944462
LogDevObjectVersion: Number of dev versions registered: 18
LogDevObjectVersion:   Dev-Blueprints (B0D832E4-1F89-4F0D-ACCF-7EB736FD4AA2): 10
LogDevObjectVersion:   Dev-Build (E1C64328-A22C-4D53-A36C-8E866417BD8C): 0
LogDevObjectVersion:   Dev-Core (375EC13C-06E4-48FB-B500-84F0262A717E): 2
LogDevObjectVersion:   Dev-Editor (E4B068ED-F494-42E9-A231-DA0B2E46BB41): 23
LogDevObjectVersion:   Dev-Framework (CFFC743F-43B0-4480-9391-14DF171D2073): 33
LogDevObjectVersion:   Dev-Mobile (B02B49B5-BB20-44E9-A304-32B752E40360): 2
LogDevObjectVersion:   Dev-Networking (A4E4105C-59A1-49B5-A7C5-40C4547EDFEE): 0
LogDevObjectVersion:   Dev-Online (39C831C9-5AE6-47DC-9A44-9C173E1C8E7C): 0
LogDevObjectVersion:   Dev-Physics (78F01B33-EBEA-4F98-B9B4-84EACCB95AA2): 0
LogDevObjectVersion:   Dev-Platform (6631380F-2D4D-43E0-8009-CF276956A95A): 0
LogDevObjectVersion:   Dev-Rendering (12F88B9F-8875-4AFC-A67C-D90C383ABD29): 25
LogDevObjectVersion:   Dev-Sequencer (7B5AE74C-D270-4C10-A958-57980B212A5A): 6
LogDevObjectVersion:   Dev-VR (D7296918-1DD6-4BDD-9DE2-64A83CC13884): 1
LogDevObjectVersion:   Dev-LoadTimes (C2A15278-BFE7-4AFE-6C17-90FF531DF755): 1
LogDevObjectVersion:   Private-Geometry (6EACA3D4-40EC-4CC1-B786-8BED09428FC5): 2
LogDevObjectVersion:   Dev-AnimPhys (29E575DD-E0A3-4627-9D10-D276232CDCEA): 16
LogDevObjectVersion:   Dev-ReflectionCapture (6B266CEC-1EC7-4B8F-A30B-E4D90942FC07): 1
LogDevObjectVersion:   Dev-Automation (0DF73D61-A23F-47EA-B727-89E90C41499A): 1
LogInit: Compiled (64-bit): Mar 13 2018 23:12:32
LogInit: Compiled with Visual C++: 19.00.24215.01
LogInit: Build Configuration: Development
LogInit: Branch Name: ++UE4+Release-4.19
LogInit: Command Line: 
LogInit: Base Directory: C:/Program Files/Epic Games/UE_4.19/Engine/Binaries/Win64/
LogInit: Installed Engine Build: 1
LogStreaming: Display: Took  0.054s to delete old logs.
LogInit: Presizing for max 8388607 objects, including 0 objects not considered by GC, pre-allocating 0 bytes for permanent pool.
LogInit: Object subsystem initialized
[2018.04.22-16.48.39:339][  0]LogInit: Selected Device Profile: [Windows]
[2018.04.22-16.48.39:340][  0]LogInit: Applying CVar settings loaded from the selected device profile: [Windows]
[2018.04.22-16.48.39:378][  0]LogInit: Computer: DESKTOP-J55RO49
[2018.04.22-16.48.39:378][  0]LogInit: User: Franco
[2018.04.22-16.48.39:378][  0]LogInit: CPU Page size=4096, Cores=4
[2018.04.22-16.48.39:378][  0]LogInit: High frequency timer resolution =3.134208 MHz
[2018.04.22-16.48.39:378][  0]LogMemory: Memory total: Physical=8.0GB (8GB approx)
[2018.04.22-16.48.39:378][  0]LogMemory: Platform Memory Stats for Windows
[2018.04.22-16.48.39:378][  0]LogMemory: Process Physical Memory: 275.85 MB used, 275.85 MB peak
[2018.04.22-16.48.39:378][  0]LogMemory: Process Virtual Memory: 280.13 MB used, 280.13 MB peak
[2018.04.22-16.48.39:378][  0]LogMemory: Physical Memory: 4753.90 MB used,  3390.54 MB free, 8144.43 MB total
[2018.04.22-16.48.39:378][  0]LogMemory: Virtual Memory: 702.35 MB used,  3390.54 MB free, 134217728.00 MB total
[2018.04.22-16.48.39:425][  0]LogInit: Using OS detected language (en-US).
[2018.04.22-16.48.39:425][  0]LogInit: Using OS detected locale (en-US).
[2018.04.22-16.48.39:433][  0]LogTextLocalizationManager: No specific localization for 'en-US' exists, so the 'en' localization will be used.
[2018.04.22-16.48.39:878][  0]LogStreaming: Display: Took  0.452s to EndInitTextLocalization.
[2018.04.22-16.48.39:879][  0]LogInit: Setting process to per monitor DPI aware
[2018.04.22-16.48.39:978][  0]LogSlate: New Slate User Created.  User Index 0, Is Virtual User: 0
[2018.04.22-16.48.39:978][  0]LogSlate: Slate User Registered.  User Index 0, Is Virtual User: 0
[2018.04.22-16.48.40:495][  0]LogD3D11RHI: D3D11 adapters:
[2018.04.22-16.48.40:521][  0]LogD3D11RHI:    0. 'AMD Radeon HD 7700 Series' (Feature Level 11_0)
[2018.04.22-16.48.40:521][  0]LogD3D11RHI:       1004/0/4072 MB DedicatedVideo/DedicatedSystem/SharedSystem, Outputs:2, VendorId:0x1002
[2018.04.22-16.48.40:525][  0]LogD3D11RHI:    1. 'Microsoft Basic Render Driver' (Feature Level 11_0)
[2018.04.22-16.48.40:525][  0]LogD3D11RHI:       0/0/4072 MB DedicatedVideo/DedicatedSystem/SharedSystem, Outputs:0, VendorId:0x1414
[2018.04.22-16.48.40:525][  0]LogD3D11RHI: Chosen D3D11 Adapter: 0
[2018.04.22-16.48.40:531][  0]LogD3D11RHI: Creating new Direct3DDevice
[2018.04.22-16.48.40:531][  0]LogD3D11RHI:     GPU DeviceId: 0x683d (for the marketing name, search the web for "GPU Device Id")
[2018.04.22-16.48.40:531][  0]LogWindows: EnumDisplayDevices:
[2018.04.22-16.48.40:531][  0]LogWindows:    0. 'AMD Radeon HD 7700 Series' (P:0 D:1)
[2018.04.22-16.48.40:531][  0]LogWindows:    1. 'AMD Radeon HD 7700 Series' (P:1 D:1)
[2018.04.22-16.48.40:532][  0]LogWindows:    2. 'AMD Radeon HD 7700 Series' (P:0 D:0)
[2018.04.22-16.48.40:532][  0]LogWindows:    3. 'AMD Radeon HD 7700 Series' (P:0 D:0)
[2018.04.22-16.48.40:532][  0]LogWindows:    4. 'AMD Radeon HD 7700 Series' (P:0 D:0)
[2018.04.22-16.48.40:532][  0]LogWindows:    5. 'AMD Radeon HD 7700 Series' (P:0 D:0)
[2018.04.22-16.48.40:532][  0]LogWindows: DebugString: GetVideoDriverDetailsInvalid PrimaryIsNotTheChoosenAdapter GetVideoDriverDetailsInvalid PrimaryIsNotTheChoosenAdapter GetVideoDriverDetailsInvalid PrimaryIsNotTheChoosenAdapter GetVideoDriverDetailsInvalid PrimaryIsNotTheChoosenAdapter GetVideoDriverDetailsInvalid PrimaryIsNotTheChoosenAdapter GetVideoDriverDetailsInvalid PrimaryIsNotTheChoosenAdapter FoundDriverCount:0 
[2018.04.22-16.48.40:532][  0]LogD3D11RHI:     Adapter Name: AMD Radeon HD 7700 Series
[2018.04.22-16.48.40:533][  0]LogD3D11RHI:   Driver Version: Unknown (internal:Unknown, unified:Unknown)
[2018.04.22-16.48.40:533][  0]LogD3D11RHI:      Driver Date: Unknown
[2018.04.22-16.48.40:533][  0]LogRHI: Texture pool is 702 MB (70% of 1004 MB)
[2018.04.22-16.48.40:576][  0]LogD3D11RHI: Async texture creation enabled
[2018.04.22-16.48.40:591][  0]LogD3D11RHI: GPU Timing Frequency: 27.000000 (Debug: 2 1)
[2018.04.22-16.48.40:594][  0]LogShaderCompilers: Guid format shader working directory is -22 characters bigger than the processId version (../../../../../../Users/Franco/Documents/GameDevelopment/Son of the Wind/wind-samurai/Intermediate/Shaders/WorkingDirectory/6616/).
[2018.04.22-16.48.40:594][  0]LogShaderCompilers: Cleaned the shader compiler working directory 'C:/Users/Franco.DESKTOP-J55RO49/AppData/Local/Temp/UnrealShaderWorkingDir/068F5D9C4C3849D5E78B099907CDE185/'.
[2018.04.22-16.48.41:100][  0]LogTemp: Display: Loaded TP AllDesktopTargetPlatform
[2018.04.22-16.48.41:122][  0]LogTemp: Display: Loaded TP MacClientTargetPlatform
[2018.04.22-16.48.41:143][  0]LogTemp: Display: Loaded TP MacNoEditorTargetPlatform
[2018.04.22-16.48.41:165][  0]LogTemp: Display: Loaded TP MacServerTargetPlatform
[2018.04.22-16.48.41:187][  0]LogTemp: Display: Loaded TP MacTargetPlatform
[2018.04.22-16.48.41:208][  0]LogTemp: Display: Loaded TP WindowsClientTargetPlatform
[2018.04.22-16.48.41:230][  0]LogTemp: Display: Loaded TP WindowsNoEditorTargetPlatform
[2018.04.22-16.48.41:252][  0]LogTemp: Display: Loaded TP WindowsServerTargetPlatform
[2018.04.22-16.48.41:263][  0]LogTemp: Display: Loaded TP WindowsTargetPlatform
[2018.04.22-16.48.41:282][  0]LogTemp: Display: Loaded TP Android_ASTCTargetPlatform
[2018.04.22-16.48.41:302][  0]LogTemp: Display: Loaded TP Android_ATCTargetPlatform
[2018.04.22-16.48.41:322][  0]LogTemp: Display: Loaded TP Android_DXTTargetPlatform
[2018.04.22-16.48.41:341][  0]LogTemp: Display: Loaded TP Android_ETC1aTargetPlatform
[2018.04.22-16.48.41:361][  0]LogTemp: Display: Loaded TP Android_ETC1TargetPlatform
[2018.04.22-16.48.41:380][  0]LogTemp: Display: Loaded TP Android_ETC2TargetPlatform
[2018.04.22-16.48.41:419][  0]LogTemp: Display: Loaded TP Android_MultiTargetPlatform
[2018.04.22-16.48.41:419][  0]LogTemp: Display: Loaded TP Android_PVRTCTargetPlatform
[2018.04.22-16.48.41:438][  0]LogTemp: Display: Loaded TP AndroidTargetPlatform
[2018.04.22-16.48.41:443][  0]LogTemp: Display: Loaded TP HTML5TargetPlatform
[2018.04.22-16.48.41:491][  0]LogTemp: Display: Loaded TP IOSTargetPlatform
[2018.04.22-16.48.41:509][  0]LogTemp: Display: Loaded TP TVOSTargetPlatform
[2018.04.22-16.48.41:529][  0]LogTemp: Display: Loaded TP LinuxClientTargetPlatform
[2018.04.22-16.48.41:549][  0]LogTemp: Display: Loaded TP LinuxNoEditorTargetPlatform
[2018.04.22-16.48.41:569][  0]LogTemp: Display: Loaded TP LinuxServerTargetPlatform
[2018.04.22-16.48.41:589][  0]LogTemp: Display: Loaded TP LinuxTargetPlatform
[2018.04.22-16.48.41:589][  0]LogTargetPlatformManager: Display: Building Assets For Windows
[2018.04.22-16.48.41:885][  0]LogXGEController: Cannot use XGE Controller as Incredibuild is not installed on this machine.
[2018.04.22-16.48.41:885][  0]LogShaderCompilers: Cannot use XGE Shader Compiler as Incredibuild is not installed on this machine.
[2018.04.22-16.48.41:885][  0]LogShaderCompilers: Display: Using Local Shader Compiler.
[2018.04.22-16.48.43:149][  0]LogDerivedDataCache: Display: Max Cache Size: 512 MB
[2018.04.22-16.48.43:244][  0]LogDerivedDataCache: Loaded boot cache 0.10s 74MB C:/Users/Franco.DESKTOP-J55RO49/AppData/Local/UnrealEngine/4.19/DerivedDataCache/Boot.ddc.
[2018.04.22-16.48.43:244][  0]LogDerivedDataCache: Display: Loaded Boot cache: C:/Users/Franco.DESKTOP-J55RO49/AppData/Local/UnrealEngine/4.19/DerivedDataCache/Boot.ddc
[2018.04.22-16.48.43:244][  0]LogDerivedDataCache: FDerivedDataBackendGraph:  Pak pak cache file ../../../../../../Users/Franco/Documents/GameDevelopment/Son of the Wind/wind-samurai/DerivedDataCache/DDC.ddp not found, will not use a pak cache.
[2018.04.22-16.48.43:244][  0]LogDerivedDataCache: Unable to find inner node Pak for hierarchical cache Hierarchy.
[2018.04.22-16.48.43:245][  0]LogDerivedDataCache: FDerivedDataBackendGraph:  CompressedPak pak cache file ../../../../../../Users/Franco/Documents/GameDevelopment/Son of the Wind/wind-samurai/DerivedDataCache/Compressed.ddp not found, will not use a pak cache.
[2018.04.22-16.48.43:245][  0]LogDerivedDataCache: Unable to find inner node CompressedPak for hierarchical cache Hierarchy.
[2018.04.22-16.48.43:262][  0]LogDerivedDataCache: Display: Pak cache opened for reading ../../../Engine/DerivedDataCache/Compressed.ddp.
[2018.04.22-16.48.43:277][  0]LogDerivedDataCache: Using Local data cache path C:/Users/Franco.DESKTOP-J55RO49/AppData/Local/UnrealEngine/Common/DerivedDataCache: Writable
[2018.04.22-16.48.43:290][  0]LogMaterial: Verifying Global Shaders for PCD3D_SM5
[2018.04.22-16.48.43:290][  0]LogSlate: Using Freetype 2.6.0
[2018.04.22-16.48.43:292][  0]LogSlate: SlateFontCache - WITH_FREETYPE: 1, WITH_HARFBUZZ: 1
[2018.04.22-16.48.43:292][  0]LogSlate: SlateFontCache - WITH_FREETYPE: 1, WITH_HARFBUZZ: 1
[2018.04.22-16.48.43:588][  0]LogAssetRegistry: FAssetRegistry took 0.0289 seconds to start up
[2018.04.22-16.48.44:098][  0]LogInit: Selected Device Profile: [Windows]
[2018.04.22-16.48.44:341][  0]LogSimplygon: Simplygon DLL not present - disabling.
[2018.04.22-16.48.44:347][  0]LogMeshReduction: Using SimplygonSwarm for distributed automatic mesh merging
[2018.04.22-16.48.44:347][  0]LogMeshReduction: Using QuadricMeshReduction for automatic static mesh reduction
[2018.04.22-16.48.44:347][  0]LogMeshReduction: No automatic skeletal mesh reduction module available
[2018.04.22-16.48.44:347][  0]LogMeshReduction: No automatic mesh merging module available
[2018.04.22-16.48.44:347][  0]LogMeshMerging: No automatic mesh merging module available
[2018.04.22-16.48.44:421][  0]LogNetVersion: SotW , NetCL: 3944462, EngineNetVer: 2, GameNetVer: 0 (Checksum: 175056507)
[2018.04.22-16.48.45:336][  0]LogPackageLocalizationCache: Processed 10 localized package path(s) for 2 prioritized culture(s) in 0.363782 seconds
[2018.04.22-16.48.45:343][  0]LogUObjectArray: 36728 objects as part of root set at end of initial load.
[2018.04.22-16.48.45:343][  0]LogUObjectAllocator: 7314312 out of 0 bytes used by permanent object pool.
[2018.04.22-16.48.45:343][  0]LogUObjectArray: CloseDisregardForGC: 0/0 objects in disregard for GC pool
[2018.04.22-16.48.48:199][  0]LogDlgSystem: Verbose: Creating new DlgGuid = `3CC24A9F41ABD87F2B03F4BB86C65174` for Dialogue = `/Script/DlgSystem.Default__DlgDialogue` because of new created Dialogue.
[2018.04.22-16.48.48:200][  0]LogDlgSystem: Verbose: Started DlgSystemModule
[2018.04.22-16.48.48:264][  0]LogTcpMessaging: Initializing TcpMessaging bridge
[2018.04.22-16.48.48:333][  0]LogUdpMessaging: Initializing bridge on interface 0.0.0.0:0 to multicast group 230.0.0.1:6666.
[2018.04.22-16.48.49:246][  0]SourceControl: Source control is disabled
[2018.04.22-16.48.49:247][  0]SourceControl: Source control is disabled
[2018.04.22-16.48.49:305][  0]SourceControl: Source control is disabled
[2018.04.22-16.48.49:361][  0]SourceControl: Source control is disabled
[2018.04.22-16.48.50:662][  0]LogAndroidPermission: UAndroidPermissionCallbackProxy::GetInstance
[2018.04.22-16.48.51:083][  0]LogOcInput: OculusInput pre-init called
[2018.04.22-16.48.51:308][  0]LogDlgSystemEditor: Verbose: Started DlgSystemEditorModule
[2018.04.22-16.48.51:406][  0]LogLinker: Warning: Asset '../../Plugins/Marketplace/DlgSystem/Content/TestDialogue.uasset' has been saved with empty engine version. The asset will be loaded but may be incompatible.
[2018.04.22-16.48.51:407][  0]LogDlgSystem: Verbose: Creating graph for Dialogue = `/DlgSystem/TestDialogue.TestDialogue`
[2018.04.22-16.48.51:408][  0]LogDlgSystem: Verbose: Creating new DlgGuid = `B2ACCE794F42B82F8F338EB74D94427F` for Dialogue = `/DlgSystem/TestDialogue.TestDialogue` because of new created Dialogue.
[2018.04.22-16.48.51:409][  0]LogDlgSystemEditor: Verbose: UDlgManager::LoadAllDialoguesIntoMemory loaded 0 Dialogues into Memory
[2018.04.22-16.48.51:575][  0]LogEngine: Initializing Engine...
[2018.04.22-16.48.51:578][  0]LogHMD: Failed to initialize OpenVR with code 110
[2018.04.22-16.48.51:580][  0]LogStats: UGameplayTagsManager::ConstructGameplayTagTree: Construct from data asset -  0.000 s
[2018.04.22-16.48.51:580][  0]LogStats: UGameplayTagsManager::ConstructGameplayTagTree: GameplayTagTreeChangedEvent.Broadcast -  0.000 s
[2018.04.22-16.48.51:940][  0]LogAIModule: Creating AISystem for world Untitled
[2018.04.22-16.48.51:966][  0]LogInit: XAudio2 using 'Speakers (High Definition Audio Device)' : 2 channels at 44.1 kHz using 16 bits per sample (channel mask 0x3)
[2018.04.22-16.48.52:000][  0]LogInit: FAudioDevice initialized.
[2018.04.22-16.48.52:266][  0]LogDerivedDataCache: Saved boot cache 0.27s 74MB C:/Users/Franco.DESKTOP-J55RO49/AppData/Local/UnrealEngine/4.19/DerivedDataCache/Boot.ddc.
[2018.04.22-16.48.52:279][  0]LogInit: Texture streaming: Enabled
[2018.04.22-16.48.52:309][  0]LogEngineSessionManager: EngineSessionManager initialized
[2018.04.22-16.48.52:372][  0]LogInit: Transaction tracking system initialized
[2018.04.22-16.48.52:420][  0]BlueprintLog: New page: Editor Load
[2018.04.22-16.48.52:576][  0]LocalizationService: Localization service is disabled
[2018.04.22-16.48.52:767][  0]LogLinker: Warning: Can't find file '/Game/2DSideScrollerBP/2DSideScrollerOverview'
[2018.04.22-16.48.52:767][  0]LogLinker: Warning: Can't find file '/Game/2DSideScrollerBP/2DSideScrollerOverview'
[2018.04.22-16.48.52:768][  0]LogUObjectGlobals: Warning: Failed to find object 'Class /Game/2DSideScrollerBP/2DSideScrollerOverview.2DSideScrollerOverview_C'
[2018.04.22-16.48.52:808][  0]LogConsoleResponse: Display: 
[2018.04.22-16.48.53:117][  0]LogCook: Display: Max memory allowance for cook 16384mb min free memory 0mb
[2018.04.22-16.48.53:117][  0]LogCook: Display: Mobile HDR setting 1
[2018.04.22-16.48.53:117][  0]LogGameplayTags: Display: UGameplayTagsManager::DoneAddingNativeTags. DelegateIsBound: 0
[2018.04.22-16.48.53:117][  0]LogStats: UGameplayTagsManager::ConstructGameplayTagTree: Construct from data asset -  0.000 s
[2018.04.22-16.48.53:117][  0]LogStats: UGameplayTagsManager::ConstructGameplayTagTree: GameplayTagTreeChangedEvent.Broadcast -  0.000 s
[2018.04.22-16.48.53:488][  0]LogFileCache: Scanning file cache for directory 'C:/Users/Franco/Documents/GameDevelopment/Son of the Wind/wind-samurai/Content/' took 0.02s
[2018.04.22-16.48.54:142][  0]SourceControl: Source control is disabled
[2018.04.22-16.48.54:143][  0]LogEditorServer: Warning: Can't find file '../../../../../../Users/Franco/Documents/GameDevelopment/Son of the Wind/wind-samurai/Content/2DSideScrollerBP/Maps/2DSideScrollerExampleMap.umap'
[2018.04.22-16.48.54:179][  0]Cmd: MAP CHECKDEP NOCLEARLOG
[2018.04.22-16.48.54:382][  0]MapCheck: Map check complete: 0 Error(s), 0 Warning(s), took 203.278ms to complete.
[2018.04.22-16.48.54:382][  0]LogFileHelpers: Loading map '2DSideScrollerExampleMap' took 0.241
[2018.04.22-16.48.54:479][  0]LogWindowsTextInputMethodSystem: Display: IME system now deactivated.
[2018.04.22-16.48.54:479][  0]LogWindowsTextInputMethodSystem: Display: IME system now deactivated.
[2018.04.22-16.48.55:399][  0]LogCollectionManager: Loaded 0 collections in 0.003531 seconds
[2018.04.22-16.48.55:630][  0]LogFileCache: Scanning file cache for directory 'C:/Users/Franco/Documents/GameDevelopment/Son of the Wind/wind-samurai/Saved/Collections/' took 0.01s
[2018.04.22-16.48.55:630][  0]LogFileCache: Scanning file cache for directory 'C:/Users/Franco/Documents/GameDevelopment/Son of the Wind/wind-samurai/Content/Developers/Franco/Collections/' took 0.01s
[2018.04.22-16.48.55:630][  0]LogFileCache: Scanning file cache for directory 'C:/Users/Franco/Documents/GameDevelopment/Son of the Wind/wind-samurai/Content/Collections/' took 0.01s
[2018.04.22-16.48.55:630][  0]LogCollectionManager: Rebuilt the GUID cache for 0 collections in 0.000000 seconds
[2018.04.22-16.48.55:643][  0]LogContentBrowser: Native class hierarchy populated in 0.0115 seconds. Added 2492 classes and 574 folders.
[2018.04.22-16.48.55:763][  0]LogContentBrowser: Native class hierarchy updated for 'WidgetCarousel' in 0.0004 seconds. Added 0 classes and 0 folders.
[2018.04.22-16.48.58:456][  0]LogContentBrowser: Native class hierarchy updated for 'AddContentDialog' in 0.0004 seconds. Added 0 classes and 0 folders.
[2018.04.22-16.48.58:506][  0]LogContentBrowser: Native class hierarchy updated for 'SceneOutliner' in 0.0004 seconds. Added 1 classes and 2 folders.
[2018.04.22-16.48.58:704][  0]LogSlate: Took 0.000398 seconds to synchronously load lazily loaded font '../../../Engine/Content/Slate/Fonts/Roboto-Regular.ttf' (155K)
[2018.04.22-16.48.58:706][  0]LogSlate: Took 0.000374 seconds to synchronously load lazily loaded font '../../../Engine/Content/Slate/Fonts/Roboto-Bold.ttf' (160K)
[2018.04.22-16.48.58:743][  0]LogSlate: Took 0.020620 seconds to synchronously load lazily loaded font '../../../Engine/Content/Editor/Slate/Fonts/FontAwesome.ttf' (139K)
[2018.04.22-16.48.59:155][  0]LogRenderer: Reallocating scene render targets to support 808x376 Format 10 NumSamples 1 (Frame:1).
[2018.04.22-16.48.59:263][  0]LogSlate: Took 0.018327 seconds to synchronously load lazily loaded font '../../../Engine/Content/Slate/Fonts/Roboto-Light.ttf' (167K)
[2018.04.22-16.48.59:404][  0]LogContentBrowser: Native class hierarchy updated for 'HierarchicalLODOutliner' in 0.0004 seconds. Added 0 classes and 0 folders.
[2018.04.22-16.48.59:404][  0]LogLoad: (Engine Initialization) Total time: 28.06 seconds
[2018.04.22-16.48.59:404][  0]LogLoad: (Engine Initialization) Total Blueprint compile time: 0.00 seconds
[2018.04.22-16.48.59:435][  0]LogContentStreaming: Texture pool size now 1000 MB
[2018.04.22-16.48.59:558][  1]LogAssetRegistry: Asset discovery search completed in 15.9921 seconds
[2018.04.22-16.48.59:560][  1]LogCollectionManager: Rebuilt the object cache for 0 collections in 0.000000 seconds (found 0 objects)
[2018.04.22-16.48.59:561][  1]LogCollectionManager: Fixed up redirectors for 0 collections in 0.000063 seconds (updated 0 objects)
[2018.04.22-16.49.03:441][446]LogSlate: FSceneViewport::OnFocusLost() reason 0
[2018.04.22-16.49.04:769][565]LogJson: Error: Unable to convert key to string for property conditionTags.
[2018.04.22-16.49.04:869][565]LogSlate: Took 0.000482 seconds to synchronously load lazily loaded font '../../../Engine/Content/Slate/Fonts/Roboto-Light.ttf' (167K)
[2018.04.22-16.49.05:733][565]LogContentBrowser: Native class hierarchy updated for 'BlueprintGraph' in 0.0008 seconds. Added 116 classes and 0 folders.
[2018.04.22-16.49.07:724][565]LogSlate: Took 0.070221 seconds to synchronously load lazily loaded font '../../../Engine/Content/Slate/Fonts/Roboto-BoldCondensed.ttf' (158K)
[2018.04.22-16.49.08:290][566]LogSlate: Took 0.016368 seconds to synchronously load lazily loaded font '../../../Engine/Content/Slate/Fonts/Roboto-Italic.ttf' (157K)
[2018.04.22-16.55.12:268][414]LogRenderer: Reallocating scene render targets to support 852x600 Format 10 NumSamples 1 (Frame:1).
[2018.04.22-16.56.14:365][509]LogAIModule: Creating AISystem for world 2DTestWorld
[2018.04.22-16.56.16:155][509]LogSlate: Window 'Save Content' being destroyed
[2018.04.22-16.56.16:965][509]LogJson: Error: Unable to convert key to string for property conditionTags.
[2018.04.22-16.56.17:123][509]LogSavePackage: Save=165.30ms
[2018.04.22-16.56.17:123][509]LogSavePackage: Moving '../../../../../../Users/Franco/Documents/GameDevelopment/Son of the Wind/wind-samurai/Saved/JsonReaderF99D40434AAFCAF59D4D33B59BB93B1C.tmp' to '../../../../../../Users/Franco/Documents/GameDevelopment/Son of the Wind/wind-samurai/Content/BP/DialogueSystem/JsonReader.uasset'
[2018.04.22-16.56.17:148][509]LogSavePackage: Display: Finished SavePackage ../../../../../../Users/Franco/Documents/GameDevelopment/Son of the Wind/wind-samurai/Content/BP/DialogueSystem/JsonReader.uasset
[2018.04.22-16.56.17:202][509]Cmd: MAP LOAD FILE="../../../../../../Users/Franco/Documents/GameDevelopment/Son of the Wind/wind-samurai/Content/Maps/Prototyping/2DTestWorld.umap" TEMPLATE=0 SHOWPROGRESS=1 FEATURELEVEL=3
[2018.04.22-16.56.17:202][509]LightingResults: New page: Lighting Build
[2018.04.22-16.56.17:207][509]LogContentBrowser: Native class hierarchy updated for 'StatsViewer' in 0.0004 seconds. Added 5 classes and 0 folders.
[2018.04.22-16.56.17:208][509]LoadErrors: New page: Loading map: 2DTestWorld.umap
[2018.04.22-16.56.17:208][509]MapCheck: New page: Map Check
[2018.04.22-16.56.17:208][509]LightingResults: New page: Lighting Build
[2018.04.22-16.56.17:236][509]LogEditorServer: Finished looking for orphan Actors (0.000 secs)
[2018.04.22-16.56.17:312][509]Cmd: MAP CHECKDEP NOCLEARLOG
[2018.04.22-16.56.17:542][509]MapCheck: Map check complete: 0 Error(s), 0 Warning(s), took 229.485ms to complete.
[2018.04.22-16.56.17:545][509]LogFileHelpers: Loading map '2DTestWorld' took 0.398
[2018.04.22-16.56.18:017][556]LogTemp: Repeating last play command: New Editor Window (PIE)
[2018.04.22-16.56.18:078][556]LogPlayLevel: PlayLevel: No blueprints needed recompiling
[2018.04.22-16.56.18:093][556]PIE: New page: PIE session: 2DTestWorld (Apr 22, 2018, 10:56:18 AM)
[2018.04.22-16.56.18:094][556]LogPlayLevel: Creating play world package: /Game/Maps/Prototyping/UEDPIE_0_2DTestWorld
[2018.04.22-16.56.18:095][556]LogPlayLevel: PIE: StaticDuplicateObject took: (0.001188s)
[2018.04.22-16.56.18:095][556]LogAIModule: Creating AISystem for world 2DTestWorld
[2018.04.22-16.56.18:096][556]LogPlayLevel: PIE: World Init took: (0.000771s)
[2018.04.22-16.56.18:096][556]LogPlayLevel: PIE: Created PIE world by copying editor world from /Game/Maps/Prototyping/2DTestWorld.2DTestWorld to /Game/Maps/Prototyping/UEDPIE_0_2DTestWorld.2DTestWorld (0.002181s)
[2018.04.22-16.56.18:137][556]LogInit: XAudio2 using 'Speakers (High Definition Audio Device)' : 2 channels at 44.1 kHz using 16 bits per sample (channel mask 0x3)
[2018.04.22-16.56.18:152][556]LogInit: FAudioDevice initialized.
[2018.04.22-16.56.19:077][556]LogLoad: Game class is 'GameController_BP_C'
[2018.04.22-16.56.19:117][556]LogWorld: Bringing World /Game/Maps/Prototyping/UEDPIE_0_2DTestWorld.2DTestWorld up for play (max tick rate 0) at 2018.04.22-13.56.19
[2018.04.22-16.56.19:118][556]LogWorld: Bringing up level for play took: 0.002138
[2018.04.22-16.56.19:160][556]LogContentBrowser: Native class hierarchy updated for 'MovieSceneCapture' in 0.0005 seconds. Added 11 classes and 0 folders.
[2018.04.22-16.56.19:162][556]LogBlueprintUserMessages: [JsonReader_24] Speaker:Dog.
[2018.04.22-16.56.19:162][556]LogBlueprintUserMessages: [JsonReader_24] Added to Invisible Options
[2018.04.22-16.56.19:166][556]PIE: Play in editor start time for /Game/Maps/Prototyping/UEDPIE_0_2DTestWorld 0.87
[2018.04.22-16.56.19:234][556]LogRenderer: Reallocating scene render targets to support 1452x936 Format 10 NumSamples 1 (Frame:1).
[2018.04.22-16.56.19:302][557]LogCharacterMovement: Warning: GetSimulationTimeStep() - Max iterations 8 hit while remaining time 0.062042 > MaxSimulationTimeStep (0.050) for 'Blue_BP_C_0', movement 'Walking'
[2018.04.22-16.56.24:321][960]LogSlate: Window 'SotW Game Preview Standalone (64-bit/PCD3D_SM5)' being destroyed
[2018.04.22-16.56.25:379][ 67]LogTemp: Repeating last play command: New Editor Window (PIE)
[2018.04.22-16.56.25:409][ 67]LogPlayLevel: PlayLevel: No blueprints needed recompiling
[2018.04.22-16.56.25:409][ 67]PIE: New page: PIE session: 2DTestWorld (Apr 22, 2018, 10:56:25 AM)
[2018.04.22-16.56.25:409][ 67]LogPlayLevel: Creating play world package: /Game/Maps/Prototyping/UEDPIE_0_2DTestWorld
[2018.04.22-16.56.25:411][ 67]LogPlayLevel: PIE: StaticDuplicateObject took: (0.001348s)
[2018.04.22-16.56.25:412][ 67]LogAIModule: Creating AISystem for world 2DTestWorld
[2018.04.22-16.56.25:412][ 67]LogPlayLevel: PIE: World Init took: (0.000889s)
[2018.04.22-16.56.25:412][ 67]LogPlayLevel: PIE: Created PIE world by copying editor world from /Game/Maps/Prototyping/2DTestWorld.2DTestWorld to /Game/Maps/Prototyping/UEDPIE_0_2DTestWorld.2DTestWorld (0.002441s)
[2018.04.22-16.56.25:453][ 67]LogInit: XAudio2 using 'Speakers (High Definition Audio Device)' : 2 channels at 44.1 kHz using 16 bits per sample (channel mask 0x3)
[2018.04.22-16.56.25:467][ 67]LogInit: FAudioDevice initialized.
[2018.04.22-16.56.25:516][ 67]LogLoad: Game class is 'GameController_BP_C'
[2018.04.22-16.56.25:518][ 67]LogWorld: Bringing World /Game/Maps/Prototyping/UEDPIE_0_2DTestWorld.2DTestWorld up for play (max tick rate 0) at 2018.04.22-13.56.25
[2018.04.22-16.56.25:519][ 67]LogWorld: Bringing up level for play took: 0.001830
[2018.04.22-16.56.25:521][ 67]LogBlueprintUserMessages: [JsonReader_24] Speaker:Dog.
[2018.04.22-16.56.25:522][ 67]LogBlueprintUserMessages: [JsonReader_24] Added to Invisible Options
[2018.04.22-16.56.25:526][ 67]PIE: Play in editor start time for /Game/Maps/Prototyping/UEDPIE_0_2DTestWorld -0.771
[2018.04.22-16.59.48:212][747]LogBlueprintUserMessages: [Blue_BP_C_0] JC JUMP
[2018.04.22-17.00.00:102][699]LogBlueprintUserMessages: [Blue_BP_C_0] JC JUMP
[2018.04.22-17.00.05:530][135]LogBlueprintUserMessages: [Blue_BP_C_0] JC JUMP
[2018.04.22-17.00.08:631][380]LogBlueprintUserMessages: [Blue_BP_C_0] JC JUMP
[2018.04.22-17.00.17:024][ 55]LogBlueprintUserMessages: [Blue_BP_C_0] JC JUMP
[2018.04.22-17.00.55:297][156]LogBlueprintUserMessages: [JsonReader_24] Speaker:Dog has been pet
[2018.04.22-17.00.55:297][156]LogBlueprintUserMessages: [JsonReader_24] dogpetter
[2018.04.22-17.00.55:297][156]LogBlueprintUserMessages: [JsonReader_24] diverted
[2018.04.22-17.00.55:297][156]LogBlueprintUserMessages: [JsonReader_24] Speaker:Dog.
[2018.04.22-17.00.55:298][156]LogBlueprintUserMessages: [JsonReader_24] Added to Invisible Options
[2018.04.22-17.00.55:298][156]LogBlueprintUserMessages: [JsonReader_24] Added to Invisible Options
[2018.04.22-17.01.11:818][502]LogSlate: Window 'SotW Game Preview Standalone (64-bit/PCD3D_SM5)' being destroyed
[2018.04.22-17.04.38:272][185]LogTemp: Repeating last play command: New Editor Window (PIE)
[2018.04.22-17.04.38:306][185]LogPlayLevel: PlayLevel: No blueprints needed recompiling
[2018.04.22-17.04.38:307][185]PIE: New page: PIE session: 2DTestWorld (Apr 22, 2018, 11:04:38 AM)
[2018.04.22-17.04.38:307][185]LogPlayLevel: Creating play world package: /Game/Maps/Prototyping/UEDPIE_0_2DTestWorld
[2018.04.22-17.04.38:308][185]LogPlayLevel: PIE: StaticDuplicateObject took: (0.001223s)
[2018.04.22-17.04.38:309][185]LogAIModule: Creating AISystem for world 2DTestWorld
[2018.04.22-17.04.38:309][185]LogPlayLevel: PIE: World Init took: (0.000832s)
[2018.04.22-17.04.38:309][185]LogPlayLevel: PIE: Created PIE world by copying editor world from /Game/Maps/Prototyping/2DTestWorld.2DTestWorld to /Game/Maps/Prototyping/UEDPIE_0_2DTestWorld.2DTestWorld (0.002191s)
[2018.04.22-17.04.38:356][185]LogInit: XAudio2 using 'Speakers (High Definition Audio Device)' : 2 channels at 44.1 kHz using 16 bits per sample (channel mask 0x3)
[2018.04.22-17.04.38:371][185]LogInit: FAudioDevice initialized.
[2018.04.22-17.04.38:423][185]LogLoad: Game class is 'GameController_BP_C'
[2018.04.22-17.04.38:425][185]LogWorld: Bringing World /Game/Maps/Prototyping/UEDPIE_0_2DTestWorld.2DTestWorld up for play (max tick rate 0) at 2018.04.22-14.04.38
[2018.04.22-17.04.38:426][185]LogWorld: Bringing up level for play took: 0.002075
[2018.04.22-17.04.38:428][185]LogBlueprintUserMessages: [JsonReader_24] Speaker:Dog.
[2018.04.22-17.04.38:429][185]LogBlueprintUserMessages: [JsonReader_24] Added to Invisible Options
[2018.04.22-17.04.38:432][185]PIE: Play in editor start time for /Game/Maps/Prototyping/UEDPIE_0_2DTestWorld 0.136
[2018.04.22-17.04.46:252][799]LogBlueprintUserMessages: [JsonReader_24] Speaker:Dog has been pet
[2018.04.22-17.04.46:253][799]LogBlueprintUserMessages: [JsonReader_24] dogpetter
[2018.04.22-17.04.46:253][799]LogBlueprintUserMessages: [JsonReader_24] diverted
[2018.04.22-17.04.46:253][799]LogBlueprintUserMessages: [JsonReader_24] Speaker:Dog.
[2018.04.22-17.04.46:254][799]LogBlueprintUserMessages: [JsonReader_24] Added to Invisible Options
[2018.04.22-17.04.46:254][799]LogBlueprintUserMessages: [JsonReader_24] Added to Invisible Options
[2018.04.22-17.05.31:948][406]LogSlate: Window 'SotW Game Preview Standalone (64-bit/PCD3D_SM5)' being destroyed
[2018.04.22-17.11.29:557][362]LogTemp: Repeating last play command: New Editor Window (PIE)
[2018.04.22-17.11.29:590][362]BlueprintLog: New page: Pre-Play auto-recompile
[2018.04.22-17.11.29:590][362]LogJson: Error: Unable to convert key to string for property conditionTags.
[2018.04.22-17.11.29:647][362]LogPlayLevel: [PlayLevel] Compiling JsonReader before play...
[2018.04.22-17.11.29:647][362]LogJson: Error: Unable to convert key to string for property conditionTags.
[2018.04.22-17.11.30:074][362]LogPlayLevel: PlayLevel: Blueprint regeneration took 484 ms (1 blueprints)
[2018.04.22-17.11.30:074][362]PIE: New page: PIE session: 2DTestWorld (Apr 22, 2018, 11:11:30 AM)
[2018.04.22-17.11.30:074][362]LogPlayLevel: Creating play world package: /Game/Maps/Prototyping/UEDPIE_0_2DTestWorld
[2018.04.22-17.11.30:075][362]LogPlayLevel: PIE: StaticDuplicateObject took: (0.001207s)
[2018.04.22-17.11.30:076][362]LogAIModule: Creating AISystem for world 2DTestWorld
[2018.04.22-17.11.30:076][362]LogPlayLevel: PIE: World Init took: (0.000772s)
[2018.04.22-17.11.30:076][362]LogPlayLevel: PIE: Created PIE world by copying editor world from /Game/Maps/Prototyping/2DTestWorld.2DTestWorld to /Game/Maps/Prototyping/UEDPIE_0_2DTestWorld.2DTestWorld (0.002137s)
[2018.04.22-17.11.30:117][362]LogInit: XAudio2 using 'Speakers (High Definition Audio Device)' : 2 channels at 44.1 kHz using 16 bits per sample (channel mask 0x3)
[2018.04.22-17.11.30:132][362]LogInit: FAudioDevice initialized.
[2018.04.22-17.11.30:181][362]LogLoad: Game class is 'GameController_BP_C'
[2018.04.22-17.11.30:184][362]LogWorld: Bringing World /Game/Maps/Prototyping/UEDPIE_0_2DTestWorld.2DTestWorld up for play (max tick rate 0) at 2018.04.22-14.11.30
[2018.04.22-17.11.30:184][362]LogWorld: Bringing up level for play took: 0.001982
[2018.04.22-17.11.30:186][362]LogBlueprintUserMessages: [JsonReader_24] Speaker:Dog.
[2018.04.22-17.11.30:187][362]LogBlueprintUserMessages: [JsonReader_24] doing stuff
[2018.04.22-17.11.30:187][362]LogBlueprintUserMessages: [JsonReader_24] doing stuff
[2018.04.22-17.11.30:187][362]LogBlueprintUserMessages: [JsonReader_24] doing stuff
[2018.04.22-17.11.30:187][362]LogBlueprintUserMessages: [JsonReader_24] doing stuff
[2018.04.22-17.11.30:187][362]LogBlueprintUserMessages: [JsonReader_24] Added to Invisible Options
[2018.04.22-17.11.30:187][362]LogBlueprintUserMessages: [JsonReader_24] doing stuff
[2018.04.22-17.11.30:187][362]LogBlueprintUserMessages: [JsonReader_24] doing stuff
[2018.04.22-17.11.30:189][362]PIE: Play in editor start time for /Game/Maps/Prototyping/UEDPIE_0_2DTestWorld -0.107
[2018.04.22-17.11.30:337][363]LogCharacterMovement: Warning: GetSimulationTimeStep() - Max iterations 8 hit while remaining time 0.062043 > MaxSimulationTimeStep (0.050) for 'Blue_BP_C_0', movement 'Walking'
[2018.04.22-17.11.32:567][535]LogSlate: Window 'SotW Game Preview Standalone (64-bit/PCD3D_SM5)' being destroyed
[2018.04.22-17.12.37:843][258]LogSavePackage: Save=19.40ms
[2018.04.22-17.12.37:843][258]LogSavePackage: Moving '../../../../../../Users/Franco/Documents/GameDevelopment/Son of the Wind/wind-samurai/Saved/2DTestWorld_Auto1D2C4AC0D4D27C25E440AA88D285D2B7D.tmp' to '../../../../../../Users/Franco/Documents/GameDevelopment/Son of the Wind/wind-samurai/Saved/Autosaves/Game/Maps/Prototyping/2DTestWorld_Auto1.umap'
[2018.04.22-17.12.37:852][258]LogSavePackage: Display: Finished SavePackage ../../../../../../Users/Franco/Documents/GameDevelopment/Son of the Wind/wind-samurai/Saved/Autosaves/Game/Maps/Prototyping/2DTestWorld_Auto1.umap
[2018.04.22-17.12.37:860][258]LogFileHelpers: Editor autosave (incl. sublevels) for '/Game/Maps/Prototyping/2DTestWorld' took 0.274
[2018.04.22-17.12.37:860][258]LogFileHelpers: Editor autosave (incl. sublevels) for all levels took 0.274
[2018.04.22-17.12.37:907][258]OBJ SavePackage: Generating thumbnails for [0] asset(s) in package [/Game/BP/DialogueSystem/JsonReader] ([1] browsable assets)...
[2018.04.22-17.12.37:907][258]OBJ SavePackage: Finished generating thumbnails for package [/Game/BP/DialogueSystem/JsonReader]
[2018.04.22-17.12.38:041][258]LogJson: Error: Unable to convert key to string for property conditionTags.
[2018.04.22-17.12.38:202][258]LogSavePackage: Save=167.91ms
[2018.04.22-17.12.38:202][258]LogSavePackage: Moving '../../../../../../Users/Franco/Documents/GameDevelopment/Son of the Wind/wind-samurai/Saved/JsonReader_Auto11F29096048187004EAA41EA0644733BA.tmp' to '../../../../../../Users/Franco/Documents/GameDevelopment/Son of the Wind/wind-samurai/Saved/Autosaves/Game/BP/DialogueSystem/JsonReader_Auto1.uasset'
[2018.04.22-17.12.38:338][258]LogSavePackage: Display: Finished SavePackage ../../../../../../Users/Franco/Documents/GameDevelopment/Son of the Wind/wind-samurai/Saved/Autosaves/Game/BP/DialogueSystem/JsonReader_Auto1.uasset
[2018.04.22-17.12.38:339][258]LogFileHelpers: Auto-saving content packages took 0.478
[2018.04.22-17.15.15:428][459]LogTemp: Repeating last play command: New Editor Window (PIE)
[2018.04.22-17.15.15:503][459]BlueprintLog: New page: Pre-Play auto-recompile
[2018.04.22-17.15.15:504][459]LogJson: Error: Unable to convert key to string for property conditionTags.
[2018.04.22-17.15.15:560][459]LogPlayLevel: [PlayLevel] Compiling JsonReader before play...
[2018.04.22-17.15.15:561][459]LogJson: Error: Unable to convert key to string for property conditionTags.
[2018.04.22-17.15.15:941][459]LogPlayLevel: PlayLevel: Blueprint regeneration took 437 ms (1 blueprints)
[2018.04.22-17.15.15:941][459]PIE: New page: PIE session: 2DTestWorld (Apr 22, 2018, 11:15:15 AM)
[2018.04.22-17.15.15:941][459]LogPlayLevel: Creating play world package: /Game/Maps/Prototyping/UEDPIE_0_2DTestWorld
[2018.04.22-17.15.15:943][459]LogPlayLevel: PIE: StaticDuplicateObject took: (0.001270s)
[2018.04.22-17.15.15:943][459]LogAIModule: Creating AISystem for world 2DTestWorld
[2018.04.22-17.15.15:943][459]LogPlayLevel: PIE: World Init took: (0.000726s)
[2018.04.22-17.15.15:943][459]LogPlayLevel: PIE: Created PIE world by copying editor world from /Game/Maps/Prototyping/2DTestWorld.2DTestWorld to /Game/Maps/Prototyping/UEDPIE_0_2DTestWorld.2DTestWorld (0.002130s)
[2018.04.22-17.15.15:985][459]LogInit: XAudio2 using 'Speakers (High Definition Audio Device)' : 2 channels at 44.1 kHz using 16 bits per sample (channel mask 0x3)
[2018.04.22-17.15.16:000][459]LogInit: FAudioDevice initialized.
[2018.04.22-17.15.16:044][459]LogLoad: Game class is 'GameController_BP_C'
[2018.04.22-17.15.16:046][459]LogWorld: Bringing World /Game/Maps/Prototyping/UEDPIE_0_2DTestWorld.2DTestWorld up for play (max tick rate 0) at 2018.04.22-14.15.16
[2018.04.22-17.15.16:046][459]LogWorld: Bringing up level for play took: 0.001712
[2018.04.22-17.15.16:048][459]LogBlueprintUserMessages: [JsonReader_24] Speaker:Dog.
[2018.04.22-17.15.16:049][459]LogBlueprintUserMessages: [JsonReader_24] Added to Invisible Options
[2018.04.22-17.15.16:050][459]PIE: Play in editor start time for /Game/Maps/Prototyping/UEDPIE_0_2DTestWorld -0.246
[2018.04.22-17.15.16:323][460]LogCharacterMovement: Warning: GetSimulationTimeStep() - Max iterations 8 hit while remaining time 0.062043 > MaxSimulationTimeStep (0.050) for 'Blue_BP_C_0', movement 'Walking'
[2018.04.22-17.15.16:943][509]LogBlueprintUserMessages: [JsonReader_24] Speaker:Dog has been pet
[2018.04.22-17.15.16:943][509]LogBlueprintUserMessages: [JsonReader_24] dogpetter
[2018.04.22-17.15.16:943][509]LogBlueprintUserMessages: [JsonReader_24] diverted
[2018.04.22-17.15.16:943][509]LogBlueprintUserMessages: [JsonReader_24] Speaker:Dog.
[2018.04.22-17.15.16:944][509]LogBlueprintUserMessages: [JsonReader_24] Added to Invisible Options
[2018.04.22-17.15.16:944][509]LogBlueprintUserMessages: [JsonReader_24] Added to Invisible Options
[2018.04.22-17.15.17:196][529]LogBlueprintUserMessages: [JsonReader_24] Speaker:Dog has been fed
[2018.04.22-17.15.17:196][529]LogBlueprintUserMessages: [JsonReader_24] dogfeeder
[2018.04.22-17.15.17:196][529]LogBlueprintUserMessages: [JsonReader_24] diverted
[2018.04.22-17.15.17:196][529]LogBlueprintUserMessages: [JsonReader_24] Speaker:Dog.
[2018.04.22-17.15.17:197][529]LogBlueprintUserMessages: [JsonReader_24] Added to Invisible Options
[2018.04.22-17.15.17:197][529]LogBlueprintUserMessages: [JsonReader_24] Added to Invisible Options
[2018.04.22-17.15.17:435][548]LogBlueprintUserMessages: [JsonReader_24] Speaker:Dog has been kicked
[2018.04.22-17.15.17:436][548]LogBlueprintUserMessages: [JsonReader_24] dogkicker
[2018.04.22-17.15.17:436][548]LogBlueprintUserMessages: [JsonReader_24] diverted
[2018.04.22-17.15.17:436][548]LogBlueprintUserMessages: [JsonReader_24] Speaker:Dog.
[2018.04.22-17.15.17:436][548]LogBlueprintUserMessages: [JsonReader_24] Added to Invisible Options
[2018.04.22-17.15.17:437][548]LogBlueprintUserMessages: [JsonReader_24] Added to Invisible Options
[2018.04.22-17.15.19:835][737]LogBlueprintUserMessages: [JsonReader_24] Speaker:Dog has been played with
[2018.04.22-17.15.19:835][737]LogBlueprintUserMessages: [JsonReader_24] dogplayer
[2018.04.22-17.15.19:835][737]LogBlueprintUserMessages: [JsonReader_24] diverted
[2018.04.22-17.15.19:836][737]LogBlueprintUserMessages: [JsonReader_24] Speaker:Dog.
[2018.04.22-17.15.19:836][737]LogBlueprintUserMessages: [JsonReader_24] Added to Invisible Options
[2018.04.22-17.15.19:837][737]LogBlueprintUserMessages: [JsonReader_24] Added to Invisible Options
[2018.04.22-17.15.27:046][298]LogSlate: Window 'SotW Game Preview Standalone (64-bit/PCD3D_SM5)' being destroyed
[2018.04.22-17.16.24:413][648]LogTemp: Repeating last play command: New Editor Window (PIE)
[2018.04.22-17.16.24:448][648]BlueprintLog: New page: Pre-Play auto-recompile
[2018.04.22-17.16.24:513][648]LogPlayLevel: [PlayLevel] Compiling Blue_BP before play...
[2018.04.22-17.16.24:855][648]LogPlayLevel: PlayLevel: Blueprint regeneration took 406 ms (1 blueprints)
[2018.04.22-17.16.24:855][648]PIE: New page: PIE session: 2DTestWorld (Apr 22, 2018, 11:16:24 AM)
[2018.04.22-17.16.24:855][648]LogPlayLevel: Creating play world package: /Game/Maps/Prototyping/UEDPIE_0_2DTestWorld
[2018.04.22-17.16.24:857][648]LogPlayLevel: PIE: StaticDuplicateObject took: (0.001284s)
[2018.04.22-17.16.24:857][648]LogAIModule: Creating AISystem for world 2DTestWorld
[2018.04.22-17.16.24:858][648]LogPlayLevel: PIE: World Init took: (0.000804s)
[2018.04.22-17.16.24:858][648]LogPlayLevel: PIE: Created PIE world by copying editor world from /Game/Maps/Prototyping/2DTestWorld.2DTestWorld to /Game/Maps/Prototyping/UEDPIE_0_2DTestWorld.2DTestWorld (0.002289s)
[2018.04.22-17.16.24:914][648]LogInit: XAudio2 using 'Speakers (High Definition Audio Device)' : 2 channels at 44.1 kHz using 16 bits per sample (channel mask 0x3)
[2018.04.22-17.16.24:928][648]LogInit: FAudioDevice initialized.
[2018.04.22-17.16.24:977][648]LogLoad: Game class is 'GameController_BP_C'
[2018.04.22-17.16.24:979][648]LogWorld: Bringing World /Game/Maps/Prototyping/UEDPIE_0_2DTestWorld.2DTestWorld up for play (max tick rate 0) at 2018.04.22-14.16.24
[2018.04.22-17.16.24:980][648]LogWorld: Bringing up level for play took: 0.002018
[2018.04.22-17.16.24:982][648]LogBlueprintUserMessages: [JsonReader_24] Speaker:Dog.
[2018.04.22-17.16.24:982][648]LogBlueprintUserMessages: [JsonReader_24] Added to Invisible Options
[2018.04.22-17.16.24:985][648]PIE: Play in editor start time for /Game/Maps/Prototyping/UEDPIE_0_2DTestWorld 0.688
[2018.04.22-17.16.25:180][649]LogCharacterMovement: Warning: GetSimulationTimeStep() - Max iterations 8 hit while remaining time 0.062294 > MaxSimulationTimeStep (0.050) for 'Blue_BP_C_0', movement 'Walking'
[2018.04.22-17.16.38:597][693]LogBlueprintUserMessages: [Blue_BP_C_0] JC JUMP
[2018.04.22-17.16.42:358][981]LogSlate: Window 'SotW Game Preview Standalone (64-bit/PCD3D_SM5)' being destroyed
[2018.04.22-17.19.31:520][ 60]LogPackageName: Error: DoesPackageExist: DoesPackageExist FAILED: 'Engine/Tutorial/Installation/InstallingVisualStudioTutorial' is not a standard unreal filename or a long path name. Reason: Path should start with a '/'
[2018.04.22-17.19.31:520][ 60]LogLinker: Warning: Can't find file 'Engine/Tutorial/Installation/InstallingVisualStudioTutorial'
[2018.04.22-17.19.31:520][ 60]LogPackageName: Error: DoesPackageExist: DoesPackageExist FAILED: 'Engine/Tutorial/Installation/InstallingVisualStudioTutorial' is not a standard unreal filename or a long path name. Reason: Path should start with a '/'
[2018.04.22-17.19.31:520][ 60]LogLinker: Warning: Can't find file 'Engine/Tutorial/Installation/InstallingVisualStudioTutorial'
[2018.04.22-17.19.31:520][ 60]LogUObjectGlobals: Warning: Failed to find object 'Blueprint Engine/Tutorial/Installation/InstallingVisualStudioTutorial.InstallingVisualStudioTutorial'
[2018.04.22-17.20.22:797][852]LogTemp: Repeating last play command: New Editor Window (PIE)
[2018.04.22-17.20.22:833][852]LogPlayLevel: PlayLevel: No blueprints needed recompiling
[2018.04.22-17.20.22:834][852]PIE: New page: PIE session: 2DTestWorld (Apr 22, 2018, 11:20:22 AM)
[2018.04.22-17.20.22:834][852]LogPlayLevel: Creating play world package: /Game/Maps/Prototyping/UEDPIE_0_2DTestWorld
[2018.04.22-17.20.22:835][852]LogPlayLevel: PIE: StaticDuplicateObject took: (0.001220s)
[2018.04.22-17.20.22:836][852]LogAIModule: Creating AISystem for world 2DTestWorld
[2018.04.22-17.20.22:836][852]LogPlayLevel: PIE: World Init took: (0.000880s)
[2018.04.22-17.20.22:836][852]LogPlayLevel: PIE: Created PIE world by copying editor world from /Game/Maps/Prototyping/2DTestWorld.2DTestWorld to /Game/Maps/Prototyping/UEDPIE_0_2DTestWorld.2DTestWorld (0.002262s)
[2018.04.22-17.20.22:883][852]LogInit: XAudio2 using 'Speakers (High Definition Audio Device)' : 2 channels at 44.1 kHz using 16 bits per sample (channel mask 0x3)
[2018.04.22-17.20.22:900][852]LogInit: FAudioDevice initialized.
[2018.04.22-17.20.22:952][852]LogLoad: Game class is 'GameController_BP_C'
[2018.04.22-17.20.22:954][852]LogWorld: Bringing World /Game/Maps/Prototyping/UEDPIE_0_2DTestWorld.2DTestWorld up for play (max tick rate 0) at 2018.04.22-14.20.22
[2018.04.22-17.20.22:955][852]LogWorld: Bringing up level for play took: 0.001961
[2018.04.22-17.20.22:957][852]LogBlueprintUserMessages: [JsonReader_24] Speaker:Dog.
[2018.04.22-17.20.22:958][852]LogBlueprintUserMessages: [JsonReader_24] Added to Invisible Options
[2018.04.22-17.20.22:965][852]PIE: Play in editor start time for /Game/Maps/Prototyping/UEDPIE_0_2DTestWorld 0.669
[2018.04.22-17.20.35:780][831]LogBlueprintUserMessages: [Blue_BP_C_0] JC JUMP
[2018.04.22-17.20.54:848][294]LogSlate: Window 'SotW Game Preview Standalone (64-bit/PCD3D_SM5)' being destroyed
[2018.04.22-17.22.55:106][630]LogTemp: Repeating last play command: New Editor Window (PIE)
[2018.04.22-17.22.55:143][630]BlueprintLog: New page: Pre-Play auto-recompile
[2018.04.22-17.22.55:207][630]LogPlayLevel: [PlayLevel] Compiling Blue_BP before play...
[2018.04.22-17.22.55:547][630]LogPlayLevel: PlayLevel: Blueprint regeneration took 404 ms (1 blueprints)
[2018.04.22-17.22.55:548][630]PIE: New page: PIE session: 2DTestWorld (Apr 22, 2018, 11:22:55 AM)
[2018.04.22-17.22.55:548][630]LogPlayLevel: Creating play world package: /Game/Maps/Prototyping/UEDPIE_0_2DTestWorld
[2018.04.22-17.22.55:549][630]LogPlayLevel: PIE: StaticDuplicateObject took: (0.001148s)
[2018.04.22-17.22.55:550][630]LogAIModule: Creating AISystem for world 2DTestWorld
[2018.04.22-17.22.55:550][630]LogPlayLevel: PIE: World Init took: (0.000838s)
[2018.04.22-17.22.55:550][630]LogPlayLevel: PIE: Created PIE world by copying editor world from /Game/Maps/Prototyping/2DTestWorld.2DTestWorld to /Game/Maps/Prototyping/UEDPIE_0_2DTestWorld.2DTestWorld (0.002127s)
[2018.04.22-17.22.55:594][630]LogInit: XAudio2 using 'Speakers (High Definition Audio Device)' : 2 channels at 44.1 kHz using 16 bits per sample (channel mask 0x3)
[2018.04.22-17.22.55:609][630]LogInit: FAudioDevice initialized.
[2018.04.22-17.22.55:657][630]LogLoad: Game class is 'GameController_BP_C'
[2018.04.22-17.22.55:659][630]LogWorld: Bringing World /Game/Maps/Prototyping/UEDPIE_0_2DTestWorld.2DTestWorld up for play (max tick rate 0) at 2018.04.22-14.22.55
[2018.04.22-17.22.55:660][630]LogWorld: Bringing up level for play took: 0.002087
[2018.04.22-17.22.55:662][630]LogBlueprintUserMessages: [JsonReader_24] Speaker:Dog.
[2018.04.22-17.22.55:662][630]LogBlueprintUserMessages: [JsonReader_24] Added to Invisible Options
[2018.04.22-17.22.55:664][630]PIE: Play in editor start time for /Game/Maps/Prototyping/UEDPIE_0_2DTestWorld 1.368
[2018.04.22-17.22.55:860][631]LogCharacterMovement: Warning: GetSimulationTimeStep() - Max iterations 8 hit while remaining time 0.062078 > MaxSimulationTimeStep (0.050) for 'Blue_BP_C_0', movement 'Walking'
[2018.04.22-17.22.57:805][780]LogSlate: Window 'SotW Game Preview Standalone (64-bit/PCD3D_SM5)' being destroyed
[2018.04.22-17.23.01:731][240]LogTemp: Repeating last play command: New Editor Window (PIE)
[2018.04.22-17.23.01:765][240]LogPlayLevel: PlayLevel: No blueprints needed recompiling
[2018.04.22-17.23.01:765][240]PIE: New page: PIE session: 2DTestWorld (Apr 22, 2018, 11:23:01 AM)
[2018.04.22-17.23.01:765][240]LogPlayLevel: Creating play world package: /Game/Maps/Prototyping/UEDPIE_0_2DTestWorld
[2018.04.22-17.23.01:766][240]LogPlayLevel: PIE: StaticDuplicateObject took: (0.001328s)
[2018.04.22-17.23.01:767][240]LogAIModule: Creating AISystem for world 2DTestWorld
[2018.04.22-17.23.01:767][240]LogPlayLevel: PIE: World Init took: (0.000870s)
[2018.04.22-17.23.01:767][240]LogPlayLevel: PIE: Created PIE world by copying editor world from /Game/Maps/Prototyping/2DTestWorld.2DTestWorld to /Game/Maps/Prototyping/UEDPIE_0_2DTestWorld.2DTestWorld (0.002364s)
[2018.04.22-17.23.01:812][240]LogInit: XAudio2 using 'Speakers (High Definition Audio Device)' : 2 channels at 44.1 kHz using 16 bits per sample (channel mask 0x3)
[2018.04.22-17.23.01:826][240]LogInit: FAudioDevice initialized.
[2018.04.22-17.23.01:880][240]LogLoad: Game class is 'GameController_BP_C'
[2018.04.22-17.23.01:882][240]LogWorld: Bringing World /Game/Maps/Prototyping/UEDPIE_0_2DTestWorld.2DTestWorld up for play (max tick rate 0) at 2018.04.22-14.23.01
[2018.04.22-17.23.01:883][240]LogWorld: Bringing up level for play took: 0.001947
[2018.04.22-17.23.01:885][240]LogBlueprintUserMessages: [JsonReader_24] Speaker:Dog.
[2018.04.22-17.23.01:885][240]LogBlueprintUserMessages: [JsonReader_24] Added to Invisible Options
[2018.04.22-17.23.01:892][240]PIE: Play in editor start time for /Game/Maps/Prototyping/UEDPIE_0_2DTestWorld -0.404
[2018.04.22-17.23.11:830][  4]LogSlate: Window 'SotW Game Preview Standalone (64-bit/PCD3D_SM5)' being destroyed
[2018.04.22-17.24.04:375][172]LogTemp: Repeating last play command: New Editor Window (PIE)
[2018.04.22-17.24.04:411][172]LogPlayLevel: PlayLevel: No blueprints needed recompiling
[2018.04.22-17.24.04:411][172]PIE: New page: PIE session: 2DTestWorld (Apr 22, 2018, 11:24:04 AM)
[2018.04.22-17.24.04:411][172]LogPlayLevel: Creating play world package: /Game/Maps/Prototyping/UEDPIE_0_2DTestWorld
[2018.04.22-17.24.04:412][172]LogPlayLevel: PIE: StaticDuplicateObject took: (0.001288s)
[2018.04.22-17.24.04:413][172]LogAIModule: Creating AISystem for world 2DTestWorld
[2018.04.22-17.24.04:413][172]LogPlayLevel: PIE: World Init took: (0.000850s)
[2018.04.22-17.24.04:413][172]LogPlayLevel: PIE: Created PIE world by copying editor world from /Game/Maps/Prototyping/2DTestWorld.2DTestWorld to /Game/Maps/Prototyping/UEDPIE_0_2DTestWorld.2DTestWorld (0.002408s)
[2018.04.22-17.24.04:459][172]LogInit: XAudio2 using 'Speakers (High Definition Audio Device)' : 2 channels at 44.1 kHz using 16 bits per sample (channel mask 0x3)
[2018.04.22-17.24.04:473][172]LogInit: FAudioDevice initialized.
[2018.04.22-17.24.04:519][172]LogLoad: Game class is 'GameController_BP_C'
[2018.04.22-17.24.04:521][172]LogWorld: Bringing World /Game/Maps/Prototyping/UEDPIE_0_2DTestWorld.2DTestWorld up for play (max tick rate 0) at 2018.04.22-14.24.04
[2018.04.22-17.24.04:522][172]LogWorld: Bringing up level for play took: 0.001764
[2018.04.22-17.24.04:524][172]LogBlueprintUserMessages: [JsonReader_24] Speaker:Dog.
[2018.04.22-17.24.04:524][172]LogBlueprintUserMessages: [JsonReader_24] Added to Invisible Options
[2018.04.22-17.24.04:528][172]PIE: Play in editor start time for /Game/Maps/Prototyping/UEDPIE_0_2DTestWorld 0.232
[2018.04.22-17.24.16:839][129]LogBlueprintUserMessages: [Blue_BP_C_0] JC JUMP
[2018.04.22-17.24.18:505][259]LogBlueprintUserMessages: [Blue_BP_C_0] JC JUMP
[2018.04.22-17.24.53:748][  4]LogSlate: Window 'SotW Game Preview Standalone (64-bit/PCD3D_SM5)' being destroyed
[2018.04.22-17.25.34:608][748]LogTemp: Repeating last play command: New Editor Window (PIE)
[2018.04.22-17.25.34:645][748]LogPlayLevel: PlayLevel: No blueprints needed recompiling
[2018.04.22-17.25.34:645][748]PIE: New page: PIE session: 2DTestWorld (Apr 22, 2018, 11:25:34 AM)
[2018.04.22-17.25.34:645][748]LogPlayLevel: Creating play world package: /Game/Maps/Prototyping/UEDPIE_0_2DTestWorld
[2018.04.22-17.25.34:647][748]LogPlayLevel: PIE: StaticDuplicateObject took: (0.001334s)
[2018.04.22-17.25.34:647][748]LogAIModule: Creating AISystem for world 2DTestWorld
[2018.04.22-17.25.34:648][748]LogPlayLevel: PIE: World Init took: (0.001044s)
[2018.04.22-17.25.34:648][748]LogPlayLevel: PIE: Created PIE world by copying editor world from /Game/Maps/Prototyping/2DTestWorld.2DTestWorld to /Game/Maps/Prototyping/UEDPIE_0_2DTestWorld.2DTestWorld (0.002556s)
[2018.04.22-17.25.34:692][748]LogInit: XAudio2 using 'Speakers (High Definition Audio Device)' : 2 channels at 44.1 kHz using 16 bits per sample (channel mask 0x3)
[2018.04.22-17.25.34:707][748]LogInit: FAudioDevice initialized.
[2018.04.22-17.25.34:754][748]LogLoad: Game class is 'GameController_BP_C'
[2018.04.22-17.25.34:756][748]LogWorld: Bringing World /Game/Maps/Prototyping/UEDPIE_0_2DTestWorld.2DTestWorld up for play (max tick rate 0) at 2018.04.22-14.25.34
[2018.04.22-17.25.34:757][748]LogWorld: Bringing up level for play took: 0.001948
[2018.04.22-17.25.34:759][748]LogBlueprintUserMessages: [JsonReader_24] Speaker:Dog.
[2018.04.22-17.25.34:759][748]LogBlueprintUserMessages: [JsonReader_24] Added to Invisible Options
[2018.04.22-17.25.34:763][748]PIE: Play in editor start time for /Game/Maps/Prototyping/UEDPIE_0_2DTestWorld 0.467
[2018.04.22-17.25.44:498][502]LogSlate: Window 'SotW Game Preview Standalone (64-bit/PCD3D_SM5)' being destroyed
[2018.04.22-17.27.00:580][374]LogSavePackage: Save=19.07ms
[2018.04.22-17.27.00:580][374]LogSavePackage: Moving '../../../../../../Users/Franco/Documents/GameDevelopment/Son of the Wind/wind-samurai/Saved/2DTestWorld_Auto2C71C5E9744849574C6FBC498020CD72E.tmp' to '../../../../../../Users/Franco/Documents/GameDevelopment/Son of the Wind/wind-samurai/Saved/Autosaves/Game/Maps/Prototyping/2DTestWorld_Auto2.umap'
[2018.04.22-17.27.00:589][374]LogSavePackage: Display: Finished SavePackage ../../../../../../Users/Franco/Documents/GameDevelopment/Son of the Wind/wind-samurai/Saved/Autosaves/Game/Maps/Prototyping/2DTestWorld_Auto2.umap
[2018.04.22-17.27.00:596][374]LogFileHelpers: Editor autosave (incl. sublevels) for '/Game/Maps/Prototyping/2DTestWorld' took 0.226
[2018.04.22-17.27.00:596][374]LogFileHelpers: Editor autosave (incl. sublevels) for all levels took 0.226
[2018.04.22-17.27.00:604][374]OBJ SavePackage: Generating thumbnails for [0] asset(s) in package [/Game/BP/Characters/Blue_BP] ([1] browsable assets)...
[2018.04.22-17.27.00:604][374]OBJ SavePackage: Finished generating thumbnails for package [/Game/BP/Characters/Blue_BP]
[2018.04.22-17.27.00:942][374]LogSavePackage: Save=212.34ms
[2018.04.22-17.27.00:942][374]LogSavePackage: Moving '../../../../../../Users/Franco/Documents/GameDevelopment/Son of the Wind/wind-samurai/Saved/Blue_BP_Auto220FCA10C4BA5ABFF7374E3B04035C3E2.tmp' to '../../../../../../Users/Franco/Documents/GameDevelopment/Son of the Wind/wind-samurai/Saved/Autosaves/Game/BP/Characters/Blue_BP_Auto2.uasset'
[2018.04.22-17.27.00:954][374]LogSavePackage: Display: Finished SavePackage ../../../../../../Users/Franco/Documents/GameDevelopment/Son of the Wind/wind-samurai/Saved/Autosaves/Game/BP/Characters/Blue_BP_Auto2.uasset
[2018.04.22-17.27.00:961][374]OBJ SavePackage: Generating thumbnails for [0] asset(s) in package [/Game/BP/DialogueSystem/JsonReader] ([1] browsable assets)...
[2018.04.22-17.27.00:961][374]OBJ SavePackage: Finished generating thumbnails for package [/Game/BP/DialogueSystem/JsonReader]
[2018.04.22-17.27.01:096][374]LogJson: Error: Unable to convert key to string for property conditionTags.
[2018.04.22-17.27.01:256][374]LogSavePackage: Save=167.09ms
[2018.04.22-17.27.01:256][374]LogSavePackage: Moving '../../../../../../Users/Franco/Documents/GameDevelopment/Son of the Wind/wind-samurai/Saved/JsonReader_Auto207D3607343B9AE65C658E0B83BF93342.tmp' to '../../../../../../Users/Franco/Documents/GameDevelopment/Son of the Wind/wind-samurai/Saved/Autosaves/Game/BP/DialogueSystem/JsonReader_Auto2.uasset'
[2018.04.22-17.27.01:265][374]LogSavePackage: Display: Finished SavePackage ../../../../../../Users/Franco/Documents/GameDevelopment/Son of the Wind/wind-samurai/Saved/Autosaves/Game/BP/DialogueSystem/JsonReader_Auto2.uasset
[2018.04.22-17.27.01:265][374]LogFileHelpers: Auto-saving content packages took 0.667
