Log file open, 04/11/18 22:49:28
LogWindows: Failed to load 'aqProf.dll' (GetLastError=126)
LogWindows: File 'aqProf.dll' does not exist
LogWindows: Failed to load 'VSPerf140.dll' (GetLastError=126)
LogWindows: File 'VSPerf140.dll' does not exist
LogWindows: Failed to load 'VtuneApi.dll' (GetLastError=126)
LogWindows: File 'VtuneApi.dll' does not exist
LogWindows: Failed to load 'VtuneApi32e.dll' (GetLastError=126)
LogWindows: File 'VtuneApi32e.dll' does not exist
LogInit: Display: Running engine for game: SotW
LogPlatformFile: Not using cached read wrapper
LogInit: Display: RandInit(2113974508) SRandInit(2113974508).
LogInit: Read version file with build ID '3944462'
LogInit: Overriding engine version to CL 3944462, compatible CL 3944462
LogInit: Registered custom module enumerator with build ID '3944462'
LogTaskGraph: Started task graph with 5 named threads and 14 total threads with 3 sets of task threads.
LogStats: Stats thread started at 0.228401
LogD3D11RHI: Aftermath initialized
LogICUInternationalization: Display: ICU TimeZone Detection - Raw Offset: -3:00, Platform Override: ''
LogModuleManager: Display: Found up-to-date module file ../../../Engine/Plugins/2D/Paper2D/Binaries/Win64/UE4Editor-Paper2D.dll (API version 3944462).
LogModuleManager: Display: Found up-to-date module file ../../../Engine/Plugins/2D/Paper2D/Binaries/Win64/UE4Editor-Paper2DEditor.dll (API version 3944462).
LogModuleManager: Display: Found up-to-date module file ../../../Engine/Plugins/2D/Paper2D/Binaries/Win64/UE4Editor-PaperSpriteSheetImporter.dll (API version 3944462).
LogModuleManager: Display: Found up-to-date module file ../../../Engine/Plugins/2D/Paper2D/Binaries/Win64/UE4Editor-PaperTiledImporter.dll (API version 3944462).
LogModuleManager: Display: Found up-to-date module file ../../../Engine/Plugins/2D/Paper2D/Binaries/Win64/UE4Editor-SmartSnapping.dll (API version 3944462).
LogModuleManager: Display: Found up-to-date module file ../../../Engine/Plugins/Marketplace/JSONParser/Binaries/Win64/UE4Editor-JSONParser.dll (API version 3944462).
LogModuleManager: Display: Found up-to-date module file ../../../Engine/Plugins/Marketplace/DlgSystem/Binaries/Win64/UE4Editor-DlgSystem.dll (API version 3944462).
LogModuleManager: Display: Found up-to-date module file ../../../Engine/Plugins/Marketplace/DlgSystem/Binaries/Win64/UE4Editor-DlgSystemEditor.dll (API version 3944462).
LogModuleManager: Display: Found up-to-date module file ../../../Engine/Plugins/Blendables/LightPropagationVolume/Binaries/Win64/UE4Editor-LightPropagationVolumeRuntime.dll (API version 3944462).
LogModuleManager: Display: Found up-to-date module file ../../../Engine/Plugins/Blendables/LightPropagationVolume/Binaries/Win64/UE4Editor-LightPropagationVolumeEditor.dll (API version 3944462).
LogModuleManager: Display: Found up-to-date module file ../../../Engine/Plugins/Developer/CLionSourceCodeAccess/Binaries/Win64/UE4Editor-CLionSourceCodeAccess.dll (API version 3944462).
LogModuleManager: Display: Found up-to-date module file ../../../Engine/Plugins/Developer/GitSourceControl/Binaries/Win64/UE4Editor-GitSourceControl.dll (API version 3944462).
LogModuleManager: Display: Found up-to-date module file ../../../Engine/Plugins/Developer/PerforceSourceControl/Binaries/Win64/UE4Editor-PerforceSourceControl.dll (API version 3944462).
LogModuleManager: Display: Found up-to-date module file ../../../Engine/Plugins/Developer/SubversionSourceControl/Binaries/Win64/UE4Editor-SubversionSourceControl.dll (API version 3944462).
LogModuleManager: Display: Found up-to-date module file ../../../Engine/Plugins/Developer/UObjectPlugin/Binaries/Win64/UE4Editor-UObjectPlugin.dll (API version 3944462).
LogModuleManager: Display: Found up-to-date module file ../../../Engine/Plugins/Developer/VisualStudioCodeSourceCodeAccess/Binaries/Win64/UE4Editor-VisualStudioCodeSourceCodeAccess.dll (API version 3944462).
LogModuleManager: Display: Found up-to-date module file ../../../Engine/Plugins/Developer/VisualStudioSourceCodeAccess/Binaries/Win64/UE4Editor-VisualStudioSourceCodeAccess.dll (API version 3944462).
LogModuleManager: Display: Found up-to-date module file ../../../Engine/Plugins/Editor/AssetManagerEditor/Binaries/Win64/UE4Editor-AssetManagerEditor.dll (API version 3944462).
LogModuleManager: Display: Found up-to-date module file ../../../Engine/Plugins/Editor/CryptoKeys/Binaries/Win64/UE4Editor-CryptoKeys.dll (API version 3944462).
LogModuleManager: Display: Found up-to-date module file ../../../Engine/Plugins/Editor/CryptoKeys/Binaries/Win64/UE4Editor-CryptoKeysOpenSSL.dll (API version 3944462).
LogModuleManager: Display: Found up-to-date module file ../../../Engine/Plugins/Editor/DataValidation/Binaries/Win64/UE4Editor-DataValidation.dll (API version 3944462).
LogModuleManager: Display: Found up-to-date module file ../../../Engine/Plugins/Editor/FacialAnimation/Binaries/Win64/UE4Editor-FacialAnimation.dll (API version 3944462).
LogModuleManager: Display: Found up-to-date module file ../../../Engine/Plugins/Editor/FacialAnimation/Binaries/Win64/UE4Editor-FacialAnimationEditor.dll (API version 3944462).
LogModuleManager: Display: Found up-to-date module file ../../../Engine/Plugins/Editor/GameplayTagsEditor/Binaries/Win64/UE4Editor-GameplayTagsEditor.dll (API version 3944462).
LogModuleManager: Display: Found up-to-date module file ../../../Engine/Plugins/Editor/MobileLauncherProfileWizard/Binaries/Win64/UE4Editor-MobileLauncherProfileWizard.dll (API version 3944462).
LogModuleManager: Display: Found up-to-date module file ../../../Engine/Plugins/Editor/PluginBrowser/Binaries/Win64/UE4Editor-PluginBrowser.dll (API version 3944462).
LogModuleManager: Display: Found up-to-date module file ../../../Engine/Plugins/Editor/SpeedTreeImporter/Binaries/Win64/UE4Editor-SpeedTreeImporter.dll (API version 3944462).
LogModuleManager: Display: Found up-to-date module file ../../../Engine/Plugins/Enterprise/DatasmithContent/Binaries/Win64/UE4Editor-DatasmithContent.dll (API version 3944462).
LogModuleManager: Display: Found up-to-date module file ../../../Engine/Plugins/Experimental/AlembicImporter/Binaries/Win64/UE4Editor-AlembicImporter.dll (API version 3944462).
LogModuleManager: Display: Found up-to-date module file ../../../Engine/Plugins/Experimental/AlembicImporter/Binaries/Win64/UE4Editor-AlembicLibrary.dll (API version 3944462).
LogModuleManager: Display: Found up-to-date module file ../../../Engine/Plugins/Experimental/CharacterAI/Binaries/Win64/UE4Editor-CharacterAI.dll (API version 3944462).
LogModuleManager: Display: Found up-to-date module file ../../../Engine/Plugins/Experimental/HTML5Networking/Binaries/Win64/UE4Editor-HTML5Networking.dll (API version 3944462).
LogModuleManager: Display: Found up-to-date module file ../../../Engine/Plugins/Media/AndroidMedia/Binaries/Win64/UE4Editor-AndroidMediaEditor.dll (API version 3944462).
LogModuleManager: Display: Found up-to-date module file ../../../Engine/Plugins/Media/AndroidMedia/Binaries/Win64/UE4Editor-AndroidMediaFactory.dll (API version 3944462).
LogModuleManager: Display: Found up-to-date module file ../../../Engine/Plugins/Media/AvfMedia/Binaries/Win64/UE4Editor-AvfMediaEditor.dll (API version 3944462).
LogModuleManager: Display: Found up-to-date module file ../../../Engine/Plugins/Media/AvfMedia/Binaries/Win64/UE4Editor-AvfMediaFactory.dll (API version 3944462).
LogModuleManager: Display: Found up-to-date module file ../../../Engine/Plugins/Media/AvfMedia/Binaries/Win64/UE4Editor-AvfMediaFactory.dll (API version 3944462).
LogModuleManager: Display: Found up-to-date module file ../../../Engine/Plugins/Media/ImgMedia/Binaries/Win64/UE4Editor-ImgMedia.dll (API version 3944462).
LogModuleManager: Display: Found up-to-date module file ../../../Engine/Plugins/Media/ImgMedia/Binaries/Win64/UE4Editor-ImgMediaEditor.dll (API version 3944462).
LogModuleManager: Display: Found up-to-date module file ../../../Engine/Plugins/Media/ImgMedia/Binaries/Win64/UE4Editor-ImgMediaFactory.dll (API version 3944462).
LogModuleManager: Display: Found up-to-date module file ../../../Engine/Plugins/Media/ImgMedia/Binaries/Win64/UE4Editor-ImgMediaFactory.dll (API version 3944462).
LogModuleManager: Display: Found up-to-date module file ../../../Engine/Plugins/Media/ImgMedia/Binaries/Win64/UE4Editor-OpenExrWrapper.dll (API version 3944462).
LogModuleManager: Display: Found up-to-date module file ../../../Engine/Plugins/Media/LinearTimecode/Binaries/Win64/UE4Editor-LinearTimecode.dll (API version 3944462).
LogModuleManager: Display: Found up-to-date module file ../../../Engine/Plugins/Media/MediaCompositing/Binaries/Win64/UE4Editor-MediaCompositing.dll (API version 3944462).
LogModuleManager: Display: Found up-to-date module file ../../../Engine/Plugins/Media/MediaCompositing/Binaries/Win64/UE4Editor-MediaCompositingEditor.dll (API version 3944462).
LogModuleManager: Display: Found up-to-date module file ../../../Engine/Plugins/Media/MediaPlayerEditor/Binaries/Win64/UE4Editor-MediaPlayerEditor.dll (API version 3944462).
LogModuleManager: Display: Found up-to-date module file ../../../Engine/Plugins/Media/WmfMedia/Binaries/Win64/UE4Editor-WmfMedia.dll (API version 3944462).
LogModuleManager: Display: Found up-to-date module file ../../../Engine/Plugins/Media/WmfMedia/Binaries/Win64/UE4Editor-WmfMediaEditor.dll (API version 3944462).
LogModuleManager: Display: Found up-to-date module file ../../../Engine/Plugins/Media/WmfMedia/Binaries/Win64/UE4Editor-WmfMediaFactory.dll (API version 3944462).
LogModuleManager: Display: Found up-to-date module file ../../../Engine/Plugins/Media/WmfMedia/Binaries/Win64/UE4Editor-WmfMediaFactory.dll (API version 3944462).
LogModuleManager: Display: Found up-to-date module file ../../../Engine/Plugins/Messaging/TcpMessaging/Binaries/Win64/UE4Editor-TcpMessaging.dll (API version 3944462).
LogModuleManager: Display: Found up-to-date module file ../../../Engine/Plugins/Messaging/UdpMessaging/Binaries/Win64/UE4Editor-UdpMessaging.dll (API version 3944462).
LogModuleManager: Display: Found up-to-date module file ../../../Engine/Plugins/MovieScene/ActorSequence/Binaries/Win64/UE4Editor-ActorSequence.dll (API version 3944462).
LogModuleManager: Display: Found up-to-date module file ../../../Engine/Plugins/MovieScene/LevelSequenceEditor/Binaries/Win64/UE4Editor-LevelSequenceEditor.dll (API version 3944462).
LogModuleManager: Display: Found up-to-date module file ../../../Engine/Plugins/MovieScene/MatineeToLevelSequence/Binaries/Win64/UE4Editor-MatineeToLevelSequence.dll (API version 3944462).
LogModuleManager: Display: Found up-to-date module file ../../../Engine/Plugins/NetcodeUnitTest/NetcodeUnitTest/Binaries/Win64/UE4Editor-NetcodeUnitTest.dll (API version 3944462).
LogModuleManager: Display: Found up-to-date module file ../../../Engine/Plugins/NetcodeUnitTest/NUTUnrealEngine4/Binaries/Win64/UE4Editor-NUTUnrealEngine4.dll (API version 3944462).
LogModuleManager: Display: Found up-to-date module file ../../../Engine/Plugins/Online/OnlineSubsystem/Binaries/Win64/UE4Editor-OnlineSubsystem.dll (API version 3944462).
LogModuleManager: Display: Found up-to-date module file ../../../Engine/Plugins/Runtime/AndroidPermission/Binaries/Win64/UE4Editor-AndroidPermission.dll (API version 3944462).
LogModuleManager: Display: Found up-to-date module file ../../../Engine/Plugins/Online/OnlineSubsystemNull/Binaries/Win64/UE4Editor-OnlineSubsystemNull.dll (API version 3944462).
LogModuleManager: Display: Found up-to-date module file ../../../Engine/Plugins/Online/OnlineSubsystemUtils/Binaries/Win64/UE4Editor-OnlineSubsystemUtils.dll (API version 3944462).
LogModuleManager: Display: Found up-to-date module file ../../../Engine/Plugins/Online/OnlineSubsystemUtils/Binaries/Win64/UE4Editor-OnlineBlueprintSupport.dll (API version 3944462).
LogModuleManager: Display: Found up-to-date module file ../../../Engine/Plugins/Runtime/AndroidDeviceProfileSelector/Binaries/Win64/UE4Editor-AndroidDeviceProfileSelector.dll (API version 3944462).
LogModuleManager: Display: Found up-to-date module file ../../../Engine/Plugins/Runtime/AppleARKit/Binaries/Win64/UE4Editor-AppleARKit.dll (API version 3944462).
LogModuleManager: Display: Found up-to-date module file ../../../Engine/Plugins/Runtime/ProceduralMeshComponent/Binaries/Win64/UE4Editor-ProceduralMeshComponent.dll (API version 3944462).
LogModuleManager: Display: Found up-to-date module file ../../../Engine/Plugins/Runtime/ProceduralMeshComponent/Binaries/Win64/UE4Editor-ProceduralMeshComponentEditor.dll (API version 3944462).
LogModuleManager: Display: Found up-to-date module file ../../../Engine/Plugins/Animation/LiveLink/Binaries/Win64/UE4Editor-LiveLink.dll (API version 3944462).
LogModuleManager: Display: Found up-to-date module file ../../../Engine/Plugins/Animation/LiveLink/Binaries/Win64/UE4Editor-LiveLinkEditor.dll (API version 3944462).
LogModuleManager: Display: Found up-to-date module file ../../../Engine/Plugins/Runtime/ArchVisCharacter/Binaries/Win64/UE4Editor-ArchVisCharacter.dll (API version 3944462).
LogModuleManager: Display: Found up-to-date module file ../../../Engine/Plugins/Runtime/AudioCapture/Binaries/Win64/UE4Editor-AudioCapture.dll (API version 3944462).
LogModuleManager: Display: Found up-to-date module file ../../../Engine/Plugins/Runtime/AudioCapture/Binaries/Win64/UE4Editor-AudioCaptureEditor.dll (API version 3944462).
LogModuleManager: Display: Found up-to-date module file ../../../Engine/Plugins/Runtime/CableComponent/Binaries/Win64/UE4Editor-CableComponent.dll (API version 3944462).
LogModuleManager: Display: Found up-to-date module file ../../../Engine/Plugins/Runtime/CustomMeshComponent/Binaries/Win64/UE4Editor-CustomMeshComponent.dll (API version 3944462).
LogModuleManager: Display: Found up-to-date module file ../../../Engine/Plugins/Runtime/ExampleDeviceProfileSelector/Binaries/Win64/UE4Editor-ExampleDeviceProfileSelector.dll (API version 3944462).
LogModuleManager: Display: Found up-to-date module file ../../../Engine/Plugins/Runtime/ImmediatePhysics/Binaries/Win64/UE4Editor-ImmediatePhysics.dll (API version 3944462).
LogModuleManager: Display: Found up-to-date module file ../../../Engine/Plugins/Runtime/ImmediatePhysics/Binaries/Win64/UE4Editor-ImmediatePhysicsEditor.dll (API version 3944462).
LogModuleManager: Display: Found up-to-date module file ../../../Engine/Plugins/Runtime/LocationServicesBPLibrary/Binaries/Win64/UE4Editor-LocationServicesBPLibrary.dll (API version 3944462).
LogModuleManager: Display: Found up-to-date module file ../../../Engine/Plugins/Runtime/MobilePatchingUtils/Binaries/Win64/UE4Editor-MobilePatchingUtils.dll (API version 3944462).
LogModuleManager: Display: Found up-to-date module file ../../../Engine/Plugins/Runtime/Oculus/OculusVR/Binaries/Win64/UE4Editor-OculusHMD.dll (API version 3944462).
LogModuleManager: Display: Found up-to-date module file ../../../Engine/Plugins/Runtime/Oculus/OculusVR/Binaries/Win64/UE4Editor-OculusInput.dll (API version 3944462).
LogModuleManager: Display: Found up-to-date module file ../../../Engine/Plugins/Runtime/Oculus/OculusVR/Binaries/Win64/UE4Editor-OculusEditor.dll (API version 3944462).
LogModuleManager: Display: Found up-to-date module file ../../../Engine/Plugins/Runtime/PhysXVehicles/Binaries/Win64/UE4Editor-PhysXVehicles.dll (API version 3944462).
LogModuleManager: Display: Found up-to-date module file ../../../Engine/Plugins/Runtime/PhysXVehicles/Binaries/Win64/UE4Editor-PhysXVehiclesEditor.dll (API version 3944462).
LogModuleManager: Display: Found up-to-date module file ../../../Engine/Plugins/Runtime/RuntimePhysXCooking/Binaries/Win64/UE4Editor-RuntimePhysXCooking.dll (API version 3944462).
LogModuleManager: Display: Found up-to-date module file ../../../Engine/Plugins/Runtime/Steam/SteamVR/Binaries/Win64/UE4Editor-SteamVR.dll (API version 3944462).
LogModuleManager: Display: Found up-to-date module file ../../../Engine/Plugins/Runtime/Steam/SteamVR/Binaries/Win64/UE4Editor-SteamVRController.dll (API version 3944462).
LogModuleManager: Display: Found up-to-date module file ../../../Engine/Plugins/Runtime/WindowsMoviePlayer/Binaries/Win64/UE4Editor-WindowsMoviePlayer.dll (API version 3944462).
LogPluginManager: Mounting plugin Paper2D
LogPluginManager: Mounting plugin LiveLink
LogPluginManager: Mounting plugin LightPropagationVolume
LogPluginManager: Mounting plugin CLionSourceCodeAccess
LogPluginManager: Mounting plugin CodeLiteSourceCodeAccess
LogPluginManager: Mounting plugin GitSourceControl
LogPluginManager: Mounting plugin KDevelopSourceCodeAccess
LogPluginManager: Mounting plugin NullSourceCodeAccess
LogPluginManager: Mounting plugin PerforceSourceControl
LogPluginManager: Mounting plugin SubversionSourceControl
LogPluginManager: Mounting plugin UObjectPlugin
LogPluginManager: Mounting plugin VisualStudioCodeSourceCodeAccess
LogPluginManager: Mounting plugin VisualStudioSourceCodeAccess
LogPluginManager: Mounting plugin XCodeSourceCodeAccess
LogPluginManager: Mounting plugin AssetManagerEditor
LogPluginManager: Mounting plugin CryptoKeys
LogPluginManager: Mounting plugin DataValidation
LogPluginManager: Mounting plugin FacialAnimation
LogPluginManager: Mounting plugin GameplayTagsEditor
LogPluginManager: Mounting plugin MobileLauncherProfileWizard
LogPluginManager: Mounting plugin PluginBrowser
LogPluginManager: Mounting plugin SpeedTreeImporter
LogPluginManager: Mounting plugin DatasmithContent
LogPluginManager: Mounting plugin AlembicImporter
LogPluginManager: Mounting plugin CharacterAI
LogPluginManager: Mounting plugin HTML5Networking
LogPluginManager: Mounting plugin DlgSystem
LogPluginManager: Mounting plugin JSONParser
LogPluginManager: Mounting plugin AndroidMedia
LogPluginManager: Mounting plugin AvfMedia
LogPluginManager: Mounting plugin ImgMedia
LogPluginManager: Mounting plugin LinearTimecode
LogPluginManager: Mounting plugin MediaCompositing
LogPluginManager: Mounting plugin MediaPlayerEditor
LogPluginManager: Mounting plugin WmfMedia
LogPluginManager: Mounting plugin TcpMessaging
LogPluginManager: Mounting plugin UdpMessaging
LogPluginManager: Mounting plugin ActorSequence
LogPluginManager: Mounting plugin LevelSequenceEditor
LogPluginManager: Mounting plugin MatineeToLevelSequence
LogPluginManager: Mounting plugin NetcodeUnitTest
LogPluginManager: Mounting plugin NUTUnrealEngine4
LogPluginManager: Mounting plugin OnlineSubsystemGooglePlay
LogPluginManager: Mounting plugin OnlineSubsystemIOS
LogPluginManager: Mounting plugin OnlineSubsystem
LogPluginManager: Mounting plugin OnlineSubsystemNull
LogPluginManager: Mounting plugin OnlineSubsystemUtils
LogPluginManager: Mounting plugin AndroidDeviceProfileSelector
LogPluginManager: Mounting plugin AndroidMoviePlayer
LogPluginManager: Mounting plugin AndroidPermission
LogPluginManager: Mounting plugin AppleARKit
LogPluginManager: Mounting plugin AppleMoviePlayer
LogPluginManager: Mounting plugin ArchVisCharacter
LogPluginManager: Mounting plugin AudioCapture
LogPluginManager: Mounting plugin CableComponent
LogPluginManager: Mounting plugin CustomMeshComponent
LogPluginManager: Mounting plugin ExampleDeviceProfileSelector
LogPluginManager: Mounting plugin GoogleCloudMessaging
LogPluginManager: Mounting plugin ImmediatePhysics
LogPluginManager: Mounting plugin IOSDeviceProfileSelector
LogPluginManager: Mounting plugin LinuxDeviceProfileSelector
LogPluginManager: Mounting plugin LocationServicesBPLibrary
LogPluginManager: Mounting plugin MobilePatchingUtils
LogPluginManager: Mounting plugin OculusVR
LogPluginManager: Plugin shader directory ../../../Engine/Plugins/Runtime/Oculus/OculusVR/Shaders found
LogPluginManager: Mapping shader source directory ../../../Engine/Plugins/Runtime/Oculus/OculusVR/Shaders to virtual directory /Plugin/OculusVR
LogPluginManager: Mounting plugin PhysXVehicles
LogPluginManager: Mounting plugin ProceduralMeshComponent
LogPluginManager: Mounting plugin RuntimePhysXCooking
LogPluginManager: Mounting plugin SteamVR
LogPluginManager: Mounting plugin WindowsMoviePlayer
LogStreaming: Display: Took  3.626s to configure plugins.
LogInit: Using libcurl 7.47.1
LogInit:  - built for x86_64-pc-win32
LogInit:  - supports SSL with OpenSSL/1.0.2g
LogInit:  - supports HTTP deflate (compression) using libz 1.2.8
LogInit:  - other features:
LogInit:      CURL_VERSION_SSL
LogInit:      CURL_VERSION_LIBZ
LogInit:      CURL_VERSION_IPV6
LogInit:      CURL_VERSION_ASYNCHDNS
LogInit:      CURL_VERSION_LARGEFILE
LogInit:      CURL_VERSION_IDN
LogInit:  CurlRequestOptions (configurable via config and command line):
LogInit:  - bVerifyPeer = false  - Libcurl will NOT verify peer certificate
LogInit:  - bUseHttpProxy = false  - Libcurl will NOT use HTTP proxy
LogInit:  - bDontReuseConnections = false  - Libcurl will reuse connections
LogInit:  - CertBundlePath = nullptr  - Libcurl will use whatever was configured at build time.
LogInit:  - MaxHostConnections = 16  - Libcurl will limit the number of connections to a host
LogInit:  - LocalHostAddr = Default
LogInit: WinSock: version 1.1 (2.2), MaxSocks=32767, MaxUdp=65467
LogInit: WinSock: I am DESKTOP-J55RO49 (192.168.0.107:0)
LogInit: Build: ++UE4+Release-4.19-CL-3944462
LogInit: Engine Version: 4.19.0-3944462+++UE4+Release-4.19
LogInit: Compatible Engine Version: 4.19.0-3944462+++UE4+Release-4.19
LogInit: Net CL: 3944462
LogDevObjectVersion: Number of dev versions registered: 18
LogDevObjectVersion:   Dev-Blueprints (B0D832E4-1F89-4F0D-ACCF-7EB736FD4AA2): 10
LogDevObjectVersion:   Dev-Build (E1C64328-A22C-4D53-A36C-8E866417BD8C): 0
LogDevObjectVersion:   Dev-Core (375EC13C-06E4-48FB-B500-84F0262A717E): 2
LogDevObjectVersion:   Dev-Editor (E4B068ED-F494-42E9-A231-DA0B2E46BB41): 23
LogDevObjectVersion:   Dev-Framework (CFFC743F-43B0-4480-9391-14DF171D2073): 33
LogDevObjectVersion:   Dev-Mobile (B02B49B5-BB20-44E9-A304-32B752E40360): 2
LogDevObjectVersion:   Dev-Networking (A4E4105C-59A1-49B5-A7C5-40C4547EDFEE): 0
LogDevObjectVersion:   Dev-Online (39C831C9-5AE6-47DC-9A44-9C173E1C8E7C): 0
LogDevObjectVersion:   Dev-Physics (78F01B33-EBEA-4F98-B9B4-84EACCB95AA2): 0
LogDevObjectVersion:   Dev-Platform (6631380F-2D4D-43E0-8009-CF276956A95A): 0
LogDevObjectVersion:   Dev-Rendering (12F88B9F-8875-4AFC-A67C-D90C383ABD29): 25
LogDevObjectVersion:   Dev-Sequencer (7B5AE74C-D270-4C10-A958-57980B212A5A): 6
LogDevObjectVersion:   Dev-VR (D7296918-1DD6-4BDD-9DE2-64A83CC13884): 1
LogDevObjectVersion:   Dev-LoadTimes (C2A15278-BFE7-4AFE-6C17-90FF531DF755): 1
LogDevObjectVersion:   Private-Geometry (6EACA3D4-40EC-4CC1-B786-8BED09428FC5): 2
LogDevObjectVersion:   Dev-AnimPhys (29E575DD-E0A3-4627-9D10-D276232CDCEA): 16
LogDevObjectVersion:   Dev-ReflectionCapture (6B266CEC-1EC7-4B8F-A30B-E4D90942FC07): 1
LogDevObjectVersion:   Dev-Automation (0DF73D61-A23F-47EA-B727-89E90C41499A): 1
LogInit: Compiled (64-bit): Mar 13 2018 23:12:32
LogInit: Compiled with Visual C++: 19.00.24215.01
LogInit: Build Configuration: Development
LogInit: Branch Name: ++UE4+Release-4.19
LogInit: Command Line: 
LogInit: Base Directory: C:/Program Files/Epic Games/UE_4.19/Engine/Binaries/Win64/
LogInit: Installed Engine Build: 1
LogStreaming: Display: Took  0.004s to delete old logs.
LogInit: Presizing for max 8388607 objects, including 0 objects not considered by GC, pre-allocating 0 bytes for permanent pool.
LogInit: Object subsystem initialized
[2018.04.12-01.49.32:782][  0]LogInit: Selected Device Profile: [Windows]
[2018.04.12-01.49.32:782][  0]LogInit: Applying CVar settings loaded from the selected device profile: [Windows]
[2018.04.12-01.49.32:805][  0]LogInit: Computer: DESKTOP-J55RO49
[2018.04.12-01.49.32:805][  0]LogInit: User: Franco
[2018.04.12-01.49.32:805][  0]LogInit: CPU Page size=4096, Cores=4
[2018.04.12-01.49.32:805][  0]LogInit: High frequency timer resolution =3.134210 MHz
[2018.04.12-01.49.32:806][  0]LogMemory: Memory total: Physical=8.0GB (8GB approx)
[2018.04.12-01.49.32:806][  0]LogMemory: Platform Memory Stats for Windows
[2018.04.12-01.49.32:806][  0]LogMemory: Process Physical Memory: 275.02 MB used, 275.02 MB peak
[2018.04.12-01.49.32:806][  0]LogMemory: Process Virtual Memory: 264.02 MB used, 264.02 MB peak
[2018.04.12-01.49.32:806][  0]LogMemory: Physical Memory: 4580.96 MB used,  3563.47 MB free, 8144.43 MB total
[2018.04.12-01.49.32:806][  0]LogMemory: Virtual Memory: 672.18 MB used,  3563.47 MB free, 134217728.00 MB total
[2018.04.12-01.49.32:858][  0]LogInit: Using OS detected language (en-US).
[2018.04.12-01.49.32:858][  0]LogInit: Using OS detected locale (en-US).
[2018.04.12-01.49.32:867][  0]LogTextLocalizationManager: No specific localization for 'en-US' exists, so the 'en' localization will be used.
[2018.04.12-01.49.33:314][  0]LogStreaming: Display: Took  0.456s to EndInitTextLocalization.
[2018.04.12-01.49.33:315][  0]LogInit: Setting process to per monitor DPI aware
[2018.04.12-01.49.33:365][  0]LogSlate: New Slate User Created.  User Index 0, Is Virtual User: 0
[2018.04.12-01.49.33:365][  0]LogSlate: Slate User Registered.  User Index 0, Is Virtual User: 0
[2018.04.12-01.49.33:903][  0]LogD3D11RHI: D3D11 adapters:
[2018.04.12-01.49.33:924][  0]LogD3D11RHI:    0. 'AMD Radeon HD 7700 Series' (Feature Level 11_0)
[2018.04.12-01.49.33:924][  0]LogD3D11RHI:       1004/0/4072 MB DedicatedVideo/DedicatedSystem/SharedSystem, Outputs:2, VendorId:0x1002
[2018.04.12-01.49.33:929][  0]LogD3D11RHI:    1. 'Microsoft Basic Render Driver' (Feature Level 11_0)
[2018.04.12-01.49.33:929][  0]LogD3D11RHI:       0/0/4072 MB DedicatedVideo/DedicatedSystem/SharedSystem, Outputs:0, VendorId:0x1414
[2018.04.12-01.49.33:929][  0]LogD3D11RHI: Chosen D3D11 Adapter: 0
[2018.04.12-01.49.33:937][  0]LogD3D11RHI: Creating new Direct3DDevice
[2018.04.12-01.49.33:937][  0]LogD3D11RHI:     GPU DeviceId: 0x683d (for the marketing name, search the web for "GPU Device Id")
[2018.04.12-01.49.33:937][  0]LogWindows: EnumDisplayDevices:
[2018.04.12-01.49.33:937][  0]LogWindows:    0. 'AMD Radeon HD 7700 Series' (P:0 D:1)
[2018.04.12-01.49.33:938][  0]LogWindows:    1. 'AMD Radeon HD 7700 Series' (P:1 D:1)
[2018.04.12-01.49.33:938][  0]LogWindows:    2. 'AMD Radeon HD 7700 Series' (P:0 D:0)
[2018.04.12-01.49.33:938][  0]LogWindows:    3. 'AMD Radeon HD 7700 Series' (P:0 D:0)
[2018.04.12-01.49.33:939][  0]LogWindows:    4. 'AMD Radeon HD 7700 Series' (P:0 D:0)
[2018.04.12-01.49.33:939][  0]LogWindows:    5. 'AMD Radeon HD 7700 Series' (P:0 D:0)
[2018.04.12-01.49.33:939][  0]LogWindows: DebugString: GetVideoDriverDetailsInvalid PrimaryIsNotTheChoosenAdapter GetVideoDriverDetailsInvalid PrimaryIsNotTheChoosenAdapter GetVideoDriverDetailsInvalid PrimaryIsNotTheChoosenAdapter GetVideoDriverDetailsInvalid PrimaryIsNotTheChoosenAdapter GetVideoDriverDetailsInvalid PrimaryIsNotTheChoosenAdapter GetVideoDriverDetailsInvalid PrimaryIsNotTheChoosenAdapter FoundDriverCount:0 
[2018.04.12-01.49.33:939][  0]LogD3D11RHI:     Adapter Name: AMD Radeon HD 7700 Series
[2018.04.12-01.49.33:939][  0]LogD3D11RHI:   Driver Version: Unknown (internal:Unknown, unified:Unknown)
[2018.04.12-01.49.33:939][  0]LogD3D11RHI:      Driver Date: Unknown
[2018.04.12-01.49.33:939][  0]LogRHI: Texture pool is 702 MB (70% of 1004 MB)
[2018.04.12-01.49.33:990][  0]LogD3D11RHI: Async texture creation enabled
[2018.04.12-01.49.34:006][  0]LogD3D11RHI: GPU Timing Frequency: 27.000000 (Debug: 2 1)
[2018.04.12-01.49.34:008][  0]LogShaderCompilers: Guid format shader working directory is -47 characters bigger than the processId version (../../../../../../Users/Franco/Documents/GameDevelopment/Son of the Wind/Son of the Wind 2018/Son of the Wind/Intermediate/Shaders/WorkingDirectory/10420/).
[2018.04.12-01.49.34:008][  0]LogShaderCompilers: Cleaned the shader compiler working directory 'C:/Users/Franco.DESKTOP-J55RO49/AppData/Local/Temp/UnrealShaderWorkingDir/22CA0F7A4D0702E630DBF68D636F549A/'.
[2018.04.12-01.49.34:396][  0]LogTemp: Display: Loaded TP AllDesktopTargetPlatform
[2018.04.12-01.49.34:418][  0]LogTemp: Display: Loaded TP MacClientTargetPlatform
[2018.04.12-01.49.34:440][  0]LogTemp: Display: Loaded TP MacNoEditorTargetPlatform
[2018.04.12-01.49.34:463][  0]LogTemp: Display: Loaded TP MacServerTargetPlatform
[2018.04.12-01.49.34:485][  0]LogTemp: Display: Loaded TP MacTargetPlatform
[2018.04.12-01.49.34:507][  0]LogTemp: Display: Loaded TP WindowsClientTargetPlatform
[2018.04.12-01.49.34:529][  0]LogTemp: Display: Loaded TP WindowsNoEditorTargetPlatform
[2018.04.12-01.49.34:551][  0]LogTemp: Display: Loaded TP WindowsServerTargetPlatform
[2018.04.12-01.49.34:564][  0]LogTemp: Display: Loaded TP WindowsTargetPlatform
[2018.04.12-01.49.34:585][  0]LogTemp: Display: Loaded TP Android_ASTCTargetPlatform
[2018.04.12-01.49.34:604][  0]LogTemp: Display: Loaded TP Android_ATCTargetPlatform
[2018.04.12-01.49.34:624][  0]LogTemp: Display: Loaded TP Android_DXTTargetPlatform
[2018.04.12-01.49.34:644][  0]LogTemp: Display: Loaded TP Android_ETC1aTargetPlatform
[2018.04.12-01.49.34:663][  0]LogTemp: Display: Loaded TP Android_ETC1TargetPlatform
[2018.04.12-01.49.34:683][  0]LogTemp: Display: Loaded TP Android_ETC2TargetPlatform
[2018.04.12-01.49.34:722][  0]LogTemp: Display: Loaded TP Android_MultiTargetPlatform
[2018.04.12-01.49.34:722][  0]LogTemp: Display: Loaded TP Android_PVRTCTargetPlatform
[2018.04.12-01.49.34:742][  0]LogTemp: Display: Loaded TP AndroidTargetPlatform
[2018.04.12-01.49.34:747][  0]LogTemp: Display: Loaded TP HTML5TargetPlatform
[2018.04.12-01.49.34:795][  0]LogTemp: Display: Loaded TP IOSTargetPlatform
[2018.04.12-01.49.34:814][  0]LogTemp: Display: Loaded TP TVOSTargetPlatform
[2018.04.12-01.49.34:834][  0]LogTemp: Display: Loaded TP LinuxClientTargetPlatform
[2018.04.12-01.49.34:854][  0]LogTemp: Display: Loaded TP LinuxNoEditorTargetPlatform
[2018.04.12-01.49.34:874][  0]LogTemp: Display: Loaded TP LinuxServerTargetPlatform
[2018.04.12-01.49.34:896][  0]LogTemp: Display: Loaded TP LinuxTargetPlatform
[2018.04.12-01.49.34:896][  0]LogTargetPlatformManager: Display: Building Assets For Windows
[2018.04.12-01.49.35:212][  0]LogXGEController: Cannot use XGE Controller as Incredibuild is not installed on this machine.
[2018.04.12-01.49.35:212][  0]LogShaderCompilers: Cannot use XGE Shader Compiler as Incredibuild is not installed on this machine.
[2018.04.12-01.49.35:212][  0]LogShaderCompilers: Display: Using Local Shader Compiler.
[2018.04.12-01.49.36:679][  0]LogDerivedDataCache: Display: Max Cache Size: 512 MB
[2018.04.12-01.49.36:786][  0]LogDerivedDataCache: Loaded boot cache 0.11s 74MB C:/Users/Franco.DESKTOP-J55RO49/AppData/Local/UnrealEngine/4.19/DerivedDataCache/Boot.ddc.
[2018.04.12-01.49.36:786][  0]LogDerivedDataCache: Display: Loaded Boot cache: C:/Users/Franco.DESKTOP-J55RO49/AppData/Local/UnrealEngine/4.19/DerivedDataCache/Boot.ddc
[2018.04.12-01.49.36:786][  0]LogDerivedDataCache: FDerivedDataBackendGraph:  Pak pak cache file ../../../../../../Users/Franco/Documents/GameDevelopment/Son of the Wind/Son of the Wind 2018/Son of the Wind/DerivedDataCache/DDC.ddp not found, will not use a pak cache.
[2018.04.12-01.49.36:786][  0]LogDerivedDataCache: Unable to find inner node Pak for hierarchical cache Hierarchy.
[2018.04.12-01.49.36:786][  0]LogDerivedDataCache: FDerivedDataBackendGraph:  CompressedPak pak cache file ../../../../../../Users/Franco/Documents/GameDevelopment/Son of the Wind/Son of the Wind 2018/Son of the Wind/DerivedDataCache/Compressed.ddp not found, will not use a pak cache.
[2018.04.12-01.49.36:786][  0]LogDerivedDataCache: Unable to find inner node CompressedPak for hierarchical cache Hierarchy.
[2018.04.12-01.49.36:805][  0]LogDerivedDataCache: Display: Pak cache opened for reading ../../../Engine/DerivedDataCache/Compressed.ddp.
[2018.04.12-01.49.36:821][  0]LogDerivedDataCache: Using Local data cache path C:/Users/Franco.DESKTOP-J55RO49/AppData/Local/UnrealEngine/Common/DerivedDataCache: Writable
[2018.04.12-01.49.36:837][  0]LogMaterial: Verifying Global Shaders for PCD3D_SM5
[2018.04.12-01.49.36:837][  0]LogSlate: Using Freetype 2.6.0
[2018.04.12-01.49.36:840][  0]LogSlate: SlateFontCache - WITH_FREETYPE: 1, WITH_HARFBUZZ: 1
[2018.04.12-01.49.36:840][  0]LogSlate: SlateFontCache - WITH_FREETYPE: 1, WITH_HARFBUZZ: 1
[2018.04.12-01.49.37:163][  0]LogAssetRegistry: FAssetRegistry took 0.0290 seconds to start up
[2018.04.12-01.49.37:714][  0]LogInit: Selected Device Profile: [Windows]
[2018.04.12-01.49.37:962][  0]LogSimplygon: Simplygon DLL not present - disabling.
[2018.04.12-01.49.37:968][  0]LogMeshReduction: Using SimplygonSwarm for distributed automatic mesh merging
[2018.04.12-01.49.37:968][  0]LogMeshReduction: Using QuadricMeshReduction for automatic static mesh reduction
[2018.04.12-01.49.37:968][  0]LogMeshReduction: No automatic skeletal mesh reduction module available
[2018.04.12-01.49.37:969][  0]LogMeshReduction: No automatic mesh merging module available
[2018.04.12-01.49.37:969][  0]LogMeshMerging: No automatic mesh merging module available
[2018.04.12-01.49.38:046][  0]LogNetVersion: SotW , NetCL: 3944462, EngineNetVer: 2, GameNetVer: 0 (Checksum: 175056507)
[2018.04.12-01.49.38:918][  0]LogPackageLocalizationCache: Processed 10 localized package path(s) for 2 prioritized culture(s) in 0.315859 seconds
[2018.04.12-01.49.38:924][  0]LogUObjectArray: 36728 objects as part of root set at end of initial load.
[2018.04.12-01.49.38:924][  0]LogUObjectAllocator: 7314312 out of 0 bytes used by permanent object pool.
[2018.04.12-01.49.38:924][  0]LogUObjectArray: CloseDisregardForGC: 0/0 objects in disregard for GC pool
[2018.04.12-01.49.42:128][  0]LogDlgSystem: Verbose: Creating new DlgGuid = `E3FBD12A468470B03010E0AC76B9A8B1` for Dialogue = `/Script/DlgSystem.Default__DlgDialogue` because of new created Dialogue.
[2018.04.12-01.49.42:129][  0]LogDlgSystem: Verbose: Started DlgSystemModule
[2018.04.12-01.49.42:200][  0]LogTcpMessaging: Initializing TcpMessaging bridge
[2018.04.12-01.49.42:274][  0]LogUdpMessaging: Initializing bridge on interface 0.0.0.0:0 to multicast group 230.0.0.1:6666.
[2018.04.12-01.49.43:297][  0]SourceControl: Source control is disabled
[2018.04.12-01.49.43:297][  0]SourceControl: Source control is disabled
[2018.04.12-01.49.43:359][  0]SourceControl: Source control is disabled
[2018.04.12-01.49.43:419][  0]SourceControl: Source control is disabled
[2018.04.12-01.49.44:887][  0]LogAndroidPermission: UAndroidPermissionCallbackProxy::GetInstance
[2018.04.12-01.49.45:363][  0]LogOcInput: OculusInput pre-init called
[2018.04.12-01.49.45:843][  0]LogDlgSystemEditor: Verbose: Started DlgSystemEditorModule
[2018.04.12-01.49.45:871][  0]LogLinker: Warning: Asset '../../Plugins/Marketplace/DlgSystem/Content/TestDialogue.uasset' has been saved with empty engine version. The asset will be loaded but may be incompatible.
[2018.04.12-01.49.45:872][  0]LogDlgSystem: Verbose: Creating graph for Dialogue = `/DlgSystem/TestDialogue.TestDialogue`
[2018.04.12-01.49.45:872][  0]LogDlgSystem: Verbose: Creating new DlgGuid = `6DCECBF54B3AE0FF24500488A8CBD5AA` for Dialogue = `/DlgSystem/TestDialogue.TestDialogue` because of new created Dialogue.
[2018.04.12-01.49.45:876][  0]LogDlgSystem: Verbose: Creating graph for Dialogue = `/Game/Data/DialogueSystem/NewDlgDialogue.NewDlgDialogue`
[2018.04.12-01.49.45:876][  0]LogDlgSystem: Verbose: Creating new DlgGuid = `27D941FC441167E9221836A0BE251598` for Dialogue = `/Game/Data/DialogueSystem/NewDlgDialogue.NewDlgDialogue` because of new created Dialogue.
[2018.04.12-01.49.45:877][  0]LogDlgSystemEditor: Verbose: UDlgManager::LoadAllDialoguesIntoMemory loaded 0 Dialogues into Memory
[2018.04.12-01.49.45:954][  0]LogEngine: Initializing Engine...
[2018.04.12-01.49.45:958][  0]LogHMD: Failed to initialize OpenVR with code 110
[2018.04.12-01.49.45:960][  0]LogStats: UGameplayTagsManager::ConstructGameplayTagTree: Construct from data asset -  0.000 s
[2018.04.12-01.49.45:960][  0]LogStats: UGameplayTagsManager::ConstructGameplayTagTree: GameplayTagTreeChangedEvent.Broadcast -  0.000 s
[2018.04.12-01.49.46:280][  0]LogAIModule: Creating AISystem for world Untitled
[2018.04.12-01.49.46:322][  0]LogInit: XAudio2 using 'Speakers (High Definition Audio Device)' : 2 channels at 44.1 kHz using 16 bits per sample (channel mask 0x3)
[2018.04.12-01.49.46:342][  0]LogInit: FAudioDevice initialized.
[2018.04.12-01.49.46:531][  0]LogDerivedDataCache: Saved boot cache 0.19s 74MB C:/Users/Franco.DESKTOP-J55RO49/AppData/Local/UnrealEngine/4.19/DerivedDataCache/Boot.ddc.
[2018.04.12-01.49.46:549][  0]LogInit: Texture streaming: Enabled
[2018.04.12-01.49.46:581][  0]LogEngineSessionManager: EngineSessionManager initialized
[2018.04.12-01.49.46:608][  0]LogInit: Transaction tracking system initialized
[2018.04.12-01.49.46:658][  0]BlueprintLog: New page: Editor Load
[2018.04.12-01.49.46:833][  0]LocalizationService: Localization service is disabled
[2018.04.12-01.49.47:037][  0]LogLinker: Warning: Can't find file '/Game/2DSideScrollerBP/2DSideScrollerOverview'
[2018.04.12-01.49.47:037][  0]LogLinker: Warning: Can't find file '/Game/2DSideScrollerBP/2DSideScrollerOverview'
[2018.04.12-01.49.47:037][  0]LogUObjectGlobals: Warning: Failed to find object 'Class /Game/2DSideScrollerBP/2DSideScrollerOverview.2DSideScrollerOverview_C'
[2018.04.12-01.49.47:082][  0]LogConsoleResponse: Display: 
[2018.04.12-01.49.47:328][  0]LogCook: Display: Max memory allowance for cook 16384mb min free memory 0mb
[2018.04.12-01.49.47:328][  0]LogCook: Display: Mobile HDR setting 1
[2018.04.12-01.49.47:328][  0]LogGameplayTags: Display: UGameplayTagsManager::DoneAddingNativeTags. DelegateIsBound: 0
[2018.04.12-01.49.47:328][  0]LogStats: UGameplayTagsManager::ConstructGameplayTagTree: Construct from data asset -  0.000 s
[2018.04.12-01.49.47:328][  0]LogStats: UGameplayTagsManager::ConstructGameplayTagTree: GameplayTagTreeChangedEvent.Broadcast -  0.000 s
[2018.04.12-01.49.48:176][  0]LogFileCache: Scanning file cache for directory 'C:/Users/Franco/Documents/GameDevelopment/Son of the Wind/Son of the Wind 2018/Son of the Wind/Content/' took 0.02s
[2018.04.12-01.49.48:418][  0]SourceControl: Source control is disabled
[2018.04.12-01.49.48:418][  0]LogEditorServer: Warning: Can't find file '../../../../../../Users/Franco/Documents/GameDevelopment/Son of the Wind/Son of the Wind 2018/Son of the Wind/Content/2DSideScrollerBP/Maps/2DSideScrollerExampleMap.umap'
[2018.04.12-01.49.48:418][  0]Cmd: MAP CHECKDEP NOCLEARLOG
[2018.04.12-01.49.48:635][  0]MapCheck: Map check complete: 0 Error(s), 0 Warning(s), took 217.043ms to complete.
[2018.04.12-01.49.48:636][  0]LogFileHelpers: Loading map '2DSideScrollerExampleMap' took 0.218
[2018.04.12-01.49.48:791][  0]LogCollectionManager: Loaded 0 collections in 0.003501 seconds
[2018.04.12-01.49.48:853][  0]LogFileCache: Scanning file cache for directory 'C:/Users/Franco/Documents/GameDevelopment/Son of the Wind/Son of the Wind 2018/Son of the Wind/Saved/Collections/' took 0.01s
[2018.04.12-01.49.48:853][  0]LogFileCache: Scanning file cache for directory 'C:/Users/Franco/Documents/GameDevelopment/Son of the Wind/Son of the Wind 2018/Son of the Wind/Content/Developers/Franco/Collections/' took 0.01s
[2018.04.12-01.49.48:853][  0]LogFileCache: Scanning file cache for directory 'C:/Users/Franco/Documents/GameDevelopment/Son of the Wind/Son of the Wind 2018/Son of the Wind/Content/Collections/' took 0.01s
[2018.04.12-01.49.48:853][  0]LogCollectionManager: Rebuilt the GUID cache for 0 collections in 0.000001 seconds
[2018.04.12-01.49.48:865][  0]LogContentBrowser: Native class hierarchy populated in 0.0115 seconds. Added 2492 classes and 574 folders.
[2018.04.12-01.49.48:877][  0]LogContentBrowser: Native class hierarchy updated for 'WidgetCarousel' in 0.0004 seconds. Added 0 classes and 0 folders.
[2018.04.12-01.49.49:030][  0]LogContentBrowser: Native class hierarchy updated for 'AddContentDialog' in 0.0004 seconds. Added 0 classes and 0 folders.
[2018.04.12-01.49.49:058][  0]LogContentBrowser: Native class hierarchy updated for 'SceneOutliner' in 0.0004 seconds. Added 1 classes and 2 folders.
[2018.04.12-01.49.49:078][  0]LogSlate: Took 0.000387 seconds to synchronously load lazily loaded font '../../../Engine/Content/Slate/Fonts/Roboto-Regular.ttf' (155K)
[2018.04.12-01.49.49:080][  0]LogSlate: Took 0.000407 seconds to synchronously load lazily loaded font '../../../Engine/Content/Slate/Fonts/Roboto-Bold.ttf' (160K)
[2018.04.12-01.49.49:087][  0]LogSlate: Took 0.000508 seconds to synchronously load lazily loaded font '../../../Engine/Content/Editor/Slate/Fonts/FontAwesome.ttf' (139K)
[2018.04.12-01.49.49:195][  0]LogRenderer: Reallocating scene render targets to support 808x376 Format 10 NumSamples 1 (Frame:1).
[2018.04.12-01.49.49:243][  0]LogSlate: Took 0.000337 seconds to synchronously load lazily loaded font '../../../Engine/Content/Slate/Fonts/Roboto-Light.ttf' (167K)
[2018.04.12-01.49.49:360][  0]LogContentBrowser: Native class hierarchy updated for 'HierarchicalLODOutliner' in 0.0004 seconds. Added 0 classes and 0 folders.
[2018.04.12-01.49.49:360][  0]LogLoad: (Engine Initialization) Total time: 23.30 seconds
[2018.04.12-01.49.49:360][  0]LogLoad: (Engine Initialization) Total Blueprint compile time: 0.00 seconds
[2018.04.12-01.49.49:735][  0]LogContentStreaming: Texture pool size now 1000 MB
[2018.04.12-01.49.50:042][  1]LogAssetRegistry: Asset discovery search completed in 12.9004 seconds
[2018.04.12-01.49.50:044][  1]LogCollectionManager: Rebuilt the object cache for 0 collections in 0.000000 seconds (found 0 objects)
[2018.04.12-01.49.50:044][  1]LogCollectionManager: Fixed up redirectors for 0 collections in 0.000051 seconds (updated 0 objects)
[2018.04.12-01.50.32:785][256]LogSlate: FSceneViewport::OnFocusLost() reason 0
[2018.04.12-01.50.33:747][367]LogSlate: Took 0.000446 seconds to synchronously load lazily loaded font '../../../Engine/Content/Slate/Fonts/Roboto-Light.ttf' (167K)
[2018.04.12-01.50.33:872][367]LogAIModule: Creating AISystem for world 2DTestWorld
[2018.04.12-01.50.33:897][367]Cmd: MAP LOAD FILE="../../../../../../Users/Franco/Documents/GameDevelopment/Son of the Wind/Son of the Wind 2018/Son of the Wind/Content/Map/2DTestWorld.umap" TEMPLATE=0 SHOWPROGRESS=1 FEATURELEVEL=3
[2018.04.12-01.50.33:897][367]LightingResults: New page: Lighting Build
[2018.04.12-01.50.33:903][367]LogContentBrowser: Native class hierarchy updated for 'StatsViewer' in 0.0004 seconds. Added 5 classes and 0 folders.
[2018.04.12-01.50.33:904][367]LoadErrors: New page: Loading map: 2DTestWorld.umap
[2018.04.12-01.50.33:907][367]MapCheck: New page: Map Check
[2018.04.12-01.50.33:907][367]LightingResults: New page: Lighting Build
[2018.04.12-01.50.33:922][367]LogEditorServer: Finished looking for orphan Actors (0.000 secs)
[2018.04.12-01.50.33:981][367]Cmd: MAP CHECKDEP NOCLEARLOG
[2018.04.12-01.50.34:205][367]MapCheck: Map check complete: 0 Error(s), 0 Warning(s), took 223.91ms to complete.
[2018.04.12-01.50.34:207][367]LogFileHelpers: Loading map '2DTestWorld' took 0.310
[2018.04.12-01.50.36:263][537]LogContentBrowser: Native class hierarchy updated for 'BlueprintGraph' in 0.0009 seconds. Added 116 classes and 0 folders.
[2018.04.12-01.50.37:324][537]LogSlate: Took 0.000476 seconds to synchronously load lazily loaded font '../../../Engine/Content/Slate/Fonts/Roboto-BoldCondensed.ttf' (158K)
[2018.04.12-01.50.38:672][653]LogSlate: Took 0.000526 seconds to synchronously load lazily loaded font '../../../Engine/Content/Slate/Fonts/Roboto-Italic.ttf' (157K)
[2018.04.12-01.51.24:949][841]LogPackageName: Error: DoesPackageExist: DoesPackageExist FAILED: 'Engine/Tutorial/Installation/InstallingVisualStudioTutorial' is not a standard unreal filename or a long path name. Reason: Path should start with a '/'
[2018.04.12-01.51.24:949][841]LogLinker: Warning: Can't find file 'Engine/Tutorial/Installation/InstallingVisualStudioTutorial'
[2018.04.12-01.51.24:949][841]LogPackageName: Error: DoesPackageExist: DoesPackageExist FAILED: 'Engine/Tutorial/Installation/InstallingVisualStudioTutorial' is not a standard unreal filename or a long path name. Reason: Path should start with a '/'
[2018.04.12-01.51.24:949][841]LogLinker: Warning: Can't find file 'Engine/Tutorial/Installation/InstallingVisualStudioTutorial'
[2018.04.12-01.51.24:949][841]LogUObjectGlobals: Warning: Failed to find object 'Blueprint Engine/Tutorial/Installation/InstallingVisualStudioTutorial.InstallingVisualStudioTutorial'
[2018.04.12-01.52.26:198][257]LogEditorTransaction: Undo Delete current selection
[2018.04.12-01.53.40:760][956]LogTemp: Repeating last play command: New Editor Window (PIE)
[2018.04.12-01.53.40:789][956]BlueprintLog: New page: Pre-Play auto-recompile
[2018.04.12-01.53.40:847][956]LogPlayLevel: [PlayLevel] Compiling Blue_BP before play...
[2018.04.12-01.53.41:155][956]LogPlayLevel: PlayLevel: Blueprint regeneration took 365 ms (1 blueprints)
[2018.04.12-01.53.41:156][956]PIE: New page: PIE session: 2DTestWorld (Apr 11, 2018, 7:53:41 PM)
[2018.04.12-01.53.41:156][956]LogPlayLevel: Creating play world package: /Game/Map/UEDPIE_0_2DTestWorld
[2018.04.12-01.53.41:157][956]LogPlayLevel: PIE: StaticDuplicateObject took: (0.001336s)
[2018.04.12-01.53.41:158][956]LogAIModule: Creating AISystem for world 2DTestWorld
[2018.04.12-01.53.41:159][956]LogPlayLevel: PIE: World Init took: (0.001542s)
[2018.04.12-01.53.41:159][956]LogPlayLevel: PIE: Created PIE world by copying editor world from /Game/Map/2DTestWorld.2DTestWorld to /Game/Map/UEDPIE_0_2DTestWorld.2DTestWorld (0.003185s)
[2018.04.12-01.53.41:200][956]LogInit: XAudio2 using 'Speakers (High Definition Audio Device)' : 2 channels at 44.1 kHz using 16 bits per sample (channel mask 0x3)
[2018.04.12-01.53.41:216][956]LogInit: FAudioDevice initialized.
[2018.04.12-01.53.41:324][956]LogLoad: Game class is 'GameController_BP_C'
[2018.04.12-01.53.41:327][956]LogWorld: Bringing World /Game/Map/UEDPIE_0_2DTestWorld.2DTestWorld up for play (max tick rate 0) at 2018.04.11-22.53.41
[2018.04.12-01.53.41:328][956]LogWorld: Bringing up level for play took: 0.001910
[2018.04.12-01.53.41:338][956]LogContentBrowser: Native class hierarchy updated for 'MovieSceneCapture' in 0.0005 seconds. Added 11 classes and 0 folders.
[2018.04.12-01.53.41:339][956]LogBlueprintUserMessages: [JsonReader_24] Index:0Dialogue:*-Panda-* Give Me all your money
[2018.04.12-01.53.41:339][956]LogBlueprintUserMessages: [JsonReader_24] illKickYourButtT
[2018.04.12-01.53.41:339][956]LogBlueprintUserMessages: [JsonReader_24] thatsRightGiveIt
[2018.04.12-01.53.41:339][956]LogBlueprintUserMessages: [JsonReader_24] illCallThePolice
[2018.04.12-01.53.41:339][956]LogBlueprintUserMessages: [JsonReader_24] wowUrAMeanie
[2018.04.12-01.53.41:339][956]LogBlueprintUserMessages: [JsonReader_24] wowUrAMeanie
[2018.04.12-01.53.41:340][956]LogBlueprintUserMessages: [JsonReader_24] wowUrAMeanie
[2018.04.12-01.53.41:340][956]LogBlueprintUserMessages: [JsonReader_24] wowUrAMeanie
[2018.04.12-01.53.41:340][956]LogBlueprintUserMessages: [JsonReader_24] wowUrAMeanie
[2018.04.12-01.53.41:340][956]LogBlueprintUserMessages: [JsonReader_24] wowUrAMeanie
[2018.04.12-01.53.41:342][956]PIE: Play in editor start time for /Game/Map/UEDPIE_0_2DTestWorld -0.151
[2018.04.12-01.53.41:519][956]LogRenderer: Reallocating scene render targets to support 1452x936 Format 10 NumSamples 1 (Frame:1).
[2018.04.12-01.53.41:601][957]LogCharacterMovement: Warning: GetSimulationTimeStep() - Max iterations 8 hit while remaining time 0.078575 > MaxSimulationTimeStep (0.050) for 'Blue_BP_C_0', movement 'Walking'
[2018.04.12-01.53.57:009][139]LogSlate: Window 'SotW Game Preview Standalone (64-bit/PCD3D_SM5)' being destroyed
[2018.04.12-01.54.21:667][893]LogTemp: Repeating last play command: New Editor Window (PIE)
[2018.04.12-01.54.21:697][893]BlueprintLog: New page: Pre-Play auto-recompile
[2018.04.12-01.54.21:749][893]LogPlayLevel: [PlayLevel] Compiling Blue_BP before play...
[2018.04.12-01.54.22:030][893]LogPlayLevel: PlayLevel: Blueprint regeneration took 333 ms (1 blueprints)
[2018.04.12-01.54.22:030][893]PIE: New page: PIE session: 2DTestWorld (Apr 11, 2018, 7:54:22 PM)
[2018.04.12-01.54.22:030][893]LogPlayLevel: Creating play world package: /Game/Map/UEDPIE_0_2DTestWorld
[2018.04.12-01.54.22:031][893]LogPlayLevel: PIE: StaticDuplicateObject took: (0.001132s)
[2018.04.12-01.54.22:032][893]LogAIModule: Creating AISystem for world 2DTestWorld
[2018.04.12-01.54.22:032][893]LogPlayLevel: PIE: World Init took: (0.000723s)
[2018.04.12-01.54.22:032][893]LogPlayLevel: PIE: Created PIE world by copying editor world from /Game/Map/2DTestWorld.2DTestWorld to /Game/Map/UEDPIE_0_2DTestWorld.2DTestWorld (0.001985s)
[2018.04.12-01.54.22:076][893]LogInit: XAudio2 using 'Speakers (High Definition Audio Device)' : 2 channels at 44.1 kHz using 16 bits per sample (channel mask 0x3)
[2018.04.12-01.54.22:090][893]LogInit: FAudioDevice initialized.
[2018.04.12-01.54.22:136][893]LogLoad: Game class is 'GameController_BP_C'
[2018.04.12-01.54.22:138][893]LogWorld: Bringing World /Game/Map/UEDPIE_0_2DTestWorld.2DTestWorld up for play (max tick rate 0) at 2018.04.11-22.54.22
[2018.04.12-01.54.22:139][893]LogWorld: Bringing up level for play took: 0.001790
[2018.04.12-01.54.22:141][893]LogBlueprintUserMessages: [JsonReader_24] Index:0Dialogue:*-Panda-* Give Me all your money
[2018.04.12-01.54.22:141][893]LogBlueprintUserMessages: [JsonReader_24] illKickYourButtT
[2018.04.12-01.54.22:141][893]LogBlueprintUserMessages: [JsonReader_24] thatsRightGiveIt
[2018.04.12-01.54.22:141][893]LogBlueprintUserMessages: [JsonReader_24] illCallThePolice
[2018.04.12-01.54.22:141][893]LogBlueprintUserMessages: [JsonReader_24] wowUrAMeanie
[2018.04.12-01.54.22:141][893]LogBlueprintUserMessages: [JsonReader_24] wowUrAMeanie
[2018.04.12-01.54.22:141][893]LogBlueprintUserMessages: [JsonReader_24] wowUrAMeanie
[2018.04.12-01.54.22:141][893]LogBlueprintUserMessages: [JsonReader_24] wowUrAMeanie
[2018.04.12-01.54.22:141][893]LogBlueprintUserMessages: [JsonReader_24] wowUrAMeanie
[2018.04.12-01.54.22:141][893]LogBlueprintUserMessages: [JsonReader_24] wowUrAMeanie
[2018.04.12-01.54.22:143][893]PIE: Play in editor start time for /Game/Map/UEDPIE_0_2DTestWorld 0.65
[2018.04.12-01.54.22:347][894]LogCharacterMovement: Warning: GetSimulationTimeStep() - Max iterations 8 hit while remaining time 0.077724 > MaxSimulationTimeStep (0.050) for 'Blue_BP_C_0', movement 'Walking'
[2018.04.12-01.54.35:254][873]LogBlueprintUserMessages: [Blue_BP_C_0] JC JUMP
[2018.04.12-01.54.38:986][153]LogBlueprintUserMessages: [Blue_BP_C_0] JC JUMP
[2018.04.12-01.54.40:061][234]LogBlueprintUserMessages: [Blue_BP_C_0] JC JUMP
[2018.04.12-01.54.45:177][618]LogBlueprintUserMessages: [Blue_BP_C_0] JC JUMP
[2018.04.12-01.54.53:195][211]LogBlueprintUserMessages: [Blue_BP_C_0] JC JUMP
[2018.04.12-01.54.55:820][403]LogBlueprintUserMessages: [Blue_BP_C_0] JC JUMP
[2018.04.12-01.54.58:397][594]LogBlueprintUserMessages: [Blue_BP_C_0] JC JUMP
[2018.04.12-01.54.59:885][703]LogBlueprintUserMessages: [Blue_BP_C_0] JC JUMP
[2018.04.12-01.55.02:006][858]LogBlueprintUserMessages: [Blue_BP_C_0] JC JUMP
[2018.04.12-01.55.02:757][911]LogBlueprintUserMessages: [Blue_BP_C_0] JC JUMP
[2018.04.12-01.55.03:700][980]LogBlueprintUserMessages: [Blue_BP_C_0] JC JUMP
[2018.04.12-01.55.06:583][194]LogBlueprintUserMessages: [Blue_BP_C_0] JC JUMP
[2018.04.12-01.55.07:371][252]LogBlueprintUserMessages: [Blue_BP_C_0] JC JUMP
[2018.04.12-01.55.11:115][526]LogBlueprintUserMessages: [Blue_BP_C_0] JC JUMP
[2018.04.12-01.55.13:832][727]LogBlueprintUserMessages: [Blue_BP_C_0] JC JUMP
[2018.04.12-01.55.15:150][824]LogBlueprintUserMessages: [Blue_BP_C_0] JC JUMP
[2018.04.12-01.55.25:795][624]LogBlueprintUserMessages: [Blue_BP_C_0] JC JUMP
[2018.04.12-01.55.31:459][ 44]LogBlueprintUserMessages: [Blue_BP_C_0] JC JUMP
[2018.04.12-01.55.32:900][150]LogBlueprintUserMessages: [Blue_BP_C_0] JC JUMP
[2018.04.12-01.55.40:928][747]LogBlueprintUserMessages: [Blue_BP_C_0] JC JUMP
[2018.04.12-01.55.42:622][875]LogBlueprintUserMessages: [Blue_BP_C_0] JC JUMP
[2018.04.12-01.55.45:325][ 78]LogBlueprintUserMessages: [Blue_BP_C_0] JC JUMP
[2018.04.12-01.55.47:628][246]LogBlueprintUserMessages: [Blue_BP_C_0] JC JUMP
[2018.04.12-01.55.53:169][667]LogBlueprintUserMessages: [Blue_BP_C_0] JC JUMP
[2018.04.12-01.55.54:242][750]LogBlueprintUserMessages: [Blue_BP_C_0] JC JUMP
[2018.04.12-01.57.08:004][410]LogBlueprintUserMessages: [Blue_BP_C_0] JC JUMP
[2018.04.12-01.57.18:740][221]LogBlueprintUserMessages: [Blue_BP_C_0] JC JUMP
[2018.04.12-02.01.01:695][628]LogSlate: Window 'SotW Game Preview Standalone (64-bit/PCD3D_SM5)' being destroyed
[2018.04.12-02.01.03:900][865]Cmd: OBJ SAVEPACKAGE PACKAGE="/Game/BP/Blue_BP" FILE="../../../../../../Users/Franco/Documents/GameDevelopment/Son of the Wind/Son of the Wind 2018/Son of the Wind/Content/BP/Blue_BP.uasset" SILENT=true
[2018.04.12-02.01.04:126][865]LogSavePackage: Save=145.47ms
[2018.04.12-02.01.04:126][865]LogSavePackage: Moving '../../../../../../Users/Franco/Documents/GameDevelopment/Son of the Wind/Son of the Wind 2018/Son of the Wind/Saved/Blue_BP75A893B64769222E71489C8183E7766F.tmp' to '../../../../../../Users/Franco/Documents/GameDevelopment/Son of the Wind/Son of the Wind 2018/Son of the Wind/Content/BP/Blue_BP.uasset'
[2018.04.12-02.01.04:146][865]LogSavePackage: Display: Finished SavePackage ../../../../../../Users/Franco/Documents/GameDevelopment/Son of the Wind/Son of the Wind 2018/Son of the Wind/Content/BP/Blue_BP.uasset
[2018.04.12-04.01.21:950][193]LogSavePackage: Save=18.71ms
[2018.04.12-04.01.21:950][193]LogSavePackage: Moving '../../../../../../Users/Franco/Documents/GameDevelopment/Son of the Wind/Son of the Wind 2018/Son of the Wind/Saved/2DTestWorldD2C829A64F66BF9C662C0AAF4E113C8C.tmp' to '../../../../../../Users/Franco/Documents/GameDevelopment/Son of the Wind/Son of the Wind 2018/Son of the Wind/Content/Map/2DTestWorld.umap'
[2018.04.12-04.01.21:958][193]LogSavePackage: Display: Finished SavePackage ../../../../../../Users/Franco/Documents/GameDevelopment/Son of the Wind/Son of the Wind 2018/Son of the Wind/Content/Map/2DTestWorld.umap
[2018.04.12-04.01.23:873][377]LogSlate: Window 'SotW - Unreal Editor' being destroyed
[2018.04.12-04.01.24:101][378]Cmd: QUIT_EDITOR
[2018.04.12-04.01.25:057][378]LogWindowsTextInputMethodSystem: Display: IME system now deactivated.
[2018.04.12-04.01.25:057][378]LogWindowsTextInputMethodSystem: Display: IME system now deactivated.
[2018.04.12-04.01.25:076][378]LogSlate: Slate User Destroyed.  User Index 0, Is Virtual User: 0
[2018.04.12-04.01.25:076][378]LogExit: Preparing to exit.
[2018.04.12-04.01.25:886][378]LogDirectoryWatcher: A directory notification for 'C:/Users/Franco/Documents/GameDevelopment/Son of the Wind/Son of the Wind 2018/Son of the Wind/Content/' was aborted.
[2018.04.12-04.01.25:985][378]LogExit: Editor shut down
[2018.04.12-04.01.26:027][378]LogExit: Transaction tracking system shut down
[2018.04.12-04.01.26:209][378]LogDirectoryWatcher: A directory notification for '../../../Engine/Content/' was aborted.
[2018.04.12-04.01.26:210][378]LogDirectoryWatcher: A directory notification for '../../../../../../Users/Franco/Documents/GameDevelopment/Son of the Wind/Son of the Wind 2018/Son of the Wind/Content/' was aborted.
[2018.04.12-04.01.26:210][378]LogDirectoryWatcher: A directory notification for '../../Plugins/2D/Paper2D/Content/' was aborted.
[2018.04.12-04.01.26:210][378]LogDirectoryWatcher: A directory notification for '../../Plugins/Enterprise/DatasmithContent/Content/' was aborted.
[2018.04.12-04.01.26:210][378]LogDirectoryWatcher: A directory notification for '../../Plugins/Marketplace/DlgSystem/Content/' was aborted.
[2018.04.12-04.01.26:210][378]LogDirectoryWatcher: A directory notification for '../../Plugins/Media/MediaCompositing/Content/' was aborted.
[2018.04.12-04.01.26:210][378]LogDirectoryWatcher: A directory notification for '../../Plugins/Runtime/AppleARKit/Content/' was aborted.
[2018.04.12-04.01.26:210][378]LogDirectoryWatcher: A directory notification for '../../Plugins/Runtime/Oculus/OculusVR/Content/' was aborted.
[2018.04.12-04.01.26:210][378]LogDirectoryWatcher: A directory notification for '../../Plugins/Runtime/Steam/SteamVR/Content/' was aborted.
[2018.04.12-04.01.26:393][378]LogExit: Object subsystem successfully closed.
[2018.04.12-04.01.26:416][378]LogShaderCompilers: Display: Shaders left to compile 0
[2018.04.12-04.01.26:427][378]LogD3D11RHI: Shutdown
[2018.04.12-04.01.26:427][378]LogD3D11RHI: CleanupD3DDevice
[2018.04.12-04.01.26:433][378]LogD3D11RHI: ~FD3D11DynamicRHI
[2018.04.12-04.01.26:549][378]LogModuleManager: Shutting down and abandoning module MovieSceneCapture (584)
[2018.04.12-04.01.26:550][378]LogModuleManager: Shutting down and abandoning module BlueprintGraph (582)
[2018.04.12-04.01.26:550][378]LogModuleManager: Shutting down and abandoning module StatsViewer (580)
[2018.04.12-04.01.26:550][378]LogModuleManager: Shutting down and abandoning module HierarchicalLODOutliner (578)
[2018.04.12-04.01.26:550][378]LogModuleManager: Shutting down and abandoning module SceneOutliner (576)
[2018.04.12-04.01.26:550][378]LogModuleManager: Shutting down and abandoning module AddContentDialog (574)
[2018.04.12-04.01.26:550][378]LogDirectoryWatcher: A directory notification for 'C:/Program Files/Epic Games/UE_4.19/FeaturePacks/' was aborted.
[2018.04.12-04.01.26:557][378]LogModuleManager: Shutting down and abandoning module WidgetCarousel (573)
[2018.04.12-04.01.26:557][378]LogModuleManager: Shutting down and abandoning module EditorWidgets (570)
[2018.04.12-04.01.26:557][378]LogModuleManager: Shutting down and abandoning module CollectionManager (568)
[2018.04.12-04.01.26:557][378]LogDirectoryWatcher: A directory notification for 'C:/Users/Franco/Documents/GameDevelopment/Son of the Wind/Son of the Wind 2018/Son of the Wind/Content/Collections/' was aborted.
[2018.04.12-04.01.26:557][378]LogDirectoryWatcher: A directory notification for 'C:/Users/Franco/Documents/GameDevelopment/Son of the Wind/Son of the Wind 2018/Son of the Wind/Content/Developers/Franco/Collections/' was aborted.
[2018.04.12-04.01.26:557][378]LogDirectoryWatcher: A directory notification for 'C:/Users/Franco/Documents/GameDevelopment/Son of the Wind/Son of the Wind 2018/Son of the Wind/Saved/Collections/' was aborted.
[2018.04.12-04.01.26:558][378]LogModuleManager: Shutting down and abandoning module FoliageEdit (566)
[2018.04.12-04.01.26:558][378]LogModuleManager: Shutting down and abandoning module LandscapeEditor (564)
[2018.04.12-04.01.26:558][378]LogModuleManager: Shutting down and abandoning module MeshPaintMode (562)
[2018.04.12-04.01.26:558][378]LogModuleManager: Shutting down and abandoning module SceneDepthPickerMode (560)
[2018.04.12-04.01.26:558][378]LogModuleManager: Shutting down and abandoning module ActorPickerMode (558)
[2018.04.12-04.01.26:558][378]LogModuleManager: Shutting down and abandoning module GeometryMode (556)
[2018.04.12-04.01.26:558][378]LogModuleManager: Shutting down and abandoning module TextureAlignMode (554)
[2018.04.12-04.01.26:558][378]LogModuleManager: Shutting down and abandoning module BspMode (552)
[2018.04.12-04.01.26:558][378]LogModuleManager: Shutting down and abandoning module PIEPreviewDeviceProfileSelector (550)
[2018.04.12-04.01.26:558][378]LogModuleManager: Shutting down and abandoning module HardwareSurvey (548)
[2018.04.12-04.01.26:558][378]LogModuleManager: Shutting down and abandoning module SequenceRecorderSections (546)
[2018.04.12-04.01.26:558][378]LogModuleManager: Shutting down and abandoning module AutomationWorker (544)
[2018.04.12-04.01.26:558][378]LogModuleManager: Shutting down and abandoning module AudioCaptureEditor (542)
[2018.04.12-04.01.26:558][378]LogModuleManager: Shutting down and abandoning module SequenceRecorder (541)
[2018.04.12-04.01.26:558][378]LogModuleManager: Shutting down and abandoning module MatineeToLevelSequence (538)
[2018.04.12-04.01.26:558][378]LogModuleManager: Shutting down and abandoning module LevelSequenceEditor (536)
[2018.04.12-04.01.26:558][378]LogModuleManager: Shutting down and abandoning module PlacementMode (535)
[2018.04.12-04.01.26:558][378]LogModuleManager: Shutting down and abandoning module MaterialEditor (534)
[2018.04.12-04.01.26:559][378]LogModuleManager: Shutting down and abandoning module WmfMediaFactory (530)
[2018.04.12-04.01.26:559][378]LogModuleManager: Shutting down and abandoning module WmfMediaEditor (528)
[2018.04.12-04.01.26:559][378]LogModuleManager: Shutting down and abandoning module MediaPlayerEditor (526)
[2018.04.12-04.01.26:559][378]LogModuleManager: Shutting down and abandoning module OpenExrWrapper (524)
[2018.04.12-04.01.26:559][378]LogModuleManager: Shutting down and abandoning module ImgMediaFactory (522)
[2018.04.12-04.01.26:559][378]LogModuleManager: Shutting down and abandoning module ImgMediaEditor (520)
[2018.04.12-04.01.26:559][378]LogModuleManager: Shutting down and abandoning module AvfMediaFactory (518)
[2018.04.12-04.01.26:559][378]LogModuleManager: Shutting down and abandoning module AvfMediaEditor (516)
[2018.04.12-04.01.26:559][378]LogModuleManager: Shutting down and abandoning module AndroidMediaFactory (514)
[2018.04.12-04.01.26:559][378]LogModuleManager: Shutting down and abandoning module AndroidMediaEditor (512)
[2018.04.12-04.01.26:559][378]LogModuleManager: Shutting down and abandoning module CharacterAI (510)
[2018.04.12-04.01.26:559][378]LogModuleManager: Shutting down and abandoning module SmartSnapping (508)
[2018.04.12-04.01.26:559][378]LogModuleManager: Shutting down and abandoning module SessionServices (506)
[2018.04.12-04.01.26:559][378]LogModuleManager: Shutting down and abandoning module ViewportSnapping (504)
[2018.04.12-04.01.26:559][378]LogModuleManager: Shutting down and abandoning module ViewportInteraction (502)
[2018.04.12-04.01.26:559][378]LogModuleManager: Shutting down and abandoning module ClothPainter (500)
[2018.04.12-04.01.26:559][378]LogModuleManager: Shutting down and abandoning module SkeletalMeshEditor (499)
[2018.04.12-04.01.26:559][378]LogModuleManager: Shutting down and abandoning module LogVisualizer (496)
[2018.04.12-04.01.26:559][378]LogModuleManager: Shutting down and abandoning module IntroTutorials (494)
[2018.04.12-04.01.26:559][378]LogModuleManager: Shutting down and abandoning module GameProjectGeneration (493)
[2018.04.12-04.01.26:559][378]LogModuleManager: Shutting down and abandoning module IOSPlatformEditor (490)
[2018.04.12-04.01.26:559][378]LogModuleManager: Shutting down and abandoning module HTML5PlatformEditor (488)
[2018.04.12-04.01.26:559][378]LogModuleManager: Shutting down and abandoning module AndroidPlatformEditor (486)
[2018.04.12-04.01.26:560][378]LogModuleManager: Shutting down and abandoning module AndroidDeviceDetection (485)
[2018.04.12-04.01.26:764][378]LogModuleManager: Shutting down and abandoning module WindowsPlatformEditor (482)
[2018.04.12-04.01.26:765][378]LogModuleManager: Shutting down and abandoning module IOSRuntimeSettings (480)
[2018.04.12-04.01.26:765][378]LogModuleManager: Shutting down and abandoning module AndroidRuntimeSettings (478)
[2018.04.12-04.01.26:765][378]LogModuleManager: Shutting down and abandoning module InputBindingEditor (476)
[2018.04.12-04.01.26:765][378]LogModuleManager: Shutting down and abandoning module MergeActors (474)
[2018.04.12-04.01.26:765][378]LogModuleManager: Shutting down and abandoning module LocalizationDashboard (472)
[2018.04.12-04.01.26:765][378]LogModuleManager: Shutting down and abandoning module LocalizationService (471)
[2018.04.12-04.01.26:765][378]LogModuleManager: Shutting down and abandoning module HardwareTargeting (468)
[2018.04.12-04.01.26:765][378]LogModuleManager: Shutting down and abandoning module DeviceProfileEditor (466)
[2018.04.12-04.01.26:765][378]LogModuleManager: Shutting down and abandoning module UndoHistory (464)
[2018.04.12-04.01.26:765][378]LogModuleManager: Shutting down and abandoning module XmlParser (462)
[2018.04.12-04.01.26:765][378]LogModuleManager: Shutting down and abandoning module Blutility (460)
[2018.04.12-04.01.26:765][378]LogModuleManager: Shutting down and abandoning module ProjectSettingsViewer (458)
[2018.04.12-04.01.26:765][378]LogModuleManager: Shutting down and abandoning module ProjectTargetPlatformEditor (457)
[2018.04.12-04.01.26:765][378]LogModuleManager: Shutting down and abandoning module EditorSettingsViewer (454)
[2018.04.12-04.01.26:766][378]LogModuleManager: Shutting down and abandoning module SettingsEditor (452)
[2018.04.12-04.01.26:766][378]LogModuleManager: Shutting down and abandoning module ProjectLauncher (450)
[2018.04.12-04.01.26:766][378]LogModuleManager: Shutting down and abandoning module SessionFrontend (448)
[2018.04.12-04.01.26:766][378]LogModuleManager: Shutting down and abandoning module ProfilerClient (446)
[2018.04.12-04.01.26:766][378]LogModuleManager: Shutting down and abandoning module DeviceManager (444)
[2018.04.12-04.01.26:766][378]LogModuleManager: Shutting down and abandoning module TargetDeviceServices (443)
[2018.04.12-04.01.26:821][378]LogModuleManager: Shutting down and abandoning module AutomationController (440)
[2018.04.12-04.01.26:821][378]LogModuleManager: Shutting down and abandoning module AutomationWindow (438)
[2018.04.12-04.01.26:821][378]LogModuleManager: Shutting down and abandoning module Layers (436)
[2018.04.12-04.01.26:821][378]LogModuleManager: Shutting down and abandoning module ComponentVisualizers (434)
[2018.04.12-04.01.26:821][378]LogModuleManager: Shutting down and abandoning module DetailCustomizations (432)
[2018.04.12-04.01.26:821][378]LogModuleManager: Shutting down and abandoning module PackagesDialog (430)
[2018.04.12-04.01.26:821][378]LogModuleManager: Shutting down and abandoning module Persona (428)
[2018.04.12-04.01.26:821][378]LogModuleManager: Shutting down and abandoning module AdvancedPreviewScene (427)
[2018.04.12-04.01.26:821][378]LogModuleManager: Shutting down and abandoning module AnimGraph (425)
[2018.04.12-04.01.26:821][378]LogModuleManager: Shutting down and abandoning module Kismet (422)
[2018.04.12-04.01.26:829][378]LogModuleManager: Shutting down and abandoning module GraphEditor (420)
[2018.04.12-04.01.26:829][378]LogModuleManager: Shutting down and abandoning module ClassViewer (418)
[2018.04.12-04.01.26:829][378]LogModuleManager: Shutting down and abandoning module Toolbox (416)
[2018.04.12-04.01.26:829][378]LogModuleManager: Shutting down and abandoning module ModuleUI (414)
[2018.04.12-04.01.26:829][378]LogModuleManager: Shutting down and abandoning module MovieSceneTools (412)
[2018.04.12-04.01.26:829][378]LogModuleManager: Shutting down and abandoning module OutputLog (410)
[2018.04.12-04.01.26:829][378]LogModuleManager: Shutting down and abandoning module GammaUI (408)
[2018.04.12-04.01.26:829][378]LogModuleManager: Shutting down and abandoning module Documentation (406)
[2018.04.12-04.01.26:831][378]LogModuleManager: Shutting down and abandoning module MovieSceneTracks (404)
[2018.04.12-04.01.26:831][378]LogModuleManager: Shutting down and abandoning module MovieScene (402)
[2018.04.12-04.01.26:831][378]LogModuleManager: Shutting down and abandoning module StreamingPauseRendering (400)
[2018.04.12-04.01.26:831][378]LogModuleManager: Shutting down and abandoning module LauncherPlatform (398)
[2018.04.12-04.01.26:831][378]LogModuleManager: Shutting down and abandoning module AnalyticsET (396)
[2018.04.12-04.01.26:831][378]LogModuleManager: Shutting down and abandoning module PortalServices (394)
[2018.04.12-04.01.26:831][378]LogModuleManager: Shutting down and abandoning module PortalRpc (392)
[2018.04.12-04.01.26:831][378]LogModuleManager: Shutting down and abandoning module MessagingRpc (390)
[2018.04.12-04.01.26:831][378]LogModuleManager: Shutting down and abandoning module AIModule (388)
[2018.04.12-04.01.26:831][378]LogModuleManager: Shutting down and abandoning module AITestSuite (387)
[2018.04.12-04.01.26:831][378]LogModuleManager: Shutting down and abandoning module DesktopPlatform (384)
[2018.04.12-04.01.26:831][378]LogModuleManager: Shutting down and abandoning module ProfilerService (382)
[2018.04.12-04.01.26:847][378]LogModuleManager: Shutting down and abandoning module TaskGraph (380)
[2018.04.12-04.01.26:848][378]LogModuleManager: Shutting down and abandoning module DlgSystemEditor (378)
[2018.04.12-04.01.26:848][378]LogDlgSystemEditor: Verbose: Stopped DlgSystemEditorModule
[2018.04.12-04.01.26:848][378]LogModuleManager: Shutting down and abandoning module SteamVRController (376)
[2018.04.12-04.01.26:848][378]LogModuleManager: Shutting down and abandoning module ProceduralMeshComponentEditor (374)
[2018.04.12-04.01.26:848][378]LogModuleManager: Shutting down and abandoning module ProceduralMeshComponent (372)
[2018.04.12-04.01.26:848][378]LogModuleManager: Shutting down and abandoning module OculusInput (370)
[2018.04.12-04.01.26:848][378]LogModuleManager: Shutting down and abandoning module MobilePatchingUtils (368)
[2018.04.12-04.01.26:848][378]LogModuleManager: Shutting down and abandoning module CustomMeshComponent (366)
[2018.04.12-04.01.26:848][378]LogModuleManager: Shutting down and abandoning module CableComponent (364)
[2018.04.12-04.01.26:848][378]LogModuleManager: Shutting down and abandoning module AudioCapture (362)
[2018.04.12-04.01.26:848][378]LogModuleManager: Shutting down and abandoning module ArchVisCharacter (360)
[2018.04.12-04.01.26:848][378]LogModuleManager: Shutting down and abandoning module AndroidPermission (358)
[2018.04.12-04.01.26:848][378]LogModuleManager: Shutting down and abandoning module NUTUnrealEngine4 (354)
[2018.04.12-04.01.26:848][378]LogModuleManager: Shutting down and abandoning module NetcodeUnitTest (352)
[2018.04.12-04.01.26:848][378]LogModuleManager: Shutting down and abandoning module MediaCompositingEditor (350)
[2018.04.12-04.01.26:848][378]LogModuleManager: Shutting down and abandoning module MediaCompositing (348)
[2018.04.12-04.01.26:848][378]LogModuleManager: Shutting down and abandoning module LinearTimecode (346)
[2018.04.12-04.01.26:848][378]LogModuleManager: Shutting down and abandoning module ImgMedia (344)
[2018.04.12-04.01.26:852][378]LogModuleManager: Shutting down and abandoning module HTML5Networking (342)
[2018.04.12-04.01.26:852][378]LogModuleManager: Shutting down and abandoning module AlembicImporter (340)
[2018.04.12-04.01.26:852][378]LogModuleManager: Shutting down and abandoning module AlembicLibrary (339)
[2018.04.12-04.01.26:852][378]LogModuleManager: Shutting down and abandoning module GeometryCache (338)
[2018.04.12-04.01.26:852][378]LogModuleManager: Shutting down and abandoning module GeometryCacheEd (337)
[2018.04.12-04.01.26:852][378]LogModuleManager: Shutting down and abandoning module DatasmithContent (332)
[2018.04.12-04.01.26:852][378]LogModuleManager: Shutting down and abandoning module SpeedTreeImporter (330)
[2018.04.12-04.01.26:852][378]LogModuleManager: Shutting down and abandoning module PluginBrowser (328)
[2018.04.12-04.01.26:852][378]LogModuleManager: Shutting down and abandoning module MobileLauncherProfileWizard (326)
[2018.04.12-04.01.26:852][378]LogModuleManager: Shutting down and abandoning module CryptoKeysOpenSSL (324)
[2018.04.12-04.01.26:852][378]LogModuleManager: Shutting down and abandoning module CryptoKeys (322)
[2018.04.12-04.01.26:852][378]LogModuleManager: Shutting down and abandoning module VisualStudioSourceCodeAccess (320)
[2018.04.12-04.01.26:852][378]LogModuleManager: Shutting down and abandoning module VisualStudioCodeSourceCodeAccess (318)
[2018.04.12-04.01.26:852][378]LogModuleManager: Shutting down and abandoning module UObjectPlugin (316)
[2018.04.12-04.01.26:852][378]LogModuleManager: Shutting down and abandoning module SubversionSourceControl (314)
[2018.04.12-04.01.26:852][378]LogModuleManager: Shutting down and abandoning module PerforceSourceControl (312)
[2018.04.12-04.01.26:852][378]LogModuleManager: Shutting down and abandoning module GitSourceControl (310)
[2018.04.12-04.01.26:852][378]LogModuleManager: Shutting down and abandoning module SourceControl (309)
[2018.04.12-04.01.26:852][378]LogModuleManager: Shutting down and abandoning module CLionSourceCodeAccess (306)
[2018.04.12-04.01.26:852][378]LogModuleManager: Shutting down and abandoning module LightPropagationVolumeEditor (304)
[2018.04.12-04.01.26:852][378]LogModuleManager: Shutting down and abandoning module PaperTiledImporter (302)
[2018.04.12-04.01.26:852][378]LogModuleManager: Shutting down and abandoning module PaperSpriteSheetImporter (300)
[2018.04.12-04.01.26:852][378]LogModuleManager: Shutting down and abandoning module Paper2DEditor (298)
[2018.04.12-04.01.26:853][378]LogModuleManager: Shutting down and abandoning module MeshPaint (297)
[2018.04.12-04.01.26:853][378]LogModuleManager: Shutting down and abandoning module RuntimePhysXCooking (294)
[2018.04.12-04.01.26:853][378]LogModuleManager: Shutting down and abandoning module PhysXVehiclesEditor (292)
[2018.04.12-04.01.26:853][378]LogModuleManager: Shutting down and abandoning module PhysXVehicles (290)
[2018.04.12-04.01.26:853][378]LogModuleManager: Shutting down and abandoning module OculusEditor (288)
[2018.04.12-04.01.26:853][378]LogModuleManager: Shutting down and abandoning module LocationServicesBPLibrary (286)
[2018.04.12-04.01.26:853][378]LogModuleManager: Shutting down and abandoning module ImmediatePhysicsEditor (284)
[2018.04.12-04.01.26:853][378]LogModuleManager: Shutting down and abandoning module ImmediatePhysics (282)
[2018.04.12-04.01.26:853][378]LogModuleManager: Shutting down and abandoning module ActorSequence (280)
[2018.04.12-04.01.26:853][378]LogModuleManager: Shutting down and abandoning module UdpMessaging (278)
[2018.04.12-04.01.26:954][378]LogModuleManager: Shutting down and abandoning module TcpMessaging (276)
[2018.04.12-04.01.27:054][378]LogModuleManager: Shutting down and abandoning module DlgSystem (274)
[2018.04.12-04.01.27:054][378]LogDlgSystem: Verbose: Stopped DlgSystemModule
[2018.04.12-04.01.27:054][378]LogModuleManager: Shutting down and abandoning module GameplayDebugger (273)
[2018.04.12-04.01.27:054][378]LogModuleManager: Shutting down and abandoning module GameplayTagsEditor (270)
[2018.04.12-04.01.27:054][378]LogModuleManager: Shutting down and abandoning module FacialAnimationEditor (268)
[2018.04.12-04.01.27:054][378]LogModuleManager: Shutting down and abandoning module FacialAnimation (266)
[2018.04.12-04.01.27:054][378]LogModuleManager: Shutting down and abandoning module DataValidation (264)
[2018.04.12-04.01.27:054][378]LogModuleManager: Shutting down and abandoning module AssetManagerEditor (262)
[2018.04.12-04.01.27:054][378]LogModuleManager: Shutting down and abandoning module LevelEditor (261)
[2018.04.12-04.01.27:055][378]LogModuleManager: Shutting down and abandoning module PixelInspectorModule (260)
[2018.04.12-04.01.27:056][378]LogModuleManager: Shutting down and abandoning module CommonMenuExtensions (258)
[2018.04.12-04.01.27:056][378]LogModuleManager: Shutting down and abandoning module MainFrame (256)
[2018.04.12-04.01.27:056][378]LogModuleManager: Shutting down and abandoning module HotReload (255)
[2018.04.12-04.01.27:057][378]LogModuleManager: Shutting down and abandoning module ContentBrowser (251)
[2018.04.12-04.01.27:059][378]LogModuleManager: Shutting down and abandoning module TreeMap (249)
[2018.04.12-04.01.27:059][378]LogModuleManager: Shutting down and abandoning module LightPropagationVolumeRuntime (246)
[2018.04.12-04.01.27:059][378]LogModuleManager: Shutting down and abandoning module LiveLinkEditor (244)
[2018.04.12-04.01.27:059][378]LogModuleManager: Shutting down and abandoning module LiveLink (242)
[2018.04.12-04.01.27:112][378]LogModuleManager: Shutting down and abandoning module Paper2D (240)
[2018.04.12-04.01.27:113][378]LogModuleManager: Shutting down and abandoning module WindowsMoviePlayer (238)
[2018.04.12-04.01.27:113][378]LogModuleManager: Shutting down and abandoning module WmfMedia (236)
[2018.04.12-04.01.27:114][378]LogModuleManager: Shutting down and abandoning module JSONParser (234)
[2018.04.12-04.01.27:114][378]LogModuleManager: Shutting down and abandoning module PacketHandler (232)
[2018.04.12-04.01.27:114][378]LogModuleManager: Shutting down and abandoning module ClothingSystemEditor (230)
[2018.04.12-04.01.27:114][378]LogModuleManager: Shutting down and abandoning module ClothingSystemRuntime (228)
[2018.04.12-04.01.27:114][378]LogModuleManager: Shutting down and abandoning module MediaAssets (226)
[2018.04.12-04.01.27:114][378]LogModuleManager: Shutting down and abandoning module Media (225)
[2018.04.12-04.01.27:120][378]LogModuleManager: Shutting down and abandoning module Overlay (222)
[2018.04.12-04.01.27:120][378]LogModuleManager: Shutting down and abandoning module OverlayEditor (221)
[2018.04.12-04.01.27:120][378]LogModuleManager: Shutting down and abandoning module VREditor (218)
[2018.04.12-04.01.27:120][378]LogModuleManager: Shutting down and abandoning module StringTableEditor (216)
[2018.04.12-04.01.27:120][378]LogModuleManager: Shutting down and abandoning module GameplayTasksEditor (214)
[2018.04.12-04.01.27:120][378]LogModuleManager: Shutting down and abandoning module BehaviorTreeEditor (212)
[2018.04.12-04.01.27:120][378]LogModuleManager: Shutting down and abandoning module FunctionalTesting (210)
[2018.04.12-04.01.27:120][378]LogModuleManager: Shutting down and abandoning module CollisionAnalyzer (208)
[2018.04.12-04.01.27:120][378]LogModuleManager: Shutting down and abandoning module WorkspaceMenuStructure (207)
[2018.04.12-04.01.27:120][378]LogModuleManager: Shutting down and abandoning module UMG (204)
[2018.04.12-04.01.27:120][378]LogModuleManager: Shutting down and abandoning module UMGEditor (203)
[2018.04.12-04.01.27:120][378]LogModuleManager: Shutting down and abandoning module Sequencer (202)
[2018.04.12-04.01.27:121][378]LogModuleManager: Shutting down and abandoning module MessageLog (199)
[2018.04.12-04.01.27:121][378]LogModuleManager: Shutting down and abandoning module SlateReflector (194)
[2018.04.12-04.01.27:121][378]LogModuleManager: Shutting down and abandoning module Slate (192)
[2018.04.12-04.01.27:121][378]LogModuleManager: Shutting down and abandoning module EditorStyle (190)
[2018.04.12-04.01.27:123][378]LogModuleManager: Shutting down and abandoning module MRMesh (188)
[2018.04.12-04.01.27:124][378]LogModuleManager: Shutting down and abandoning module SourceCodeAccess (186)
[2018.04.12-04.01.27:124][378]LogModuleManager: Shutting down and abandoning module HeadMountedDisplay (184)
[2018.04.12-04.01.27:124][378]LogModuleManager: Shutting down and abandoning module XAudio2 (182)
[2018.04.12-04.01.27:124][378]LogModuleManager: Shutting down and abandoning module Networking (180)
[2018.04.12-04.01.27:124][378]LogModuleManager: Shutting down and abandoning module Core (178)
[2018.04.12-04.01.27:124][378]LogModuleManager: Shutting down and abandoning module LevelSequence (176)
[2018.04.12-04.01.27:124][378]LogModuleManager: Shutting down and abandoning module KismetCompiler (174)
[2018.04.12-04.01.27:124][378]LogModuleManager: Shutting down and abandoning module MeshUtilities (172)
[2018.04.12-04.01.27:124][378]LogModuleManager: Shutting down and abandoning module MeshMergeUtilities (171)
[2018.04.12-04.01.27:124][378]LogModuleManager: Shutting down and abandoning module MeshReductionInterface (170)
[2018.04.12-04.01.27:124][378]LogModuleManager: Shutting down and abandoning module SimplygonSwarm (169)
[2018.04.12-04.01.27:124][378]LogModuleManager: Shutting down and abandoning module SimplygonMeshReduction (167)
[2018.04.12-04.01.27:124][378]LogModuleManager: Shutting down and abandoning module QuadricMeshReduction (165)
[2018.04.12-04.01.27:124][378]LogModuleManager: Shutting down and abandoning module MaterialBaking (161)
[2018.04.12-04.01.27:124][378]LogModuleManager: Shutting down and abandoning module DirectoryWatcher (157)
[2018.04.12-04.01.27:133][378]LogModuleManager: Shutting down and abandoning module DerivedDataCache (154)
[2018.04.12-04.01.27:181][378]LogDerivedDataCache: Shutdown
[2018.04.12-04.01.27:181][378]LogModuleManager: Shutting down and abandoning module XGEController (152)
[2018.04.12-04.01.27:181][378]LogModuleManager: Shutting down and abandoning module TargetPlatform (150)
[2018.04.12-04.01.27:182][378]LogModuleManager: Shutting down and abandoning module VulkanShaderFormat (149)
[2018.04.12-04.01.27:182][378]LogModuleManager: Shutting down and abandoning module ShaderFormatVectorVM (147)
[2018.04.12-04.01.27:182][378]LogModuleManager: Shutting down and abandoning module ShaderFormatOpenGL (145)
[2018.04.12-04.01.27:182][378]LogModuleManager: Shutting down and abandoning module ShaderFormatD3D (143)
[2018.04.12-04.01.27:182][378]LogModuleManager: Shutting down and abandoning module MetalShaderFormat (141)
[2018.04.12-04.01.27:182][378]LogModuleManager: Shutting down and abandoning module TextureFormatUncompressed (139)
[2018.04.12-04.01.27:182][378]LogModuleManager: Shutting down and abandoning module TextureFormatPVR (137)
[2018.04.12-04.01.27:182][378]LogModuleManager: Shutting down and abandoning module TextureFormatDXT (135)
[2018.04.12-04.01.27:182][378]LogModuleManager: Shutting down and abandoning module TextureFormatIntelISPCTexComp (133)
[2018.04.12-04.01.27:182][378]LogModuleManager: Shutting down and abandoning module TextureFormatASTC (131)
[2018.04.12-04.01.27:182][378]LogModuleManager: Shutting down and abandoning module ImageWrapper (130)
[2018.04.12-04.01.27:182][378]LogModuleManager: Shutting down and abandoning module TextureFormatAndroid (127)
[2018.04.12-04.01.27:182][378]LogModuleManager: Shutting down and abandoning module AudioFormatOpus (125)
[2018.04.12-04.01.27:182][378]LogModuleManager: Shutting down and abandoning module AudioFormatOgg (123)
[2018.04.12-04.01.27:182][378]LogModuleManager: Shutting down and abandoning module AudioFormatADPCM (121)
[2018.04.12-04.01.27:182][378]LogModuleManager: Shutting down and abandoning module LinuxTargetPlatform (119)
[2018.04.12-04.01.27:183][378]LogModuleManager: Shutting down and abandoning module LinuxServerTargetPlatform (117)
[2018.04.12-04.01.27:183][378]LogModuleManager: Shutting down and abandoning module LinuxNoEditorTargetPlatform (115)
[2018.04.12-04.01.27:183][378]LogModuleManager: Shutting down and abandoning module LinuxClientTargetPlatform (113)
[2018.04.12-04.01.27:183][378]LogModuleManager: Shutting down and abandoning module TVOSTargetPlatform (111)
[2018.04.12-04.01.27:183][378]LogModuleManager: Shutting down and abandoning module Messaging (109)
[2018.04.12-04.01.27:183][378]LogModuleManager: Shutting down and abandoning module IOSTargetPlatform (107)
[2018.04.12-04.01.27:183][378]LogModuleManager: Shutting down and abandoning module HTML5TargetPlatform (105)
[2018.04.12-04.01.27:183][378]LogModuleManager: Shutting down and abandoning module AndroidTargetPlatform (103)
[2018.04.12-04.01.27:183][378]LogModuleManager: Shutting down and abandoning module Android_PVRTCTargetPlatform (101)
[2018.04.12-04.01.27:183][378]LogModuleManager: Shutting down and abandoning module Android_MultiTargetPlatform (99)
[2018.04.12-04.01.27:183][378]LogModuleManager: Shutting down and abandoning module Android_ETC2TargetPlatform (97)
[2018.04.12-04.01.27:183][378]LogModuleManager: Shutting down and abandoning module Android_ETC1TargetPlatform (95)
[2018.04.12-04.01.27:183][378]LogModuleManager: Shutting down and abandoning module Android_ETC1aTargetPlatform (93)
[2018.04.12-04.01.27:183][378]LogModuleManager: Shutting down and abandoning module Android_DXTTargetPlatform (91)
[2018.04.12-04.01.27:183][378]LogModuleManager: Shutting down and abandoning module Android_ATCTargetPlatform (89)
[2018.04.12-04.01.27:183][378]LogModuleManager: Shutting down and abandoning module Android_ASTCTargetPlatform (87)
[2018.04.12-04.01.27:183][378]LogModuleManager: Shutting down and abandoning module WindowsTargetPlatform (85)
[2018.04.12-04.01.27:183][378]LogModuleManager: Shutting down and abandoning module WindowsServerTargetPlatform (83)
[2018.04.12-04.01.27:183][378]LogModuleManager: Shutting down and abandoning module WindowsNoEditorTargetPlatform (81)
[2018.04.12-04.01.27:183][378]LogModuleManager: Shutting down and abandoning module WindowsClientTargetPlatform (79)
[2018.04.12-04.01.27:183][378]LogModuleManager: Shutting down and abandoning module MacTargetPlatform (77)
[2018.04.12-04.01.27:183][378]LogModuleManager: Shutting down and abandoning module MacServerTargetPlatform (75)
[2018.04.12-04.01.27:183][378]LogModuleManager: Shutting down and abandoning module MacNoEditorTargetPlatform (73)
[2018.04.12-04.01.27:183][378]LogModuleManager: Shutting down and abandoning module MacClientTargetPlatform (71)
[2018.04.12-04.01.27:183][378]LogModuleManager: Shutting down and abandoning module AllDesktopTargetPlatform (69)
[2018.04.12-04.01.27:183][378]LogModuleManager: Shutting down and abandoning module InputCore (66)
[2018.04.12-04.01.27:183][378]LogModuleManager: Shutting down and abandoning module Settings (64)
[2018.04.12-04.01.27:184][378]LogModuleManager: Shutting down and abandoning module PhysXCooking (62)
[2018.04.12-04.01.27:184][378]LogModuleManager: Shutting down and abandoning module SteamVR (60)
[2018.04.12-04.01.27:184][378]LogModuleManager: Shutting down and abandoning module OculusHMD (58)
[2018.04.12-04.01.27:184][378]LogModuleManager: Shutting down and abandoning module ExampleDeviceProfileSelector (56)
[2018.04.12-04.01.27:184][378]LogModuleManager: Shutting down and abandoning module AppleARKit (54)
[2018.04.12-04.01.27:184][378]LogModuleManager: Shutting down and abandoning module AugmentedReality (51)
[2018.04.12-04.01.27:184][378]LogModuleManager: Shutting down and abandoning module OnlineBlueprintSupport (48)
[2018.04.12-04.01.27:184][378]LogModuleManager: Shutting down and abandoning module OnlineSubsystem (44)
[2018.04.12-04.01.27:184][378]LogModuleManager: Shutting down and abandoning module XMPP (43)
[2018.04.12-04.01.27:184][378]LogModuleManager: Shutting down and abandoning module HTTP (41)
[2018.04.12-04.01.27:184][378]LogHttp: Display: Http module shutting down, but needs to wait on 1 outstanding Http requests:
[2018.04.12-04.01.27:184][378]LogHttp: Display: 	verb=[POST] url=[https://datarouter.ol.epicgames.com/datarouter/api/v1/public/data?SessionID=%7B15BC0712-47AC-8F64-19B4-0DA559E98E8D%7D&AppID=UEEditor.Rocket.Release&AppVersion=4.19.0-3944462%2B%2B%2BUE4%2BRelease-4.19&UserID=f991da7848e7608f50dfdbbb0fd35923%7Ca345ad7d4f264abe80dce6b88bd1a870%7C94ece4d6-1805-4bb6-9d9c-e1eda26a4ea0&AppEnvironment=datacollector-binary&UploadType=eteventstream] status=Processing
[2018.04.12-04.01.27:207][378]LogModuleManager: Shutting down and abandoning module SSL (40)
[2018.04.12-04.01.27:209][378]LogModuleManager: Shutting down and abandoning module AnimationModifiers (36)
[2018.04.12-04.01.27:209][378]LogModuleManager: Shutting down and abandoning module PropertyEditor (35)
[2018.04.12-04.01.27:209][378]LogModuleManager: Shutting down and abandoning module AudioEditor (32)
[2018.04.12-04.01.27:209][378]LogModuleManager: Shutting down and abandoning module TextureCompressor (30)
[2018.04.12-04.01.27:210][378]LogModuleManager: Shutting down and abandoning module ShaderCore (28)
[2018.04.12-04.01.27:210][378]LogModuleManager: Shutting down and abandoning module Landscape (26)
[2018.04.12-04.01.27:210][378]LogModuleManager: Shutting down and abandoning module SlateRHIRenderer (24)
[2018.04.12-04.01.27:214][378]LogModuleManager: Shutting down and abandoning module OpenGLDrv (22)
[2018.04.12-04.01.27:214][378]LogModuleManager: Shutting down and abandoning module D3D11RHI (20)
[2018.04.12-04.01.27:214][378]LogModuleManager: Shutting down and abandoning module AnimGraphRuntime (18)
[2018.04.12-04.01.27:214][378]LogModuleManager: Shutting down and abandoning module Renderer (16)
[2018.04.12-04.01.27:214][378]LogModuleManager: Shutting down and abandoning module Engine (14)
[2018.04.12-04.01.27:214][378]LogModuleManager: Shutting down and abandoning module CoreUObject (12)
[2018.04.12-04.01.27:214][378]LogModuleManager: Shutting down and abandoning module NetworkFile (10)
[2018.04.12-04.01.27:214][378]LogModuleManager: Shutting down and abandoning module CookedIterativeFile (8)
[2018.04.12-04.01.27:214][378]LogModuleManager: Shutting down and abandoning module StreamingFile (6)
[2018.04.12-04.01.27:214][378]LogModuleManager: Shutting down and abandoning module SandboxFile (4)
[2018.04.12-04.01.27:214][378]LogModuleManager: Shutting down and abandoning module PakFile (2)
[2018.04.12-04.01.27:219][378]LogExit: Exiting.
[2018.04.12-04.01.27:248][378]Log file closed, 04/12/18 01:01:27
