Log file open, 06/16/18 17:47:55
LogWindows: Failed to load 'aqProf.dll' (GetLastError=126)
LogWindows: File 'aqProf.dll' does not exist
LogWindows: Failed to load 'VtuneApi.dll' (GetLastError=126)
LogWindows: File 'VtuneApi.dll' does not exist
LogWindows: Failed to load 'VtuneApi32e.dll' (GetLastError=126)
LogWindows: File 'VtuneApi32e.dll' does not exist
LogInit: Display: Running engine without a game
LogPlatformFile: Not using cached read wrapper
LogInit: Display: Loading recent project file: ../../../../../../Users/NataliaHP/Documents/GitHub/wind-samurai/SotW.uproject
LogInit: Display: RandInit(-2130154908) SRandInit(-2130154908).
LogInit: Read version file with build ID '3944462'
LogInit: Overriding engine version to CL 4033788, compatible CL 3944462
LogInit: Registered custom module enumerator with build ID '3944462'
LogTaskGraph: Started task graph with 5 named threads and 14 total threads with 3 sets of task threads.
LogStats: Stats thread started at 11.524105
LogD3D11RHI: Aftermath initialized
LogICUInternationalization: Display: ICU TimeZone Detection - Raw Offset: -3:00, Platform Override: ''
LogModuleManager: Display: Found up-to-date module file ../../../Engine/Plugins/2D/Paper2D/Binaries/Win64/UE4Editor-Paper2D.dll (API version 3944462).
LogModuleManager: Display: Found up-to-date module file ../../../Engine/Plugins/2D/Paper2D/Binaries/Win64/UE4Editor-Paper2DEditor.dll (API version 3944462).
LogModuleManager: Display: Found up-to-date module file ../../../Engine/Plugins/2D/Paper2D/Binaries/Win64/UE4Editor-PaperSpriteSheetImporter.dll (API version 3944462).
LogModuleManager: Display: Found up-to-date module file ../../../Engine/Plugins/2D/Paper2D/Binaries/Win64/UE4Editor-PaperTiledImporter.dll (API version 3944462).
LogModuleManager: Display: Found up-to-date module file ../../../Engine/Plugins/2D/Paper2D/Binaries/Win64/UE4Editor-SmartSnapping.dll (API version 3944462).
LogModuleManager: Display: Found up-to-date module file ../../../Engine/Plugins/Marketplace/DlgSystem/Binaries/Win64/UE4Editor-DlgSystem.dll (API version 3944462).
LogModuleManager: Display: Found up-to-date module file ../../../Engine/Plugins/Marketplace/DlgSystem/Binaries/Win64/UE4Editor-DlgSystemEditor.dll (API version 3944462).
LogModuleManager: Display: Found up-to-date module file ../../../Engine/Plugins/Blendables/LightPropagationVolume/Binaries/Win64/UE4Editor-LightPropagationVolumeRuntime.dll (API version 3944462).
LogModuleManager: Display: Found up-to-date module file ../../../Engine/Plugins/Blendables/LightPropagationVolume/Binaries/Win64/UE4Editor-LightPropagationVolumeEditor.dll (API version 3944462).
LogModuleManager: Display: Found up-to-date module file ../../../Engine/Plugins/Developer/CLionSourceCodeAccess/Binaries/Win64/UE4Editor-CLionSourceCodeAccess.dll (API version 3944462).
LogModuleManager: Display: Found up-to-date module file ../../../Engine/Plugins/Developer/GitSourceControl/Binaries/Win64/UE4Editor-GitSourceControl.dll (API version 3944462).
LogModuleManager: Display: Found up-to-date module file ../../../Engine/Plugins/Developer/PerforceSourceControl/Binaries/Win64/UE4Editor-PerforceSourceControl.dll (API version 3944462).
LogModuleManager: Display: Found up-to-date module file ../../../Engine/Plugins/Developer/SubversionSourceControl/Binaries/Win64/UE4Editor-SubversionSourceControl.dll (API version 3944462).
LogModuleManager: Display: Found up-to-date module file ../../../Engine/Plugins/Developer/UObjectPlugin/Binaries/Win64/UE4Editor-UObjectPlugin.dll (API version 3944462).
LogModuleManager: Display: Found up-to-date module file ../../../Engine/Plugins/Developer/VisualStudioCodeSourceCodeAccess/Binaries/Win64/UE4Editor-VisualStudioCodeSourceCodeAccess.dll (API version 3944462).
LogModuleManager: Display: Found up-to-date module file ../../../Engine/Plugins/Developer/VisualStudioSourceCodeAccess/Binaries/Win64/UE4Editor-VisualStudioSourceCodeAccess.dll (API version 3944462).
LogModuleManager: Display: Found up-to-date module file ../../../Engine/Plugins/Editor/AssetManagerEditor/Binaries/Win64/UE4Editor-AssetManagerEditor.dll (API version 3944462).
LogModuleManager: Display: Found up-to-date module file ../../../Engine/Plugins/Editor/CryptoKeys/Binaries/Win64/UE4Editor-CryptoKeys.dll (API version 3944462).
LogModuleManager: Display: Found up-to-date module file ../../../Engine/Plugins/Editor/CryptoKeys/Binaries/Win64/UE4Editor-CryptoKeysOpenSSL.dll (API version 3944462).
LogModuleManager: Display: Found up-to-date module file ../../../Engine/Plugins/Editor/DataValidation/Binaries/Win64/UE4Editor-DataValidation.dll (API version 3944462).
LogModuleManager: Display: Found up-to-date module file ../../../Engine/Plugins/Editor/FacialAnimation/Binaries/Win64/UE4Editor-FacialAnimation.dll (API version 3944462).
LogModuleManager: Display: Found up-to-date module file ../../../Engine/Plugins/Editor/FacialAnimation/Binaries/Win64/UE4Editor-FacialAnimationEditor.dll (API version 3944462).
LogModuleManager: Display: Found up-to-date module file ../../../Engine/Plugins/Editor/GameplayTagsEditor/Binaries/Win64/UE4Editor-GameplayTagsEditor.dll (API version 3944462).
LogModuleManager: Display: Found up-to-date module file ../../../Engine/Plugins/Editor/MobileLauncherProfileWizard/Binaries/Win64/UE4Editor-MobileLauncherProfileWizard.dll (API version 3944462).
LogModuleManager: Display: Found up-to-date module file ../../../Engine/Plugins/Editor/PluginBrowser/Binaries/Win64/UE4Editor-PluginBrowser.dll (API version 3944462).
LogModuleManager: Display: Found up-to-date module file ../../../Engine/Plugins/Editor/SpeedTreeImporter/Binaries/Win64/UE4Editor-SpeedTreeImporter.dll (API version 3944462).
LogModuleManager: Display: Found up-to-date module file ../../../Engine/Plugins/Enterprise/DatasmithContent/Binaries/Win64/UE4Editor-DatasmithContent.dll (API version 3944462).
LogModuleManager: Display: Found up-to-date module file ../../../Engine/Plugins/Experimental/AlembicImporter/Binaries/Win64/UE4Editor-AlembicImporter.dll (API version 3944462).
LogModuleManager: Display: Found up-to-date module file ../../../Engine/Plugins/Experimental/AlembicImporter/Binaries/Win64/UE4Editor-AlembicLibrary.dll (API version 3944462).
LogModuleManager: Display: Found up-to-date module file ../../../Engine/Plugins/Experimental/CharacterAI/Binaries/Win64/UE4Editor-CharacterAI.dll (API version 3944462).
LogModuleManager: Display: Found up-to-date module file ../../../Engine/Plugins/Experimental/HTML5Networking/Binaries/Win64/UE4Editor-HTML5Networking.dll (API version 3944462).
LogModuleManager: Display: Found up-to-date module file ../../../Engine/Plugins/Media/AndroidMedia/Binaries/Win64/UE4Editor-AndroidMediaEditor.dll (API version 3944462).
LogModuleManager: Display: Found up-to-date module file ../../../Engine/Plugins/Media/AndroidMedia/Binaries/Win64/UE4Editor-AndroidMediaFactory.dll (API version 3944462).
LogModuleManager: Display: Found up-to-date module file ../../../Engine/Plugins/Media/AvfMedia/Binaries/Win64/UE4Editor-AvfMediaEditor.dll (API version 3944462).
LogModuleManager: Display: Found up-to-date module file ../../../Engine/Plugins/Media/AvfMedia/Binaries/Win64/UE4Editor-AvfMediaFactory.dll (API version 3944462).
LogModuleManager: Display: Found up-to-date module file ../../../Engine/Plugins/Media/AvfMedia/Binaries/Win64/UE4Editor-AvfMediaFactory.dll (API version 3944462).
LogModuleManager: Display: Found up-to-date module file ../../../Engine/Plugins/Media/ImgMedia/Binaries/Win64/UE4Editor-ImgMedia.dll (API version 3944462).
LogModuleManager: Display: Found up-to-date module file ../../../Engine/Plugins/Media/ImgMedia/Binaries/Win64/UE4Editor-ImgMediaEditor.dll (API version 3944462).
LogModuleManager: Display: Found up-to-date module file ../../../Engine/Plugins/Media/ImgMedia/Binaries/Win64/UE4Editor-ImgMediaFactory.dll (API version 3944462).
LogModuleManager: Display: Found up-to-date module file ../../../Engine/Plugins/Media/ImgMedia/Binaries/Win64/UE4Editor-ImgMediaFactory.dll (API version 3944462).
LogModuleManager: Display: Found up-to-date module file ../../../Engine/Plugins/Media/ImgMedia/Binaries/Win64/UE4Editor-OpenExrWrapper.dll (API version 3944462).
LogModuleManager: Display: Found up-to-date module file ../../../Engine/Plugins/Media/LinearTimecode/Binaries/Win64/UE4Editor-LinearTimecode.dll (API version 3944462).
LogModuleManager: Display: Found up-to-date module file ../../../Engine/Plugins/Media/MediaCompositing/Binaries/Win64/UE4Editor-MediaCompositing.dll (API version 3944462).
LogModuleManager: Display: Found up-to-date module file ../../../Engine/Plugins/Media/MediaCompositing/Binaries/Win64/UE4Editor-MediaCompositingEditor.dll (API version 3944462).
LogModuleManager: Display: Found up-to-date module file ../../../Engine/Plugins/Media/MediaPlayerEditor/Binaries/Win64/UE4Editor-MediaPlayerEditor.dll (API version 3944462).
LogModuleManager: Display: Found up-to-date module file ../../../Engine/Plugins/Media/WmfMedia/Binaries/Win64/UE4Editor-WmfMedia.dll (API version 3944462).
LogModuleManager: Display: Found up-to-date module file ../../../Engine/Plugins/Media/WmfMedia/Binaries/Win64/UE4Editor-WmfMediaEditor.dll (API version 3944462).
LogModuleManager: Display: Found up-to-date module file ../../../Engine/Plugins/Media/WmfMedia/Binaries/Win64/UE4Editor-WmfMediaFactory.dll (API version 3944462).
LogModuleManager: Display: Found up-to-date module file ../../../Engine/Plugins/Media/WmfMedia/Binaries/Win64/UE4Editor-WmfMediaFactory.dll (API version 3944462).
LogModuleManager: Display: Found up-to-date module file ../../../Engine/Plugins/Messaging/TcpMessaging/Binaries/Win64/UE4Editor-TcpMessaging.dll (API version 3944462).
LogModuleManager: Display: Found up-to-date module file ../../../Engine/Plugins/Messaging/UdpMessaging/Binaries/Win64/UE4Editor-UdpMessaging.dll (API version 3944462).
LogModuleManager: Display: Found up-to-date module file ../../../Engine/Plugins/MovieScene/ActorSequence/Binaries/Win64/UE4Editor-ActorSequence.dll (API version 3944462).
LogModuleManager: Display: Found up-to-date module file ../../../Engine/Plugins/MovieScene/LevelSequenceEditor/Binaries/Win64/UE4Editor-LevelSequenceEditor.dll (API version 3944462).
LogModuleManager: Display: Found up-to-date module file ../../../Engine/Plugins/MovieScene/MatineeToLevelSequence/Binaries/Win64/UE4Editor-MatineeToLevelSequence.dll (API version 3944462).
LogModuleManager: Display: Found up-to-date module file ../../../Engine/Plugins/NetcodeUnitTest/NetcodeUnitTest/Binaries/Win64/UE4Editor-NetcodeUnitTest.dll (API version 3944462).
LogModuleManager: Display: Found up-to-date module file ../../../Engine/Plugins/NetcodeUnitTest/NUTUnrealEngine4/Binaries/Win64/UE4Editor-NUTUnrealEngine4.dll (API version 3944462).
LogModuleManager: Display: Found up-to-date module file ../../../Engine/Plugins/Online/OnlineSubsystem/Binaries/Win64/UE4Editor-OnlineSubsystem.dll (API version 3944462).
LogModuleManager: Display: Found up-to-date module file ../../../Engine/Plugins/Runtime/AndroidPermission/Binaries/Win64/UE4Editor-AndroidPermission.dll (API version 3944462).
LogModuleManager: Display: Found up-to-date module file ../../../Engine/Plugins/Online/OnlineSubsystemNull/Binaries/Win64/UE4Editor-OnlineSubsystemNull.dll (API version 3944462).
LogModuleManager: Display: Found up-to-date module file ../../../Engine/Plugins/Online/OnlineSubsystemUtils/Binaries/Win64/UE4Editor-OnlineSubsystemUtils.dll (API version 3944462).
LogModuleManager: Display: Found up-to-date module file ../../../Engine/Plugins/Online/OnlineSubsystemUtils/Binaries/Win64/UE4Editor-OnlineBlueprintSupport.dll (API version 3944462).
LogModuleManager: Display: Found up-to-date module file ../../../Engine/Plugins/Runtime/AndroidDeviceProfileSelector/Binaries/Win64/UE4Editor-AndroidDeviceProfileSelector.dll (API version 3944462).
LogModuleManager: Display: Found up-to-date module file ../../../Engine/Plugins/Runtime/AppleARKit/Binaries/Win64/UE4Editor-AppleARKit.dll (API version 3944462).
LogModuleManager: Display: Found up-to-date module file ../../../Engine/Plugins/Runtime/ProceduralMeshComponent/Binaries/Win64/UE4Editor-ProceduralMeshComponent.dll (API version 3944462).
LogModuleManager: Display: Found up-to-date module file ../../../Engine/Plugins/Runtime/ProceduralMeshComponent/Binaries/Win64/UE4Editor-ProceduralMeshComponentEditor.dll (API version 3944462).
LogModuleManager: Display: Found up-to-date module file ../../../Engine/Plugins/Animation/LiveLink/Binaries/Win64/UE4Editor-LiveLink.dll (API version 3944462).
LogModuleManager: Display: Found up-to-date module file ../../../Engine/Plugins/Animation/LiveLink/Binaries/Win64/UE4Editor-LiveLinkEditor.dll (API version 3944462).
LogModuleManager: Display: Found up-to-date module file ../../../Engine/Plugins/Runtime/ArchVisCharacter/Binaries/Win64/UE4Editor-ArchVisCharacter.dll (API version 3944462).
LogModuleManager: Display: Found up-to-date module file ../../../Engine/Plugins/Runtime/AudioCapture/Binaries/Win64/UE4Editor-AudioCapture.dll (API version 3944462).
LogModuleManager: Display: Found up-to-date module file ../../../Engine/Plugins/Runtime/AudioCapture/Binaries/Win64/UE4Editor-AudioCaptureEditor.dll (API version 3944462).
LogModuleManager: Display: Found up-to-date module file ../../../Engine/Plugins/Runtime/CableComponent/Binaries/Win64/UE4Editor-CableComponent.dll (API version 3944462).
LogModuleManager: Display: Found up-to-date module file ../../../Engine/Plugins/Runtime/CustomMeshComponent/Binaries/Win64/UE4Editor-CustomMeshComponent.dll (API version 3944462).
LogModuleManager: Display: Found up-to-date module file ../../../Engine/Plugins/Runtime/ExampleDeviceProfileSelector/Binaries/Win64/UE4Editor-ExampleDeviceProfileSelector.dll (API version 3944462).
LogModuleManager: Display: Found up-to-date module file ../../../Engine/Plugins/Runtime/ImmediatePhysics/Binaries/Win64/UE4Editor-ImmediatePhysics.dll (API version 3944462).
LogModuleManager: Display: Found up-to-date module file ../../../Engine/Plugins/Runtime/ImmediatePhysics/Binaries/Win64/UE4Editor-ImmediatePhysicsEditor.dll (API version 3944462).
LogModuleManager: Display: Found up-to-date module file ../../../Engine/Plugins/Runtime/LocationServicesBPLibrary/Binaries/Win64/UE4Editor-LocationServicesBPLibrary.dll (API version 3944462).
LogModuleManager: Display: Found up-to-date module file ../../../Engine/Plugins/Runtime/MobilePatchingUtils/Binaries/Win64/UE4Editor-MobilePatchingUtils.dll (API version 3944462).
LogModuleManager: Display: Found up-to-date module file ../../../Engine/Plugins/Runtime/Oculus/OculusVR/Binaries/Win64/UE4Editor-OculusHMD.dll (API version 3944462).
LogModuleManager: Display: Found up-to-date module file ../../../Engine/Plugins/Runtime/Oculus/OculusVR/Binaries/Win64/UE4Editor-OculusInput.dll (API version 3944462).
LogModuleManager: Display: Found up-to-date module file ../../../Engine/Plugins/Runtime/Oculus/OculusVR/Binaries/Win64/UE4Editor-OculusEditor.dll (API version 3944462).
LogModuleManager: Display: Found up-to-date module file ../../../Engine/Plugins/Runtime/PhysXVehicles/Binaries/Win64/UE4Editor-PhysXVehicles.dll (API version 3944462).
LogModuleManager: Display: Found up-to-date module file ../../../Engine/Plugins/Runtime/PhysXVehicles/Binaries/Win64/UE4Editor-PhysXVehiclesEditor.dll (API version 3944462).
LogModuleManager: Display: Found up-to-date module file ../../../Engine/Plugins/Runtime/RuntimePhysXCooking/Binaries/Win64/UE4Editor-RuntimePhysXCooking.dll (API version 3944462).
LogModuleManager: Display: Found up-to-date module file ../../../Engine/Plugins/Runtime/Steam/SteamVR/Binaries/Win64/UE4Editor-SteamVR.dll (API version 3944462).
LogModuleManager: Display: Found up-to-date module file ../../../Engine/Plugins/Runtime/Steam/SteamVR/Binaries/Win64/UE4Editor-SteamVRController.dll (API version 3944462).
LogModuleManager: Display: Found up-to-date module file ../../../Engine/Plugins/Runtime/WindowsMoviePlayer/Binaries/Win64/UE4Editor-WindowsMoviePlayer.dll (API version 3944462).
LogPluginManager: Mounting plugin Paper2D
LogPluginManager: Mounting plugin LiveLink
LogPluginManager: Mounting plugin LightPropagationVolume
LogPluginManager: Mounting plugin CLionSourceCodeAccess
LogPluginManager: Mounting plugin CodeLiteSourceCodeAccess
LogPluginManager: Mounting plugin GitSourceControl
LogPluginManager: Mounting plugin KDevelopSourceCodeAccess
LogPluginManager: Mounting plugin NullSourceCodeAccess
LogPluginManager: Mounting plugin PerforceSourceControl
LogPluginManager: Mounting plugin SubversionSourceControl
LogPluginManager: Mounting plugin UObjectPlugin
LogPluginManager: Mounting plugin VisualStudioCodeSourceCodeAccess
LogPluginManager: Mounting plugin VisualStudioSourceCodeAccess
LogPluginManager: Mounting plugin XCodeSourceCodeAccess
LogPluginManager: Mounting plugin AssetManagerEditor
LogPluginManager: Mounting plugin CryptoKeys
LogPluginManager: Mounting plugin DataValidation
LogPluginManager: Mounting plugin FacialAnimation
LogPluginManager: Mounting plugin GameplayTagsEditor
LogPluginManager: Mounting plugin MobileLauncherProfileWizard
LogPluginManager: Mounting plugin PluginBrowser
LogPluginManager: Mounting plugin SpeedTreeImporter
LogPluginManager: Mounting plugin DatasmithContent
LogPluginManager: Mounting plugin AlembicImporter
LogPluginManager: Mounting plugin CharacterAI
LogPluginManager: Mounting plugin HTML5Networking
LogPluginManager: Mounting plugin DlgSystem
LogPluginManager: Mounting plugin AndroidMedia
LogPluginManager: Mounting plugin AvfMedia
LogPluginManager: Mounting plugin ImgMedia
LogPluginManager: Mounting plugin LinearTimecode
LogPluginManager: Mounting plugin MediaCompositing
LogPluginManager: Mounting plugin MediaPlayerEditor
LogPluginManager: Mounting plugin WmfMedia
LogPluginManager: Mounting plugin TcpMessaging
LogPluginManager: Mounting plugin UdpMessaging
LogPluginManager: Mounting plugin ActorSequence
LogPluginManager: Mounting plugin LevelSequenceEditor
LogPluginManager: Mounting plugin MatineeToLevelSequence
LogPluginManager: Mounting plugin NetcodeUnitTest
LogPluginManager: Mounting plugin NUTUnrealEngine4
LogPluginManager: Mounting plugin OnlineSubsystemGooglePlay
LogPluginManager: Mounting plugin OnlineSubsystemIOS
LogPluginManager: Mounting plugin OnlineSubsystem
LogPluginManager: Mounting plugin OnlineSubsystemNull
LogPluginManager: Mounting plugin OnlineSubsystemUtils
LogPluginManager: Mounting plugin AndroidDeviceProfileSelector
LogPluginManager: Mounting plugin AndroidMoviePlayer
LogPluginManager: Mounting plugin AndroidPermission
LogPluginManager: Mounting plugin AppleARKit
LogPluginManager: Mounting plugin AppleMoviePlayer
LogPluginManager: Mounting plugin ArchVisCharacter
LogPluginManager: Mounting plugin AudioCapture
LogPluginManager: Mounting plugin CableComponent
LogPluginManager: Mounting plugin CustomMeshComponent
LogPluginManager: Mounting plugin ExampleDeviceProfileSelector
LogPluginManager: Mounting plugin GoogleCloudMessaging
LogPluginManager: Mounting plugin ImmediatePhysics
LogPluginManager: Mounting plugin IOSDeviceProfileSelector
LogPluginManager: Mounting plugin LinuxDeviceProfileSelector
LogPluginManager: Mounting plugin LocationServicesBPLibrary
LogPluginManager: Mounting plugin MobilePatchingUtils
LogPluginManager: Mounting plugin OculusVR
LogPluginManager: Plugin shader directory ../../../Engine/Plugins/Runtime/Oculus/OculusVR/Shaders found
LogPluginManager: Mapping shader source directory ../../../Engine/Plugins/Runtime/Oculus/OculusVR/Shaders to virtual directory /Plugin/OculusVR
LogPluginManager: Mounting plugin PhysXVehicles
LogPluginManager: Mounting plugin ProceduralMeshComponent
LogPluginManager: Mounting plugin RuntimePhysXCooking
LogPluginManager: Mounting plugin SteamVR
LogPluginManager: Mounting plugin WindowsMoviePlayer
LogStreaming: Display: Took 13.505s to configure plugins.
LogInit: Using libcurl 7.47.1
LogInit:  - built for x86_64-pc-win32
LogInit:  - supports SSL with OpenSSL/1.0.2g
LogInit:  - supports HTTP deflate (compression) using libz 1.2.8
LogInit:  - other features:
LogInit:      CURL_VERSION_SSL
LogInit:      CURL_VERSION_LIBZ
LogInit:      CURL_VERSION_IPV6
LogInit:      CURL_VERSION_ASYNCHDNS
LogInit:      CURL_VERSION_LARGEFILE
LogInit:      CURL_VERSION_IDN
LogInit:  CurlRequestOptions (configurable via config and command line):
LogInit:  - bVerifyPeer = false  - Libcurl will NOT verify peer certificate
LogInit:  - bUseHttpProxy = false  - Libcurl will NOT use HTTP proxy
LogInit:  - bDontReuseConnections = false  - Libcurl will reuse connections
LogInit:  - CertBundlePath = nullptr  - Libcurl will use whatever was configured at build time.
LogInit:  - MaxHostConnections = 16  - Libcurl will limit the number of connections to a host
LogInit:  - LocalHostAddr = Default
LogInit: WinSock: version 1.1 (2.2), MaxSocks=32767, MaxUdp=65467
LogInit: WinSock: I am LAPTOP-U5A4UP5A (192.168.1.49:0)
LogInit: Build: ++UE4+Release-4.19-CL-4033788
LogInit: Engine Version: 4.19.2-4033788+++UE4+Release-4.19
LogInit: Compatible Engine Version: 4.19.0-3944462+++UE4+Release-4.19
LogInit: Net CL: 3944462
LogDevObjectVersion: Number of dev versions registered: 18
LogDevObjectVersion:   Dev-Blueprints (B0D832E4-1F89-4F0D-ACCF-7EB736FD4AA2): 10
LogDevObjectVersion:   Dev-Build (E1C64328-A22C-4D53-A36C-8E866417BD8C): 0
LogDevObjectVersion:   Dev-Core (375EC13C-06E4-48FB-B500-84F0262A717E): 2
LogDevObjectVersion:   Dev-Editor (E4B068ED-F494-42E9-A231-DA0B2E46BB41): 23
LogDevObjectVersion:   Dev-Framework (CFFC743F-43B0-4480-9391-14DF171D2073): 33
LogDevObjectVersion:   Dev-Mobile (B02B49B5-BB20-44E9-A304-32B752E40360): 2
LogDevObjectVersion:   Dev-Networking (A4E4105C-59A1-49B5-A7C5-40C4547EDFEE): 0
LogDevObjectVersion:   Dev-Online (39C831C9-5AE6-47DC-9A44-9C173E1C8E7C): 0
LogDevObjectVersion:   Dev-Physics (78F01B33-EBEA-4F98-B9B4-84EACCB95AA2): 0
LogDevObjectVersion:   Dev-Platform (6631380F-2D4D-43E0-8009-CF276956A95A): 0
LogDevObjectVersion:   Dev-Rendering (12F88B9F-8875-4AFC-A67C-D90C383ABD29): 25
LogDevObjectVersion:   Dev-Sequencer (7B5AE74C-D270-4C10-A958-57980B212A5A): 6
LogDevObjectVersion:   Dev-VR (D7296918-1DD6-4BDD-9DE2-64A83CC13884): 1
LogDevObjectVersion:   Dev-LoadTimes (C2A15278-BFE7-4AFE-6C17-90FF531DF755): 1
LogDevObjectVersion:   Private-Geometry (6EACA3D4-40EC-4CC1-B786-8BED09428FC5): 2
LogDevObjectVersion:   Dev-AnimPhys (29E575DD-E0A3-4627-9D10-D276232CDCEA): 16
LogDevObjectVersion:   Dev-ReflectionCapture (6B266CEC-1EC7-4B8F-A30B-E4D90942FC07): 1
LogDevObjectVersion:   Dev-Automation (0DF73D61-A23F-47EA-B727-89E90C41499A): 1
LogInit: Compiled (64-bit): Apr 27 2018 02:06:57
LogInit: Compiled with Visual C++: 19.00.24215.01
LogInit: Build Configuration: Development
LogInit: Branch Name: ++UE4+Release-4.19
LogInit: Command Line: -EpicPortal 
LogInit: Base Directory: C:/Program Files/Epic Games/UE_4.19/Engine/Binaries/Win64/
LogInit: Installed Engine Build: 1
LogStreaming: Display: Took  0.147s to delete old logs.
LogInit: Presizing for max 8388607 objects, including 0 objects not considered by GC, pre-allocating 0 bytes for permanent pool.
LogInit: Object subsystem initialized
[2018.06.16-20.48.09:913][  0]LogInit: Selected Device Profile: [Windows]
[2018.06.16-20.48.09:913][  0]LogInit: Applying CVar settings loaded from the selected device profile: [Windows]
[2018.06.16-20.48.10:047][  0]LogInit: Computer: LAPTOP-U5A4UP5A
[2018.06.16-20.48.10:047][  0]LogInit: User: NataliaHP
[2018.06.16-20.48.10:047][  0]LogInit: CPU Page size=4096, Cores=4
[2018.06.16-20.48.10:047][  0]LogInit: High frequency timer resolution =2.339361 MHz
[2018.06.16-20.48.10:048][  0]LogMemory: Memory total: Physical=11.5GB (12GB approx)
[2018.06.16-20.48.10:048][  0]LogMemory: Platform Memory Stats for Windows
[2018.06.16-20.48.10:048][  0]LogMemory: Process Physical Memory: 275.55 MB used, 275.55 MB peak
[2018.06.16-20.48.10:048][  0]LogMemory: Process Virtual Memory: 264.96 MB used, 264.96 MB peak
[2018.06.16-20.48.10:048][  0]LogMemory: Physical Memory: 4173.70 MB used,  7569.42 MB free, 11743.12 MB total
[2018.06.16-20.48.10:048][  0]LogMemory: Virtual Memory: 4783.91 MB used,  7569.42 MB free, 134217728.00 MB total
[2018.06.16-20.48.10:088][  0]LogInit: Using OS detected language (es-ES).
[2018.06.16-20.48.10:088][  0]LogInit: Using OS detected locale (es-ES).
[2018.06.16-20.48.10:096][  0]LogTextLocalizationManager: No specific localization for 'es-ES' exists, so the 'es' localization will be used.
[2018.06.16-20.48.10:759][  0]LogStreaming: Display: Took  0.672s to EndInitTextLocalization.
[2018.06.16-20.48.10:760][  0]LogInit: Setting process to per monitor DPI aware
[2018.06.16-20.48.11:050][  0]LogSlate: New Slate User Created.  User Index 0, Is Virtual User: 0
[2018.06.16-20.48.11:050][  0]LogSlate: Slate User Registered.  User Index 0, Is Virtual User: 0
[2018.06.16-20.48.26:625][  0]LogD3D11RHI: D3D11 adapters:
[2018.06.16-20.48.26:755][  0]LogD3D11RHI:    0. 'AMD Radeon(TM) R5 Graphics' (Feature Level 11_0)
[2018.06.16-20.48.26:756][  0]LogD3D11RHI:       499/0/5871 MB DedicatedVideo/DedicatedSystem/SharedSystem, Outputs:1, VendorId:0x1002
[2018.06.16-20.48.26:763][  0]LogD3D11RHI:    1. 'Microsoft Basic Render Driver' (Feature Level 11_0)
[2018.06.16-20.48.26:763][  0]LogD3D11RHI:       0/0/5871 MB DedicatedVideo/DedicatedSystem/SharedSystem, Outputs:0, VendorId:0x1414
[2018.06.16-20.48.26:763][  0]LogD3D11RHI: Chosen D3D11 Adapter: 0
[2018.06.16-20.48.26:779][  0]LogD3D11RHI: Creating new Direct3DDevice
[2018.06.16-20.48.26:779][  0]LogD3D11RHI:     GPU DeviceId: 0x9874 (for the marketing name, search the web for "GPU Device Id")
[2018.06.16-20.48.26:779][  0]LogWindows: EnumDisplayDevices:
[2018.06.16-20.48.26:779][  0]LogWindows:    0. 'AMD Radeon(TM) R5 Graphics' (P:1 D:1)
[2018.06.16-20.48.26:780][  0]LogWindows:    1. 'AMD Radeon(TM) R5 Graphics' (P:0 D:0)
[2018.06.16-20.48.26:780][  0]LogWindows:    2. 'AMD Radeon(TM) R5 Graphics' (P:0 D:0)
[2018.06.16-20.48.26:780][  0]LogWindows: DebugString: GetVideoDriverDetailsInvalid PrimaryIsNotTheChoosenAdapter GetVideoDriverDetailsInvalid PrimaryIsNotTheChoosenAdapter GetVideoDriverDetailsInvalid PrimaryIsNotTheChoosenAdapter FoundDriverCount:0 
[2018.06.16-20.48.26:781][  0]LogD3D11RHI:     Adapter Name: AMD Radeon(TM) R5 Graphics
[2018.06.16-20.48.26:781][  0]LogD3D11RHI:   Driver Version: Unknown (internal:Unknown, unified:Unknown)
[2018.06.16-20.48.26:781][  0]LogD3D11RHI:      Driver Date: Unknown
[2018.06.16-20.48.26:781][  0]LogRHI: Texture pool is 349 MB (70% of 499 MB)
[2018.06.16-20.48.27:274][  0]LogD3D11RHI: Async texture creation enabled
[2018.06.16-20.48.27:321][  0]LogD3D11RHI: GPU Timing Frequency: 27.000000 (Debug: 2 3)
[2018.06.16-20.48.27:351][  0]LogShaderCompilers: Guid format shader working directory is -13 characters bigger than the processId version (../../../../../../Users/NataliaHP/Documents/GitHub/wind-samurai/Intermediate/Shaders/WorkingDirectory/4536/).
[2018.06.16-20.48.27:352][  0]LogShaderCompilers: Cleaned the shader compiler working directory 'C:/Users/NataliaHP/AppData/Local/Temp/UnrealShaderWorkingDir/B096CB49406315C9C94F8FA944691859/'.
[2018.06.16-20.48.31:373][  0]LogTemp: Display: Loaded TP AllDesktopTargetPlatform
[2018.06.16-20.48.31:419][  0]LogTemp: Display: Loaded TP MacClientTargetPlatform
[2018.06.16-20.48.31:463][  0]LogTemp: Display: Loaded TP MacNoEditorTargetPlatform
[2018.06.16-20.48.31:509][  0]LogTemp: Display: Loaded TP MacServerTargetPlatform
[2018.06.16-20.48.31:620][  0]LogTemp: Display: Loaded TP MacTargetPlatform
[2018.06.16-20.48.31:668][  0]LogTemp: Display: Loaded TP WindowsClientTargetPlatform
[2018.06.16-20.48.31:714][  0]LogTemp: Display: Loaded TP WindowsNoEditorTargetPlatform
[2018.06.16-20.48.31:761][  0]LogTemp: Display: Loaded TP WindowsServerTargetPlatform
[2018.06.16-20.48.31:781][  0]LogTemp: Display: Loaded TP WindowsTargetPlatform
[2018.06.16-20.48.31:818][  0]LogTemp: Display: Loaded TP Android_ASTCTargetPlatform
[2018.06.16-20.48.31:859][  0]LogTemp: Display: Loaded TP Android_ATCTargetPlatform
[2018.06.16-20.48.31:897][  0]LogTemp: Display: Loaded TP Android_DXTTargetPlatform
[2018.06.16-20.48.31:935][  0]LogTemp: Display: Loaded TP Android_ETC1aTargetPlatform
[2018.06.16-20.48.31:977][  0]LogTemp: Display: Loaded TP Android_ETC1TargetPlatform
[2018.06.16-20.48.32:018][  0]LogTemp: Display: Loaded TP Android_ETC2TargetPlatform
[2018.06.16-20.48.32:101][  0]LogTemp: Display: Loaded TP Android_MultiTargetPlatform
[2018.06.16-20.48.32:101][  0]LogTemp: Display: Loaded TP Android_PVRTCTargetPlatform
[2018.06.16-20.48.32:153][  0]LogTemp: Display: Loaded TP AndroidTargetPlatform
[2018.06.16-20.48.32:156][  0]LogTemp: Display: Loaded TP HTML5TargetPlatform
[2018.06.16-20.48.32:457][  0]LogTemp: Display: Loaded TP IOSTargetPlatform
[2018.06.16-20.48.32:589][  0]LogTemp: Display: Loaded TP TVOSTargetPlatform
[2018.06.16-20.48.32:621][  0]LogTemp: Display: Loaded TP LinuxClientTargetPlatform
[2018.06.16-20.48.32:650][  0]LogTemp: Display: Loaded TP LinuxNoEditorTargetPlatform
[2018.06.16-20.48.32:679][  0]LogTemp: Display: Loaded TP LinuxServerTargetPlatform
[2018.06.16-20.48.32:782][  0]LogTemp: Display: Loaded TP LinuxTargetPlatform
[2018.06.16-20.48.32:782][  0]LogTargetPlatformManager: Display: Building Assets For Windows
[2018.06.16-20.48.37:029][  0]LogXGEController: Cleaning working directory: C:/Users/NataliaHP/AppData/Local/Temp/UnrealXGEWorkingDir/
[2018.06.16-20.48.37:030][  0]LogXGEController: Cannot use XGE Controller as Incredibuild is not installed on this machine.
[2018.06.16-20.48.37:030][  0]LogShaderCompilers: Cannot use XGE Shader Compiler as Incredibuild is not installed on this machine.
[2018.06.16-20.48.37:030][  0]LogShaderCompilers: Display: Using Local Shader Compiler.
[2018.06.16-20.48.48:135][  0]LogDerivedDataCache: Display: Max Cache Size: 512 MB
[2018.06.16-20.48.51:325][  0]LogDerivedDataCache: Loaded boot cache 3.17s 70MB C:/Users/NataliaHP/AppData/Local/UnrealEngine/4.19/DerivedDataCache/Boot.ddc.
[2018.06.16-20.48.51:325][  0]LogDerivedDataCache: Display: Loaded Boot cache: C:/Users/NataliaHP/AppData/Local/UnrealEngine/4.19/DerivedDataCache/Boot.ddc
[2018.06.16-20.48.51:325][  0]LogDerivedDataCache: FDerivedDataBackendGraph:  Pak pak cache file ../../../../../../Users/NataliaHP/Documents/GitHub/wind-samurai/DerivedDataCache/DDC.ddp not found, will not use a pak cache.
[2018.06.16-20.48.51:325][  0]LogDerivedDataCache: Unable to find inner node Pak for hierarchical cache Hierarchy.
[2018.06.16-20.48.51:325][  0]LogDerivedDataCache: FDerivedDataBackendGraph:  CompressedPak pak cache file ../../../../../../Users/NataliaHP/Documents/GitHub/wind-samurai/DerivedDataCache/Compressed.ddp not found, will not use a pak cache.
[2018.06.16-20.48.51:325][  0]LogDerivedDataCache: Unable to find inner node CompressedPak for hierarchical cache Hierarchy.
[2018.06.16-20.48.51:557][  0]LogDerivedDataCache: Display: Pak cache opened for reading ../../../Engine/DerivedDataCache/Compressed.ddp.
[2018.06.16-20.48.51:571][  0]LogDerivedDataCache: Using Local data cache path C:/Users/NataliaHP/AppData/Local/UnrealEngine/Common/DerivedDataCache: Writable
[2018.06.16-20.48.51:571][  0]LogDerivedDataCache: Shared data cache path not found in *engine.ini, will not use an Shared cache.
[2018.06.16-20.48.51:571][  0]LogDerivedDataCache: Unable to find inner node Shared for hierarchical cache Hierarchy.
[2018.06.16-20.48.51:600][  0]LogMaterial: Verifying Global Shaders for PCD3D_SM5
[2018.06.16-20.48.51:601][  0]LogSlate: Using Freetype 2.6.0
[2018.06.16-20.48.51:923][  0]LogSlate: SlateFontCache - WITH_FREETYPE: 1, WITH_HARFBUZZ: 1
[2018.06.16-20.48.51:923][  0]LogSlate: SlateFontCache - WITH_FREETYPE: 1, WITH_HARFBUZZ: 1
[2018.06.16-20.49.13:246][  0]LogAssetRegistry: FAssetRegistry took 0.0339 seconds to start up
[2018.06.16-20.49.14:249][  0]LogInit: Selected Device Profile: [Windows]
[2018.06.16-20.49.19:453][  0]LogSimplygon: Simplygon DLL not present - disabling.
[2018.06.16-20.49.19:514][  0]LogMeshReduction: Using SimplygonSwarm for distributed automatic mesh merging
[2018.06.16-20.49.19:538][  0]LogMeshReduction: Using QuadricMeshReduction for automatic static mesh reduction
[2018.06.16-20.49.19:539][  0]LogMeshReduction: No automatic skeletal mesh reduction module available
[2018.06.16-20.49.19:539][  0]LogMeshReduction: No automatic mesh merging module available
[2018.06.16-20.49.19:539][  0]LogMeshMerging: No automatic mesh merging module available
[2018.06.16-20.49.20:424][  0]LogNetVersion: SotW , NetCL: 3944462, EngineNetVer: 2, GameNetVer: 0 (Checksum: 175056507)
[2018.06.16-20.49.29:129][  0]LogPackageLocalizationCache: Processed 10 localized package path(s) for 2 prioritized culture(s) in 0.355132 seconds
[2018.06.16-20.49.29:142][  0]LogUObjectArray: 36728 objects as part of root set at end of initial load.
[2018.06.16-20.49.29:142][  0]LogUObjectAllocator: 7314304 out of 0 bytes used by permanent object pool.
[2018.06.16-20.49.29:142][  0]LogUObjectArray: CloseDisregardForGC: 0/0 objects in disregard for GC pool
[2018.06.16-20.50.40:887][  0]LogDlgSystem: Verbose: Creating new DlgGuid = `6FC5A9544F68584D2C69D7987EFA2D1F` for Dialogue = `/Script/DlgSystem.Default__DlgDialogue` because of new created Dialogue.
[2018.06.16-20.50.40:889][  0]LogDlgSystem: Verbose: Started DlgSystemModule
[2018.06.16-20.50.40:955][  0]LogTcpMessaging: Initializing TcpMessaging bridge
[2018.06.16-20.50.41:030][  0]LogUdpMessaging: Initializing bridge on interface 0.0.0.0:0 to multicast group 230.0.0.1:6666.
[2018.06.16-20.50.42:857][  0]SourceControl: El control de código fuente está desactivado
[2018.06.16-20.50.42:857][  0]SourceControl: El control de código fuente está desactivado
[2018.06.16-20.50.42:918][  0]SourceControl: El control de código fuente está desactivado
[2018.06.16-20.50.42:980][  0]SourceControl: El control de código fuente está desactivado
[2018.06.16-20.50.45:344][  0]LogAndroidPermission: UAndroidPermissionCallbackProxy::GetInstance
[2018.06.16-20.50.46:181][  0]LogOcInput: OculusInput pre-init called
[2018.06.16-20.50.46:441][  0]LogDlgSystemEditor: Verbose: Started DlgSystemEditorModule
[2018.06.16-20.50.47:058][  0]LogDlgSystem: Verbose: Creating graph for Dialogue = `/DlgSystem/TestDialogue.TestDialogue`
[2018.06.16-20.50.47:059][  0]LogDlgSystem: Verbose: Creating new DlgGuid = `1CC6F61949131BDEDB3BFBAC8A36BE91` for Dialogue = `/DlgSystem/TestDialogue.TestDialogue` because of new created Dialogue.
[2018.06.16-20.50.47:061][  0]LogDlgSystem: Refreshing data for Dialogue = `/DlgSystem/TestDialogue.TestDialogue`
[2018.06.16-20.50.47:061][  0]LogDlgSystemEditor: Verbose: UDlgManager::LoadAllDialoguesIntoMemory loaded 0 Dialogues into Memory
[2018.06.16-20.50.47:436][  0]LogEngine: Initializing Engine...
[2018.06.16-20.50.47:491][  0]LogHMD: Failed to initialize OpenVR with code 110
[2018.06.16-20.50.47:495][  0]LogStats: UGameplayTagsManager::ConstructGameplayTagTree: Construct from data asset -  0.000 s
[2018.06.16-20.50.47:495][  0]LogStats: UGameplayTagsManager::ConstructGameplayTagTree: GameplayTagTreeChangedEvent.Broadcast -  0.000 s
[2018.06.16-20.50.50:893][  0]LogAIModule: Creating AISystem for world Untitled
[2018.06.16-20.50.50:943][  0]LogInit: XAudio2 using 'Altavoz/Auricular (Realtek High Definition Audio)' : 2 channels at 48 kHz using 32 bits per sample (channel mask 0x3)
[2018.06.16-20.50.51:351][  0]LogInit: FAudioDevice initialized.
[2018.06.16-20.50.51:395][  0]LogDerivedDataCache: Error: Could not save memory cache C:/Users/NataliaHP/AppData/Local/UnrealEngine/4.19/DerivedDataCache/Boot.ddc.
[2018.06.16-20.50.51:472][  0]LogInit: Texture streaming: Enabled
[2018.06.16-20.50.51:520][  0]LogEngineSessionManager: EngineSessionManager initialized
[2018.06.16-20.50.51:586][  0]LogInit: Transaction tracking system initialized
[2018.06.16-20.50.52:813][  0]BlueprintLog: New page: Cargar el editor
[2018.06.16-20.50.56:784][  0]LocalizationService: Localization service is disabled
[2018.06.16-20.50.59:114][  0]LogConsoleResponse: Display: 
[2018.06.16-20.51.05:624][  0]LogCook: Display: Max memory allowance for cook 16384mb min free memory 0mb
[2018.06.16-20.51.05:625][  0]LogCook: Display: Mobile HDR setting 1
[2018.06.16-20.51.05:625][  0]LogGameplayTags: Display: UGameplayTagsManager::DoneAddingNativeTags. DelegateIsBound: 0
[2018.06.16-20.51.05:625][  0]LogStats: UGameplayTagsManager::ConstructGameplayTagTree: Construct from data asset -  0.000 s
[2018.06.16-20.51.05:625][  0]LogStats: UGameplayTagsManager::ConstructGameplayTagTree: GameplayTagTreeChangedEvent.Broadcast -  0.000 s
[2018.06.16-20.51.06:514][  0]LogFileCache: Scanning file cache for directory 'C:/Users/NataliaHP/Documents/GitHub/wind-samurai/Content/' took 0.03s
[2018.06.16-20.51.09:836][  0]SourceControl: El control de código fuente está desactivado
[2018.06.16-20.51.09:836][  0]Cmd: MAP LOAD FILE="../../../../../../Users/NataliaHP/Documents/GitHub/wind-samurai/Content/2DSideScrollerBP/Maps/2DSideScrollerExampleMap.umap" TEMPLATE=0 SHOWPROGRESS=1 FEATURELEVEL=3
[2018.06.16-20.51.09:837][  0]LogEditorServer: Warning: Can't find file '../../../../../../Users/NataliaHP/Documents/GitHub/wind-samurai/Content/2DSideScrollerBP/Maps/2DSideScrollerExampleMap.umap'
[2018.06.16-20.51.09:837][  0]Cmd: MAP CHECKDEP NOCLEARLOG
[2018.06.16-20.51.09:997][  0]MapCheck: Map check complete: 0 Error(s), 0 Warning(s), took 159,876ms to complete.
[2018.06.16-20.51.09:997][  0]LogFileHelpers: Loading map '2DSideScrollerExampleMap' took 0.162
[2018.06.16-20.51.11:049][  0]LogCollectionManager: Loaded 0 collections in 0.005154 seconds
[2018.06.16-20.51.11:103][  0]LogFileCache: Scanning file cache for directory 'C:/Users/NataliaHP/Documents/GitHub/wind-samurai/Saved/Collections/' took 0.01s
[2018.06.16-20.51.11:103][  0]LogFileCache: Scanning file cache for directory 'C:/Users/NataliaHP/Documents/GitHub/wind-samurai/Content/Developers/NataliaHP/Collections/' took 0.01s
[2018.06.16-20.51.11:103][  0]LogFileCache: Scanning file cache for directory 'C:/Users/NataliaHP/Documents/GitHub/wind-samurai/Content/Collections/' took 0.01s
[2018.06.16-20.51.11:103][  0]LogCollectionManager: Rebuilt the GUID cache for 0 collections in 0.000001 seconds
[2018.06.16-20.51.11:123][  0]LogContentBrowser: Native class hierarchy populated in 0.0197 seconds. Added 2496 classes and 572 folders.
[2018.06.16-20.51.11:140][  0]LogContentBrowser: Native class hierarchy updated for 'WidgetCarousel' in 0.0004 seconds. Added 0 classes and 0 folders.
[2018.06.16-20.51.14:492][  0]LogContentBrowser: Native class hierarchy updated for 'AddContentDialog' in 0.0004 seconds. Added 0 classes and 0 folders.
[2018.06.16-20.51.14:665][  0]LogContentBrowser: Native class hierarchy updated for 'SceneOutliner' in 0.0005 seconds. Added 1 classes and 2 folders.
[2018.06.16-20.51.14:869][  0]LogSlate: Took 0.109335 seconds to synchronously load lazily loaded font '../../../Engine/Content/Slate/Fonts/Roboto-Regular.ttf' (155K)
[2018.06.16-20.51.15:208][  0]LogSlate: Took 0.335967 seconds to synchronously load lazily loaded font '../../../Engine/Content/Slate/Fonts/Roboto-Bold.ttf' (160K)
[2018.06.16-20.51.15:283][  0]LogSlate: Took 0.055254 seconds to synchronously load lazily loaded font '../../../Engine/Content/Editor/Slate/Fonts/FontAwesome.ttf' (139K)
[2018.06.16-20.51.16:086][  0]LogRenderer: Reallocating scene render targets to support 856x372 Format 10 NumSamples 1 (Frame:1).
[2018.06.16-20.51.16:712][  0]LogSlate: Took 0.030706 seconds to synchronously load lazily loaded font '../../../Engine/Content/Slate/Fonts/Roboto-Light.ttf' (167K)
[2018.06.16-20.51.17:071][  0]LogContentBrowser: Native class hierarchy updated for 'HierarchicalLODOutliner' in 0.0005 seconds. Added 0 classes and 0 folders.
[2018.06.16-20.51.17:071][  0]LogLoad: (Engine Initialization) Total time: 252.92 seconds
[2018.06.16-20.51.17:072][  0]LogLoad: (Engine Initialization) Total Blueprint compile time: 0.00 seconds
[2018.06.16-20.51.17:471][  0]LogContentStreaming: Texture pool size now 1000 MB
[2018.06.16-20.51.18:463][  3]LogAssetRegistry: Asset discovery search completed in 125.2402 seconds
[2018.06.16-20.51.18:468][  3]LogCollectionManager: Rebuilt the object cache for 0 collections in 0.000001 seconds (found 0 objects)
[2018.06.16-20.51.18:468][  3]LogCollectionManager: Fixed up redirectors for 0 collections in 0.000138 seconds (updated 0 objects)
[2018.06.16-20.55.29:161][ 18]LogSlate: FSceneViewport::OnFocusLost() reason 0
[2018.06.16-20.55.30:934][131]LogSlate: Took 0.000655 seconds to synchronously load lazily loaded font '../../../Engine/Content/Slate/Fonts/Roboto-Light.ttf' (167K)
[2018.06.16-20.55.31:340][131]LogLinker: Warning: No puede encontrar el archivo '/Game/VisualAssets/Environment/LevelKiseguza_Sprite'
[2018.06.16-20.55.31:340][131]LogLinker: Warning: No puede encontrar el archivo para el activo '/Game/VisualAssets/Environment/LevelKiseguza_Sprite' mientras carga ../../../../../../Users/NataliaHP/Documents/GitHub/wind-samurai/Content/Maps/LVL_KiseguzaForest.umap.
[2018.06.16-20.55.31:340][131]LoadErrors: Error: /Game/Maps/LVL_KiseguzaForest : No puede encontrar el archivo para el activo. /Game/VisualAssets/Environment/LevelKiseguza_Sprite
[2018.06.16-20.55.31:343][131]LogLinker: Warning: No puede encontrar el archivo '/Game/VisualAssets/Environment/LevelKiseguza_Sprite'
[2018.06.16-20.55.31:343][131]LogLinker: Warning: No puede encontrar el archivo para el activo '/Game/VisualAssets/Environment/LevelKiseguza_Sprite' mientras carga ../../../../../../Users/NataliaHP/Documents/GitHub/wind-samurai/Content/Maps/LVL_KiseguzaForest.umap.
[2018.06.16-20.55.32:058][131]LogLinker: Warning: No puede encontrar el archivo '/Game/VisualAssets/Environment/LevelKiseguza_Sprite'
[2018.06.16-20.55.32:058][131]LoadErrors: Error al cargar /Game/VisualAssets/Environment/LevelKiseguza_Sprite.LevelKiseguza_Sprite Referenciado por LevelKiseguza_Sprite2_2
[2018.06.16-20.55.32:058][131]LogLinker: Warning: No puede encontrar el archivo para el activo '/Game/VisualAssets/Environment/LevelKiseguza_Sprite' mientras carga NULL.
[2018.06.16-20.55.32:059][131]LogLinker: Warning: No puede encontrar el archivo '/Game/VisualAssets/Environment/LevelKiseguza_Sprite'
[2018.06.16-20.55.32:059][131]LoadErrors: Error al cargar /Game/VisualAssets/Environment/LevelKiseguza_Sprite.LevelKiseguza_Sprite Referenciado por LevelKiseguza_Sprite3
[2018.06.16-20.55.32:059][131]LogLinker: Warning: No puede encontrar el archivo para el activo '/Game/VisualAssets/Environment/LevelKiseguza_Sprite' mientras carga NULL.
[2018.06.16-20.55.32:060][131]LogLinker: Warning: No puede encontrar el archivo '/Game/VisualAssets/Environment/LevelKiseguza_Sprite'
[2018.06.16-20.55.32:060][131]LoadErrors: Error al cargar /Game/VisualAssets/Environment/LevelKiseguza_Sprite.LevelKiseguza_Sprite Referenciado por LevelKiseguza_Sprite4
[2018.06.16-20.55.32:060][131]LogLinker: Warning: No puede encontrar el archivo para el activo '/Game/VisualAssets/Environment/LevelKiseguza_Sprite' mientras carga NULL.
[2018.06.16-20.55.32:061][131]LogLinker: Warning: No puede encontrar el archivo '/Game/VisualAssets/Environment/LevelKiseguza_Sprite'
[2018.06.16-20.55.32:061][131]LoadErrors: Error al cargar /Game/VisualAssets/Environment/LevelKiseguza_Sprite.LevelKiseguza_Sprite Referenciado por LevelKiseguza_Sprite5
[2018.06.16-20.55.32:061][131]LogLinker: Warning: No puede encontrar el archivo para el activo '/Game/VisualAssets/Environment/LevelKiseguza_Sprite' mientras carga NULL.
[2018.06.16-20.55.32:062][131]LogLinker: Warning: No puede encontrar el archivo '/Game/VisualAssets/Environment/LevelKiseguza_Sprite'
[2018.06.16-20.55.32:062][131]LoadErrors: Error al cargar /Game/VisualAssets/Environment/LevelKiseguza_Sprite.LevelKiseguza_Sprite Referenciado por LevelKiseguza_Sprite6
[2018.06.16-20.55.32:062][131]LogLinker: Warning: No puede encontrar el archivo para el activo '/Game/VisualAssets/Environment/LevelKiseguza_Sprite' mientras carga NULL.
[2018.06.16-20.55.32:213][131]LogAIModule: Creating AISystem for world LVL_KiseguzaForest
[2018.06.16-20.55.32:320][131]Cmd: MAP LOAD FILE="../../../../../../Users/NataliaHP/Documents/GitHub/wind-samurai/Content/Maps/LVL_KiseguzaForest.umap" TEMPLATE=0 SHOWPROGRESS=1 FEATURELEVEL=3
[2018.06.16-20.55.32:321][131]LightingResults: New page: Diseñar la iluminación
[2018.06.16-20.55.32:327][131]LogContentBrowser: Native class hierarchy updated for 'StatsViewer' in 0.0005 seconds. Added 5 classes and 0 folders.
[2018.06.16-20.55.32:328][131]LoadErrors: New page: Cargando mapa: LVL_KiseguzaForest.umap
[2018.06.16-20.55.32:329][131]MapCheck: New page: Revisión del mapa
[2018.06.16-20.55.32:329][131]LightingResults: New page: Diseñar la iluminación
[2018.06.16-20.55.32:513][131]LogEditorServer: Finished looking for orphan Actors (0.001 secs)
[2018.06.16-20.55.32:657][131]Cmd: MAP CHECKDEP NOCLEARLOG
[2018.06.16-20.55.32:799][131]MapCheck: Map check complete: 0 Error(s), 0 Warning(s), took 141,702ms to complete.
[2018.06.16-20.55.32:802][131]LogFileHelpers: Loading map 'LVL_KiseguzaForest' took 0.483
[2018.06.16-20.55.41:375][251]LogEditorViewport: Clicking Background
[2018.06.16-20.55.41:980][253]LogEditorViewport: Clicking Background
[2018.06.16-20.55.47:025][273]LogEditorViewport: Clicking on Actor (context menu): PaperSpriteActor (KiseguzaTileset_Sprite_271)
[2018.06.16-20.55.49:486][273]LogSlate: FSceneViewport::OnFocusLost() reason 2
[2018.06.16-20.55.52:521][273]LogSlate: FSceneViewport::OnFocusLost() reason 2
[2018.06.16-20.55.52:553][273]LogSlate: FSceneViewport::OnFocusLost() reason 0
[2018.06.16-20.55.57:016][286]LogEditorViewport: Clicking Background
[2018.06.16-20.56.01:341][294]LogSlate: FSceneViewport::OnFocusLost() reason 0
[2018.06.16-20.56.40:708][459]LogSlate: FSceneViewport::OnFocusLost() reason 0
[2018.06.16-20.56.51:273][621]LogFactory: FactoryCreateFile: Texture with ReimportTextureFactory (0 0 ../../../../../../Users/NataliaHP/Documents/GitHub/wind-samurai/Assets/Art/Environment/LevelKiseguza.png)
[2018.06.16-20.56.53:456][621]LogTexture: Display: Building textures: LevelKiseguza (AutoDXT, 4096X4096)
[2018.06.16-20.57.07:895][636]LogSavePackage: Save=1267.33ms
[2018.06.16-20.57.07:895][636]LogSavePackage: Moving '../../../../../../Users/NataliaHP/Documents/GitHub/wind-samurai/Saved/LevelKiseguzaA4BBA0984FBD611FD69B8AB61FF09011.tmp' to '../../../../../../Users/NataliaHP/Documents/GitHub/wind-samurai/Content/VisualAssets/Environment/KiseguzaForest/LevelKiseguza.uasset'
[2018.06.16-20.57.07:908][636]LogSavePackage: Display: Finished SavePackage ../../../../../../Users/NataliaHP/Documents/GitHub/wind-samurai/Content/VisualAssets/Environment/KiseguzaForest/LevelKiseguza.uasset
[2018.06.16-20.57.24:608][ 83]LogSavePackage: Save=19.36ms
[2018.06.16-20.57.24:608][ 83]LogSavePackage: Moving '../../../../../../Users/NataliaHP/Documents/GitHub/wind-samurai/Saved/LevelKiseguza_Sprite4C4A470D4652FA5A2B54B6819533FFB4.tmp' to '../../../../../../Users/NataliaHP/Documents/GitHub/wind-samurai/Content/VisualAssets/Environment/KiseguzaForest/LevelKiseguza_Sprite.uasset'
[2018.06.16-20.57.24:621][ 83]LogSavePackage: Display: Finished SavePackage ../../../../../../Users/NataliaHP/Documents/GitHub/wind-samurai/Content/VisualAssets/Environment/KiseguzaForest/LevelKiseguza_Sprite.uasset
[2018.06.16-20.57.32:906][103]LogSlate: FSceneViewport::OnFocusLost() reason 0
[2018.06.16-20.58.39:349][635]LogEditorViewport: Clicking on Actor (LMB): PaperSpriteActor (LevelKiseguza_Sprite7)
[2018.06.16-20.58.47:125][650]LogSlate: FSceneViewport::OnFocusLost() reason 0
[2018.06.16-20.58.47:592][650]LogSynthBenchmark: Display: FSynthBenchmark (V0.95):  requested WorkScale=1.00
[2018.06.16-20.58.47:592][650]LogSynthBenchmark: Display: ===============
[2018.06.16-20.58.47:592][650]LogSynthBenchmark: Display: Main Processor:
[2018.06.16-20.58.47:672][650]LogSynthBenchmark: Display:          ... 0.045715 s/Run 'RayIntersect'
[2018.06.16-20.58.47:672][650]LogSynthBenchmark: Display:          ... 0.034112 s/Run 'Fractal'
[2018.06.16-20.58.47:673][650]LogSynthBenchmark: Display: 
[2018.06.16-20.58.47:673][650]LogSynthBenchmark: Display:   CompiledTarget_x_Bits: 64
[2018.06.16-20.58.47:673][650]LogSynthBenchmark: Display:   UE_BUILD_SHIPPING: 0
[2018.06.16-20.58.47:673][650]LogSynthBenchmark: Display:   UE_BUILD_TEST: 0
[2018.06.16-20.58.47:673][650]LogSynthBenchmark: Display:   UE_BUILD_DEBUG: 0
[2018.06.16-20.58.47:673][650]LogSynthBenchmark: Display:   TotalPhysicalGBRam: 12
[2018.06.16-20.58.47:673][650]LogSynthBenchmark: Display:   NumberOfCores (physical): 4
[2018.06.16-20.58.47:673][650]LogSynthBenchmark: Display:   NumberOfCores (logical): 4
[2018.06.16-20.58.47:673][650]LogSynthBenchmark: Display:   CPU Perf Index 0: 56.0 (weight 1.00)
[2018.06.16-20.58.47:673][650]LogSynthBenchmark: Display:   CPU Perf Index 1: 83.8 (weight 1.50)
[2018.06.16-20.58.47:673][650]LogSynthBenchmark: Display:  
[2018.06.16-20.58.47:673][650]LogSynthBenchmark: Display: Graphics:
[2018.06.16-20.58.47:673][650]LogSynthBenchmark: Display:   Adapter Name: 'AMD Radeon(TM) R5 Graphics'
[2018.06.16-20.58.47:673][650]LogSynthBenchmark: Display:   (On Optimus the name might be wrong, memory should be ok)
[2018.06.16-20.58.47:673][650]LogSynthBenchmark: Display:   Vendor Id: 0x1002
[2018.06.16-20.58.47:673][650]LogSynthBenchmark: Display:   Device Id: 0x9874
[2018.06.16-20.58.47:673][650]LogSynthBenchmark: Display:   Device Revision: 0xCA
[2018.06.16-20.58.47:673][650]LogSynthBenchmark: Display:   GPU Memory: 500/0/5872 MB
[2018.06.16-20.58.47:878][650]LogSynthBenchmark: Display:   GPU first test: 0.03s
[2018.06.16-20.58.47:878][650]LogSynthBenchmark: Display:          ... 0.933 s/GigaPix, Confidence=100% 'ALUHeavyNoise' (likely to be very inaccurate)
[2018.06.16-20.58.47:879][650]LogSynthBenchmark: Display:          ... 0.737 s/GigaPix, Confidence=89% 'TexHeavy' (likely to be very inaccurate)
[2018.06.16-20.58.47:879][650]LogSynthBenchmark: Display:          ... 0.661 s/GigaPix, Confidence=100% 'DepTexHeavy' (likely to be very inaccurate)
[2018.06.16-20.58.47:879][650]LogSynthBenchmark: Display:          ... 1.419 s/GigaPix, Confidence=100% 'FillOnly' (likely to be very inaccurate)
[2018.06.16-20.58.47:879][650]LogSynthBenchmark: Display:          ... 0.063 s/GigaPix, Confidence=100% 'Bandwidth' (likely to be very inaccurate)
[2018.06.16-20.58.47:879][650]LogSynthBenchmark: Display:          ... 0.181 s/GigaVert, Confidence=100% 'VertThroughPut1' (likely to be very inaccurate)
[2018.06.16-20.58.47:879][650]LogSynthBenchmark: Display:          ... 0.926 s/GigaVert, Confidence=100% 'VertThroughPut2' (likely to be very inaccurate)
[2018.06.16-20.58.48:238][650]LogSynthBenchmark: Display:   GPU second test: 0.26s
[2018.06.16-20.58.48:238][650]LogSynthBenchmark: Display:          ... 1.668 s/GigaPix, Confidence=100% 'ALUHeavyNoise' (likely to be inaccurate)
[2018.06.16-20.58.48:238][650]LogSynthBenchmark: Display:          ... 1.176 s/GigaPix, Confidence=100% 'TexHeavy' (likely to be inaccurate)
[2018.06.16-20.58.48:238][650]LogSynthBenchmark: Display:          ... 1.090 s/GigaPix, Confidence=100% 'DepTexHeavy' (likely to be inaccurate)
[2018.06.16-20.58.48:238][650]LogSynthBenchmark: Display:          ... 4.661 s/GigaPix, Confidence=100% 'FillOnly' (likely to be inaccurate)
[2018.06.16-20.58.48:238][650]LogSynthBenchmark: Display:          ... 0.071 s/GigaPix, Confidence=100% 'Bandwidth' (likely to be inaccurate)
[2018.06.16-20.58.48:238][650]LogSynthBenchmark: Display:          ... 0.182 s/GigaVert, Confidence=100% 'VertThroughPut1' (likely to be inaccurate)
[2018.06.16-20.58.48:238][650]LogSynthBenchmark: Display:          ... 0.928 s/GigaVert, Confidence=100% 'VertThroughPut2' (likely to be inaccurate)
[2018.06.16-20.58.48:238][650]LogSynthBenchmark: Display:   GPU Final Results:
[2018.06.16-20.58.48:238][650]LogSynthBenchmark: Display:          ... 1.668 s/GigaPix, Confidence=100% 'ALUHeavyNoise'
[2018.06.16-20.58.48:238][650]LogSynthBenchmark: Display:          ... 1.176 s/GigaPix, Confidence=100% 'TexHeavy'
[2018.06.16-20.58.48:239][650]LogSynthBenchmark: Display:          ... 1.090 s/GigaPix, Confidence=100% 'DepTexHeavy'
[2018.06.16-20.58.48:239][650]LogSynthBenchmark: Display:          ... 4.661 s/GigaPix, Confidence=100% 'FillOnly'
[2018.06.16-20.58.48:239][650]LogSynthBenchmark: Display:          ... 0.071 s/GigaPix, Confidence=100% 'Bandwidth'
[2018.06.16-20.58.48:239][650]LogSynthBenchmark: Display:          ... 0.182 s/GigaVert, Confidence=100% 'VertThroughPut1'
[2018.06.16-20.58.48:239][650]LogSynthBenchmark: Display:          ... 0.928 s/GigaVert, Confidence=100% 'VertThroughPut2'
[2018.06.16-20.58.48:239][650]LogSynthBenchmark: Display: 
[2018.06.16-20.58.48:239][650]LogSynthBenchmark: Display:   GPU Perf Index 0: 36.3 (weight 1.00)
[2018.06.16-20.58.48:239][650]LogSynthBenchmark: Display:   GPU Perf Index 1: 15.8 (weight 0.10)
[2018.06.16-20.58.48:239][650]LogSynthBenchmark: Display:   GPU Perf Index 2: 28.3 (weight 0.10)
[2018.06.16-20.58.48:239][650]LogSynthBenchmark: Display:   GPU Perf Index 3: 18.3 (weight 3.00)
[2018.06.16-20.58.48:239][650]LogSynthBenchmark: Display:   GPU Perf Index 4: 6.6 (weight 1.00)
[2018.06.16-20.58.48:239][650]LogSynthBenchmark: Display:   GPU Perf Index 5: 11.9 (weight 0.00)
[2018.06.16-20.58.48:239][650]LogSynthBenchmark: Display:   GPU Perf Index 6: 52.5 (weight 0.00)
[2018.06.16-20.58.48:239][650]LogSynthBenchmark: Display:   CPUIndex: 72.7
[2018.06.16-20.58.48:239][650]LogSynthBenchmark: Display:   GPUIndex: 19.7
[2018.06.16-20.58.48:239][650]LogSynthBenchmark: Display: 
[2018.06.16-20.58.48:239][650]LogSynthBenchmark: Display:          ... Total Time: 0.646914 sec
[2018.06.16-20.58.48:794][651]LogRenderer: Reallocating scene render targets to support 856x372 Format 9 NumSamples 1 (Frame:761).
[2018.06.16-20.58.48:959][653]LogContentStreaming: Texture pool size now 600 MB
[2018.06.16-20.59.22:339][482]LogSlate: FSceneViewport::OnFocusLost() reason 0
[2018.06.16-20.59.26:417][647]LogTexture: Display: Building textures: blue_testframes_Sht (BGRA8, 1600X1600)
[2018.06.16-20.59.26:417][647]LogMaterial: Missing cached shader map for material DefaultSpriteMaterial, compiling. 
[2018.06.16-20.59.26:469][647]LogShaderCompilers: Display: Shaders left to compile 13
[2018.06.16-20.59.26:469][647]LogShaderCompilers: Display: Shaders left to compile 3
[2018.06.16-20.59.35:107][ 16]LogEditorViewport: Clicking on Actor (LMB): PaperSpriteActor (LevelKiseguza_Sprite7)
[2018.06.16-20.59.56:894][271]LogSlate: FSceneViewport::OnFocusLost() reason 0
[2018.06.16-20.59.59:962][282]LogSavePackage: Save=2660.61ms
[2018.06.16-20.59.59:962][282]LogSavePackage: Moving '../../../../../../Users/NataliaHP/Documents/GitHub/wind-samurai/Saved/LVL_KiseguzaForest348FE1D44A85C57A276445B5C51553BA.tmp' to '../../../../../../Users/NataliaHP/Documents/GitHub/wind-samurai/Content/Maps/LVL_KiseguzaForest.umap'
[2018.06.16-20.59.59:972][282]LogSavePackage: Display: Finished SavePackage ../../../../../../Users/NataliaHP/Documents/GitHub/wind-samurai/Content/Maps/LVL_KiseguzaForest.umap
[2018.06.16-21.00.14:388][186]LogSlate: Window 'SotW - Editor Unreal' being destroyed
[2018.06.16-21.00.14:389][186]LogWindowsTextInputMethodSystem: Display: IME system now deactivated.
[2018.06.16-21.00.14:802][187]Cmd: QUIT_EDITOR
[2018.06.16-21.00.14:903][187]LogSlate: Slate User Destroyed.  User Index 0, Is Virtual User: 0
[2018.06.16-21.00.14:904][187]LogExit: Preparing to exit.
[2018.06.16-21.00.15:361][187]LogActorComponent: UnregisterComponent: (None.None) Not registered. Aborting.
[2018.06.16-21.00.15:361][187]LogActorComponent: UnregisterComponent: (None.None) Not registered. Aborting.
[2018.06.16-21.00.15:361][187]LogActorComponent: UnregisterComponent: (None.None) Not registered. Aborting.
[2018.06.16-21.00.15:373][187]LogDirectoryWatcher: A directory notification for 'C:/Users/NataliaHP/Documents/GitHub/wind-samurai/Content/' was aborted.
[2018.06.16-21.00.15:470][187]LogExit: Editor shut down
[2018.06.16-21.00.15:481][187]LogExit: Transaction tracking system shut down
[2018.06.16-21.00.15:698][187]LogDirectoryWatcher: A directory notification for '../../../Engine/Content/' was aborted.
[2018.06.16-21.00.15:698][187]LogDirectoryWatcher: A directory notification for '../../../../../../Users/NataliaHP/Documents/GitHub/wind-samurai/Content/' was aborted.
[2018.06.16-21.00.15:699][187]LogDirectoryWatcher: A directory notification for '../../Plugins/2D/Paper2D/Content/' was aborted.
[2018.06.16-21.00.15:699][187]LogDirectoryWatcher: A directory notification for '../../Plugins/Enterprise/DatasmithContent/Content/' was aborted.
[2018.06.16-21.00.15:699][187]LogDirectoryWatcher: A directory notification for '../../Plugins/Marketplace/DlgSystem/Content/' was aborted.
[2018.06.16-21.00.15:699][187]LogDirectoryWatcher: A directory notification for '../../Plugins/Media/MediaCompositing/Content/' was aborted.
[2018.06.16-21.00.15:699][187]LogDirectoryWatcher: A directory notification for '../../Plugins/Runtime/AppleARKit/Content/' was aborted.
[2018.06.16-21.00.15:699][187]LogDirectoryWatcher: A directory notification for '../../Plugins/Runtime/Oculus/OculusVR/Content/' was aborted.
[2018.06.16-21.00.15:700][187]LogDirectoryWatcher: A directory notification for '../../Plugins/Runtime/Steam/SteamVR/Content/' was aborted.
[2018.06.16-21.00.15:897][187]LogExit: Object subsystem successfully closed.
[2018.06.16-21.00.15:926][187]LogShaderCompilers: Display: Shaders left to compile 0
[2018.06.16-21.00.15:932][187]LogD3D11RHI: Shutdown
[2018.06.16-21.00.15:932][187]LogD3D11RHI: CleanupD3DDevice
[2018.06.16-21.00.15:947][187]LogD3D11RHI: ~FD3D11DynamicRHI
[2018.06.16-21.00.15:995][187]LogModuleManager: Shutting down and abandoning module SynthBenchmark (580)
[2018.06.16-21.00.15:995][187]LogModuleManager: Shutting down and abandoning module StatsViewer (578)
[2018.06.16-21.00.15:995][187]LogModuleManager: Shutting down and abandoning module HierarchicalLODOutliner (576)
[2018.06.16-21.00.15:996][187]LogModuleManager: Shutting down and abandoning module SceneOutliner (574)
[2018.06.16-21.00.15:996][187]LogModuleManager: Shutting down and abandoning module AddContentDialog (572)
[2018.06.16-21.00.15:996][187]LogDirectoryWatcher: A directory notification for 'C:/Program Files/Epic Games/UE_4.19/FeaturePacks/' was aborted.
[2018.06.16-21.00.16:014][187]LogModuleManager: Shutting down and abandoning module WidgetCarousel (571)
[2018.06.16-21.00.16:014][187]LogModuleManager: Shutting down and abandoning module EditorWidgets (568)
[2018.06.16-21.00.16:014][187]LogModuleManager: Shutting down and abandoning module CollectionManager (566)
[2018.06.16-21.00.16:014][187]LogDirectoryWatcher: A directory notification for 'C:/Users/NataliaHP/Documents/GitHub/wind-samurai/Content/Collections/' was aborted.
[2018.06.16-21.00.16:014][187]LogDirectoryWatcher: A directory notification for 'C:/Users/NataliaHP/Documents/GitHub/wind-samurai/Content/Developers/NataliaHP/Collections/' was aborted.
[2018.06.16-21.00.16:014][187]LogDirectoryWatcher: A directory notification for 'C:/Users/NataliaHP/Documents/GitHub/wind-samurai/Saved/Collections/' was aborted.
[2018.06.16-21.00.16:015][187]LogModuleManager: Shutting down and abandoning module FoliageEdit (564)
[2018.06.16-21.00.16:015][187]LogModuleManager: Shutting down and abandoning module LandscapeEditor (562)
[2018.06.16-21.00.16:015][187]LogModuleManager: Shutting down and abandoning module MeshPaintMode (560)
[2018.06.16-21.00.16:015][187]LogModuleManager: Shutting down and abandoning module SceneDepthPickerMode (558)
[2018.06.16-21.00.16:015][187]LogModuleManager: Shutting down and abandoning module ActorPickerMode (556)
[2018.06.16-21.00.16:015][187]LogModuleManager: Shutting down and abandoning module GeometryMode (554)
[2018.06.16-21.00.16:015][187]LogModuleManager: Shutting down and abandoning module TextureAlignMode (552)
[2018.06.16-21.00.16:015][187]LogModuleManager: Shutting down and abandoning module BspMode (550)
[2018.06.16-21.00.16:015][187]LogModuleManager: Shutting down and abandoning module PIEPreviewDeviceProfileSelector (548)
[2018.06.16-21.00.16:015][187]LogModuleManager: Shutting down and abandoning module HardwareSurvey (546)
[2018.06.16-21.00.16:015][187]LogModuleManager: Shutting down and abandoning module SequenceRecorderSections (544)
[2018.06.16-21.00.16:015][187]LogModuleManager: Shutting down and abandoning module AutomationWorker (542)
[2018.06.16-21.00.16:015][187]LogModuleManager: Shutting down and abandoning module AudioCaptureEditor (540)
[2018.06.16-21.00.16:016][187]LogModuleManager: Shutting down and abandoning module SequenceRecorder (539)
[2018.06.16-21.00.16:016][187]LogModuleManager: Shutting down and abandoning module MatineeToLevelSequence (536)
[2018.06.16-21.00.16:016][187]LogModuleManager: Shutting down and abandoning module LevelSequenceEditor (534)
[2018.06.16-21.00.16:016][187]LogModuleManager: Shutting down and abandoning module PlacementMode (533)
[2018.06.16-21.00.16:016][187]LogModuleManager: Shutting down and abandoning module MaterialEditor (532)
[2018.06.16-21.00.16:016][187]LogModuleManager: Shutting down and abandoning module WmfMediaFactory (528)
[2018.06.16-21.00.16:016][187]LogModuleManager: Shutting down and abandoning module WmfMediaEditor (526)
[2018.06.16-21.00.16:016][187]LogModuleManager: Shutting down and abandoning module MediaPlayerEditor (524)
[2018.06.16-21.00.16:016][187]LogModuleManager: Shutting down and abandoning module OpenExrWrapper (522)
[2018.06.16-21.00.16:016][187]LogModuleManager: Shutting down and abandoning module ImgMediaFactory (520)
[2018.06.16-21.00.16:016][187]LogModuleManager: Shutting down and abandoning module ImgMediaEditor (518)
[2018.06.16-21.00.16:016][187]LogModuleManager: Shutting down and abandoning module AvfMediaFactory (516)
[2018.06.16-21.00.16:016][187]LogModuleManager: Shutting down and abandoning module AvfMediaEditor (514)
[2018.06.16-21.00.16:016][187]LogModuleManager: Shutting down and abandoning module AndroidMediaFactory (512)
[2018.06.16-21.00.16:017][187]LogModuleManager: Shutting down and abandoning module AndroidMediaEditor (510)
[2018.06.16-21.00.16:017][187]LogModuleManager: Shutting down and abandoning module CharacterAI (508)
[2018.06.16-21.00.16:017][187]LogModuleManager: Shutting down and abandoning module SmartSnapping (506)
[2018.06.16-21.00.16:017][187]LogModuleManager: Shutting down and abandoning module SessionServices (504)
[2018.06.16-21.00.16:017][187]LogModuleManager: Shutting down and abandoning module ViewportSnapping (502)
[2018.06.16-21.00.16:017][187]LogModuleManager: Shutting down and abandoning module ViewportInteraction (500)
[2018.06.16-21.00.16:017][187]LogModuleManager: Shutting down and abandoning module ClothPainter (498)
[2018.06.16-21.00.16:017][187]LogModuleManager: Shutting down and abandoning module SkeletalMeshEditor (497)
[2018.06.16-21.00.16:017][187]LogModuleManager: Shutting down and abandoning module LogVisualizer (494)
[2018.06.16-21.00.16:017][187]LogModuleManager: Shutting down and abandoning module IntroTutorials (492)
[2018.06.16-21.00.16:017][187]LogModuleManager: Shutting down and abandoning module GameProjectGeneration (491)
[2018.06.16-21.00.16:017][187]LogModuleManager: Shutting down and abandoning module IOSPlatformEditor (488)
[2018.06.16-21.00.16:017][187]LogModuleManager: Shutting down and abandoning module HTML5PlatformEditor (486)
[2018.06.16-21.00.16:017][187]LogModuleManager: Shutting down and abandoning module AndroidPlatformEditor (484)
[2018.06.16-21.00.16:017][187]LogModuleManager: Shutting down and abandoning module AndroidDeviceDetection (483)
[2018.06.16-21.00.17:016][187]LogModuleManager: Shutting down and abandoning module WindowsPlatformEditor (480)
[2018.06.16-21.00.17:017][187]LogModuleManager: Shutting down and abandoning module IOSRuntimeSettings (478)
[2018.06.16-21.00.17:017][187]LogModuleManager: Shutting down and abandoning module AndroidRuntimeSettings (476)
[2018.06.16-21.00.17:017][187]LogModuleManager: Shutting down and abandoning module InputBindingEditor (474)
[2018.06.16-21.00.17:017][187]LogModuleManager: Shutting down and abandoning module MergeActors (472)
[2018.06.16-21.00.17:017][187]LogModuleManager: Shutting down and abandoning module LocalizationDashboard (470)
[2018.06.16-21.00.17:017][187]LogModuleManager: Shutting down and abandoning module LocalizationService (469)
[2018.06.16-21.00.17:018][187]LogModuleManager: Shutting down and abandoning module HardwareTargeting (466)
[2018.06.16-21.00.17:018][187]LogModuleManager: Shutting down and abandoning module DeviceProfileEditor (464)
[2018.06.16-21.00.17:018][187]LogModuleManager: Shutting down and abandoning module UndoHistory (462)
[2018.06.16-21.00.17:018][187]LogModuleManager: Shutting down and abandoning module XmlParser (460)
[2018.06.16-21.00.17:018][187]LogModuleManager: Shutting down and abandoning module Blutility (458)
[2018.06.16-21.00.17:018][187]LogModuleManager: Shutting down and abandoning module ProjectSettingsViewer (456)
[2018.06.16-21.00.17:018][187]LogModuleManager: Shutting down and abandoning module ProjectTargetPlatformEditor (455)
[2018.06.16-21.00.17:019][187]LogModuleManager: Shutting down and abandoning module EditorSettingsViewer (452)
[2018.06.16-21.00.17:019][187]LogModuleManager: Shutting down and abandoning module SettingsEditor (450)
[2018.06.16-21.00.17:019][187]LogModuleManager: Shutting down and abandoning module ProjectLauncher (448)
[2018.06.16-21.00.17:019][187]LogModuleManager: Shutting down and abandoning module SessionFrontend (446)
[2018.06.16-21.00.17:019][187]LogModuleManager: Shutting down and abandoning module ProfilerClient (444)
[2018.06.16-21.00.17:019][187]LogModuleManager: Shutting down and abandoning module DeviceManager (442)
[2018.06.16-21.00.17:019][187]LogModuleManager: Shutting down and abandoning module TargetDeviceServices (441)
[2018.06.16-21.00.17:072][187]LogModuleManager: Shutting down and abandoning module AutomationController (438)
[2018.06.16-21.00.17:072][187]LogModuleManager: Shutting down and abandoning module AutomationWindow (436)
[2018.06.16-21.00.17:072][187]LogModuleManager: Shutting down and abandoning module Layers (434)
[2018.06.16-21.00.17:072][187]LogModuleManager: Shutting down and abandoning module ComponentVisualizers (432)
[2018.06.16-21.00.17:072][187]LogModuleManager: Shutting down and abandoning module DetailCustomizations (430)
[2018.06.16-21.00.17:073][187]LogModuleManager: Shutting down and abandoning module PackagesDialog (428)
[2018.06.16-21.00.17:074][187]LogModuleManager: Shutting down and abandoning module Persona (426)
[2018.06.16-21.00.17:074][187]LogModuleManager: Shutting down and abandoning module AdvancedPreviewScene (425)
[2018.06.16-21.00.17:074][187]LogModuleManager: Shutting down and abandoning module AnimGraph (423)
[2018.06.16-21.00.17:074][187]LogModuleManager: Shutting down and abandoning module Kismet (420)
[2018.06.16-21.00.17:074][187]LogModuleManager: Shutting down and abandoning module GraphEditor (418)
[2018.06.16-21.00.17:075][187]LogModuleManager: Shutting down and abandoning module ClassViewer (416)
[2018.06.16-21.00.17:075][187]LogModuleManager: Shutting down and abandoning module Toolbox (414)
[2018.06.16-21.00.17:075][187]LogModuleManager: Shutting down and abandoning module ModuleUI (412)
[2018.06.16-21.00.17:075][187]LogModuleManager: Shutting down and abandoning module MovieSceneTools (410)
[2018.06.16-21.00.17:075][187]LogModuleManager: Shutting down and abandoning module OutputLog (408)
[2018.06.16-21.00.17:076][187]LogModuleManager: Shutting down and abandoning module GammaUI (406)
[2018.06.16-21.00.17:076][187]LogModuleManager: Shutting down and abandoning module Documentation (404)
[2018.06.16-21.00.17:076][187]LogModuleManager: Shutting down and abandoning module MovieSceneTracks (402)
[2018.06.16-21.00.17:076][187]LogModuleManager: Shutting down and abandoning module MovieScene (400)
[2018.06.16-21.00.17:076][187]LogModuleManager: Shutting down and abandoning module StreamingPauseRendering (398)
[2018.06.16-21.00.17:076][187]LogModuleManager: Shutting down and abandoning module LauncherPlatform (396)
[2018.06.16-21.00.17:076][187]LogModuleManager: Shutting down and abandoning module AnalyticsET (394)
[2018.06.16-21.00.17:076][187]LogModuleManager: Shutting down and abandoning module PortalServices (392)
[2018.06.16-21.00.17:076][187]LogModuleManager: Shutting down and abandoning module PortalRpc (390)
[2018.06.16-21.00.17:076][187]LogModuleManager: Shutting down and abandoning module MessagingRpc (388)
[2018.06.16-21.00.17:076][187]LogModuleManager: Shutting down and abandoning module AIModule (386)
[2018.06.16-21.00.17:077][187]LogModuleManager: Shutting down and abandoning module AITestSuite (385)
[2018.06.16-21.00.17:077][187]LogModuleManager: Shutting down and abandoning module DesktopPlatform (382)
[2018.06.16-21.00.17:077][187]LogModuleManager: Shutting down and abandoning module ProfilerService (380)
[2018.06.16-21.00.17:177][187]LogModuleManager: Shutting down and abandoning module TaskGraph (378)
[2018.06.16-21.00.17:178][187]LogModuleManager: Shutting down and abandoning module DlgSystemEditor (376)
[2018.06.16-21.00.17:178][187]LogDlgSystemEditor: Verbose: Stopped DlgSystemEditorModule
[2018.06.16-21.00.17:178][187]LogModuleManager: Shutting down and abandoning module SteamVRController (374)
[2018.06.16-21.00.17:178][187]LogModuleManager: Shutting down and abandoning module ProceduralMeshComponentEditor (372)
[2018.06.16-21.00.17:178][187]LogModuleManager: Shutting down and abandoning module ProceduralMeshComponent (370)
[2018.06.16-21.00.17:178][187]LogModuleManager: Shutting down and abandoning module OculusInput (368)
[2018.06.16-21.00.17:178][187]LogModuleManager: Shutting down and abandoning module MobilePatchingUtils (366)
[2018.06.16-21.00.17:179][187]LogModuleManager: Shutting down and abandoning module CustomMeshComponent (364)
[2018.06.16-21.00.17:179][187]LogModuleManager: Shutting down and abandoning module CableComponent (362)
[2018.06.16-21.00.17:179][187]LogModuleManager: Shutting down and abandoning module AudioCapture (360)
[2018.06.16-21.00.17:179][187]LogModuleManager: Shutting down and abandoning module ArchVisCharacter (358)
[2018.06.16-21.00.17:179][187]LogModuleManager: Shutting down and abandoning module AndroidPermission (356)
[2018.06.16-21.00.17:179][187]LogModuleManager: Shutting down and abandoning module NUTUnrealEngine4 (352)
[2018.06.16-21.00.17:179][187]LogModuleManager: Shutting down and abandoning module NetcodeUnitTest (350)
[2018.06.16-21.00.17:179][187]LogModuleManager: Shutting down and abandoning module MediaCompositingEditor (348)
[2018.06.16-21.00.17:179][187]LogModuleManager: Shutting down and abandoning module MediaCompositing (346)
[2018.06.16-21.00.17:179][187]LogModuleManager: Shutting down and abandoning module LinearTimecode (344)
[2018.06.16-21.00.17:180][187]LogModuleManager: Shutting down and abandoning module ImgMedia (342)
[2018.06.16-21.00.17:192][187]LogModuleManager: Shutting down and abandoning module HTML5Networking (340)
[2018.06.16-21.00.17:192][187]LogModuleManager: Shutting down and abandoning module AlembicImporter (338)
[2018.06.16-21.00.17:192][187]LogModuleManager: Shutting down and abandoning module AlembicLibrary (337)
[2018.06.16-21.00.17:192][187]LogModuleManager: Shutting down and abandoning module GeometryCache (336)
[2018.06.16-21.00.17:192][187]LogModuleManager: Shutting down and abandoning module GeometryCacheEd (335)
[2018.06.16-21.00.17:192][187]LogModuleManager: Shutting down and abandoning module DatasmithContent (330)
[2018.06.16-21.00.17:192][187]LogModuleManager: Shutting down and abandoning module SpeedTreeImporter (328)
[2018.06.16-21.00.17:192][187]LogModuleManager: Shutting down and abandoning module PluginBrowser (326)
[2018.06.16-21.00.17:193][187]LogModuleManager: Shutting down and abandoning module MobileLauncherProfileWizard (324)
[2018.06.16-21.00.17:193][187]LogModuleManager: Shutting down and abandoning module CryptoKeysOpenSSL (322)
[2018.06.16-21.00.17:193][187]LogModuleManager: Shutting down and abandoning module CryptoKeys (320)
[2018.06.16-21.00.17:193][187]LogModuleManager: Shutting down and abandoning module VisualStudioSourceCodeAccess (318)
[2018.06.16-21.00.17:193][187]LogModuleManager: Shutting down and abandoning module VisualStudioCodeSourceCodeAccess (316)
[2018.06.16-21.00.17:193][187]LogModuleManager: Shutting down and abandoning module UObjectPlugin (314)
[2018.06.16-21.00.17:193][187]LogModuleManager: Shutting down and abandoning module SubversionSourceControl (312)
[2018.06.16-21.00.17:193][187]LogModuleManager: Shutting down and abandoning module PerforceSourceControl (310)
[2018.06.16-21.00.17:193][187]LogModuleManager: Shutting down and abandoning module GitSourceControl (308)
[2018.06.16-21.00.17:193][187]LogModuleManager: Shutting down and abandoning module SourceControl (307)
[2018.06.16-21.00.17:194][187]LogModuleManager: Shutting down and abandoning module CLionSourceCodeAccess (304)
[2018.06.16-21.00.17:194][187]LogModuleManager: Shutting down and abandoning module LightPropagationVolumeEditor (302)
[2018.06.16-21.00.17:194][187]LogModuleManager: Shutting down and abandoning module PaperTiledImporter (300)
[2018.06.16-21.00.17:194][187]LogModuleManager: Shutting down and abandoning module PaperSpriteSheetImporter (298)
[2018.06.16-21.00.17:194][187]LogModuleManager: Shutting down and abandoning module Paper2DEditor (296)
[2018.06.16-21.00.17:194][187]LogModuleManager: Shutting down and abandoning module MeshPaint (295)
[2018.06.16-21.00.17:194][187]LogModuleManager: Shutting down and abandoning module RuntimePhysXCooking (292)
[2018.06.16-21.00.17:194][187]LogModuleManager: Shutting down and abandoning module PhysXVehiclesEditor (290)
[2018.06.16-21.00.17:195][187]LogModuleManager: Shutting down and abandoning module PhysXVehicles (288)
[2018.06.16-21.00.17:195][187]LogModuleManager: Shutting down and abandoning module OculusEditor (286)
[2018.06.16-21.00.17:195][187]LogModuleManager: Shutting down and abandoning module LocationServicesBPLibrary (284)
[2018.06.16-21.00.17:195][187]LogModuleManager: Shutting down and abandoning module ImmediatePhysicsEditor (282)
[2018.06.16-21.00.17:195][187]LogModuleManager: Shutting down and abandoning module ImmediatePhysics (280)
[2018.06.16-21.00.17:195][187]LogModuleManager: Shutting down and abandoning module ActorSequence (278)
[2018.06.16-21.00.17:195][187]LogModuleManager: Shutting down and abandoning module UdpMessaging (276)
[2018.06.16-21.00.17:295][187]LogModuleManager: Shutting down and abandoning module TcpMessaging (274)
[2018.06.16-21.00.17:396][187]LogModuleManager: Shutting down and abandoning module DlgSystem (272)
[2018.06.16-21.00.17:396][187]LogDlgSystem: Verbose: Stopped DlgSystemModule
[2018.06.16-21.00.17:396][187]LogModuleManager: Shutting down and abandoning module GameplayDebugger (271)
[2018.06.16-21.00.17:396][187]LogModuleManager: Shutting down and abandoning module GameplayTagsEditor (268)
[2018.06.16-21.00.17:396][187]LogModuleManager: Shutting down and abandoning module FacialAnimationEditor (266)
[2018.06.16-21.00.17:397][187]LogModuleManager: Shutting down and abandoning module FacialAnimation (264)
[2018.06.16-21.00.17:397][187]LogModuleManager: Shutting down and abandoning module DataValidation (262)
[2018.06.16-21.00.17:397][187]LogModuleManager: Shutting down and abandoning module AssetManagerEditor (260)
[2018.06.16-21.00.17:397][187]LogModuleManager: Shutting down and abandoning module LevelEditor (259)
[2018.06.16-21.00.17:399][187]LogModuleManager: Shutting down and abandoning module PixelInspectorModule (258)
[2018.06.16-21.00.17:400][187]LogModuleManager: Shutting down and abandoning module CommonMenuExtensions (256)
[2018.06.16-21.00.17:400][187]LogModuleManager: Shutting down and abandoning module MainFrame (254)
[2018.06.16-21.00.17:400][187]LogModuleManager: Shutting down and abandoning module HotReload (253)
[2018.06.16-21.00.17:402][187]LogModuleManager: Shutting down and abandoning module ContentBrowser (249)
[2018.06.16-21.00.17:405][187]LogModuleManager: Shutting down and abandoning module TreeMap (247)
[2018.06.16-21.00.17:405][187]LogModuleManager: Shutting down and abandoning module LightPropagationVolumeRuntime (244)
[2018.06.16-21.00.17:405][187]LogModuleManager: Shutting down and abandoning module LiveLinkEditor (242)
[2018.06.16-21.00.17:406][187]LogModuleManager: Shutting down and abandoning module LiveLink (240)
[2018.06.16-21.00.18:307][187]LogModuleManager: Shutting down and abandoning module Paper2D (238)
[2018.06.16-21.00.18:307][187]LogModuleManager: Shutting down and abandoning module WindowsMoviePlayer (236)
[2018.06.16-21.00.18:307][187]LogModuleManager: Shutting down and abandoning module WmfMedia (234)
[2018.06.16-21.00.18:310][187]LogModuleManager: Shutting down and abandoning module Media (233)
[2018.06.16-21.00.18:318][187]LogModuleManager: Shutting down and abandoning module PacketHandler (230)
[2018.06.16-21.00.18:318][187]LogModuleManager: Shutting down and abandoning module ClothingSystemEditor (228)
[2018.06.16-21.00.18:318][187]LogModuleManager: Shutting down and abandoning module ClothingSystemRuntime (226)
[2018.06.16-21.00.18:318][187]LogModuleManager: Shutting down and abandoning module MediaAssets (224)
[2018.06.16-21.00.18:318][187]LogModuleManager: Shutting down and abandoning module Overlay (222)
[2018.06.16-21.00.18:318][187]LogModuleManager: Shutting down and abandoning module OverlayEditor (221)
[2018.06.16-21.00.18:318][187]LogModuleManager: Shutting down and abandoning module VREditor (218)
[2018.06.16-21.00.18:318][187]LogModuleManager: Shutting down and abandoning module StringTableEditor (216)
[2018.06.16-21.00.18:319][187]LogModuleManager: Shutting down and abandoning module GameplayTasksEditor (214)
[2018.06.16-21.00.18:319][187]LogModuleManager: Shutting down and abandoning module BehaviorTreeEditor (212)
[2018.06.16-21.00.18:319][187]LogModuleManager: Shutting down and abandoning module FunctionalTesting (210)
[2018.06.16-21.00.18:319][187]LogModuleManager: Shutting down and abandoning module CollisionAnalyzer (208)
[2018.06.16-21.00.18:319][187]LogModuleManager: Shutting down and abandoning module WorkspaceMenuStructure (207)
[2018.06.16-21.00.18:319][187]LogModuleManager: Shutting down and abandoning module UMG (204)
[2018.06.16-21.00.18:319][187]LogModuleManager: Shutting down and abandoning module UMGEditor (203)
[2018.06.16-21.00.18:319][187]LogModuleManager: Shutting down and abandoning module Sequencer (202)
[2018.06.16-21.00.18:319][187]LogModuleManager: Shutting down and abandoning module MessageLog (199)
[2018.06.16-21.00.18:319][187]LogModuleManager: Shutting down and abandoning module SlateReflector (194)
[2018.06.16-21.00.18:319][187]LogModuleManager: Shutting down and abandoning module Slate (192)
[2018.06.16-21.00.18:320][187]LogModuleManager: Shutting down and abandoning module EditorStyle (190)
[2018.06.16-21.00.18:323][187]LogModuleManager: Shutting down and abandoning module MRMesh (188)
[2018.06.16-21.00.18:323][187]LogModuleManager: Shutting down and abandoning module SourceCodeAccess (186)
[2018.06.16-21.00.18:323][187]LogModuleManager: Shutting down and abandoning module HeadMountedDisplay (184)
[2018.06.16-21.00.18:323][187]LogModuleManager: Shutting down and abandoning module XAudio2 (182)
[2018.06.16-21.00.18:323][187]LogModuleManager: Shutting down and abandoning module Networking (180)
[2018.06.16-21.00.18:323][187]LogModuleManager: Shutting down and abandoning module Core (178)
[2018.06.16-21.00.18:324][187]LogModuleManager: Shutting down and abandoning module LevelSequence (176)
[2018.06.16-21.00.18:324][187]LogModuleManager: Shutting down and abandoning module KismetCompiler (174)
[2018.06.16-21.00.18:324][187]LogModuleManager: Shutting down and abandoning module MeshUtilities (172)
[2018.06.16-21.00.18:324][187]LogModuleManager: Shutting down and abandoning module MeshMergeUtilities (171)
[2018.06.16-21.00.18:324][187]LogModuleManager: Shutting down and abandoning module MeshReductionInterface (170)
[2018.06.16-21.00.18:324][187]LogModuleManager: Shutting down and abandoning module SimplygonSwarm (169)
[2018.06.16-21.00.18:324][187]LogModuleManager: Shutting down and abandoning module SimplygonMeshReduction (167)
[2018.06.16-21.00.18:324][187]LogModuleManager: Shutting down and abandoning module QuadricMeshReduction (165)
[2018.06.16-21.00.18:324][187]LogModuleManager: Shutting down and abandoning module MaterialBaking (161)
[2018.06.16-21.00.18:324][187]LogModuleManager: Shutting down and abandoning module DirectoryWatcher (157)
[2018.06.16-21.00.18:327][187]LogModuleManager: Shutting down and abandoning module DerivedDataCache (154)
[2018.06.16-21.00.18:372][187]LogDerivedDataCache: Shutdown
[2018.06.16-21.00.18:372][187]LogModuleManager: Shutting down and abandoning module XGEController (152)
[2018.06.16-21.00.18:373][187]LogXGEController: Cleaning working directory: C:/Users/NataliaHP/AppData/Local/Temp/UnrealXGEWorkingDir/
[2018.06.16-21.00.18:373][187]LogModuleManager: Shutting down and abandoning module TargetPlatform (150)
[2018.06.16-21.00.18:373][187]LogModuleManager: Shutting down and abandoning module VulkanShaderFormat (149)
[2018.06.16-21.00.18:373][187]LogModuleManager: Shutting down and abandoning module ShaderFormatVectorVM (147)
[2018.06.16-21.00.18:373][187]LogModuleManager: Shutting down and abandoning module ShaderFormatOpenGL (145)
[2018.06.16-21.00.18:373][187]LogModuleManager: Shutting down and abandoning module ShaderFormatD3D (143)
[2018.06.16-21.00.18:373][187]LogModuleManager: Shutting down and abandoning module MetalShaderFormat (141)
[2018.06.16-21.00.18:373][187]LogModuleManager: Shutting down and abandoning module TextureFormatUncompressed (139)
[2018.06.16-21.00.18:373][187]LogModuleManager: Shutting down and abandoning module TextureFormatPVR (137)
[2018.06.16-21.00.18:373][187]LogModuleManager: Shutting down and abandoning module TextureFormatDXT (135)
[2018.06.16-21.00.18:373][187]LogModuleManager: Shutting down and abandoning module TextureFormatIntelISPCTexComp (133)
[2018.06.16-21.00.18:374][187]LogModuleManager: Shutting down and abandoning module TextureFormatASTC (131)
[2018.06.16-21.00.18:374][187]LogModuleManager: Shutting down and abandoning module ImageWrapper (130)
[2018.06.16-21.00.18:374][187]LogModuleManager: Shutting down and abandoning module TextureFormatAndroid (127)
[2018.06.16-21.00.18:374][187]LogModuleManager: Shutting down and abandoning module AudioFormatOpus (125)
[2018.06.16-21.00.18:374][187]LogModuleManager: Shutting down and abandoning module AudioFormatOgg (123)
[2018.06.16-21.00.18:374][187]LogModuleManager: Shutting down and abandoning module AudioFormatADPCM (121)
[2018.06.16-21.00.18:374][187]LogModuleManager: Shutting down and abandoning module LinuxTargetPlatform (119)
[2018.06.16-21.00.18:374][187]LogModuleManager: Shutting down and abandoning module LinuxServerTargetPlatform (117)
[2018.06.16-21.00.18:374][187]LogModuleManager: Shutting down and abandoning module LinuxNoEditorTargetPlatform (115)
[2018.06.16-21.00.18:374][187]LogModuleManager: Shutting down and abandoning module LinuxClientTargetPlatform (113)
[2018.06.16-21.00.18:374][187]LogModuleManager: Shutting down and abandoning module TVOSTargetPlatform (111)
[2018.06.16-21.00.18:374][187]LogModuleManager: Shutting down and abandoning module Messaging (109)
[2018.06.16-21.00.18:374][187]LogModuleManager: Shutting down and abandoning module IOSTargetPlatform (107)
[2018.06.16-21.00.18:374][187]LogModuleManager: Shutting down and abandoning module HTML5TargetPlatform (105)
[2018.06.16-21.00.18:374][187]LogModuleManager: Shutting down and abandoning module AndroidTargetPlatform (103)
[2018.06.16-21.00.18:374][187]LogModuleManager: Shutting down and abandoning module Android_PVRTCTargetPlatform (101)
[2018.06.16-21.00.18:374][187]LogModuleManager: Shutting down and abandoning module Android_MultiTargetPlatform (99)
[2018.06.16-21.00.18:374][187]LogModuleManager: Shutting down and abandoning module Android_ETC2TargetPlatform (97)
[2018.06.16-21.00.18:374][187]LogModuleManager: Shutting down and abandoning module Android_ETC1TargetPlatform (95)
[2018.06.16-21.00.18:374][187]LogModuleManager: Shutting down and abandoning module Android_ETC1aTargetPlatform (93)
[2018.06.16-21.00.18:374][187]LogModuleManager: Shutting down and abandoning module Android_DXTTargetPlatform (91)
[2018.06.16-21.00.18:374][187]LogModuleManager: Shutting down and abandoning module Android_ATCTargetPlatform (89)
[2018.06.16-21.00.18:375][187]LogModuleManager: Shutting down and abandoning module Android_ASTCTargetPlatform (87)
[2018.06.16-21.00.18:375][187]LogModuleManager: Shutting down and abandoning module WindowsTargetPlatform (85)
[2018.06.16-21.00.18:375][187]LogModuleManager: Shutting down and abandoning module WindowsServerTargetPlatform (83)
[2018.06.16-21.00.18:375][187]LogModuleManager: Shutting down and abandoning module WindowsNoEditorTargetPlatform (81)
[2018.06.16-21.00.18:375][187]LogModuleManager: Shutting down and abandoning module WindowsClientTargetPlatform (79)
[2018.06.16-21.00.18:375][187]LogModuleManager: Shutting down and abandoning module MacTargetPlatform (77)
[2018.06.16-21.00.18:375][187]LogModuleManager: Shutting down and abandoning module MacServerTargetPlatform (75)
[2018.06.16-21.00.18:375][187]LogModuleManager: Shutting down and abandoning module MacNoEditorTargetPlatform (73)
[2018.06.16-21.00.18:375][187]LogModuleManager: Shutting down and abandoning module MacClientTargetPlatform (71)
[2018.06.16-21.00.18:375][187]LogModuleManager: Shutting down and abandoning module AllDesktopTargetPlatform (69)
[2018.06.16-21.00.18:375][187]LogModuleManager: Shutting down and abandoning module InputCore (66)
[2018.06.16-21.00.18:375][187]LogModuleManager: Shutting down and abandoning module Settings (64)
[2018.06.16-21.00.18:375][187]LogModuleManager: Shutting down and abandoning module PhysXCooking (62)
[2018.06.16-21.00.18:375][187]LogModuleManager: Shutting down and abandoning module SteamVR (60)
[2018.06.16-21.00.18:375][187]LogModuleManager: Shutting down and abandoning module OculusHMD (58)
[2018.06.16-21.00.18:375][187]LogModuleManager: Shutting down and abandoning module ExampleDeviceProfileSelector (56)
[2018.06.16-21.00.18:375][187]LogModuleManager: Shutting down and abandoning module AppleARKit (54)
[2018.06.16-21.00.18:375][187]LogModuleManager: Shutting down and abandoning module AugmentedReality (51)
[2018.06.16-21.00.18:375][187]LogModuleManager: Shutting down and abandoning module OnlineBlueprintSupport (48)
[2018.06.16-21.00.18:375][187]LogModuleManager: Shutting down and abandoning module OnlineSubsystem (44)
[2018.06.16-21.00.18:376][187]LogModuleManager: Shutting down and abandoning module XMPP (43)
[2018.06.16-21.00.18:376][187]LogModuleManager: Shutting down and abandoning module HTTP (41)
[2018.06.16-21.00.18:376][187]LogHttp: Display: Http module shutting down, but needs to wait on 1 outstanding Http requests:
[2018.06.16-21.00.18:376][187]LogHttp: Display: 	verb=[POST] url=[https://datarouter.ol.epicgames.com/datarouter/api/v1/public/data?SessionID=%7B024E60B9-4CE8-EFAA-DD07-669F5800EC52%7D&AppID=UEEditor.Rocket.Release&AppVersion=4.19.2-4033788%2B%2B%2BUE4%2BRelease-4.19&UserID=330e5a2045c304c2f1ffdaa4d7811232%7Ca345ad7d4f264abe80dce6b88bd1a870%7Ccc0720a3-79ea-43b1-afa5-0b7f4a7b1b30&AppEnvironment=datacollector-binary&UploadType=eteventstream] status=Processing
[2018.06.16-21.00.18:394][187]LogModuleManager: Shutting down and abandoning module SSL (40)
[2018.06.16-21.00.18:396][187]LogModuleManager: Shutting down and abandoning module AnimationModifiers (36)
[2018.06.16-21.00.18:397][187]LogModuleManager: Shutting down and abandoning module PropertyEditor (35)
[2018.06.16-21.00.18:397][187]LogModuleManager: Shutting down and abandoning module AudioEditor (32)
[2018.06.16-21.00.18:397][187]LogModuleManager: Shutting down and abandoning module TextureCompressor (30)
[2018.06.16-21.00.18:397][187]LogModuleManager: Shutting down and abandoning module ShaderCore (28)
[2018.06.16-21.00.18:397][187]LogModuleManager: Shutting down and abandoning module Landscape (26)
[2018.06.16-21.00.18:397][187]LogModuleManager: Shutting down and abandoning module SlateRHIRenderer (24)
[2018.06.16-21.00.18:400][187]LogModuleManager: Shutting down and abandoning module OpenGLDrv (22)
[2018.06.16-21.00.18:400][187]LogModuleManager: Shutting down and abandoning module D3D11RHI (20)
[2018.06.16-21.00.18:400][187]LogModuleManager: Shutting down and abandoning module AnimGraphRuntime (18)
[2018.06.16-21.00.18:400][187]LogModuleManager: Shutting down and abandoning module Renderer (16)
[2018.06.16-21.00.18:400][187]LogModuleManager: Shutting down and abandoning module Engine (14)
[2018.06.16-21.00.18:400][187]LogModuleManager: Shutting down and abandoning module CoreUObject (12)
[2018.06.16-21.00.18:400][187]LogModuleManager: Shutting down and abandoning module NetworkFile (10)
[2018.06.16-21.00.18:400][187]LogModuleManager: Shutting down and abandoning module CookedIterativeFile (8)
[2018.06.16-21.00.18:400][187]LogModuleManager: Shutting down and abandoning module StreamingFile (6)
[2018.06.16-21.00.18:400][187]LogModuleManager: Shutting down and abandoning module SandboxFile (4)
[2018.06.16-21.00.18:400][187]LogModuleManager: Shutting down and abandoning module PakFile (2)
[2018.06.16-21.00.18:415][187]LogExit: Exiting.
[2018.06.16-21.00.18:538][187]Log file closed, 06/16/18 18:00:18
