Log file open, 04/20/18 18:53:33
LogWindows: Failed to load 'aqProf.dll' (GetLastError=126)
LogWindows: File 'aqProf.dll' does not exist
LogWindows: Failed to load 'VSPerf140.dll' (GetLastError=126)
LogWindows: File 'VSPerf140.dll' does not exist
LogWindows: Failed to load 'VtuneApi.dll' (GetLastError=126)
LogWindows: File 'VtuneApi.dll' does not exist
LogWindows: Failed to load 'VtuneApi32e.dll' (GetLastError=126)
LogWindows: File 'VtuneApi32e.dll' does not exist
LogInit: Display: Running engine for game: SotW
LogPlatformFile: Not using cached read wrapper
LogInit: Display: RandInit(-1322046109) SRandInit(-1322046109).
LogInit: Read version file with build ID '3944462'
LogInit: Overriding engine version to CL 3944462, compatible CL 3944462
LogInit: Registered custom module enumerator with build ID '3944462'
LogTaskGraph: Started task graph with 5 named threads and 14 total threads with 3 sets of task threads.
LogStats: Stats thread started at 0.206724
LogD3D11RHI: Aftermath initialized
LogICUInternationalization: Display: ICU TimeZone Detection - Raw Offset: -3:00, Platform Override: ''
LogModuleManager: Display: Found up-to-date module file ../../../Engine/Plugins/2D/Paper2D/Binaries/Win64/UE4Editor-Paper2D.dll (API version 3944462).
LogModuleManager: Display: Found up-to-date module file ../../../Engine/Plugins/2D/Paper2D/Binaries/Win64/UE4Editor-Paper2DEditor.dll (API version 3944462).
LogModuleManager: Display: Found up-to-date module file ../../../Engine/Plugins/2D/Paper2D/Binaries/Win64/UE4Editor-PaperSpriteSheetImporter.dll (API version 3944462).
LogModuleManager: Display: Found up-to-date module file ../../../Engine/Plugins/2D/Paper2D/Binaries/Win64/UE4Editor-PaperTiledImporter.dll (API version 3944462).
LogModuleManager: Display: Found up-to-date module file ../../../Engine/Plugins/2D/Paper2D/Binaries/Win64/UE4Editor-SmartSnapping.dll (API version 3944462).
LogModuleManager: Display: Found up-to-date module file ../../../Engine/Plugins/Marketplace/JSONParser/Binaries/Win64/UE4Editor-JSONParser.dll (API version 3944462).
LogModuleManager: Display: Found up-to-date module file ../../../Engine/Plugins/Marketplace/DlgSystem/Binaries/Win64/UE4Editor-DlgSystem.dll (API version 3944462).
LogModuleManager: Display: Found up-to-date module file ../../../Engine/Plugins/Marketplace/DlgSystem/Binaries/Win64/UE4Editor-DlgSystemEditor.dll (API version 3944462).
LogModuleManager: Display: Found up-to-date module file ../../../Engine/Plugins/Blendables/LightPropagationVolume/Binaries/Win64/UE4Editor-LightPropagationVolumeRuntime.dll (API version 3944462).
LogModuleManager: Display: Found up-to-date module file ../../../Engine/Plugins/Blendables/LightPropagationVolume/Binaries/Win64/UE4Editor-LightPropagationVolumeEditor.dll (API version 3944462).
LogModuleManager: Display: Found up-to-date module file ../../../Engine/Plugins/Developer/CLionSourceCodeAccess/Binaries/Win64/UE4Editor-CLionSourceCodeAccess.dll (API version 3944462).
LogModuleManager: Display: Found up-to-date module file ../../../Engine/Plugins/Developer/GitSourceControl/Binaries/Win64/UE4Editor-GitSourceControl.dll (API version 3944462).
LogModuleManager: Display: Found up-to-date module file ../../../Engine/Plugins/Developer/PerforceSourceControl/Binaries/Win64/UE4Editor-PerforceSourceControl.dll (API version 3944462).
LogModuleManager: Display: Found up-to-date module file ../../../Engine/Plugins/Developer/SubversionSourceControl/Binaries/Win64/UE4Editor-SubversionSourceControl.dll (API version 3944462).
LogModuleManager: Display: Found up-to-date module file ../../../Engine/Plugins/Developer/UObjectPlugin/Binaries/Win64/UE4Editor-UObjectPlugin.dll (API version 3944462).
LogModuleManager: Display: Found up-to-date module file ../../../Engine/Plugins/Developer/VisualStudioCodeSourceCodeAccess/Binaries/Win64/UE4Editor-VisualStudioCodeSourceCodeAccess.dll (API version 3944462).
LogModuleManager: Display: Found up-to-date module file ../../../Engine/Plugins/Developer/VisualStudioSourceCodeAccess/Binaries/Win64/UE4Editor-VisualStudioSourceCodeAccess.dll (API version 3944462).
LogModuleManager: Display: Found up-to-date module file ../../../Engine/Plugins/Editor/AssetManagerEditor/Binaries/Win64/UE4Editor-AssetManagerEditor.dll (API version 3944462).
LogModuleManager: Display: Found up-to-date module file ../../../Engine/Plugins/Editor/CryptoKeys/Binaries/Win64/UE4Editor-CryptoKeys.dll (API version 3944462).
LogModuleManager: Display: Found up-to-date module file ../../../Engine/Plugins/Editor/CryptoKeys/Binaries/Win64/UE4Editor-CryptoKeysOpenSSL.dll (API version 3944462).
LogModuleManager: Display: Found up-to-date module file ../../../Engine/Plugins/Editor/DataValidation/Binaries/Win64/UE4Editor-DataValidation.dll (API version 3944462).
LogModuleManager: Display: Found up-to-date module file ../../../Engine/Plugins/Editor/FacialAnimation/Binaries/Win64/UE4Editor-FacialAnimation.dll (API version 3944462).
LogModuleManager: Display: Found up-to-date module file ../../../Engine/Plugins/Editor/FacialAnimation/Binaries/Win64/UE4Editor-FacialAnimationEditor.dll (API version 3944462).
LogModuleManager: Display: Found up-to-date module file ../../../Engine/Plugins/Editor/GameplayTagsEditor/Binaries/Win64/UE4Editor-GameplayTagsEditor.dll (API version 3944462).
LogModuleManager: Display: Found up-to-date module file ../../../Engine/Plugins/Editor/MobileLauncherProfileWizard/Binaries/Win64/UE4Editor-MobileLauncherProfileWizard.dll (API version 3944462).
LogModuleManager: Display: Found up-to-date module file ../../../Engine/Plugins/Editor/PluginBrowser/Binaries/Win64/UE4Editor-PluginBrowser.dll (API version 3944462).
LogModuleManager: Display: Found up-to-date module file ../../../Engine/Plugins/Editor/SpeedTreeImporter/Binaries/Win64/UE4Editor-SpeedTreeImporter.dll (API version 3944462).
LogModuleManager: Display: Found up-to-date module file ../../../Engine/Plugins/Enterprise/DatasmithContent/Binaries/Win64/UE4Editor-DatasmithContent.dll (API version 3944462).
LogModuleManager: Display: Found up-to-date module file ../../../Engine/Plugins/Experimental/AlembicImporter/Binaries/Win64/UE4Editor-AlembicImporter.dll (API version 3944462).
LogModuleManager: Display: Found up-to-date module file ../../../Engine/Plugins/Experimental/AlembicImporter/Binaries/Win64/UE4Editor-AlembicLibrary.dll (API version 3944462).
LogModuleManager: Display: Found up-to-date module file ../../../Engine/Plugins/Experimental/CharacterAI/Binaries/Win64/UE4Editor-CharacterAI.dll (API version 3944462).
LogModuleManager: Display: Found up-to-date module file ../../../Engine/Plugins/Experimental/HTML5Networking/Binaries/Win64/UE4Editor-HTML5Networking.dll (API version 3944462).
LogModuleManager: Display: Found up-to-date module file ../../../Engine/Plugins/Media/AndroidMedia/Binaries/Win64/UE4Editor-AndroidMediaEditor.dll (API version 3944462).
LogModuleManager: Display: Found up-to-date module file ../../../Engine/Plugins/Media/AndroidMedia/Binaries/Win64/UE4Editor-AndroidMediaFactory.dll (API version 3944462).
LogModuleManager: Display: Found up-to-date module file ../../../Engine/Plugins/Media/AvfMedia/Binaries/Win64/UE4Editor-AvfMediaEditor.dll (API version 3944462).
LogModuleManager: Display: Found up-to-date module file ../../../Engine/Plugins/Media/AvfMedia/Binaries/Win64/UE4Editor-AvfMediaFactory.dll (API version 3944462).
LogModuleManager: Display: Found up-to-date module file ../../../Engine/Plugins/Media/AvfMedia/Binaries/Win64/UE4Editor-AvfMediaFactory.dll (API version 3944462).
LogModuleManager: Display: Found up-to-date module file ../../../Engine/Plugins/Media/ImgMedia/Binaries/Win64/UE4Editor-ImgMedia.dll (API version 3944462).
LogModuleManager: Display: Found up-to-date module file ../../../Engine/Plugins/Media/ImgMedia/Binaries/Win64/UE4Editor-ImgMediaEditor.dll (API version 3944462).
LogModuleManager: Display: Found up-to-date module file ../../../Engine/Plugins/Media/ImgMedia/Binaries/Win64/UE4Editor-ImgMediaFactory.dll (API version 3944462).
LogModuleManager: Display: Found up-to-date module file ../../../Engine/Plugins/Media/ImgMedia/Binaries/Win64/UE4Editor-ImgMediaFactory.dll (API version 3944462).
LogModuleManager: Display: Found up-to-date module file ../../../Engine/Plugins/Media/ImgMedia/Binaries/Win64/UE4Editor-OpenExrWrapper.dll (API version 3944462).
LogModuleManager: Display: Found up-to-date module file ../../../Engine/Plugins/Media/LinearTimecode/Binaries/Win64/UE4Editor-LinearTimecode.dll (API version 3944462).
LogModuleManager: Display: Found up-to-date module file ../../../Engine/Plugins/Media/MediaCompositing/Binaries/Win64/UE4Editor-MediaCompositing.dll (API version 3944462).
LogModuleManager: Display: Found up-to-date module file ../../../Engine/Plugins/Media/MediaCompositing/Binaries/Win64/UE4Editor-MediaCompositingEditor.dll (API version 3944462).
LogModuleManager: Display: Found up-to-date module file ../../../Engine/Plugins/Media/MediaPlayerEditor/Binaries/Win64/UE4Editor-MediaPlayerEditor.dll (API version 3944462).
LogModuleManager: Display: Found up-to-date module file ../../../Engine/Plugins/Media/WmfMedia/Binaries/Win64/UE4Editor-WmfMedia.dll (API version 3944462).
LogModuleManager: Display: Found up-to-date module file ../../../Engine/Plugins/Media/WmfMedia/Binaries/Win64/UE4Editor-WmfMediaEditor.dll (API version 3944462).
LogModuleManager: Display: Found up-to-date module file ../../../Engine/Plugins/Media/WmfMedia/Binaries/Win64/UE4Editor-WmfMediaFactory.dll (API version 3944462).
LogModuleManager: Display: Found up-to-date module file ../../../Engine/Plugins/Media/WmfMedia/Binaries/Win64/UE4Editor-WmfMediaFactory.dll (API version 3944462).
LogModuleManager: Display: Found up-to-date module file ../../../Engine/Plugins/Messaging/TcpMessaging/Binaries/Win64/UE4Editor-TcpMessaging.dll (API version 3944462).
LogModuleManager: Display: Found up-to-date module file ../../../Engine/Plugins/Messaging/UdpMessaging/Binaries/Win64/UE4Editor-UdpMessaging.dll (API version 3944462).
LogModuleManager: Display: Found up-to-date module file ../../../Engine/Plugins/MovieScene/ActorSequence/Binaries/Win64/UE4Editor-ActorSequence.dll (API version 3944462).
LogModuleManager: Display: Found up-to-date module file ../../../Engine/Plugins/MovieScene/LevelSequenceEditor/Binaries/Win64/UE4Editor-LevelSequenceEditor.dll (API version 3944462).
LogModuleManager: Display: Found up-to-date module file ../../../Engine/Plugins/MovieScene/MatineeToLevelSequence/Binaries/Win64/UE4Editor-MatineeToLevelSequence.dll (API version 3944462).
LogModuleManager: Display: Found up-to-date module file ../../../Engine/Plugins/NetcodeUnitTest/NetcodeUnitTest/Binaries/Win64/UE4Editor-NetcodeUnitTest.dll (API version 3944462).
LogModuleManager: Display: Found up-to-date module file ../../../Engine/Plugins/NetcodeUnitTest/NUTUnrealEngine4/Binaries/Win64/UE4Editor-NUTUnrealEngine4.dll (API version 3944462).
LogModuleManager: Display: Found up-to-date module file ../../../Engine/Plugins/Online/OnlineSubsystem/Binaries/Win64/UE4Editor-OnlineSubsystem.dll (API version 3944462).
LogModuleManager: Display: Found up-to-date module file ../../../Engine/Plugins/Runtime/AndroidPermission/Binaries/Win64/UE4Editor-AndroidPermission.dll (API version 3944462).
LogModuleManager: Display: Found up-to-date module file ../../../Engine/Plugins/Online/OnlineSubsystemNull/Binaries/Win64/UE4Editor-OnlineSubsystemNull.dll (API version 3944462).
LogModuleManager: Display: Found up-to-date module file ../../../Engine/Plugins/Online/OnlineSubsystemUtils/Binaries/Win64/UE4Editor-OnlineSubsystemUtils.dll (API version 3944462).
LogModuleManager: Display: Found up-to-date module file ../../../Engine/Plugins/Online/OnlineSubsystemUtils/Binaries/Win64/UE4Editor-OnlineBlueprintSupport.dll (API version 3944462).
LogModuleManager: Display: Found up-to-date module file ../../../Engine/Plugins/Runtime/AndroidDeviceProfileSelector/Binaries/Win64/UE4Editor-AndroidDeviceProfileSelector.dll (API version 3944462).
LogModuleManager: Display: Found up-to-date module file ../../../Engine/Plugins/Runtime/AppleARKit/Binaries/Win64/UE4Editor-AppleARKit.dll (API version 3944462).
LogModuleManager: Display: Found up-to-date module file ../../../Engine/Plugins/Runtime/ProceduralMeshComponent/Binaries/Win64/UE4Editor-ProceduralMeshComponent.dll (API version 3944462).
LogModuleManager: Display: Found up-to-date module file ../../../Engine/Plugins/Runtime/ProceduralMeshComponent/Binaries/Win64/UE4Editor-ProceduralMeshComponentEditor.dll (API version 3944462).
LogModuleManager: Display: Found up-to-date module file ../../../Engine/Plugins/Animation/LiveLink/Binaries/Win64/UE4Editor-LiveLink.dll (API version 3944462).
LogModuleManager: Display: Found up-to-date module file ../../../Engine/Plugins/Animation/LiveLink/Binaries/Win64/UE4Editor-LiveLinkEditor.dll (API version 3944462).
LogModuleManager: Display: Found up-to-date module file ../../../Engine/Plugins/Runtime/ArchVisCharacter/Binaries/Win64/UE4Editor-ArchVisCharacter.dll (API version 3944462).
LogModuleManager: Display: Found up-to-date module file ../../../Engine/Plugins/Runtime/AudioCapture/Binaries/Win64/UE4Editor-AudioCapture.dll (API version 3944462).
LogModuleManager: Display: Found up-to-date module file ../../../Engine/Plugins/Runtime/AudioCapture/Binaries/Win64/UE4Editor-AudioCaptureEditor.dll (API version 3944462).
LogModuleManager: Display: Found up-to-date module file ../../../Engine/Plugins/Runtime/CableComponent/Binaries/Win64/UE4Editor-CableComponent.dll (API version 3944462).
LogModuleManager: Display: Found up-to-date module file ../../../Engine/Plugins/Runtime/CustomMeshComponent/Binaries/Win64/UE4Editor-CustomMeshComponent.dll (API version 3944462).
LogModuleManager: Display: Found up-to-date module file ../../../Engine/Plugins/Runtime/ExampleDeviceProfileSelector/Binaries/Win64/UE4Editor-ExampleDeviceProfileSelector.dll (API version 3944462).
LogModuleManager: Display: Found up-to-date module file ../../../Engine/Plugins/Runtime/ImmediatePhysics/Binaries/Win64/UE4Editor-ImmediatePhysics.dll (API version 3944462).
LogModuleManager: Display: Found up-to-date module file ../../../Engine/Plugins/Runtime/ImmediatePhysics/Binaries/Win64/UE4Editor-ImmediatePhysicsEditor.dll (API version 3944462).
LogModuleManager: Display: Found up-to-date module file ../../../Engine/Plugins/Runtime/LocationServicesBPLibrary/Binaries/Win64/UE4Editor-LocationServicesBPLibrary.dll (API version 3944462).
LogModuleManager: Display: Found up-to-date module file ../../../Engine/Plugins/Runtime/MobilePatchingUtils/Binaries/Win64/UE4Editor-MobilePatchingUtils.dll (API version 3944462).
LogModuleManager: Display: Found up-to-date module file ../../../Engine/Plugins/Runtime/Oculus/OculusVR/Binaries/Win64/UE4Editor-OculusHMD.dll (API version 3944462).
LogModuleManager: Display: Found up-to-date module file ../../../Engine/Plugins/Runtime/Oculus/OculusVR/Binaries/Win64/UE4Editor-OculusInput.dll (API version 3944462).
LogModuleManager: Display: Found up-to-date module file ../../../Engine/Plugins/Runtime/Oculus/OculusVR/Binaries/Win64/UE4Editor-OculusEditor.dll (API version 3944462).
LogModuleManager: Display: Found up-to-date module file ../../../Engine/Plugins/Runtime/PhysXVehicles/Binaries/Win64/UE4Editor-PhysXVehicles.dll (API version 3944462).
LogModuleManager: Display: Found up-to-date module file ../../../Engine/Plugins/Runtime/PhysXVehicles/Binaries/Win64/UE4Editor-PhysXVehiclesEditor.dll (API version 3944462).
LogModuleManager: Display: Found up-to-date module file ../../../Engine/Plugins/Runtime/RuntimePhysXCooking/Binaries/Win64/UE4Editor-RuntimePhysXCooking.dll (API version 3944462).
LogModuleManager: Display: Found up-to-date module file ../../../Engine/Plugins/Runtime/Steam/SteamVR/Binaries/Win64/UE4Editor-SteamVR.dll (API version 3944462).
LogModuleManager: Display: Found up-to-date module file ../../../Engine/Plugins/Runtime/Steam/SteamVR/Binaries/Win64/UE4Editor-SteamVRController.dll (API version 3944462).
LogModuleManager: Display: Found up-to-date module file ../../../Engine/Plugins/Runtime/WindowsMoviePlayer/Binaries/Win64/UE4Editor-WindowsMoviePlayer.dll (API version 3944462).
LogPluginManager: Mounting plugin Paper2D
LogPluginManager: Mounting plugin LiveLink
LogPluginManager: Mounting plugin LightPropagationVolume
LogPluginManager: Mounting plugin CLionSourceCodeAccess
LogPluginManager: Mounting plugin CodeLiteSourceCodeAccess
LogPluginManager: Mounting plugin GitSourceControl
LogPluginManager: Mounting plugin KDevelopSourceCodeAccess
LogPluginManager: Mounting plugin NullSourceCodeAccess
LogPluginManager: Mounting plugin PerforceSourceControl
LogPluginManager: Mounting plugin SubversionSourceControl
LogPluginManager: Mounting plugin UObjectPlugin
LogPluginManager: Mounting plugin VisualStudioCodeSourceCodeAccess
LogPluginManager: Mounting plugin VisualStudioSourceCodeAccess
LogPluginManager: Mounting plugin XCodeSourceCodeAccess
LogPluginManager: Mounting plugin AssetManagerEditor
LogPluginManager: Mounting plugin CryptoKeys
LogPluginManager: Mounting plugin DataValidation
LogPluginManager: Mounting plugin FacialAnimation
LogPluginManager: Mounting plugin GameplayTagsEditor
LogPluginManager: Mounting plugin MobileLauncherProfileWizard
LogPluginManager: Mounting plugin PluginBrowser
LogPluginManager: Mounting plugin SpeedTreeImporter
LogPluginManager: Mounting plugin DatasmithContent
LogPluginManager: Mounting plugin AlembicImporter
LogPluginManager: Mounting plugin CharacterAI
LogPluginManager: Mounting plugin HTML5Networking
LogPluginManager: Mounting plugin DlgSystem
LogPluginManager: Mounting plugin JSONParser
LogPluginManager: Mounting plugin AndroidMedia
LogPluginManager: Mounting plugin AvfMedia
LogPluginManager: Mounting plugin ImgMedia
LogPluginManager: Mounting plugin LinearTimecode
LogPluginManager: Mounting plugin MediaCompositing
LogPluginManager: Mounting plugin MediaPlayerEditor
LogPluginManager: Mounting plugin WmfMedia
LogPluginManager: Mounting plugin TcpMessaging
LogPluginManager: Mounting plugin UdpMessaging
LogPluginManager: Mounting plugin ActorSequence
LogPluginManager: Mounting plugin LevelSequenceEditor
LogPluginManager: Mounting plugin MatineeToLevelSequence
LogPluginManager: Mounting plugin NetcodeUnitTest
LogPluginManager: Mounting plugin NUTUnrealEngine4
LogPluginManager: Mounting plugin OnlineSubsystemGooglePlay
LogPluginManager: Mounting plugin OnlineSubsystemIOS
LogPluginManager: Mounting plugin OnlineSubsystem
LogPluginManager: Mounting plugin OnlineSubsystemNull
LogPluginManager: Mounting plugin OnlineSubsystemUtils
LogPluginManager: Mounting plugin AndroidDeviceProfileSelector
LogPluginManager: Mounting plugin AndroidMoviePlayer
LogPluginManager: Mounting plugin AndroidPermission
LogPluginManager: Mounting plugin AppleARKit
LogPluginManager: Mounting plugin AppleMoviePlayer
LogPluginManager: Mounting plugin ArchVisCharacter
LogPluginManager: Mounting plugin AudioCapture
LogPluginManager: Mounting plugin CableComponent
LogPluginManager: Mounting plugin CustomMeshComponent
LogPluginManager: Mounting plugin ExampleDeviceProfileSelector
LogPluginManager: Mounting plugin GoogleCloudMessaging
LogPluginManager: Mounting plugin ImmediatePhysics
LogPluginManager: Mounting plugin IOSDeviceProfileSelector
LogPluginManager: Mounting plugin LinuxDeviceProfileSelector
LogPluginManager: Mounting plugin LocationServicesBPLibrary
LogPluginManager: Mounting plugin MobilePatchingUtils
LogPluginManager: Mounting plugin OculusVR
LogPluginManager: Plugin shader directory ../../../Engine/Plugins/Runtime/Oculus/OculusVR/Shaders found
LogPluginManager: Mapping shader source directory ../../../Engine/Plugins/Runtime/Oculus/OculusVR/Shaders to virtual directory /Plugin/OculusVR
LogPluginManager: Mounting plugin PhysXVehicles
LogPluginManager: Mounting plugin ProceduralMeshComponent
LogPluginManager: Mounting plugin RuntimePhysXCooking
LogPluginManager: Mounting plugin SteamVR
LogPluginManager: Mounting plugin WindowsMoviePlayer
LogStreaming: Display: Took  3.763s to configure plugins.
LogInit: Using libcurl 7.47.1
LogInit:  - built for x86_64-pc-win32
LogInit:  - supports SSL with OpenSSL/1.0.2g
LogInit:  - supports HTTP deflate (compression) using libz 1.2.8
LogInit:  - other features:
LogInit:      CURL_VERSION_SSL
LogInit:      CURL_VERSION_LIBZ
LogInit:      CURL_VERSION_IPV6
LogInit:      CURL_VERSION_ASYNCHDNS
LogInit:      CURL_VERSION_LARGEFILE
LogInit:      CURL_VERSION_IDN
LogInit:  CurlRequestOptions (configurable via config and command line):
LogInit:  - bVerifyPeer = false  - Libcurl will NOT verify peer certificate
LogInit:  - bUseHttpProxy = false  - Libcurl will NOT use HTTP proxy
LogInit:  - bDontReuseConnections = false  - Libcurl will reuse connections
LogInit:  - CertBundlePath = nullptr  - Libcurl will use whatever was configured at build time.
LogInit:  - MaxHostConnections = 16  - Libcurl will limit the number of connections to a host
LogInit:  - LocalHostAddr = Default
LogInit: WinSock: version 1.1 (2.2), MaxSocks=32767, MaxUdp=65467
LogInit: WinSock: I am DESKTOP-J55RO49 (192.168.0.107:0)
LogInit: Build: ++UE4+Release-4.19-CL-3944462
LogInit: Engine Version: 4.19.0-3944462+++UE4+Release-4.19
LogInit: Compatible Engine Version: 4.19.0-3944462+++UE4+Release-4.19
LogInit: Net CL: 3944462
LogDevObjectVersion: Number of dev versions registered: 18
LogDevObjectVersion:   Dev-Blueprints (B0D832E4-1F89-4F0D-ACCF-7EB736FD4AA2): 10
LogDevObjectVersion:   Dev-Build (E1C64328-A22C-4D53-A36C-8E866417BD8C): 0
LogDevObjectVersion:   Dev-Core (375EC13C-06E4-48FB-B500-84F0262A717E): 2
LogDevObjectVersion:   Dev-Editor (E4B068ED-F494-42E9-A231-DA0B2E46BB41): 23
LogDevObjectVersion:   Dev-Framework (CFFC743F-43B0-4480-9391-14DF171D2073): 33
LogDevObjectVersion:   Dev-Mobile (B02B49B5-BB20-44E9-A304-32B752E40360): 2
LogDevObjectVersion:   Dev-Networking (A4E4105C-59A1-49B5-A7C5-40C4547EDFEE): 0
LogDevObjectVersion:   Dev-Online (39C831C9-5AE6-47DC-9A44-9C173E1C8E7C): 0
LogDevObjectVersion:   Dev-Physics (78F01B33-EBEA-4F98-B9B4-84EACCB95AA2): 0
LogDevObjectVersion:   Dev-Platform (6631380F-2D4D-43E0-8009-CF276956A95A): 0
LogDevObjectVersion:   Dev-Rendering (12F88B9F-8875-4AFC-A67C-D90C383ABD29): 25
LogDevObjectVersion:   Dev-Sequencer (7B5AE74C-D270-4C10-A958-57980B212A5A): 6
LogDevObjectVersion:   Dev-VR (D7296918-1DD6-4BDD-9DE2-64A83CC13884): 1
LogDevObjectVersion:   Dev-LoadTimes (C2A15278-BFE7-4AFE-6C17-90FF531DF755): 1
LogDevObjectVersion:   Private-Geometry (6EACA3D4-40EC-4CC1-B786-8BED09428FC5): 2
LogDevObjectVersion:   Dev-AnimPhys (29E575DD-E0A3-4627-9D10-D276232CDCEA): 16
LogDevObjectVersion:   Dev-ReflectionCapture (6B266CEC-1EC7-4B8F-A30B-E4D90942FC07): 1
LogDevObjectVersion:   Dev-Automation (0DF73D61-A23F-47EA-B727-89E90C41499A): 1
LogInit: Compiled (64-bit): Mar 13 2018 23:12:32
LogInit: Compiled with Visual C++: 19.00.24215.01
LogInit: Build Configuration: Development
LogInit: Branch Name: ++UE4+Release-4.19
LogInit: Command Line: 
LogInit: Base Directory: C:/Program Files/Epic Games/UE_4.19/Engine/Binaries/Win64/
LogInit: Installed Engine Build: 1
LogStreaming: Display: Took  0.004s to delete old logs.
LogInit: Presizing for max 8388607 objects, including 0 objects not considered by GC, pre-allocating 0 bytes for permanent pool.
LogInit: Object subsystem initialized
[2018.04.20-21.53.37:758][  0]LogInit: Selected Device Profile: [Windows]
[2018.04.20-21.53.37:758][  0]LogInit: Applying CVar settings loaded from the selected device profile: [Windows]
[2018.04.20-21.53.37:788][  0]LogInit: Computer: DESKTOP-J55RO49
[2018.04.20-21.53.37:788][  0]LogInit: User: Franco
[2018.04.20-21.53.37:788][  0]LogInit: CPU Page size=4096, Cores=4
[2018.04.20-21.53.37:788][  0]LogInit: High frequency timer resolution =3.134208 MHz
[2018.04.20-21.53.37:788][  0]LogMemory: Memory total: Physical=8.0GB (8GB approx)
[2018.04.20-21.53.37:788][  0]LogMemory: Platform Memory Stats for Windows
[2018.04.20-21.53.37:788][  0]LogMemory: Process Physical Memory: 274.80 MB used, 274.80 MB peak
[2018.04.20-21.53.37:788][  0]LogMemory: Process Virtual Memory: 263.90 MB used, 263.90 MB peak
[2018.04.20-21.53.37:788][  0]LogMemory: Physical Memory: 2950.49 MB used,  5193.94 MB free, 8144.43 MB total
[2018.04.20-21.53.37:788][  0]LogMemory: Virtual Memory: 686.35 MB used,  5193.94 MB free, 134217728.00 MB total
[2018.04.20-21.53.37:835][  0]LogInit: Using OS detected language (en-US).
[2018.04.20-21.53.37:835][  0]LogInit: Using OS detected locale (en-US).
[2018.04.20-21.53.37:844][  0]LogTextLocalizationManager: No specific localization for 'en-US' exists, so the 'en' localization will be used.
[2018.04.20-21.53.38:293][  0]LogStreaming: Display: Took  0.458s to EndInitTextLocalization.
[2018.04.20-21.53.38:293][  0]LogInit: Setting process to per monitor DPI aware
[2018.04.20-21.53.38:343][  0]LogSlate: New Slate User Created.  User Index 0, Is Virtual User: 0
[2018.04.20-21.53.38:343][  0]LogSlate: Slate User Registered.  User Index 0, Is Virtual User: 0
[2018.04.20-21.53.38:864][  0]LogD3D11RHI: D3D11 adapters:
[2018.04.20-21.53.38:888][  0]LogD3D11RHI:    0. 'AMD Radeon HD 7700 Series' (Feature Level 11_0)
[2018.04.20-21.53.38:888][  0]LogD3D11RHI:       1004/0/4072 MB DedicatedVideo/DedicatedSystem/SharedSystem, Outputs:2, VendorId:0x1002
[2018.04.20-21.53.38:892][  0]LogD3D11RHI:    1. 'Microsoft Basic Render Driver' (Feature Level 11_0)
[2018.04.20-21.53.38:892][  0]LogD3D11RHI:       0/0/4072 MB DedicatedVideo/DedicatedSystem/SharedSystem, Outputs:0, VendorId:0x1414
[2018.04.20-21.53.38:892][  0]LogD3D11RHI: Chosen D3D11 Adapter: 0
[2018.04.20-21.53.38:898][  0]LogD3D11RHI: Creating new Direct3DDevice
[2018.04.20-21.53.38:898][  0]LogD3D11RHI:     GPU DeviceId: 0x683d (for the marketing name, search the web for "GPU Device Id")
[2018.04.20-21.53.38:898][  0]LogWindows: EnumDisplayDevices:
[2018.04.20-21.53.38:898][  0]LogWindows:    0. 'AMD Radeon HD 7700 Series' (P:0 D:1)
[2018.04.20-21.53.38:899][  0]LogWindows:    1. 'AMD Radeon HD 7700 Series' (P:1 D:1)
[2018.04.20-21.53.38:899][  0]LogWindows:    2. 'AMD Radeon HD 7700 Series' (P:0 D:0)
[2018.04.20-21.53.38:899][  0]LogWindows:    3. 'AMD Radeon HD 7700 Series' (P:0 D:0)
[2018.04.20-21.53.38:899][  0]LogWindows:    4. 'AMD Radeon HD 7700 Series' (P:0 D:0)
[2018.04.20-21.53.38:900][  0]LogWindows:    5. 'AMD Radeon HD 7700 Series' (P:0 D:0)
[2018.04.20-21.53.38:900][  0]LogWindows: DebugString: GetVideoDriverDetailsInvalid PrimaryIsNotTheChoosenAdapter GetVideoDriverDetailsInvalid PrimaryIsNotTheChoosenAdapter GetVideoDriverDetailsInvalid PrimaryIsNotTheChoosenAdapter GetVideoDriverDetailsInvalid PrimaryIsNotTheChoosenAdapter GetVideoDriverDetailsInvalid PrimaryIsNotTheChoosenAdapter GetVideoDriverDetailsInvalid PrimaryIsNotTheChoosenAdapter FoundDriverCount:0 
[2018.04.20-21.53.38:900][  0]LogD3D11RHI:     Adapter Name: AMD Radeon HD 7700 Series
[2018.04.20-21.53.38:900][  0]LogD3D11RHI:   Driver Version: Unknown (internal:Unknown, unified:Unknown)
[2018.04.20-21.53.38:900][  0]LogD3D11RHI:      Driver Date: Unknown
[2018.04.20-21.53.38:900][  0]LogRHI: Texture pool is 702 MB (70% of 1004 MB)
[2018.04.20-21.53.38:941][  0]LogD3D11RHI: Async texture creation enabled
[2018.04.20-21.53.38:954][  0]LogD3D11RHI: GPU Timing Frequency: 27.000000 (Debug: 2 1)
[2018.04.20-21.53.38:956][  0]LogShaderCompilers: Guid format shader working directory is -22 characters bigger than the processId version (../../../../../../Users/Franco/Documents/GameDevelopment/Son of the Wind/wind-samurai/Intermediate/Shaders/WorkingDirectory/6004/).
[2018.04.20-21.53.38:956][  0]LogShaderCompilers: Cleaned the shader compiler working directory 'C:/Users/Franco.DESKTOP-J55RO49/AppData/Local/Temp/UnrealShaderWorkingDir/92AF30924FB4B6F3A4A88EA404DAD637/'.
[2018.04.20-21.53.39:367][  0]LogTemp: Display: Loaded TP AllDesktopTargetPlatform
[2018.04.20-21.53.39:388][  0]LogTemp: Display: Loaded TP MacClientTargetPlatform
[2018.04.20-21.53.39:410][  0]LogTemp: Display: Loaded TP MacNoEditorTargetPlatform
[2018.04.20-21.53.39:433][  0]LogTemp: Display: Loaded TP MacServerTargetPlatform
[2018.04.20-21.53.39:455][  0]LogTemp: Display: Loaded TP MacTargetPlatform
[2018.04.20-21.53.39:477][  0]LogTemp: Display: Loaded TP WindowsClientTargetPlatform
[2018.04.20-21.53.39:498][  0]LogTemp: Display: Loaded TP WindowsNoEditorTargetPlatform
[2018.04.20-21.53.39:520][  0]LogTemp: Display: Loaded TP WindowsServerTargetPlatform
[2018.04.20-21.53.39:531][  0]LogTemp: Display: Loaded TP WindowsTargetPlatform
[2018.04.20-21.53.39:550][  0]LogTemp: Display: Loaded TP Android_ASTCTargetPlatform
[2018.04.20-21.53.39:570][  0]LogTemp: Display: Loaded TP Android_ATCTargetPlatform
[2018.04.20-21.53.39:589][  0]LogTemp: Display: Loaded TP Android_DXTTargetPlatform
[2018.04.20-21.53.39:608][  0]LogTemp: Display: Loaded TP Android_ETC1aTargetPlatform
[2018.04.20-21.53.39:627][  0]LogTemp: Display: Loaded TP Android_ETC1TargetPlatform
[2018.04.20-21.53.39:646][  0]LogTemp: Display: Loaded TP Android_ETC2TargetPlatform
[2018.04.20-21.53.39:685][  0]LogTemp: Display: Loaded TP Android_MultiTargetPlatform
[2018.04.20-21.53.39:685][  0]LogTemp: Display: Loaded TP Android_PVRTCTargetPlatform
[2018.04.20-21.53.39:705][  0]LogTemp: Display: Loaded TP AndroidTargetPlatform
[2018.04.20-21.53.39:710][  0]LogTemp: Display: Loaded TP HTML5TargetPlatform
[2018.04.20-21.53.39:758][  0]LogTemp: Display: Loaded TP IOSTargetPlatform
[2018.04.20-21.53.39:776][  0]LogTemp: Display: Loaded TP TVOSTargetPlatform
[2018.04.20-21.53.39:795][  0]LogTemp: Display: Loaded TP LinuxClientTargetPlatform
[2018.04.20-21.53.39:814][  0]LogTemp: Display: Loaded TP LinuxNoEditorTargetPlatform
[2018.04.20-21.53.39:833][  0]LogTemp: Display: Loaded TP LinuxServerTargetPlatform
[2018.04.20-21.53.39:853][  0]LogTemp: Display: Loaded TP LinuxTargetPlatform
[2018.04.20-21.53.39:853][  0]LogTargetPlatformManager: Display: Building Assets For Windows
[2018.04.20-21.53.40:177][  0]LogXGEController: Cannot use XGE Controller as Incredibuild is not installed on this machine.
[2018.04.20-21.53.40:177][  0]LogShaderCompilers: Cannot use XGE Shader Compiler as Incredibuild is not installed on this machine.
[2018.04.20-21.53.40:177][  0]LogShaderCompilers: Display: Using Local Shader Compiler.
[2018.04.20-21.53.41:446][  0]LogDerivedDataCache: Display: Max Cache Size: 512 MB
[2018.04.20-21.53.41:532][  0]LogDerivedDataCache: Loaded boot cache 0.09s 74MB C:/Users/Franco.DESKTOP-J55RO49/AppData/Local/UnrealEngine/4.19/DerivedDataCache/Boot.ddc.
[2018.04.20-21.53.41:532][  0]LogDerivedDataCache: Display: Loaded Boot cache: C:/Users/Franco.DESKTOP-J55RO49/AppData/Local/UnrealEngine/4.19/DerivedDataCache/Boot.ddc
[2018.04.20-21.53.41:532][  0]LogDerivedDataCache: FDerivedDataBackendGraph:  Pak pak cache file ../../../../../../Users/Franco/Documents/GameDevelopment/Son of the Wind/wind-samurai/DerivedDataCache/DDC.ddp not found, will not use a pak cache.
[2018.04.20-21.53.41:532][  0]LogDerivedDataCache: Unable to find inner node Pak for hierarchical cache Hierarchy.
[2018.04.20-21.53.41:532][  0]LogDerivedDataCache: FDerivedDataBackendGraph:  CompressedPak pak cache file ../../../../../../Users/Franco/Documents/GameDevelopment/Son of the Wind/wind-samurai/DerivedDataCache/Compressed.ddp not found, will not use a pak cache.
[2018.04.20-21.53.41:532][  0]LogDerivedDataCache: Unable to find inner node CompressedPak for hierarchical cache Hierarchy.
[2018.04.20-21.53.41:550][  0]LogDerivedDataCache: Display: Pak cache opened for reading ../../../Engine/DerivedDataCache/Compressed.ddp.
[2018.04.20-21.53.41:565][  0]LogDerivedDataCache: Using Local data cache path C:/Users/Franco.DESKTOP-J55RO49/AppData/Local/UnrealEngine/Common/DerivedDataCache: Writable
[2018.04.20-21.53.41:578][  0]LogMaterial: Verifying Global Shaders for PCD3D_SM5
[2018.04.20-21.53.41:578][  0]LogSlate: Using Freetype 2.6.0
[2018.04.20-21.53.41:580][  0]LogSlate: SlateFontCache - WITH_FREETYPE: 1, WITH_HARFBUZZ: 1
[2018.04.20-21.53.41:580][  0]LogSlate: SlateFontCache - WITH_FREETYPE: 1, WITH_HARFBUZZ: 1
[2018.04.20-21.53.41:872][  0]LogAssetRegistry: FAssetRegistry took 0.0288 seconds to start up
[2018.04.20-21.53.42:380][  0]LogInit: Selected Device Profile: [Windows]
[2018.04.20-21.53.42:618][  0]LogSimplygon: Simplygon DLL not present - disabling.
[2018.04.20-21.53.42:624][  0]LogMeshReduction: Using SimplygonSwarm for distributed automatic mesh merging
[2018.04.20-21.53.42:624][  0]LogMeshReduction: Using QuadricMeshReduction for automatic static mesh reduction
[2018.04.20-21.53.42:624][  0]LogMeshReduction: No automatic skeletal mesh reduction module available
[2018.04.20-21.53.42:624][  0]LogMeshReduction: No automatic mesh merging module available
[2018.04.20-21.53.42:624][  0]LogMeshMerging: No automatic mesh merging module available
[2018.04.20-21.53.42:697][  0]LogNetVersion: SotW , NetCL: 3944462, EngineNetVer: 2, GameNetVer: 0 (Checksum: 175056507)
[2018.04.20-21.53.43:535][  0]LogPackageLocalizationCache: Processed 10 localized package path(s) for 2 prioritized culture(s) in 0.307523 seconds
[2018.04.20-21.53.43:541][  0]LogUObjectArray: 36728 objects as part of root set at end of initial load.
[2018.04.20-21.53.43:541][  0]LogUObjectAllocator: 7314304 out of 0 bytes used by permanent object pool.
[2018.04.20-21.53.43:541][  0]LogUObjectArray: CloseDisregardForGC: 0/0 objects in disregard for GC pool
[2018.04.20-21.53.46:397][  0]LogDlgSystem: Verbose: Creating new DlgGuid = `5F29BA0545CE9589EBF85B82B6D26284` for Dialogue = `/Script/DlgSystem.Default__DlgDialogue` because of new created Dialogue.
[2018.04.20-21.53.46:399][  0]LogDlgSystem: Verbose: Started DlgSystemModule
[2018.04.20-21.53.46:462][  0]LogTcpMessaging: Initializing TcpMessaging bridge
[2018.04.20-21.53.46:529][  0]LogUdpMessaging: Initializing bridge on interface 0.0.0.0:0 to multicast group 230.0.0.1:6666.
[2018.04.20-21.53.47:428][  0]SourceControl: Source control is disabled
[2018.04.20-21.53.47:428][  0]SourceControl: Source control is disabled
[2018.04.20-21.53.47:486][  0]SourceControl: Source control is disabled
[2018.04.20-21.53.47:542][  0]SourceControl: Source control is disabled
[2018.04.20-21.53.48:834][  0]LogAndroidPermission: UAndroidPermissionCallbackProxy::GetInstance
[2018.04.20-21.53.49:262][  0]LogOcInput: OculusInput pre-init called
[2018.04.20-21.53.49:483][  0]LogDlgSystemEditor: Verbose: Started DlgSystemEditorModule
[2018.04.20-21.53.49:521][  0]LogLinker: Warning: Asset '../../Plugins/Marketplace/DlgSystem/Content/TestDialogue.uasset' has been saved with empty engine version. The asset will be loaded but may be incompatible.
[2018.04.20-21.53.49:522][  0]LogDlgSystem: Verbose: Creating graph for Dialogue = `/DlgSystem/TestDialogue.TestDialogue`
[2018.04.20-21.53.49:522][  0]LogDlgSystem: Verbose: Creating new DlgGuid = `B5A38E7E49BEFAA9B8337F923FF08B7C` for Dialogue = `/DlgSystem/TestDialogue.TestDialogue` because of new created Dialogue.
[2018.04.20-21.53.49:524][  0]LogDlgSystemEditor: Verbose: UDlgManager::LoadAllDialoguesIntoMemory loaded 0 Dialogues into Memory
[2018.04.20-21.53.49:605][  0]LogEngine: Initializing Engine...
[2018.04.20-21.53.49:608][  0]LogHMD: Failed to initialize OpenVR with code 110
[2018.04.20-21.53.49:610][  0]LogStats: UGameplayTagsManager::ConstructGameplayTagTree: Construct from data asset -  0.000 s
[2018.04.20-21.53.49:610][  0]LogStats: UGameplayTagsManager::ConstructGameplayTagTree: GameplayTagTreeChangedEvent.Broadcast -  0.000 s
[2018.04.20-21.53.49:907][  0]LogAIModule: Creating AISystem for world Untitled
[2018.04.20-21.53.49:946][  0]LogInit: XAudio2 using 'Speakers (High Definition Audio Device)' : 2 channels at 44.1 kHz using 16 bits per sample (channel mask 0x3)
[2018.04.20-21.53.49:982][  0]LogInit: FAudioDevice initialized.
[2018.04.20-21.53.50:412][  0]LogDerivedDataCache: Saved boot cache 0.43s 74MB C:/Users/Franco.DESKTOP-J55RO49/AppData/Local/UnrealEngine/4.19/DerivedDataCache/Boot.ddc.
[2018.04.20-21.53.50:433][  0]LogInit: Texture streaming: Enabled
[2018.04.20-21.53.50:464][  0]LogEngineSessionManager: EngineSessionManager initialized
[2018.04.20-21.53.50:486][  0]LogInit: Transaction tracking system initialized
[2018.04.20-21.53.50:533][  0]BlueprintLog: New page: Editor Load
[2018.04.20-21.53.50:688][  0]LocalizationService: Localization service is disabled
[2018.04.20-21.53.50:875][  0]LogLinker: Warning: Can't find file '/Game/2DSideScrollerBP/2DSideScrollerOverview'
[2018.04.20-21.53.50:875][  0]LogLinker: Warning: Can't find file '/Game/2DSideScrollerBP/2DSideScrollerOverview'
[2018.04.20-21.53.50:875][  0]LogUObjectGlobals: Warning: Failed to find object 'Class /Game/2DSideScrollerBP/2DSideScrollerOverview.2DSideScrollerOverview_C'
[2018.04.20-21.53.50:916][  0]LogConsoleResponse: Display: 
[2018.04.20-21.53.51:153][  0]LogCook: Display: Max memory allowance for cook 16384mb min free memory 0mb
[2018.04.20-21.53.51:153][  0]LogCook: Display: Mobile HDR setting 1
[2018.04.20-21.53.51:153][  0]LogGameplayTags: Display: UGameplayTagsManager::DoneAddingNativeTags. DelegateIsBound: 0
[2018.04.20-21.53.51:153][  0]LogStats: UGameplayTagsManager::ConstructGameplayTagTree: Construct from data asset -  0.000 s
[2018.04.20-21.53.51:153][  0]LogStats: UGameplayTagsManager::ConstructGameplayTagTree: GameplayTagTreeChangedEvent.Broadcast -  0.000 s
[2018.04.20-21.53.51:580][  0]LogFileCache: Scanning file cache for directory 'C:/Users/Franco/Documents/GameDevelopment/Son of the Wind/wind-samurai/Content/' took 0.02s
[2018.04.20-21.53.52:173][  0]SourceControl: Source control is disabled
[2018.04.20-21.53.52:173][  0]LogEditorServer: Warning: Can't find file '../../../../../../Users/Franco/Documents/GameDevelopment/Son of the Wind/wind-samurai/Content/2DSideScrollerBP/Maps/2DSideScrollerExampleMap.umap'
[2018.04.20-21.53.52:173][  0]Cmd: MAP CHECKDEP NOCLEARLOG
[2018.04.20-21.53.52:377][  0]MapCheck: Map check complete: 0 Error(s), 0 Warning(s), took 202.671ms to complete.
[2018.04.20-21.53.52:377][  0]LogFileHelpers: Loading map '2DSideScrollerExampleMap' took 0.203
[2018.04.20-21.53.52:544][  0]LogCollectionManager: Loaded 0 collections in 0.003284 seconds
[2018.04.20-21.53.52:602][  0]LogFileCache: Scanning file cache for directory 'C:/Users/Franco/Documents/GameDevelopment/Son of the Wind/wind-samurai/Saved/Collections/' took 0.01s
[2018.04.20-21.53.52:602][  0]LogFileCache: Scanning file cache for directory 'C:/Users/Franco/Documents/GameDevelopment/Son of the Wind/wind-samurai/Content/Developers/Franco/Collections/' took 0.01s
[2018.04.20-21.53.52:602][  0]LogFileCache: Scanning file cache for directory 'C:/Users/Franco/Documents/GameDevelopment/Son of the Wind/wind-samurai/Content/Collections/' took 0.01s
[2018.04.20-21.53.52:602][  0]LogCollectionManager: Rebuilt the GUID cache for 0 collections in 0.000000 seconds
[2018.04.20-21.53.52:612][  0]LogContentBrowser: Native class hierarchy populated in 0.0107 seconds. Added 2492 classes and 574 folders.
[2018.04.20-21.53.52:625][  0]LogContentBrowser: Native class hierarchy updated for 'WidgetCarousel' in 0.0003 seconds. Added 0 classes and 0 folders.
[2018.04.20-21.53.53:016][  0]LogContentBrowser: Native class hierarchy updated for 'AddContentDialog' in 0.0003 seconds. Added 0 classes and 0 folders.
[2018.04.20-21.53.53:024][  0]LogContentBrowser: Native class hierarchy updated for 'SceneOutliner' in 0.0003 seconds. Added 1 classes and 2 folders.
[2018.04.20-21.53.53:043][  0]LogSlate: Took 0.000426 seconds to synchronously load lazily loaded font '../../../Engine/Content/Slate/Fonts/Roboto-Regular.ttf' (155K)
[2018.04.20-21.53.53:045][  0]LogSlate: Took 0.000367 seconds to synchronously load lazily loaded font '../../../Engine/Content/Slate/Fonts/Roboto-Bold.ttf' (160K)
[2018.04.20-21.53.53:055][  0]LogSlate: Took 0.004260 seconds to synchronously load lazily loaded font '../../../Engine/Content/Editor/Slate/Fonts/FontAwesome.ttf' (139K)
[2018.04.20-21.53.53:179][  0]LogRenderer: Reallocating scene render targets to support 808x376 Format 10 NumSamples 1 (Frame:1).
[2018.04.20-21.53.53:224][  0]LogSlate: Took 0.004157 seconds to synchronously load lazily loaded font '../../../Engine/Content/Slate/Fonts/Roboto-Light.ttf' (167K)
[2018.04.20-21.53.53:338][  0]LogContentBrowser: Native class hierarchy updated for 'HierarchicalLODOutliner' in 0.0003 seconds. Added 0 classes and 0 folders.
[2018.04.20-21.53.53:338][  0]LogLoad: (Engine Initialization) Total time: 22.38 seconds
[2018.04.20-21.53.53:338][  0]LogLoad: (Engine Initialization) Total Blueprint compile time: 0.00 seconds
[2018.04.20-21.53.53:697][  0]LogContentStreaming: Texture pool size now 1000 MB
[2018.04.20-21.53.54:018][  1]LogAssetRegistry: Asset discovery search completed in 12.1681 seconds
[2018.04.20-21.53.54:020][  1]LogCollectionManager: Rebuilt the object cache for 0 collections in 0.000001 seconds (found 0 objects)
[2018.04.20-21.53.54:020][  1]LogCollectionManager: Fixed up redirectors for 0 collections in 0.000047 seconds (updated 0 objects)
[2018.04.20-21.54.21:013][ 82]LogSlate: FSceneViewport::OnFocusLost() reason 0
[2018.04.20-21.54.23:185][337]LogSlate: Took 0.000431 seconds to synchronously load lazily loaded font '../../../Engine/Content/Slate/Fonts/Roboto-Light.ttf' (167K)
[2018.04.20-21.54.23:449][337]LogAIModule: Creating AISystem for world 2DTestWorld
[2018.04.20-21.54.23:478][337]Cmd: MAP LOAD FILE="../../../../../../Users/Franco/Documents/GameDevelopment/Son of the Wind/wind-samurai/Content/Maps/Prototyping/2DTestWorld.umap" TEMPLATE=0 SHOWPROGRESS=1 FEATURELEVEL=3
[2018.04.20-21.54.23:478][337]LightingResults: New page: Lighting Build
[2018.04.20-21.54.23:483][337]LogContentBrowser: Native class hierarchy updated for 'StatsViewer' in 0.0004 seconds. Added 5 classes and 0 folders.
[2018.04.20-21.54.23:484][337]LoadErrors: New page: Loading map: 2DTestWorld.umap
[2018.04.20-21.54.23:485][337]MapCheck: New page: Map Check
[2018.04.20-21.54.23:485][337]LightingResults: New page: Lighting Build
[2018.04.20-21.54.23:499][337]LogEditorServer: Finished looking for orphan Actors (0.000 secs)
[2018.04.20-21.54.23:565][337]Cmd: MAP CHECKDEP NOCLEARLOG
[2018.04.20-21.54.23:773][337]MapCheck: Map check complete: 0 Error(s), 0 Warning(s), took 207.574ms to complete.
[2018.04.20-21.54.23:777][337]LogFileHelpers: Loading map '2DTestWorld' took 0.299
[2018.04.20-21.54.30:414][ 75]LogContentBrowser: Native class hierarchy updated for 'BlueprintGraph' in 0.0008 seconds. Added 116 classes and 0 folders.
[2018.04.20-21.54.31:468][ 75]LogSlate: Took 0.003992 seconds to synchronously load lazily loaded font '../../../Engine/Content/Slate/Fonts/Roboto-BoldCondensed.ttf' (158K)
[2018.04.20-21.55.43:302][510]LogSlate: Took 0.075720 seconds to synchronously load lazily loaded font '../../../Engine/Content/Slate/Fonts/DroidSansFallback.ttf' (3848K)
[2018.04.20-22.02.33:530][681]LogTemp: Repeating last play command: New Editor Window (PIE)
[2018.04.20-22.02.33:559][681]BlueprintLog: New page: Pre-Play auto-recompile
[2018.04.20-22.02.33:598][681]LogPlayLevel: [PlayLevel] Compiling JsonReader before play...
[2018.04.20-22.02.33:991][681]LogPlayLevel: PlayLevel: Blueprint regeneration took 431 ms (1 blueprints)
[2018.04.20-22.02.33:992][681]PIE: New page: PIE session: 2DTestWorld (Apr 20, 2018, 4:02:33 PM)
[2018.04.20-22.02.33:992][681]LogPlayLevel: Creating play world package: /Game/Maps/Prototyping/UEDPIE_0_2DTestWorld
[2018.04.20-22.02.33:993][681]LogPlayLevel: PIE: StaticDuplicateObject took: (0.001319s)
[2018.04.20-22.02.33:994][681]LogAIModule: Creating AISystem for world 2DTestWorld
[2018.04.20-22.02.33:994][681]LogPlayLevel: PIE: World Init took: (0.000847s)
[2018.04.20-22.02.33:994][681]LogPlayLevel: PIE: Created PIE world by copying editor world from /Game/Maps/Prototyping/2DTestWorld.2DTestWorld to /Game/Maps/Prototyping/UEDPIE_0_2DTestWorld.2DTestWorld (0.002333s)
[2018.04.20-22.02.34:034][681]LogInit: XAudio2 using 'Speakers (High Definition Audio Device)' : 2 channels at 44.1 kHz using 16 bits per sample (channel mask 0x3)
[2018.04.20-22.02.34:049][681]LogInit: FAudioDevice initialized.
[2018.04.20-22.02.34:395][681]LogLoad: Game class is 'GameController_BP_C'
[2018.04.20-22.02.34:400][681]LogWorld: Bringing World /Game/Maps/Prototyping/UEDPIE_0_2DTestWorld.2DTestWorld up for play (max tick rate 0) at 2018.04.20-19.02.34
[2018.04.20-22.02.34:401][681]LogWorld: Bringing up level for play took: 0.003388
[2018.04.20-22.02.34:410][681]LogContentBrowser: Native class hierarchy updated for 'MovieSceneCapture' in 0.0004 seconds. Added 11 classes and 0 folders.
[2018.04.20-22.02.34:412][681]LogBlueprintUserMessages: [JsonReader_24] Speaker:*-Panda-* Give Me all your money
[2018.04.20-22.02.34:412][681]LogBlueprintUserMessages: [JsonReader_24] Not Visible
[2018.04.20-22.02.34:412][681]LogBlueprintUserMessages: [JsonReader_24] No-Tag
[2018.04.20-22.02.34:412][681]LogBlueprintUserMessages: [JsonReader_24] No+Tag
[2018.04.20-22.02.34:412][681]LogBlueprintUserMessages: [JsonReader_24] Visible
[2018.04.20-22.02.34:412][681]LogBlueprintUserMessages: [JsonReader_24] No-Tag
[2018.04.20-22.02.34:412][681]LogBlueprintUserMessages: [JsonReader_24] No+Tag
[2018.04.20-22.02.34:412][681]LogBlueprintUserMessages: [JsonReader_24] Visible
[2018.04.20-22.02.34:412][681]LogBlueprintUserMessages: [JsonReader_24] No-Tag
[2018.04.20-22.02.34:412][681]LogBlueprintUserMessages: [JsonReader_24] No+Tag
[2018.04.20-22.02.34:412][681]LogBlueprintUserMessages: [JsonReader_24] Visible
[2018.04.20-22.02.34:414][681]PIE: Play in editor start time for /Game/Maps/Prototyping/UEDPIE_0_2DTestWorld 0.253
[2018.04.20-22.02.34:500][681]LogRenderer: Reallocating scene render targets to support 1452x936 Format 10 NumSamples 1 (Frame:1).
[2018.04.20-22.02.34:579][682]LogCharacterMovement: Warning: GetSimulationTimeStep() - Max iterations 8 hit while remaining time 0.062042 > MaxSimulationTimeStep (0.050) for 'Blue_BP_C_0', movement 'Walking'
[2018.04.20-22.02.36:432][830]LogSlate: Window 'SotW Game Preview Standalone (64-bit/PCD3D_SM5)' being destroyed
[2018.04.20-22.03.47:644][ 94]LogTemp: Repeating last play command: New Editor Window (PIE)
[2018.04.20-22.03.47:696][ 94]BlueprintLog: New page: Pre-Play auto-recompile
[2018.04.20-22.03.47:734][ 94]LogPlayLevel: [PlayLevel] Compiling JsonReader before play...
[2018.04.20-22.03.48:096][ 94]LogPlayLevel: PlayLevel: Blueprint regeneration took 400 ms (1 blueprints)
[2018.04.20-22.03.48:097][ 94]PIE: New page: PIE session: 2DTestWorld (Apr 20, 2018, 4:03:48 PM)
[2018.04.20-22.03.48:097][ 94]LogPlayLevel: Creating play world package: /Game/Maps/Prototyping/UEDPIE_0_2DTestWorld
[2018.04.20-22.03.48:098][ 94]LogPlayLevel: PIE: StaticDuplicateObject took: (0.001105s)
[2018.04.20-22.03.48:099][ 94]LogAIModule: Creating AISystem for world 2DTestWorld
[2018.04.20-22.03.48:099][ 94]LogPlayLevel: PIE: World Init took: (0.000788s)
[2018.04.20-22.03.48:099][ 94]LogPlayLevel: PIE: Created PIE world by copying editor world from /Game/Maps/Prototyping/2DTestWorld.2DTestWorld to /Game/Maps/Prototyping/UEDPIE_0_2DTestWorld.2DTestWorld (0.002022s)
[2018.04.20-22.03.48:140][ 94]LogInit: XAudio2 using 'Speakers (High Definition Audio Device)' : 2 channels at 44.1 kHz using 16 bits per sample (channel mask 0x3)
[2018.04.20-22.03.48:153][ 94]LogInit: FAudioDevice initialized.
[2018.04.20-22.03.48:202][ 94]LogLoad: Game class is 'GameController_BP_C'
[2018.04.20-22.03.48:204][ 94]LogWorld: Bringing World /Game/Maps/Prototyping/UEDPIE_0_2DTestWorld.2DTestWorld up for play (max tick rate 0) at 2018.04.20-19.03.48
[2018.04.20-22.03.48:205][ 94]LogWorld: Bringing up level for play took: 0.001843
[2018.04.20-22.03.48:207][ 94]LogBlueprintUserMessages: [JsonReader_24] Speaker:*-Panda-* Give Me all your money
[2018.04.20-22.03.48:207][ 94]LogBlueprintUserMessages: [JsonReader_24] Not Visible
[2018.04.20-22.03.48:207][ 94]LogBlueprintUserMessages: [JsonReader_24] No-Tag
[2018.04.20-22.03.48:207][ 94]LogBlueprintUserMessages: [JsonReader_24] No+Tag
[2018.04.20-22.03.48:207][ 94]LogBlueprintUserMessages: [JsonReader_24] Visible
[2018.04.20-22.03.48:207][ 94]LogBlueprintUserMessages: [JsonReader_24] No-Tag
[2018.04.20-22.03.48:207][ 94]LogBlueprintUserMessages: [JsonReader_24] No+Tag
[2018.04.20-22.03.48:207][ 94]LogBlueprintUserMessages: [JsonReader_24] Visible
[2018.04.20-22.03.48:207][ 94]LogBlueprintUserMessages: [JsonReader_24] No-Tag
[2018.04.20-22.03.48:207][ 94]LogBlueprintUserMessages: [JsonReader_24] No+Tag
[2018.04.20-22.03.48:207][ 94]LogBlueprintUserMessages: [JsonReader_24] Visible
[2018.04.20-22.03.48:209][ 94]PIE: Play in editor start time for /Game/Maps/Prototyping/UEDPIE_0_2DTestWorld 0.048
[2018.04.20-22.03.48:330][ 95]LogCharacterMovement: Warning: GetSimulationTimeStep() - Max iterations 8 hit while remaining time 0.062042 > MaxSimulationTimeStep (0.050) for 'Blue_BP_C_0', movement 'Walking'
[2018.04.20-22.03.51:590][359]LogSlate: Window 'SotW Game Preview Standalone (64-bit/PCD3D_SM5)' being destroyed
[2018.04.20-22.04.44:016][891]LogSavePackage: Save=16.80ms
[2018.04.20-22.04.44:016][891]LogSavePackage: Moving '../../../../../../Users/Franco/Documents/GameDevelopment/Son of the Wind/wind-samurai/Saved/2DTestWorld_Auto1D8D372BE42EAABD6C0878783A70B87B4.tmp' to '../../../../../../Users/Franco/Documents/GameDevelopment/Son of the Wind/wind-samurai/Saved/Autosaves/Game/Maps/Prototyping/2DTestWorld_Auto1.umap'
[2018.04.20-22.04.44:025][891]LogSavePackage: Display: Finished SavePackage ../../../../../../Users/Franco/Documents/GameDevelopment/Son of the Wind/wind-samurai/Saved/Autosaves/Game/Maps/Prototyping/2DTestWorld_Auto1.umap
[2018.04.20-22.04.44:042][891]LogFileHelpers: Editor autosave (incl. sublevels) for '/Game/Maps/Prototyping/2DTestWorld' took 0.212
[2018.04.20-22.04.44:042][891]LogFileHelpers: Editor autosave (incl. sublevels) for all levels took 0.212
[2018.04.20-22.04.44:065][891]OBJ SavePackage: Generating thumbnails for [0] asset(s) in package [/Game/BP/DialogueSystem/JsonReader] ([1] browsable assets)...
[2018.04.20-22.04.44:065][891]OBJ SavePackage: Finished generating thumbnails for package [/Game/BP/DialogueSystem/JsonReader]
[2018.04.20-22.04.44:303][891]LogSavePackage: Save=142.90ms
[2018.04.20-22.04.44:304][891]LogSavePackage: Moving '../../../../../../Users/Franco/Documents/GameDevelopment/Son of the Wind/wind-samurai/Saved/JsonReader_Auto10CF9639748B69228A3A0F58598AB53FE.tmp' to '../../../../../../Users/Franco/Documents/GameDevelopment/Son of the Wind/wind-samurai/Saved/Autosaves/Game/BP/DialogueSystem/JsonReader_Auto1.uasset'
[2018.04.20-22.04.44:313][891]LogSavePackage: Display: Finished SavePackage ../../../../../../Users/Franco/Documents/GameDevelopment/Son of the Wind/wind-samurai/Saved/Autosaves/Game/BP/DialogueSystem/JsonReader_Auto1.uasset
[2018.04.20-22.04.44:313][891]LogFileHelpers: Auto-saving content packages took 0.270
[2018.04.20-22.09.17:819][988]LogSavePackage: Save=160.19ms
[2018.04.20-22.09.17:819][988]LogSavePackage: Moving '../../../../../../Users/Franco/Documents/GameDevelopment/Son of the Wind/wind-samurai/Saved/JsonReader909B301442E8B8851738688F5F4F6AAF.tmp' to '../../../../../../Users/Franco/Documents/GameDevelopment/Son of the Wind/wind-samurai/Content/BP/DialogueSystem/JsonReader.uasset'
[2018.04.20-22.09.17:850][988]LogSavePackage: Display: Finished SavePackage ../../../../../../Users/Franco/Documents/GameDevelopment/Son of the Wind/wind-samurai/Content/BP/DialogueSystem/JsonReader.uasset
[2018.04.20-22.09.18:964][ 99]LogSavePackage: Save=16.75ms
[2018.04.20-22.09.18:964][ 99]LogSavePackage: Moving '../../../../../../Users/Franco/Documents/GameDevelopment/Son of the Wind/wind-samurai/Saved/2DTestWorldD52B53B140BF1667539EF9A3C89B99D4.tmp' to '../../../../../../Users/Franco/Documents/GameDevelopment/Son of the Wind/wind-samurai/Content/Maps/Prototyping/2DTestWorld.umap'
[2018.04.20-22.09.18:983][ 99]LogSavePackage: Display: Finished SavePackage ../../../../../../Users/Franco/Documents/GameDevelopment/Son of the Wind/wind-samurai/Content/Maps/Prototyping/2DTestWorld.umap
[2018.04.20-22.09.20:266][215]LogSlate: Window 'SotW - Unreal Editor' being destroyed
[2018.04.20-22.09.20:458][216]Cmd: QUIT_EDITOR
[2018.04.20-22.09.20:825][216]LogWindowsTextInputMethodSystem: Display: IME system now deactivated.
[2018.04.20-22.09.20:825][216]LogWindowsTextInputMethodSystem: Display: IME system now deactivated.
[2018.04.20-22.09.20:842][216]LogSlate: Slate User Destroyed.  User Index 0, Is Virtual User: 0
[2018.04.20-22.09.20:842][216]LogExit: Preparing to exit.
[2018.04.20-22.09.21:832][216]LogDirectoryWatcher: A directory notification for 'C:/Users/Franco/Documents/GameDevelopment/Son of the Wind/wind-samurai/Content/' was aborted.
[2018.04.20-22.09.21:871][216]LogExit: Editor shut down
[2018.04.20-22.09.21:876][216]LogExit: Transaction tracking system shut down
[2018.04.20-22.09.21:970][216]LogDirectoryWatcher: A directory notification for '../../../Engine/Content/' was aborted.
[2018.04.20-22.09.21:970][216]LogDirectoryWatcher: A directory notification for '../../../../../../Users/Franco/Documents/GameDevelopment/Son of the Wind/wind-samurai/Content/' was aborted.
[2018.04.20-22.09.21:971][216]LogDirectoryWatcher: A directory notification for '../../Plugins/2D/Paper2D/Content/' was aborted.
[2018.04.20-22.09.21:971][216]LogDirectoryWatcher: A directory notification for '../../Plugins/Enterprise/DatasmithContent/Content/' was aborted.
[2018.04.20-22.09.21:971][216]LogDirectoryWatcher: A directory notification for '../../Plugins/Marketplace/DlgSystem/Content/' was aborted.
[2018.04.20-22.09.21:971][216]LogDirectoryWatcher: A directory notification for '../../Plugins/Media/MediaCompositing/Content/' was aborted.
[2018.04.20-22.09.21:971][216]LogDirectoryWatcher: A directory notification for '../../Plugins/Runtime/AppleARKit/Content/' was aborted.
[2018.04.20-22.09.21:971][216]LogDirectoryWatcher: A directory notification for '../../Plugins/Runtime/Oculus/OculusVR/Content/' was aborted.
[2018.04.20-22.09.21:971][216]LogDirectoryWatcher: A directory notification for '../../Plugins/Runtime/Steam/SteamVR/Content/' was aborted.
[2018.04.20-22.09.22:065][216]LogExit: Object subsystem successfully closed.
[2018.04.20-22.09.22:082][216]LogShaderCompilers: Display: Shaders left to compile 0
[2018.04.20-22.09.22:085][216]LogD3D11RHI: Shutdown
[2018.04.20-22.09.22:085][216]LogD3D11RHI: CleanupD3DDevice
[2018.04.20-22.09.22:087][216]LogD3D11RHI: ~FD3D11DynamicRHI
[2018.04.20-22.09.22:187][216]LogModuleManager: Shutting down and abandoning module MovieSceneCapture (584)
[2018.04.20-22.09.22:187][216]LogModuleManager: Shutting down and abandoning module BlueprintGraph (582)
[2018.04.20-22.09.22:187][216]LogModuleManager: Shutting down and abandoning module StatsViewer (580)
[2018.04.20-22.09.22:187][216]LogModuleManager: Shutting down and abandoning module HierarchicalLODOutliner (578)
[2018.04.20-22.09.22:187][216]LogModuleManager: Shutting down and abandoning module SceneOutliner (576)
[2018.04.20-22.09.22:187][216]LogModuleManager: Shutting down and abandoning module AddContentDialog (574)
[2018.04.20-22.09.22:187][216]LogDirectoryWatcher: A directory notification for 'C:/Program Files/Epic Games/UE_4.19/FeaturePacks/' was aborted.
[2018.04.20-22.09.22:188][216]LogModuleManager: Shutting down and abandoning module WidgetCarousel (573)
[2018.04.20-22.09.22:188][216]LogModuleManager: Shutting down and abandoning module EditorWidgets (570)
[2018.04.20-22.09.22:188][216]LogModuleManager: Shutting down and abandoning module CollectionManager (568)
[2018.04.20-22.09.22:188][216]LogDirectoryWatcher: A directory notification for 'C:/Users/Franco/Documents/GameDevelopment/Son of the Wind/wind-samurai/Content/Collections/' was aborted.
[2018.04.20-22.09.22:188][216]LogDirectoryWatcher: A directory notification for 'C:/Users/Franco/Documents/GameDevelopment/Son of the Wind/wind-samurai/Content/Developers/Franco/Collections/' was aborted.
[2018.04.20-22.09.22:188][216]LogDirectoryWatcher: A directory notification for 'C:/Users/Franco/Documents/GameDevelopment/Son of the Wind/wind-samurai/Saved/Collections/' was aborted.
[2018.04.20-22.09.22:188][216]LogModuleManager: Shutting down and abandoning module FoliageEdit (566)
[2018.04.20-22.09.22:188][216]LogModuleManager: Shutting down and abandoning module LandscapeEditor (564)
[2018.04.20-22.09.22:188][216]LogModuleManager: Shutting down and abandoning module MeshPaintMode (562)
[2018.04.20-22.09.22:188][216]LogModuleManager: Shutting down and abandoning module SceneDepthPickerMode (560)
[2018.04.20-22.09.22:188][216]LogModuleManager: Shutting down and abandoning module ActorPickerMode (558)
[2018.04.20-22.09.22:188][216]LogModuleManager: Shutting down and abandoning module GeometryMode (556)
[2018.04.20-22.09.22:188][216]LogModuleManager: Shutting down and abandoning module TextureAlignMode (554)
[2018.04.20-22.09.22:188][216]LogModuleManager: Shutting down and abandoning module BspMode (552)
[2018.04.20-22.09.22:188][216]LogModuleManager: Shutting down and abandoning module PIEPreviewDeviceProfileSelector (550)
[2018.04.20-22.09.22:188][216]LogModuleManager: Shutting down and abandoning module HardwareSurvey (548)
[2018.04.20-22.09.22:188][216]LogModuleManager: Shutting down and abandoning module SequenceRecorderSections (546)
[2018.04.20-22.09.22:188][216]LogModuleManager: Shutting down and abandoning module AutomationWorker (544)
[2018.04.20-22.09.22:188][216]LogModuleManager: Shutting down and abandoning module AudioCaptureEditor (542)
[2018.04.20-22.09.22:188][216]LogModuleManager: Shutting down and abandoning module SequenceRecorder (541)
[2018.04.20-22.09.22:188][216]LogModuleManager: Shutting down and abandoning module MatineeToLevelSequence (538)
[2018.04.20-22.09.22:188][216]LogModuleManager: Shutting down and abandoning module LevelSequenceEditor (536)
[2018.04.20-22.09.22:189][216]LogModuleManager: Shutting down and abandoning module PlacementMode (535)
[2018.04.20-22.09.22:189][216]LogModuleManager: Shutting down and abandoning module MaterialEditor (534)
[2018.04.20-22.09.22:189][216]LogModuleManager: Shutting down and abandoning module WmfMediaFactory (530)
[2018.04.20-22.09.22:189][216]LogModuleManager: Shutting down and abandoning module WmfMediaEditor (528)
[2018.04.20-22.09.22:189][216]LogModuleManager: Shutting down and abandoning module MediaPlayerEditor (526)
[2018.04.20-22.09.22:189][216]LogModuleManager: Shutting down and abandoning module OpenExrWrapper (524)
[2018.04.20-22.09.22:189][216]LogModuleManager: Shutting down and abandoning module ImgMediaFactory (522)
[2018.04.20-22.09.22:189][216]LogModuleManager: Shutting down and abandoning module ImgMediaEditor (520)
[2018.04.20-22.09.22:189][216]LogModuleManager: Shutting down and abandoning module AvfMediaFactory (518)
[2018.04.20-22.09.22:189][216]LogModuleManager: Shutting down and abandoning module AvfMediaEditor (516)
[2018.04.20-22.09.22:189][216]LogModuleManager: Shutting down and abandoning module AndroidMediaFactory (514)
[2018.04.20-22.09.22:189][216]LogModuleManager: Shutting down and abandoning module AndroidMediaEditor (512)
[2018.04.20-22.09.22:189][216]LogModuleManager: Shutting down and abandoning module CharacterAI (510)
[2018.04.20-22.09.22:189][216]LogModuleManager: Shutting down and abandoning module SmartSnapping (508)
[2018.04.20-22.09.22:189][216]LogModuleManager: Shutting down and abandoning module SessionServices (506)
[2018.04.20-22.09.22:189][216]LogModuleManager: Shutting down and abandoning module ViewportSnapping (504)
[2018.04.20-22.09.22:189][216]LogModuleManager: Shutting down and abandoning module ViewportInteraction (502)
[2018.04.20-22.09.22:189][216]LogModuleManager: Shutting down and abandoning module ClothPainter (500)
[2018.04.20-22.09.22:189][216]LogModuleManager: Shutting down and abandoning module SkeletalMeshEditor (499)
[2018.04.20-22.09.22:189][216]LogModuleManager: Shutting down and abandoning module LogVisualizer (496)
[2018.04.20-22.09.22:189][216]LogModuleManager: Shutting down and abandoning module IntroTutorials (494)
[2018.04.20-22.09.22:189][216]LogModuleManager: Shutting down and abandoning module GameProjectGeneration (493)
[2018.04.20-22.09.22:189][216]LogModuleManager: Shutting down and abandoning module IOSPlatformEditor (490)
[2018.04.20-22.09.22:189][216]LogModuleManager: Shutting down and abandoning module HTML5PlatformEditor (488)
[2018.04.20-22.09.22:189][216]LogModuleManager: Shutting down and abandoning module AndroidPlatformEditor (486)
[2018.04.20-22.09.22:189][216]LogModuleManager: Shutting down and abandoning module AndroidDeviceDetection (485)
[2018.04.20-22.09.23:133][216]LogModuleManager: Shutting down and abandoning module WindowsPlatformEditor (482)
[2018.04.20-22.09.23:133][216]LogModuleManager: Shutting down and abandoning module IOSRuntimeSettings (480)
[2018.04.20-22.09.23:133][216]LogModuleManager: Shutting down and abandoning module AndroidRuntimeSettings (478)
[2018.04.20-22.09.23:133][216]LogModuleManager: Shutting down and abandoning module InputBindingEditor (476)
[2018.04.20-22.09.23:133][216]LogModuleManager: Shutting down and abandoning module MergeActors (474)
[2018.04.20-22.09.23:133][216]LogModuleManager: Shutting down and abandoning module LocalizationDashboard (472)
[2018.04.20-22.09.23:134][216]LogModuleManager: Shutting down and abandoning module LocalizationService (471)
[2018.04.20-22.09.23:134][216]LogModuleManager: Shutting down and abandoning module HardwareTargeting (468)
[2018.04.20-22.09.23:134][216]LogModuleManager: Shutting down and abandoning module DeviceProfileEditor (466)
[2018.04.20-22.09.23:134][216]LogModuleManager: Shutting down and abandoning module UndoHistory (464)
[2018.04.20-22.09.23:134][216]LogModuleManager: Shutting down and abandoning module XmlParser (462)
[2018.04.20-22.09.23:134][216]LogModuleManager: Shutting down and abandoning module Blutility (460)
[2018.04.20-22.09.23:134][216]LogModuleManager: Shutting down and abandoning module ProjectSettingsViewer (458)
[2018.04.20-22.09.23:134][216]LogModuleManager: Shutting down and abandoning module ProjectTargetPlatformEditor (457)
[2018.04.20-22.09.23:134][216]LogModuleManager: Shutting down and abandoning module EditorSettingsViewer (454)
[2018.04.20-22.09.23:134][216]LogModuleManager: Shutting down and abandoning module SettingsEditor (452)
[2018.04.20-22.09.23:134][216]LogModuleManager: Shutting down and abandoning module ProjectLauncher (450)
[2018.04.20-22.09.23:134][216]LogModuleManager: Shutting down and abandoning module SessionFrontend (448)
[2018.04.20-22.09.23:134][216]LogModuleManager: Shutting down and abandoning module ProfilerClient (446)
[2018.04.20-22.09.23:134][216]LogModuleManager: Shutting down and abandoning module DeviceManager (444)
[2018.04.20-22.09.23:134][216]LogModuleManager: Shutting down and abandoning module TargetDeviceServices (443)
[2018.04.20-22.09.23:188][216]LogModuleManager: Shutting down and abandoning module AutomationController (440)
[2018.04.20-22.09.23:188][216]LogModuleManager: Shutting down and abandoning module AutomationWindow (438)
[2018.04.20-22.09.23:188][216]LogModuleManager: Shutting down and abandoning module Layers (436)
[2018.04.20-22.09.23:188][216]LogModuleManager: Shutting down and abandoning module ComponentVisualizers (434)
[2018.04.20-22.09.23:188][216]LogModuleManager: Shutting down and abandoning module DetailCustomizations (432)
[2018.04.20-22.09.23:188][216]LogModuleManager: Shutting down and abandoning module PackagesDialog (430)
[2018.04.20-22.09.23:188][216]LogModuleManager: Shutting down and abandoning module Persona (428)
[2018.04.20-22.09.23:188][216]LogModuleManager: Shutting down and abandoning module AdvancedPreviewScene (427)
[2018.04.20-22.09.23:188][216]LogModuleManager: Shutting down and abandoning module AnimGraph (425)
[2018.04.20-22.09.23:188][216]LogModuleManager: Shutting down and abandoning module Kismet (422)
[2018.04.20-22.09.23:193][216]LogModuleManager: Shutting down and abandoning module GraphEditor (420)
[2018.04.20-22.09.23:193][216]LogModuleManager: Shutting down and abandoning module ClassViewer (418)
[2018.04.20-22.09.23:193][216]LogModuleManager: Shutting down and abandoning module Toolbox (416)
[2018.04.20-22.09.23:193][216]LogModuleManager: Shutting down and abandoning module ModuleUI (414)
[2018.04.20-22.09.23:193][216]LogModuleManager: Shutting down and abandoning module MovieSceneTools (412)
[2018.04.20-22.09.23:193][216]LogModuleManager: Shutting down and abandoning module OutputLog (410)
[2018.04.20-22.09.23:194][216]LogModuleManager: Shutting down and abandoning module GammaUI (408)
[2018.04.20-22.09.23:194][216]LogModuleManager: Shutting down and abandoning module Documentation (406)
[2018.04.20-22.09.23:194][216]LogModuleManager: Shutting down and abandoning module MovieSceneTracks (404)
[2018.04.20-22.09.23:194][216]LogModuleManager: Shutting down and abandoning module MovieScene (402)
[2018.04.20-22.09.23:194][216]LogModuleManager: Shutting down and abandoning module StreamingPauseRendering (400)
[2018.04.20-22.09.23:194][216]LogModuleManager: Shutting down and abandoning module LauncherPlatform (398)
[2018.04.20-22.09.23:194][216]LogModuleManager: Shutting down and abandoning module AnalyticsET (396)
[2018.04.20-22.09.23:194][216]LogModuleManager: Shutting down and abandoning module PortalServices (394)
[2018.04.20-22.09.23:194][216]LogModuleManager: Shutting down and abandoning module PortalRpc (392)
[2018.04.20-22.09.23:194][216]LogModuleManager: Shutting down and abandoning module MessagingRpc (390)
[2018.04.20-22.09.23:194][216]LogModuleManager: Shutting down and abandoning module AIModule (388)
[2018.04.20-22.09.23:194][216]LogModuleManager: Shutting down and abandoning module AITestSuite (387)
[2018.04.20-22.09.23:194][216]LogModuleManager: Shutting down and abandoning module DesktopPlatform (384)
[2018.04.20-22.09.23:194][216]LogModuleManager: Shutting down and abandoning module ProfilerService (382)
[2018.04.20-22.09.23:408][216]LogModuleManager: Shutting down and abandoning module TaskGraph (380)
[2018.04.20-22.09.23:408][216]LogModuleManager: Shutting down and abandoning module DlgSystemEditor (378)
[2018.04.20-22.09.23:408][216]LogDlgSystemEditor: Verbose: Stopped DlgSystemEditorModule
[2018.04.20-22.09.23:408][216]LogModuleManager: Shutting down and abandoning module SteamVRController (376)
[2018.04.20-22.09.23:408][216]LogModuleManager: Shutting down and abandoning module ProceduralMeshComponentEditor (374)
[2018.04.20-22.09.23:409][216]LogModuleManager: Shutting down and abandoning module ProceduralMeshComponent (372)
[2018.04.20-22.09.23:409][216]LogModuleManager: Shutting down and abandoning module OculusInput (370)
[2018.04.20-22.09.23:409][216]LogModuleManager: Shutting down and abandoning module MobilePatchingUtils (368)
[2018.04.20-22.09.23:409][216]LogModuleManager: Shutting down and abandoning module CustomMeshComponent (366)
[2018.04.20-22.09.23:409][216]LogModuleManager: Shutting down and abandoning module CableComponent (364)
[2018.04.20-22.09.23:409][216]LogModuleManager: Shutting down and abandoning module AudioCapture (362)
[2018.04.20-22.09.23:409][216]LogModuleManager: Shutting down and abandoning module ArchVisCharacter (360)
[2018.04.20-22.09.23:409][216]LogModuleManager: Shutting down and abandoning module AndroidPermission (358)
[2018.04.20-22.09.23:409][216]LogModuleManager: Shutting down and abandoning module NUTUnrealEngine4 (354)
[2018.04.20-22.09.23:409][216]LogModuleManager: Shutting down and abandoning module NetcodeUnitTest (352)
[2018.04.20-22.09.23:409][216]LogModuleManager: Shutting down and abandoning module MediaCompositingEditor (350)
[2018.04.20-22.09.23:409][216]LogModuleManager: Shutting down and abandoning module MediaCompositing (348)
[2018.04.20-22.09.23:409][216]LogModuleManager: Shutting down and abandoning module LinearTimecode (346)
[2018.04.20-22.09.23:409][216]LogModuleManager: Shutting down and abandoning module ImgMedia (344)
[2018.04.20-22.09.23:412][216]LogModuleManager: Shutting down and abandoning module HTML5Networking (342)
[2018.04.20-22.09.23:412][216]LogModuleManager: Shutting down and abandoning module AlembicImporter (340)
[2018.04.20-22.09.23:412][216]LogModuleManager: Shutting down and abandoning module AlembicLibrary (339)
[2018.04.20-22.09.23:412][216]LogModuleManager: Shutting down and abandoning module GeometryCache (338)
[2018.04.20-22.09.23:412][216]LogModuleManager: Shutting down and abandoning module GeometryCacheEd (337)
[2018.04.20-22.09.23:412][216]LogModuleManager: Shutting down and abandoning module DatasmithContent (332)
[2018.04.20-22.09.23:412][216]LogModuleManager: Shutting down and abandoning module SpeedTreeImporter (330)
[2018.04.20-22.09.23:412][216]LogModuleManager: Shutting down and abandoning module PluginBrowser (328)
[2018.04.20-22.09.23:412][216]LogModuleManager: Shutting down and abandoning module MobileLauncherProfileWizard (326)
[2018.04.20-22.09.23:413][216]LogModuleManager: Shutting down and abandoning module CryptoKeysOpenSSL (324)
[2018.04.20-22.09.23:413][216]LogModuleManager: Shutting down and abandoning module CryptoKeys (322)
[2018.04.20-22.09.23:413][216]LogModuleManager: Shutting down and abandoning module VisualStudioSourceCodeAccess (320)
[2018.04.20-22.09.23:413][216]LogModuleManager: Shutting down and abandoning module VisualStudioCodeSourceCodeAccess (318)
[2018.04.20-22.09.23:413][216]LogModuleManager: Shutting down and abandoning module UObjectPlugin (316)
[2018.04.20-22.09.23:413][216]LogModuleManager: Shutting down and abandoning module SubversionSourceControl (314)
[2018.04.20-22.09.23:413][216]LogModuleManager: Shutting down and abandoning module PerforceSourceControl (312)
[2018.04.20-22.09.23:413][216]LogModuleManager: Shutting down and abandoning module GitSourceControl (310)
[2018.04.20-22.09.23:413][216]LogModuleManager: Shutting down and abandoning module SourceControl (309)
[2018.04.20-22.09.23:413][216]LogModuleManager: Shutting down and abandoning module CLionSourceCodeAccess (306)
[2018.04.20-22.09.23:413][216]LogModuleManager: Shutting down and abandoning module LightPropagationVolumeEditor (304)
[2018.04.20-22.09.23:413][216]LogModuleManager: Shutting down and abandoning module PaperTiledImporter (302)
[2018.04.20-22.09.23:413][216]LogModuleManager: Shutting down and abandoning module PaperSpriteSheetImporter (300)
[2018.04.20-22.09.23:413][216]LogModuleManager: Shutting down and abandoning module Paper2DEditor (298)
[2018.04.20-22.09.23:413][216]LogModuleManager: Shutting down and abandoning module MeshPaint (297)
[2018.04.20-22.09.23:413][216]LogModuleManager: Shutting down and abandoning module RuntimePhysXCooking (294)
[2018.04.20-22.09.23:413][216]LogModuleManager: Shutting down and abandoning module PhysXVehiclesEditor (292)
[2018.04.20-22.09.23:413][216]LogModuleManager: Shutting down and abandoning module PhysXVehicles (290)
[2018.04.20-22.09.23:413][216]LogModuleManager: Shutting down and abandoning module OculusEditor (288)
[2018.04.20-22.09.23:413][216]LogModuleManager: Shutting down and abandoning module LocationServicesBPLibrary (286)
[2018.04.20-22.09.23:413][216]LogModuleManager: Shutting down and abandoning module ImmediatePhysicsEditor (284)
[2018.04.20-22.09.23:413][216]LogModuleManager: Shutting down and abandoning module ImmediatePhysics (282)
[2018.04.20-22.09.23:413][216]LogModuleManager: Shutting down and abandoning module ActorSequence (280)
[2018.04.20-22.09.23:413][216]LogModuleManager: Shutting down and abandoning module UdpMessaging (278)
[2018.04.20-22.09.23:514][216]LogModuleManager: Shutting down and abandoning module TcpMessaging (276)
[2018.04.20-22.09.23:615][216]LogModuleManager: Shutting down and abandoning module DlgSystem (274)
[2018.04.20-22.09.23:615][216]LogDlgSystem: Verbose: Stopped DlgSystemModule
[2018.04.20-22.09.23:615][216]LogModuleManager: Shutting down and abandoning module GameplayDebugger (273)
[2018.04.20-22.09.23:615][216]LogModuleManager: Shutting down and abandoning module GameplayTagsEditor (270)
[2018.04.20-22.09.23:615][216]LogModuleManager: Shutting down and abandoning module FacialAnimationEditor (268)
[2018.04.20-22.09.23:615][216]LogModuleManager: Shutting down and abandoning module FacialAnimation (266)
[2018.04.20-22.09.23:615][216]LogModuleManager: Shutting down and abandoning module DataValidation (264)
[2018.04.20-22.09.23:615][216]LogModuleManager: Shutting down and abandoning module AssetManagerEditor (262)
[2018.04.20-22.09.23:615][216]LogModuleManager: Shutting down and abandoning module LevelEditor (261)
[2018.04.20-22.09.23:616][216]LogModuleManager: Shutting down and abandoning module PixelInspectorModule (260)
[2018.04.20-22.09.23:616][216]LogModuleManager: Shutting down and abandoning module CommonMenuExtensions (258)
[2018.04.20-22.09.23:616][216]LogModuleManager: Shutting down and abandoning module MainFrame (256)
[2018.04.20-22.09.23:616][216]LogModuleManager: Shutting down and abandoning module HotReload (255)
[2018.04.20-22.09.23:617][216]LogModuleManager: Shutting down and abandoning module ContentBrowser (251)
[2018.04.20-22.09.23:618][216]LogModuleManager: Shutting down and abandoning module TreeMap (249)
[2018.04.20-22.09.23:618][216]LogModuleManager: Shutting down and abandoning module LightPropagationVolumeRuntime (246)
[2018.04.20-22.09.23:618][216]LogModuleManager: Shutting down and abandoning module LiveLinkEditor (244)
[2018.04.20-22.09.23:618][216]LogModuleManager: Shutting down and abandoning module LiveLink (242)
[2018.04.20-22.09.24:007][216]LogModuleManager: Shutting down and abandoning module Paper2D (240)
[2018.04.20-22.09.24:007][216]LogModuleManager: Shutting down and abandoning module WindowsMoviePlayer (238)
[2018.04.20-22.09.24:007][216]LogModuleManager: Shutting down and abandoning module WmfMedia (236)
[2018.04.20-22.09.24:009][216]LogModuleManager: Shutting down and abandoning module JSONParser (234)
[2018.04.20-22.09.24:009][216]LogModuleManager: Shutting down and abandoning module PacketHandler (232)
[2018.04.20-22.09.24:009][216]LogModuleManager: Shutting down and abandoning module ClothingSystemEditor (230)
[2018.04.20-22.09.24:009][216]LogModuleManager: Shutting down and abandoning module ClothingSystemRuntime (228)
[2018.04.20-22.09.24:009][216]LogModuleManager: Shutting down and abandoning module MediaAssets (226)
[2018.04.20-22.09.24:009][216]LogModuleManager: Shutting down and abandoning module Media (225)
[2018.04.20-22.09.24:014][216]LogModuleManager: Shutting down and abandoning module Overlay (222)
[2018.04.20-22.09.24:014][216]LogModuleManager: Shutting down and abandoning module OverlayEditor (221)
[2018.04.20-22.09.24:014][216]LogModuleManager: Shutting down and abandoning module VREditor (218)
[2018.04.20-22.09.24:014][216]LogModuleManager: Shutting down and abandoning module StringTableEditor (216)
[2018.04.20-22.09.24:014][216]LogModuleManager: Shutting down and abandoning module GameplayTasksEditor (214)
[2018.04.20-22.09.24:014][216]LogModuleManager: Shutting down and abandoning module BehaviorTreeEditor (212)
[2018.04.20-22.09.24:014][216]LogModuleManager: Shutting down and abandoning module FunctionalTesting (210)
[2018.04.20-22.09.24:014][216]LogModuleManager: Shutting down and abandoning module CollisionAnalyzer (208)
[2018.04.20-22.09.24:014][216]LogModuleManager: Shutting down and abandoning module WorkspaceMenuStructure (207)
[2018.04.20-22.09.24:014][216]LogModuleManager: Shutting down and abandoning module UMG (204)
[2018.04.20-22.09.24:014][216]LogModuleManager: Shutting down and abandoning module UMGEditor (203)
[2018.04.20-22.09.24:014][216]LogModuleManager: Shutting down and abandoning module Sequencer (202)
[2018.04.20-22.09.24:015][216]LogModuleManager: Shutting down and abandoning module MessageLog (199)
[2018.04.20-22.09.24:015][216]LogModuleManager: Shutting down and abandoning module SlateReflector (194)
[2018.04.20-22.09.24:015][216]LogModuleManager: Shutting down and abandoning module Slate (192)
[2018.04.20-22.09.24:015][216]LogModuleManager: Shutting down and abandoning module EditorStyle (190)
[2018.04.20-22.09.24:016][216]LogModuleManager: Shutting down and abandoning module MRMesh (188)
[2018.04.20-22.09.24:016][216]LogModuleManager: Shutting down and abandoning module SourceCodeAccess (186)
[2018.04.20-22.09.24:016][216]LogModuleManager: Shutting down and abandoning module HeadMountedDisplay (184)
[2018.04.20-22.09.24:016][216]LogModuleManager: Shutting down and abandoning module XAudio2 (182)
[2018.04.20-22.09.24:016][216]LogModuleManager: Shutting down and abandoning module Networking (180)
[2018.04.20-22.09.24:016][216]LogModuleManager: Shutting down and abandoning module Core (178)
[2018.04.20-22.09.24:017][216]LogModuleManager: Shutting down and abandoning module LevelSequence (176)
[2018.04.20-22.09.24:017][216]LogModuleManager: Shutting down and abandoning module KismetCompiler (174)
[2018.04.20-22.09.24:017][216]LogModuleManager: Shutting down and abandoning module MeshUtilities (172)
[2018.04.20-22.09.24:017][216]LogModuleManager: Shutting down and abandoning module MeshMergeUtilities (171)
[2018.04.20-22.09.24:017][216]LogModuleManager: Shutting down and abandoning module MeshReductionInterface (170)
[2018.04.20-22.09.24:017][216]LogModuleManager: Shutting down and abandoning module SimplygonSwarm (169)
[2018.04.20-22.09.24:017][216]LogModuleManager: Shutting down and abandoning module SimplygonMeshReduction (167)
[2018.04.20-22.09.24:017][216]LogModuleManager: Shutting down and abandoning module QuadricMeshReduction (165)
[2018.04.20-22.09.24:017][216]LogModuleManager: Shutting down and abandoning module MaterialBaking (161)
[2018.04.20-22.09.24:017][216]LogModuleManager: Shutting down and abandoning module DirectoryWatcher (157)
[2018.04.20-22.09.24:017][216]LogModuleManager: Shutting down and abandoning module DerivedDataCache (154)
[2018.04.20-22.09.24:089][216]LogDerivedDataCache: Shutdown
[2018.04.20-22.09.24:089][216]LogModuleManager: Shutting down and abandoning module XGEController (152)
[2018.04.20-22.09.24:089][216]LogModuleManager: Shutting down and abandoning module TargetPlatform (150)
[2018.04.20-22.09.24:089][216]LogModuleManager: Shutting down and abandoning module VulkanShaderFormat (149)
[2018.04.20-22.09.24:089][216]LogModuleManager: Shutting down and abandoning module ShaderFormatVectorVM (147)
[2018.04.20-22.09.24:089][216]LogModuleManager: Shutting down and abandoning module ShaderFormatOpenGL (145)
[2018.04.20-22.09.24:089][216]LogModuleManager: Shutting down and abandoning module ShaderFormatD3D (143)
[2018.04.20-22.09.24:089][216]LogModuleManager: Shutting down and abandoning module MetalShaderFormat (141)
[2018.04.20-22.09.24:090][216]LogModuleManager: Shutting down and abandoning module TextureFormatUncompressed (139)
[2018.04.20-22.09.24:090][216]LogModuleManager: Shutting down and abandoning module TextureFormatPVR (137)
[2018.04.20-22.09.24:090][216]LogModuleManager: Shutting down and abandoning module TextureFormatDXT (135)
[2018.04.20-22.09.24:090][216]LogModuleManager: Shutting down and abandoning module TextureFormatIntelISPCTexComp (133)
[2018.04.20-22.09.24:090][216]LogModuleManager: Shutting down and abandoning module TextureFormatASTC (131)
[2018.04.20-22.09.24:090][216]LogModuleManager: Shutting down and abandoning module ImageWrapper (130)
[2018.04.20-22.09.24:090][216]LogModuleManager: Shutting down and abandoning module TextureFormatAndroid (127)
[2018.04.20-22.09.24:090][216]LogModuleManager: Shutting down and abandoning module AudioFormatOpus (125)
[2018.04.20-22.09.24:090][216]LogModuleManager: Shutting down and abandoning module AudioFormatOgg (123)
[2018.04.20-22.09.24:090][216]LogModuleManager: Shutting down and abandoning module AudioFormatADPCM (121)
[2018.04.20-22.09.24:090][216]LogModuleManager: Shutting down and abandoning module LinuxTargetPlatform (119)
[2018.04.20-22.09.24:090][216]LogModuleManager: Shutting down and abandoning module LinuxServerTargetPlatform (117)
[2018.04.20-22.09.24:090][216]LogModuleManager: Shutting down and abandoning module LinuxNoEditorTargetPlatform (115)
[2018.04.20-22.09.24:090][216]LogModuleManager: Shutting down and abandoning module LinuxClientTargetPlatform (113)
[2018.04.20-22.09.24:090][216]LogModuleManager: Shutting down and abandoning module TVOSTargetPlatform (111)
[2018.04.20-22.09.24:090][216]LogModuleManager: Shutting down and abandoning module Messaging (109)
[2018.04.20-22.09.24:090][216]LogModuleManager: Shutting down and abandoning module IOSTargetPlatform (107)
[2018.04.20-22.09.24:090][216]LogModuleManager: Shutting down and abandoning module HTML5TargetPlatform (105)
[2018.04.20-22.09.24:090][216]LogModuleManager: Shutting down and abandoning module AndroidTargetPlatform (103)
[2018.04.20-22.09.24:090][216]LogModuleManager: Shutting down and abandoning module Android_PVRTCTargetPlatform (101)
[2018.04.20-22.09.24:090][216]LogModuleManager: Shutting down and abandoning module Android_MultiTargetPlatform (99)
[2018.04.20-22.09.24:090][216]LogModuleManager: Shutting down and abandoning module Android_ETC2TargetPlatform (97)
[2018.04.20-22.09.24:090][216]LogModuleManager: Shutting down and abandoning module Android_ETC1TargetPlatform (95)
[2018.04.20-22.09.24:090][216]LogModuleManager: Shutting down and abandoning module Android_ETC1aTargetPlatform (93)
[2018.04.20-22.09.24:090][216]LogModuleManager: Shutting down and abandoning module Android_DXTTargetPlatform (91)
[2018.04.20-22.09.24:090][216]LogModuleManager: Shutting down and abandoning module Android_ATCTargetPlatform (89)
[2018.04.20-22.09.24:090][216]LogModuleManager: Shutting down and abandoning module Android_ASTCTargetPlatform (87)
[2018.04.20-22.09.24:090][216]LogModuleManager: Shutting down and abandoning module WindowsTargetPlatform (85)
[2018.04.20-22.09.24:090][216]LogModuleManager: Shutting down and abandoning module WindowsServerTargetPlatform (83)
[2018.04.20-22.09.24:090][216]LogModuleManager: Shutting down and abandoning module WindowsNoEditorTargetPlatform (81)
[2018.04.20-22.09.24:090][216]LogModuleManager: Shutting down and abandoning module WindowsClientTargetPlatform (79)
[2018.04.20-22.09.24:090][216]LogModuleManager: Shutting down and abandoning module MacTargetPlatform (77)
[2018.04.20-22.09.24:090][216]LogModuleManager: Shutting down and abandoning module MacServerTargetPlatform (75)
[2018.04.20-22.09.24:090][216]LogModuleManager: Shutting down and abandoning module MacNoEditorTargetPlatform (73)
[2018.04.20-22.09.24:090][216]LogModuleManager: Shutting down and abandoning module MacClientTargetPlatform (71)
[2018.04.20-22.09.24:090][216]LogModuleManager: Shutting down and abandoning module AllDesktopTargetPlatform (69)
[2018.04.20-22.09.24:090][216]LogModuleManager: Shutting down and abandoning module InputCore (66)
[2018.04.20-22.09.24:090][216]LogModuleManager: Shutting down and abandoning module Settings (64)
[2018.04.20-22.09.24:090][216]LogModuleManager: Shutting down and abandoning module PhysXCooking (62)
[2018.04.20-22.09.24:090][216]LogModuleManager: Shutting down and abandoning module SteamVR (60)
[2018.04.20-22.09.24:090][216]LogModuleManager: Shutting down and abandoning module OculusHMD (58)
[2018.04.20-22.09.24:090][216]LogModuleManager: Shutting down and abandoning module ExampleDeviceProfileSelector (56)
[2018.04.20-22.09.24:091][216]LogModuleManager: Shutting down and abandoning module AppleARKit (54)
[2018.04.20-22.09.24:091][216]LogModuleManager: Shutting down and abandoning module AugmentedReality (51)
[2018.04.20-22.09.24:091][216]LogModuleManager: Shutting down and abandoning module OnlineBlueprintSupport (48)
[2018.04.20-22.09.24:091][216]LogModuleManager: Shutting down and abandoning module OnlineSubsystem (44)
[2018.04.20-22.09.24:091][216]LogModuleManager: Shutting down and abandoning module XMPP (43)
[2018.04.20-22.09.24:091][216]LogModuleManager: Shutting down and abandoning module HTTP (41)
[2018.04.20-22.09.24:091][216]LogHttp: Display: Http module shutting down, but needs to wait on 1 outstanding Http requests:
[2018.04.20-22.09.24:091][216]LogHttp: Display: 	verb=[POST] url=[https://datarouter.ol.epicgames.com/datarouter/api/v1/public/data?SessionID=%7BEF552FCA-4E94-270A-87E8-1C9DC9A65EED%7D&AppID=UEEditor.Rocket.Release&AppVersion=4.19.0-3944462%2B%2B%2BUE4%2BRelease-4.19&UserID=f991da7848e7608f50dfdbbb0fd35923%7Ca345ad7d4f264abe80dce6b88bd1a870%7C94ece4d6-1805-4bb6-9d9c-e1eda26a4ea0&AppEnvironment=datacollector-binary&UploadType=eteventstream] status=Processing
[2018.04.20-22.09.24:105][216]LogModuleManager: Shutting down and abandoning module SSL (40)
[2018.04.20-22.09.24:106][216]LogModuleManager: Shutting down and abandoning module AnimationModifiers (36)
[2018.04.20-22.09.24:106][216]LogModuleManager: Shutting down and abandoning module PropertyEditor (35)
[2018.04.20-22.09.24:106][216]LogModuleManager: Shutting down and abandoning module AudioEditor (32)
[2018.04.20-22.09.24:106][216]LogModuleManager: Shutting down and abandoning module TextureCompressor (30)
[2018.04.20-22.09.24:106][216]LogModuleManager: Shutting down and abandoning module ShaderCore (28)
[2018.04.20-22.09.24:106][216]LogModuleManager: Shutting down and abandoning module Landscape (26)
[2018.04.20-22.09.24:106][216]LogModuleManager: Shutting down and abandoning module SlateRHIRenderer (24)
[2018.04.20-22.09.24:107][216]LogModuleManager: Shutting down and abandoning module OpenGLDrv (22)
[2018.04.20-22.09.24:107][216]LogModuleManager: Shutting down and abandoning module D3D11RHI (20)
[2018.04.20-22.09.24:108][216]LogModuleManager: Shutting down and abandoning module AnimGraphRuntime (18)
[2018.04.20-22.09.24:108][216]LogModuleManager: Shutting down and abandoning module Renderer (16)
[2018.04.20-22.09.24:108][216]LogModuleManager: Shutting down and abandoning module Engine (14)
[2018.04.20-22.09.24:108][216]LogModuleManager: Shutting down and abandoning module CoreUObject (12)
[2018.04.20-22.09.24:108][216]LogModuleManager: Shutting down and abandoning module NetworkFile (10)
[2018.04.20-22.09.24:108][216]LogModuleManager: Shutting down and abandoning module CookedIterativeFile (8)
[2018.04.20-22.09.24:108][216]LogModuleManager: Shutting down and abandoning module StreamingFile (6)
[2018.04.20-22.09.24:108][216]LogModuleManager: Shutting down and abandoning module SandboxFile (4)
[2018.04.20-22.09.24:108][216]LogModuleManager: Shutting down and abandoning module PakFile (2)
[2018.04.20-22.09.24:111][216]LogExit: Exiting.
[2018.04.20-22.09.24:139][216]Log file closed, 04/20/18 19:09:24
